(codY,flache,SigD_hag,hag,CodY_flache,CodY_hag,CodY,SigD,Hag)
0:(1,1,1,1,1,1,10,10,10)
1:(1,2,1,1,0,1,11,10,10)
2:(1,2,1,1,0,1,12,10,10)
3:(1,2,1,2,0,0,13,10,10)
4:(1,2,1,2,0,0,14,10,10)
5:(1,2,1,2,0,0,15,10,10)
6:(1,2,1,2,0,0,16,10,10)
7:(1,2,1,2,0,0,17,10,10)
8:(1,2,1,2,0,0,18,10,10)
9:(1,2,1,2,0,0,19,10,10)
10:(1,1,1,2,1,0,11,10,10)
11:(1,1,1,2,1,0,12,10,10)
12:(1,2,1,2,0,0,14,9,10)
13:(1,2,1,2,0,0,15,9,10)
14:(1,2,1,2,0,0,16,9,10)
15:(1,2,1,2,0,0,17,9,10)
16:(1,2,1,2,0,0,18,9,10)
17:(1,2,1,2,0,0,19,9,10)
18:(1,2,1,2,0,0,12,10,10)
19:(1,2,1,2,0,0,15,10,9)
20:(1,2,1,2,0,0,16,10,9)
21:(1,2,1,2,0,0,17,10,9)
22:(1,2,1,2,0,0,18,10,9)
23:(1,2,1,2,0,0,19,10,9)
24:(1,2,0,2,0,1,12,11,10)
25:(1,1,0,2,1,1,10,11,10)
26:(1,2,0,3,0,0,17,11,10)
27:(1,2,0,3,0,0,18,11,10)
28:(1,2,0,3,0,0,16,11,10)
29:(1,2,0,3,0,0,16,11,9)
30:(1,2,0,3,0,0,18,11,9)
31:(1,2,0,3,0,0,15,11,9)
32:(1,2,0,3,0,0,17,11,9)
33:(1,1,0,3,1,0,11,11,10)
34:(1,1,0,3,1,0,12,11,10)
35:(1,1,1,1,1,1,11,10,10)
36:(1,2,1,1,0,1,15,10,9)
37:(1,2,1,1,0,1,16,10,9)
38:(1,2,1,1,0,1,13,10,10)
39:(1,2,1,1,0,1,17,10,9)
40:(1,2,1,1,0,1,18,10,9)
41:(1,2,1,1,0,1,19,10,9)
42:(1,2,0,3,0,0,19,11,9)
43:(1,2,0,3,0,0,19,11,10)
44:(1,1,1,1,1,1,15,10,9)
45:(1,1,1,1,1,1,17,10,9)
46:(1,1,1,1,1,1,16,10,9)
47:(1,2,1,1,0,1,14,10,9)
48:(1,1,0,2,1,1,11,11,10)
49:(1,2,0,3,0,0,13,11,10)
50:(1,2,0,1,0,2,11,11,10)
51:(1,2,0,2,0,1,11,11,10)
52:(1,2,0,3,0,0,15,11,10)
53:(1,2,1,2,0,0,13,9,10)
54:(1,2,1,1,0,1,10,10,10)
55:(1,2,1,2,0,0,11,10,10)
56:(-1,-1,-1,-1,-1,-1,-1,-1,-1)