(s1,s2,s3,s4,s5,s6)
0:(0,58,1,1,41,0)
1:(0,58,1,0,40,1)
2:(0,57,1,0,41,1)
3:(0,57,1,1,42,0)
4:(1,58,0,0,41,1)
5:(0,56,1,0,42,1)
6:(0,56,1,1,43,0)
7:(1,57,0,0,42,1)
8:(1,57,0,1,43,0)
9:(1,56,0,0,43,1)
10:(0,55,1,0,43,1)
11:(1,56,0,1,44,0)
12:(1,55,0,0,44,1)
13:(0,55,1,1,44,0)
14:(0,54,1,0,44,1)
15:(0,54,1,1,45,0)
16:(0,53,1,0,45,1)
17:(1,55,0,1,45,0)
18:(1,54,0,0,45,1)
19:(1,54,0,1,46,0)
20:(1,53,0,0,46,1)
21:(0,53,1,1,46,0)
22:(0,52,1,0,46,1)
23:(0,52,1,1,47,0)
24:(0,51,1,0,47,1)
25:(1,53,0,1,47,0)
26:(1,52,0,0,47,1)
27:(1,52,0,1,48,0)
28:(1,51,0,0,48,1)
29:(0,51,1,1,48,0)
30:(0,50,1,0,48,1)
31:(0,50,1,1,49,0)
32:(0,49,1,0,49,1)
33:(1,51,0,1,49,0)
34:(1,50,0,0,49,1)
35:(1,50,0,1,50,0)
36:(0,49,1,1,50,0)
37:(1,49,0,0,50,1)
38:(0,48,1,0,50,1)
39:(1,49,0,1,51,0)
40:(0,48,1,1,51,0)
41:(1,48,0,0,51,1)
42:(0,47,1,0,51,1)
43:(1,48,0,1,52,0)
44:(0,47,1,1,52,0)
45:(1,47,0,0,52,1)
46:(0,46,1,0,52,1)
47:(1,47,0,1,53,0)
48:(0,46,1,1,53,0)
49:(1,46,0,0,53,1)
50:(0,45,1,0,53,1)
51:(1,46,0,1,54,0)
52:(0,45,1,1,54,0)
53:(1,45,0,0,54,1)
54:(0,44,1,0,54,1)
55:(1,45,0,1,55,0)
56:(0,44,1,1,55,0)
57:(1,44,0,0,55,1)
58:(0,43,1,0,55,1)
59:(1,44,0,1,56,0)
60:(0,43,1,1,56,0)
61:(1,43,0,0,56,1)
62:(0,42,1,0,56,1)
63:(1,43,0,1,57,0)
64:(0,42,1,1,57,0)
65:(1,42,0,0,57,1)
66:(0,41,1,0,57,1)
67:(0,41,1,1,58,0)
68:(0,40,1,0,58,1)
69:(1,41,0,0,58,1)
70:(1,58,0,1,42,0)
71:(1,42,0,1,58,0)
72:(0,40,1,1,59,0)
73:(0,39,1,0,59,1)
74:(1,40,0,0,59,1)
75:(1,41,0,1,59,0)
76:(1,59,0,1,41,0)
77:(1,59,0,0,40,1)
78:(0,39,1,1,60,0)
79:(0,38,1,0,60,1)
80:(1,39,0,0,60,1)
81:(1,40,0,1,60,0)
82:(0,38,1,1,61,0)
83:(0,37,1,0,61,1)
84:(1,38,0,0,61,1)
85:(1,39,0,1,61,0)
86:(0,37,1,1,62,0)
87:(0,36,1,0,62,1)
88:(1,37,0,0,62,1)
89:(1,38,0,1,62,0)
90:(0,36,1,1,63,0)
91:(0,35,1,0,63,1)
92:(1,36,0,0,63,1)
93:(1,37,0,1,63,0)
94:(0,35,1,1,64,0)
95:(0,34,1,0,64,1)
96:(1,35,0,0,64,1)
97:(1,36,0,1,64,0)
98:(0,34,1,1,65,0)
99:(0,33,1,0,65,1)
100:(1,34,0,0,65,1)
101:(1,35,0,1,65,0)
102:(0,33,1,1,66,0)
103:(0,32,1,0,66,1)
104:(1,33,0,0,66,1)
105:(1,34,0,1,66,0)
106:(0,32,1,1,67,0)
107:(0,31,1,0,67,1)
108:(1,32,0,0,67,1)
109:(1,33,0,1,67,0)
110:(0,31,1,1,68,0)
111:(0,30,1,0,68,1)
112:(1,31,0,0,68,1)
113:(1,32,0,1,68,0)
114:(0,30,1,1,69,0)
115:(0,29,1,0,69,1)
116:(1,30,0,0,69,1)
117:(1,31,0,1,69,0)
118:(0,29,1,1,70,0)
119:(0,28,1,0,70,1)
120:(1,29,0,0,70,1)
121:(1,30,0,1,70,0)
122:(0,28,1,1,71,0)
123:(0,27,1,0,71,1)
124:(1,28,0,0,71,1)
125:(1,29,0,1,71,0)
126:(0,27,1,1,72,0)
127:(0,26,1,0,72,1)
128:(1,27,0,0,72,1)
129:(1,28,0,1,72,0)
130:(0,26,1,1,73,0)
131:(0,25,1,0,73,1)
132:(1,26,0,0,73,1)
133:(1,27,0,1,73,0)
134:(0,25,1,1,74,0)
135:(0,24,1,0,74,1)
136:(1,25,0,0,74,1)
137:(1,26,0,1,74,0)
138:(0,24,1,1,75,0)
139:(0,23,1,0,75,1)
140:(1,24,0,0,75,1)
141:(1,25,0,1,75,0)
142:(0,23,1,1,76,0)
143:(0,22,1,0,76,1)
144:(1,23,0,0,76,1)
145:(1,24,0,1,76,0)
146:(0,22,1,1,77,0)
147:(1,23,0,1,77,0)
148:(1,22,0,0,77,1)
149:(0,21,1,0,77,1)
150:(0,21,1,1,78,0)
151:(1,22,0,1,78,0)
152:(1,21,0,0,78,1)
153:(0,20,1,0,78,1)
154:(0,20,1,1,79,0)
155:(1,21,0,1,79,0)
156:(1,20,0,0,79,1)
157:(0,19,1,0,79,1)
158:(0,19,1,1,80,0)
159:(1,20,0,1,80,0)
160:(1,19,0,0,80,1)
161:(0,18,1,0,80,1)
162:(0,18,1,1,81,0)
163:(1,19,0,1,81,0)
164:(1,18,0,0,81,1)
165:(0,17,1,0,81,1)
166:(0,17,1,1,82,0)
167:(1,18,0,1,82,0)
168:(1,17,0,0,82,1)
169:(0,16,1,0,82,1)
170:(0,16,1,1,83,0)
171:(1,17,0,1,83,0)
172:(1,16,0,0,83,1)
173:(0,15,1,0,83,1)
174:(0,15,1,1,84,0)
175:(1,16,0,1,84,0)
176:(1,15,0,0,84,1)
177:(0,14,1,0,84,1)
178:(0,14,1,1,85,0)
179:(1,15,0,1,85,0)
180:(1,14,0,0,85,1)
181:(0,13,1,0,85,1)
182:(0,13,1,1,86,0)
183:(1,14,0,1,86,0)
184:(1,13,0,0,86,1)
185:(0,12,1,0,86,1)
186:(0,12,1,1,87,0)
187:(1,13,0,1,87,0)
188:(1,12,0,0,87,1)
189:(0,11,1,0,87,1)
190:(0,11,1,1,88,0)
191:(1,12,0,1,88,0)
192:(1,11,0,0,88,1)
193:(0,10,1,0,88,1)
194:(0,10,1,1,89,0)
195:(1,11,0,1,89,0)
196:(1,10,0,0,89,1)
197:(0,9,1,0,89,1)
198:(0,9,1,1,90,0)
199:(1,10,0,1,90,0)
200:(1,9,0,0,90,1)
201:(0,8,1,0,90,1)
202:(0,8,1,1,91,0)
203:(1,9,0,1,91,0)
204:(1,8,0,0,91,1)
205:(0,7,1,0,91,1)
206:(0,7,1,1,92,0)
207:(1,8,0,1,92,0)
208:(1,7,0,0,92,1)
209:(0,6,1,0,92,1)
210:(0,6,1,1,93,0)
211:(1,7,0,1,93,0)
212:(1,6,0,0,93,1)
213:(0,5,1,0,93,1)
214:(0,5,1,1,94,0)
215:(1,6,0,1,94,0)
216:(1,5,0,0,94,1)
217:(0,4,1,0,94,1)
218:(0,4,1,1,95,0)
219:(1,5,0,1,95,0)
220:(1,4,0,0,95,1)
221:(0,3,1,0,95,1)
222:(0,3,1,1,96,0)
223:(1,4,0,1,96,0)
224:(1,3,0,0,96,1)
225:(0,2,1,0,96,1)
226:(0,2,1,1,97,0)
227:(1,3,0,1,97,0)
228:(1,2,0,0,97,1)
229:(0,1,1,0,97,1)
230:(1,2,0,1,98,0)
231:(0,1,1,1,98,0)
232:(1,1,0,0,98,1)
233:(0,0,1,0,98,1)
234:(1,1,0,1,99,0)
235:(0,0,1,1,99,0)
236:(1,0,0,0,99,1)
237:(1,0,0,1,100,0)
238:(-1,-1,-1,-1,-1,-1)
