(AmtR_protein,Ara_AraC_protein,BetI_protein,HlyIIR_protein,LacI_protein,PhlF_protein,TetR_protein,YFP_protein,topModel_AmtRpart_module_sub__pBAD,topModel_AmtRpart_module_sub__pHlyIIR,topModel_BetIpart_module_sub__pHlyIIR,topModel_BetIpart_module_sub__pTet,topModel_HlyIIRpart_module_sub__pBAD,topModel_HlyIIRpart_module_sub__pTet,topModel_PhlFpart_module_sub__pAmtR,topModel_PhlFpart_module_sub__pTac,topModel_YFPpart_module_sub__pBetI,topModel_YFPpart_module_sub__pPhlF)
0:(70,60,70,0,0,70,0,0,2,2,2,2,2,2,2,2,2,2)
1:(70,60,70,0,0,70,0,10,2,2,2,2,2,2,2,2,2,2)
2:(70,60,70,0,0,70,0,20,2,2,2,2,2,2,2,2,2,2)
3:(70,60,70,0,0,70,0,30,2,2,2,2,2,2,2,2,2,2)
4:(70,60,70,10,0,70,0,20,2,2,2,2,2,2,2,2,2,2)
5:(70,60,60,0,0,70,0,0,2,2,2,2,2,2,2,2,2,2)
6:(70,60,60,0,0,70,0,10,2,2,2,2,2,2,2,2,2,2)
7:(70,60,60,0,0,70,0,20,2,2,2,2,2,2,2,2,2,2)
8:(70,60,80,0,0,70,0,0,2,2,2,2,2,2,2,2,2,2)
9:(70,60,80,0,0,70,0,10,2,2,2,2,2,2,2,2,2,2)
10:(70,60,80,0,0,70,0,20,2,2,2,2,2,2,2,2,2,2)
11:(70,60,70,0,0,60,0,20,2,2,2,2,2,2,2,2,2,2)
12:(70,60,70,0,0,60,0,10,2,2,2,2,2,2,2,2,2,2)
13:(70,60,70,0,0,60,0,0,2,2,2,2,2,2,2,2,2,2)
14:(70,60,70,0,0,80,0,0,2,2,2,2,2,2,2,2,2,2)
15:(70,60,70,0,0,80,0,10,2,2,2,2,2,2,2,2,2,2)
16:(70,60,70,0,0,80,0,20,2,2,2,2,2,2,2,2,2,2)
17:(60,60,70,0,0,70,0,0,2,2,2,2,2,2,2,2,2,2)
18:(60,60,70,0,0,70,0,10,2,2,2,2,2,2,2,2,2,2)
19:(80,60,70,0,0,70,0,10,2,2,2,2,2,2,2,2,2,2)
20:(80,60,70,0,0,70,0,0,2,2,2,2,2,2,2,2,2,2)
21:(80,60,70,0,0,70,0,20,2,2,2,2,2,2,2,2,2,2)
22:(60,60,70,0,0,70,0,20,2,2,2,2,2,2,2,2,2,2)
23:(70,60,70,10,0,70,0,30,2,2,2,2,2,2,2,2,2,2)
24:(70,60,70,0,0,60,0,30,2,2,2,2,2,2,2,2,2,2)
25:(70,60,70,10,0,70,0,0,2,2,2,2,2,2,2,2,2,2)
26:(70,60,70,10,0,70,0,10,2,2,2,2,2,2,2,2,2,2)
27:(80,60,70,0,0,70,0,30,2,2,2,2,2,2,2,2,2,2)
28:(60,60,70,0,0,70,0,30,2,2,2,2,2,2,2,2,2,2)
29:(70,60,60,0,0,70,0,30,2,2,2,2,2,2,2,2,2,2)
30:(70,60,80,0,0,70,0,30,2,2,2,2,2,2,2,2,2,2)
31:(70,60,70,0,0,80,0,30,2,2,2,2,2,2,2,2,2,2)
32:(70,60,80,10,0,70,0,20,2,2,2,2,2,2,2,2,2,2)
33:(70,60,80,10,0,70,0,30,2,2,2,2,2,2,2,2,2,2)
34:(80,60,80,0,0,70,0,20,2,2,2,2,2,2,2,2,2,2)
35:(80,60,80,0,0,70,0,30,2,2,2,2,2,2,2,2,2,2)
36:(70,60,80,0,0,80,0,20,2,2,2,2,2,2,2,2,2,2)
37:(70,60,80,0,0,80,0,30,2,2,2,2,2,2,2,2,2,2)
38:(60,60,80,0,0,70,0,20,2,2,2,2,2,2,2,2,2,2)
39:(60,60,80,0,0,70,0,30,2,2,2,2,2,2,2,2,2,2)
40:(70,60,80,0,0,60,0,20,2,2,2,2,2,2,2,2,2,2)
41:(70,60,80,0,0,60,0,30,2,2,2,2,2,2,2,2,2,2)
42:(70,60,70,0,0,90,0,20,2,2,2,2,2,2,2,2,2,2)
43:(70,60,70,0,0,90,0,30,2,2,2,2,2,2,2,2,2,2)
44:(70,60,60,0,0,80,0,20,2,2,2,2,2,2,2,2,2,2)
45:(70,60,60,0,0,80,0,30,2,2,2,2,2,2,2,2,2,2)
46:(70,60,60,0,0,60,0,20,2,2,2,2,2,2,2,2,2,2)
47:(70,60,60,0,0,60,0,30,2,2,2,2,2,2,2,2,2,2)
48:(70,60,70,0,0,50,0,20,2,2,2,2,2,2,2,2,2,2)
49:(70,60,70,0,0,50,0,30,2,2,2,2,2,2,2,2,2,2)
50:(70,60,50,0,0,70,0,20,2,2,2,2,2,2,2,2,2,2)
51:(70,60,50,0,0,70,0,30,2,2,2,2,2,2,2,2,2,2)
52:(70,60,90,0,0,70,0,20,2,2,2,2,2,2,2,2,2,2)
53:(70,60,90,0,0,70,0,30,2,2,2,2,2,2,2,2,2,2)
54:(80,60,70,0,0,60,0,10,2,2,2,2,2,2,2,2,2,2)
55:(70,60,80,0,0,50,0,20,2,2,2,2,2,2,2,2,2,2)
56:(70,60,90,0,0,60,0,20,2,2,2,2,2,2,2,2,2,2)
57:(70,60,50,0,0,60,0,20,2,2,2,2,2,2,2,2,2,2)
58:(70,60,60,0,0,60,0,0,2,2,2,2,2,2,2,2,2,2)
59:(70,60,80,0,0,60,0,0,2,2,2,2,2,2,2,2,2,2)
60:(70,60,60,0,0,60,0,10,2,2,2,2,2,2,2,2,2,2)
61:(70,60,60,10,0,70,0,10,2,2,2,2,2,2,2,2,2,2)
62:(70,60,60,10,0,70,0,20,2,2,2,2,2,2,2,2,2,2)
63:(70,60,60,10,0,70,0,0,2,2,2,2,2,2,2,2,2,2)
64:(70,60,60,0,0,80,0,0,2,2,2,2,2,2,2,2,2,2)
65:(70,60,60,0,0,80,0,10,2,2,2,2,2,2,2,2,2,2)
66:(70,60,60,10,0,70,0,30,2,2,2,2,2,2,2,2,2,2)
67:(70,60,80,0,0,50,0,30,2,2,2,2,2,2,2,2,2,2)
68:(70,60,90,0,0,60,0,30,2,2,2,2,2,2,2,2,2,2)
69:(70,60,50,0,0,60,0,30,2,2,2,2,2,2,2,2,2,2)
70:(80,60,70,10,0,70,0,10,2,2,2,2,2,2,2,2,2,2)
71:(80,60,70,10,0,70,0,0,2,2,2,2,2,2,2,2,2,2)
72:(60,60,70,10,0,70,0,0,2,2,2,2,2,2,2,2,2,2)
73:(90,60,70,0,0,70,0,0,2,2,2,2,2,2,2,2,2,2)
74:(90,60,70,0,0,70,0,20,2,2,2,2,2,2,2,2,2,2)
75:(90,60,70,0,0,70,0,10,2,2,2,2,2,2,2,2,2,2)
76:(80,60,80,0,0,70,0,0,2,2,2,2,2,2,2,2,2,2)
77:(80,60,60,0,0,70,0,0,2,2,2,2,2,2,2,2,2,2)
78:(80,60,80,0,0,70,0,10,2,2,2,2,2,2,2,2,2,2)
79:(80,60,60,0,0,70,0,10,2,2,2,2,2,2,2,2,2,2)
80:(80,60,50,0,0,70,0,20,2,2,2,2,2,2,2,2,2,2)
81:(80,60,50,0,0,70,0,30,2,2,2,2,2,2,2,2,2,2)
82:(80,60,90,0,0,70,0,20,2,2,2,2,2,2,2,2,2,2)
83:(80,60,90,0,0,70,0,30,2,2,2,2,2,2,2,2,2,2)
84:(80,60,60,0,0,70,0,20,2,2,2,2,2,2,2,2,2,2)
85:(80,60,60,0,0,70,0,30,2,2,2,2,2,2,2,2,2,2)
86:(90,60,70,0,0,70,0,30,2,2,2,2,2,2,2,2,2,2)
87:(80,60,70,0,0,60,0,0,2,2,2,2,2,2,2,2,2,2)
88:(80,60,90,0,0,60,0,20,2,2,2,2,2,2,2,2,2,2)
89:(80,60,90,0,0,60,0,30,2,2,2,2,2,2,2,2,2,2)
90:(80,60,50,0,0,60,0,20,2,2,2,2,2,2,2,2,2,2)
91:(80,60,50,0,0,60,0,30,2,2,2,2,2,2,2,2,2,2)
92:(80,60,60,0,0,60,0,20,2,2,2,2,2,2,2,2,2,2)
93:(80,60,60,0,0,60,0,30,2,2,2,2,2,2,2,2,2,2)
94:(60,60,60,0,0,60,0,20,2,2,2,2,2,2,2,2,2,2)
95:(60,60,60,0,0,60,0,30,2,2,2,2,2,2,2,2,2,2)
96:(80,60,100,0,0,70,0,20,2,2,2,2,2,2,2,2,2,2)
97:(80,60,100,0,0,70,0,30,2,2,2,2,2,2,2,2,2,2)
98:(80,60,60,0,0,80,0,20,2,2,2,2,2,2,2,2,2,2)
99:(60,60,80,10,0,70,0,20,2,2,2,2,2,2,2,2,2,2)
100:(60,60,80,10,0,70,0,30,2,2,2,2,2,2,2,2,2,2)
101:(80,60,80,10,0,70,0,20,2,2,2,2,2,2,2,2,2,2)
102:(80,60,80,10,0,70,0,30,2,2,2,2,2,2,2,2,2,2)
103:(70,60,80,20,0,70,0,20,2,2,2,2,2,2,2,2,2,2)
104:(70,60,90,10,0,70,0,20,2,2,2,2,2,2,2,2,2,2)
105:(70,60,80,10,0,70,0,10,2,2,2,2,2,2,2,2,2,2)
106:(80,60,80,10,0,70,0,10,2,2,2,2,2,2,2,2,2,2)
107:(70,60,90,10,0,70,0,30,2,2,2,2,2,2,2,2,2,2)
108:(60,60,80,0,0,70,0,10,2,2,2,2,2,2,2,2,2,2)
109:(60,60,80,0,0,70,0,0,2,2,2,2,2,2,2,2,2,2)
110:(80,60,60,0,0,80,0,30,2,2,2,2,2,2,2,2,2,2)
111:(70,60,80,20,0,70,0,30,2,2,2,2,2,2,2,2,2,2)
112:(80,60,70,0,0,60,0,20,2,2,2,2,2,2,2,2,2,2)
113:(80,60,70,0,0,60,0,30,2,2,2,2,2,2,2,2,2,2)
114:(80,60,60,0,0,60,0,10,2,2,2,2,2,2,2,2,2,2)
115:(60,60,80,20,0,70,0,20,2,2,2,2,2,2,2,2,2,2)
116:(60,60,80,20,0,70,0,30,2,2,2,2,2,2,2,2,2,2)
117:(80,60,80,20,0,70,0,20,2,2,2,2,2,2,2,2,2,2)
118:(80,60,80,20,0,70,0,30,2,2,2,2,2,2,2,2,2,2)
119:(70,60,70,20,0,70,0,20,2,2,2,2,2,2,2,2,2,2)
120:(70,60,80,0,0,50,0,10,2,2,2,2,2,2,2,2,2,2)
121:(80,60,60,0,0,60,0,0,2,2,2,2,2,2,2,2,2,2)
122:(80,60,80,10,0,70,0,0,2,2,2,2,2,2,2,2,2,2)
123:(80,60,50,0,0,60,0,10,2,2,2,2,2,2,2,2,2,2)
124:(80,60,60,0,0,80,0,10,2,2,2,2,2,2,2,2,2,2)
125:(80,60,80,0,0,50,0,20,2,2,2,2,2,2,2,2,2,2)
126:(80,60,70,0,0,50,0,20,2,2,2,2,2,2,2,2,2,2)
127:(60,60,70,0,0,50,0,20,2,2,2,2,2,2,2,2,2,2)
128:(90,60,60,0,0,60,0,20,2,2,2,2,2,2,2,2,2,2)
129:(90,60,60,0,0,60,0,30,2,2,2,2,2,2,2,2,2,2)
130:(60,60,60,0,0,60,0,10,2,2,2,2,2,2,2,2,2,2)
131:(60,60,70,0,0,60,0,20,2,2,2,2,2,2,2,2,2,2)
132:(60,60,70,0,0,60,0,30,2,2,2,2,2,2,2,2,2,2)
133:(80,60,60,10,0,70,0,0,2,2,2,2,2,2,2,2,2,2)
134:(60,60,70,0,0,50,0,30,2,2,2,2,2,2,2,2,2,2)
135:(80,60,70,0,0,50,0,30,2,2,2,2,2,2,2,2,2,2)
136:(80,60,80,0,0,50,0,30,2,2,2,2,2,2,2,2,2,2)
137:(70,60,70,20,0,70,0,30,2,2,2,2,2,2,2,2,2,2)
138:(60,60,70,10,0,70,0,10,2,2,2,2,2,2,2,2,2,2)
139:(80,60,70,10,0,70,0,20,2,2,2,2,2,2,2,2,2,2)
140:(90,60,70,10,0,70,0,10,2,2,2,2,2,2,2,2,2,2)
141:(90,60,70,10,0,70,0,0,2,2,2,2,2,2,2,2,2,2)
142:(60,60,70,10,0,70,0,20,2,2,2,2,2,2,2,2,2,2)
143:(80,60,70,10,0,70,0,30,2,2,2,2,2,2,2,2,2,2)
144:(60,60,70,10,0,70,0,30,2,2,2,2,2,2,2,2,2,2)
145:(60,60,60,0,0,60,0,0,2,2,2,2,2,2,2,2,2,2)
146:(60,60,60,0,0,70,0,10,2,2,2,2,2,2,2,2,2,2)
147:(60,60,80,10,0,70,0,10,2,2,2,2,2,2,2,2,2,2)
148:(60,60,70,0,0,60,0,10,2,2,2,2,2,2,2,2,2,2)
149:(50,60,70,0,0,70,0,20,2,2,2,2,2,2,2,2,2,2)
150:(50,60,70,0,0,70,0,30,2,2,2,2,2,2,2,2,2,2)
151:(70,60,50,0,0,70,0,10,2,2,2,2,2,2,2,2,2,2)
152:(80,60,50,0,0,50,0,20,2,2,2,2,2,2,2,2,2,2)
153:(80,60,90,0,0,50,0,20,2,2,2,2,2,2,2,2,2,2)
154:(80,60,60,0,0,50,0,20,2,2,2,2,2,2,2,2,2,2)
155:(80,60,80,0,0,60,0,20,2,2,2,2,2,2,2,2,2,2)
156:(80,60,100,0,0,60,0,20,2,2,2,2,2,2,2,2,2,2)
157:(80,60,80,0,0,60,0,10,2,2,2,2,2,2,2,2,2,2)
158:(80,60,80,0,0,60,0,0,2,2,2,2,2,2,2,2,2,2)
159:(80,60,80,0,0,60,0,30,2,2,2,2,2,2,2,2,2,2)
160:(50,60,60,0,0,60,0,20,2,2,2,2,2,2,2,2,2,2)
161:(60,60,60,10,0,60,0,20,2,2,2,2,2,2,2,2,2,2)
162:(60,60,60,10,0,60,0,30,2,2,2,2,2,2,2,2,2,2)
163:(60,60,70,10,0,60,0,20,2,2,2,2,2,2,2,2,2,2)
164:(60,60,70,10,0,60,0,30,2,2,2,2,2,2,2,2,2,2)
165:(60,60,50,0,0,60,0,20,2,2,2,2,2,2,2,2,2,2)
166:(60,60,50,0,0,60,0,30,2,2,2,2,2,2,2,2,2,2)
167:(60,60,60,0,0,50,0,20,2,2,2,2,2,2,2,2,2,2)
168:(60,60,60,0,0,50,0,30,2,2,2,2,2,2,2,2,2,2)
169:(60,60,80,0,0,60,0,20,2,2,2,2,2,2,2,2,2,2)
170:(90,60,80,10,0,70,0,0,2,2,2,2,2,2,2,2,2,2)
171:(90,60,70,10,0,70,0,20,2,2,2,2,2,2,2,2,2,2)
172:(90,60,60,0,0,70,0,20,2,2,2,2,2,2,2,2,2,2)
173:(60,60,60,0,0,50,0,10,2,2,2,2,2,2,2,2,2,2)
174:(80,60,50,0,0,80,0,20,2,2,2,2,2,2,2,2,2,2)
175:(70,60,80,0,0,40,0,10,2,2,2,2,2,2,2,2,2,2)
176:(70,60,50,0,0,70,0,0,2,2,2,2,2,2,2,2,2,2)
177:(90,60,70,10,0,70,0,30,2,2,2,2,2,2,2,2,2,2)
178:(90,60,60,0,0,70,0,30,2,2,2,2,2,2,2,2,2,2)
179:(80,60,100,0,0,60,0,30,2,2,2,2,2,2,2,2,2,2)
180:(80,60,50,0,0,80,0,30,2,2,2,2,2,2,2,2,2,2)
181:(80,60,90,0,0,50,0,30,2,2,2,2,2,2,2,2,2,2)
182:(80,60,50,0,0,50,0,30,2,2,2,2,2,2,2,2,2,2)
183:(80,60,60,0,0,50,0,30,2,2,2,2,2,2,2,2,2,2)
184:(60,60,80,0,0,60,0,30,2,2,2,2,2,2,2,2,2,2)
185:(50,60,60,0,0,60,0,30,2,2,2,2,2,2,2,2,2,2)
186:(90,60,70,0,0,60,0,20,2,2,2,2,2,2,2,2,2,2)
187:(90,60,70,0,0,60,0,30,2,2,2,2,2,2,2,2,2,2)
188:(50,60,70,0,0,60,0,20,2,2,2,2,2,2,2,2,2,2)
189:(50,60,70,0,0,60,0,30,2,2,2,2,2,2,2,2,2,2)
190:(80,60,70,10,0,60,0,20,2,2,2,2,2,2,2,2,2,2)
191:(80,60,70,10,0,60,0,30,2,2,2,2,2,2,2,2,2,2)
192:(80,60,70,10,0,80,0,20,2,2,2,2,2,2,2,2,2,2)
193:(80,60,70,10,0,80,0,30,2,2,2,2,2,2,2,2,2,2)
194:(60,60,70,20,0,70,0,20,2,2,2,2,2,2,2,2,2,2)
195:(60,60,70,20,0,70,0,30,2,2,2,2,2,2,2,2,2,2)
196:(80,60,70,20,0,70,0,20,2,2,2,2,2,2,2,2,2,2)
197:(80,60,70,20,0,70,0,30,2,2,2,2,2,2,2,2,2,2)
198:(60,60,80,10,0,60,0,20,2,2,2,2,2,2,2,2,2,2)
199:(60,60,80,10,0,60,0,30,2,2,2,2,2,2,2,2,2,2)
200:(60,60,80,30,0,70,0,20,2,2,2,2,2,2,2,2,2,2)
201:(60,60,80,30,0,70,0,30,2,2,2,2,2,2,2,2,2,2)
202:(60,60,80,20,0,60,0,20,2,2,2,2,2,2,2,2,2,2)
203:(60,60,80,20,0,60,0,30,2,2,2,2,2,2,2,2,2,2)
204:(60,60,80,20,0,80,0,20,2,2,2,2,2,2,2,2,2,2)
205:(60,60,80,20,0,80,0,30,2,2,2,2,2,2,2,2,2,2)
206:(50,60,80,20,0,70,0,20,2,2,2,2,2,2,2,2,2,2)
207:(50,60,80,20,0,70,0,30,2,2,2,2,2,2,2,2,2,2)
208:(90,60,80,20,0,70,0,20,2,2,2,2,2,2,2,2,2,2)
209:(60,60,70,20,0,70,0,10,2,2,2,2,2,2,2,2,2,2)
210:(90,60,80,20,0,70,0,30,2,2,2,2,2,2,2,2,2,2)
211:(90,60,80,0,0,70,0,0,2,2,2,2,2,2,2,2,2,2)
212:(90,60,80,0,0,70,0,20,2,2,2,2,2,2,2,2,2,2)
213:(90,60,80,0,0,70,0,30,2,2,2,2,2,2,2,2,2,2)
214:(50,60,80,0,0,70,0,20,2,2,2,2,2,2,2,2,2,2)
215:(50,60,80,0,0,70,0,30,2,2,2,2,2,2,2,2,2,2)
216:(50,60,80,10,0,60,0,20,2,2,2,2,2,2,2,2,2,2)
217:(80,60,60,10,0,70,0,10,2,2,2,2,2,2,2,2,2,2)
218:(50,60,80,10,0,60,0,30,2,2,2,2,2,2,2,2,2,2)
219:(70,60,80,0,0,90,0,20,2,2,2,2,2,2,2,2,2,2)
220:(70,60,60,0,0,90,0,20,2,2,2,2,2,2,2,2,2,2)
221:(70,60,60,0,0,50,0,20,2,2,2,2,2,2,2,2,2,2)
222:(60,60,80,0,0,80,0,20,2,2,2,2,2,2,2,2,2,2)
223:(60,60,80,0,0,80,0,30,2,2,2,2,2,2,2,2,2,2)
224:(60,60,90,0,0,70,0,20,2,2,2,2,2,2,2,2,2,2)
225:(60,60,90,0,0,60,0,20,2,2,2,2,2,2,2,2,2,2)
226:(60,60,80,0,0,50,0,20,2,2,2,2,2,2,2,2,2,2)
227:(60,60,90,0,0,60,0,30,2,2,2,2,2,2,2,2,2,2)
228:(70,60,90,0,0,50,0,20,2,2,2,2,2,2,2,2,2,2)
229:(70,60,100,0,0,60,0,20,2,2,2,2,2,2,2,2,2,2)
230:(70,60,80,0,0,60,0,10,2,2,2,2,2,2,2,2,2,2)
231:(70,60,50,0,0,60,0,10,2,2,2,2,2,2,2,2,2,2)
232:(60,60,80,0,0,60,0,10,2,2,2,2,2,2,2,2,2,2)
233:(60,60,60,0,0,70,0,20,2,2,2,2,2,2,2,2,2,2)
234:(80,60,80,10,0,80,0,20,2,2,2,2,2,2,2,2,2,2)
235:(90,60,80,10,0,70,0,10,2,2,2,2,2,2,2,2,2,2)
236:(80,60,70,0,0,80,0,20,2,2,2,2,2,2,2,2,2,2)
237:(80,60,70,0,0,80,0,30,2,2,2,2,2,2,2,2,2,2)
238:(-1,-1,-1,-1,-1,-1,-1,-1,-1,-1,-1,-1,-1,-1,-1,-1,-1,-1)