(R,L,RL,G,Ga,Gbg,Gd)
0:(50,2,0,50,0,0,0)
1:(50,2,1,50,0,0,0)
2:(50,2,2,50,0,0,0)
3:(50,2,1,49,1,1,0)
4:(50,2,0,48,2,2,0)
5:(50,2,1,48,2,2,0)
6:(49,2,2,48,2,2,0)
7:(49,2,1,47,3,3,0)
8:(49,2,0,46,4,4,0)
9:(48,2,1,46,4,4,0)
10:(48,2,0,45,5,5,0)
11:(48,2,1,45,5,5,0)
12:(47,2,2,45,5,5,0)
13:(47,2,1,44,6,6,0)
14:(47,2,2,44,6,6,0)
15:(47,2,1,43,7,7,0)
16:(46,2,2,43,7,7,0)
17:(46,2,1,42,8,8,0)
18:(45,2,2,42,8,8,0)
19:(45,2,1,41,9,9,0)
20:(45,2,0,40,10,10,0)
21:(44,2,1,40,10,10,0)
22:(43,2,2,40,10,10,0)
23:(43,2,1,39,11,11,0)
24:(43,2,0,38,12,12,0)
25:(43,2,1,38,12,12,0)
26:(42,2,2,38,12,12,0)
27:(42,2,1,37,13,13,0)
28:(42,2,0,36,14,14,0)
29:(42,2,1,36,14,14,0)
30:(42,2,0,35,15,15,0)
31:(41,2,1,35,15,15,0)
32:(41,2,2,35,15,15,0)
33:(40,2,3,35,15,15,0)
34:(40,2,4,35,15,15,0)
35:(40,2,3,34,16,16,0)
36:(40,2,2,33,17,17,0)
37:(40,2,3,33,17,17,0)
38:(40,2,2,32,18,18,0)
39:(40,2,1,31,19,19,0)
40:(40,2,0,30,20,20,0)
41:(39,2,1,30,20,20,0)
42:(39,2,0,29,21,21,0)
43:(38,2,1,29,21,21,0)
44:(38,2,2,29,21,21,0)
45:(38,2,3,29,21,21,0)
46:(38,2,2,28,22,22,0)
47:(38,2,1,27,23,23,0)
48:(38,2,2,27,23,23,0)
49:(38,2,1,26,24,24,0)
50:(38,2,0,25,25,25,0)
51:(38,2,1,25,25,25,0)
52:(38,2,2,25,25,25,0)
53:(38,2,1,24,26,26,0)
54:(37,2,2,24,26,26,0)
55:(37,2,1,23,27,27,0)
56:(37,2,2,23,27,27,0)
57:(37,2,1,22,28,28,0)
58:(37,2,0,21,29,29,0)
59:(37,2,1,21,29,29,0)
60:(37,2,0,20,30,30,0)
61:(37,2,1,20,30,30,0)
62:(37,2,2,20,30,30,0)
63:(37,2,1,19,31,31,0)
64:(37,2,0,18,32,32,0)
65:(37,2,1,18,32,32,0)
66:(37,2,2,18,32,32,0)
67:(37,2,1,17,33,33,0)
68:(37,2,2,17,33,33,0)
69:(37,2,1,16,34,34,0)
70:(37,2,0,15,35,35,0)
71:(36,2,1,15,35,35,0)
72:(36,2,0,14,36,36,0)
73:(36,2,1,14,36,36,0)
74:(36,2,0,13,37,37,0)
75:(35,2,1,13,37,37,0)
76:(35,2,2,13,37,37,0)
77:(35,2,3,13,37,37,0)
78:(35,2,2,12,38,38,0)
79:(35,2,1,11,39,39,0)
80:(35,2,0,10,40,40,0)
81:(35,2,1,10,40,40,0)
82:(35,2,2,10,40,40,0)
83:(35,2,3,10,40,40,0)
84:(34,2,4,10,40,40,0)
85:(34,2,3,9,41,41,0)
86:(34,2,2,8,42,42,0)
87:(34,2,3,8,42,42,0)
88:(34,2,2,7,43,43,0)
89:(34,2,1,6,44,44,0)
90:(34,2,0,5,45,45,0)
91:(34,2,1,5,45,45,0)
92:(33,2,2,5,45,45,0)
93:(33,2,1,4,46,46,0)
94:(32,2,2,4,46,46,0)
95:(32,2,1,3,47,47,0)
96:(31,2,2,3,47,47,0)
97:(31,2,1,2,48,48,0)
98:(30,2,2,2,48,48,0)
99:(30,2,1,1,49,49,0)
100:(30,2,0,0,50,50,0)
101:(50,2,0,49,1,1,0)
102:(50,2,2,49,1,1,0)
103:(49,2,3,49,1,1,0)
104:(49,2,3,48,2,2,0)
105:(49,2,2,47,3,3,0)
106:(49,2,1,46,4,4,0)
107:(49,2,0,45,5,5,0)
108:(47,2,3,45,5,5,0)
109:(46,2,4,45,5,5,0)
110:(46,2,3,44,6,6,0)
111:(46,2,0,41,9,9,0)
112:(46,2,1,41,9,9,0)
113:(46,2,0,40,10,10,0)
114:(42,2,2,39,11,11,0)
115:(42,2,1,38,12,12,0)
116:(42,2,0,37,13,13,0)
117:(41,2,1,37,13,13,0)
118:(41,2,0,36,14,14,0)
119:(41,2,1,36,14,14,0)
120:(41,2,0,35,15,15,0)
121:(39,2,3,33,17,17,0)
122:(39,2,2,32,18,18,0)
123:(39,2,1,31,19,19,0)
124:(39,2,0,30,20,20,0)
125:(38,2,0,28,22,22,0)
126:(37,2,1,28,22,22,0)
127:(37,2,2,28,22,22,0)
128:(37,2,1,27,23,23,0)
129:(36,2,2,27,23,23,0)
130:(36,2,1,26,24,24,0)
131:(36,2,0,25,25,25,0)
132:(38,2,2,24,26,26,0)
133:(38,2,1,23,27,27,0)
134:(36,2,1,18,32,32,0)
135:(36,2,0,17,33,33,0)
136:(35,2,1,17,33,33,0)
137:(34,2,2,17,33,33,0)
138:(34,2,1,16,34,34,0)
139:(34,2,0,15,35,35,0)
140:(35,2,1,14,36,36,0)
141:(35,2,0,13,37,37,0)
142:(34,2,1,13,37,37,0)
143:(34,2,0,12,38,38,0)
144:(34,2,1,12,38,38,0)
145:(34,2,0,11,39,39,0)
146:(34,2,1,11,39,39,0)
147:(34,2,0,10,40,40,0)
148:(34,2,1,7,43,43,0)
149:(34,2,0,6,44,44,0)
150:(33,2,1,6,44,44,0)
151:(33,2,0,5,45,45,0)
152:(33,2,3,5,45,45,0)
153:(33,2,2,4,46,46,0)
154:(33,2,1,3,47,47,0)
155:(33,2,2,3,47,47,0)
156:(33,2,1,2,48,48,0)
157:(33,2,2,2,48,48,0)
158:(33,2,1,1,49,49,0)
159:(33,2,0,0,50,50,0)
160:(49,2,1,50,0,0,0)
161:(49,2,0,49,1,1,0)
162:(49,2,1,49,1,1,0)
163:(49,2,0,48,2,2,0)
164:(49,2,1,48,2,2,0)
165:(49,2,0,47,3,3,0)
166:(46,2,5,45,5,5,0)
167:(46,2,4,44,6,6,0)
168:(46,2,3,43,7,7,0)
169:(46,2,2,42,8,8,0)
170:(42,2,3,39,11,11,0)
171:(42,2,2,37,13,13,0)
172:(39,2,4,34,16,16,0)
173:(38,2,2,30,20,20,0)
174:(37,2,3,29,21,21,0)
175:(36,2,3,28,22,22,0)
176:(37,2,3,25,25,25,0)
177:(36,2,2,23,27,27,0)
178:(35,2,3,23,27,27,0)
179:(35,2,2,22,28,28,0)
180:(35,2,1,21,29,29,0)
181:(35,2,0,20,30,30,0)
182:(36,2,3,20,30,30,0)
183:(35,2,4,20,30,30,0)
184:(35,2,3,19,31,31,0)
185:(35,2,2,18,32,32,0)
186:(35,2,0,16,34,34,0)
187:(36,2,1,13,37,37,0)
188:(36,2,2,13,37,37,0)
189:(36,2,1,12,38,38,0)
190:(36,2,0,11,39,39,0)
191:(33,2,4,9,41,41,0)
192:(33,2,3,8,42,42,0)
193:(33,2,2,7,43,43,0)
194:(33,2,4,5,45,45,0)
195:(33,2,3,4,46,46,0)
196:(33,2,0,1,49,49,0)
197:(32,2,1,1,49,49,0)
198:(32,2,0,0,50,50,0)
199:(48,2,2,49,1,1,0)
200:(48,2,1,48,2,2,0)
201:(47,2,2,48,2,2,0)
202:(47,2,1,47,3,3,0)
203:(47,2,2,47,3,3,0)
204:(47,2,1,46,4,4,0)
205:(47,2,0,45,5,5,0)
206:(43,2,2,39,11,11,0)
207:(43,2,2,38,12,12,0)
208:(43,2,1,37,13,13,0)
209:(43,2,2,37,13,13,0)
210:(43,2,1,36,14,14,0)
211:(43,2,0,35,15,15,0)
212:(40,2,1,32,18,18,0)
213:(40,2,0,31,19,19,0)
214:(38,2,1,28,22,22,0)
215:(38,2,0,27,23,23,0)
216:(37,2,0,26,24,24,0)
217:(36,2,4,25,25,25,0)
218:(36,2,3,24,26,26,0)
219:(36,2,1,22,28,28,0)
220:(36,2,0,21,29,29,0)
221:(36,2,1,21,29,29,0)
222:(36,2,0,20,30,30,0)
223:(35,2,3,18,32,32,0)
224:(35,2,2,17,33,33,0)
225:(35,2,1,16,34,34,0)
226:(35,2,0,15,35,35,0)
227:(35,2,2,15,35,35,0)
228:(35,2,1,12,38,38,0)
229:(34,2,2,12,38,38,0)
230:(32,2,3,3,47,47,0)
231:(32,2,2,2,48,48,0)
232:(48,2,1,49,1,1,0)
233:(47,2,2,49,1,1,0)
234:(47,2,1,48,2,2,0)
235:(46,2,2,48,2,2,0)
236:(46,2,1,47,3,3,0)
237:(46,2,0,46,4,4,0)
238:(46,2,1,46,4,4,0)
239:(46,2,0,45,5,5,0)
240:(43,2,3,40,10,10,0)
241:(41,2,2,37,13,13,0)
242:(38,2,3,30,20,20,0)
243:(35,2,4,24,26,26,0)
244:(34,2,3,18,32,32,0)
245:(34,2,5,10,40,40,0)
246:(34,2,4,9,41,41,0)
247:(33,2,3,3,47,47,0)
248:(46,2,3,42,8,8,0)
249:(46,2,2,41,9,9,0)
250:(46,2,1,40,10,10,0)
251:(43,2,4,40,10,10,0)
252:(43,2,5,40,10,10,0)
253:(43,2,4,39,11,11,0)
254:(43,2,3,38,12,12,0)
255:(37,2,2,27,23,23,0)
256:(37,2,1,26,24,24,0)
257:(37,2,0,25,25,25,0)
258:(35,2,5,25,25,25,0)
259:(35,2,3,15,35,35,0)
260:(35,2,2,14,36,36,0)
261:(35,2,0,11,39,39,0)
262:(46,2,1,41,8,9,1)
263:(46,2,0,40,9,10,1)
264:(39,2,5,35,15,15,0)
265:(34,2,4,19,31,31,0)
266:(34,2,3,14,36,36,0)
267:(34,2,2,13,37,37,0)
268:(33,2,1,11,39,39,0)
269:(33,2,0,10,40,40,0)
270:(34,2,1,6,43,44,1)
271:(34,2,0,5,44,45,1)
272:(33,2,5,5,45,45,0)
273:(33,2,4,4,46,46,0)
274:(49,2,2,50,0,0,0)
275:(48,2,3,50,0,0,0)
276:(48,2,3,49,1,1,0)
277:(48,2,2,48,2,2,0)
278:(48,2,1,47,3,3,0)
279:(48,2,0,46,4,4,0)
280:(46,2,3,43,6,7,1)
281:(46,2,2,42,7,8,1)
282:(43,2,5,40,9,10,1)
283:(43,2,4,39,10,11,1)
284:(43,2,3,38,11,12,1)
285:(43,2,2,37,12,13,1)
286:(43,2,1,36,13,14,1)
287:(43,2,0,35,14,15,1)
288:(35,2,4,24,25,26,1)
289:(35,2,3,23,26,27,1)
290:(35,2,2,22,27,28,1)
291:(35,2,1,21,28,29,1)
292:(35,2,0,20,29,30,1)
293:(35,2,4,19,31,31,0)
294:(35,2,4,15,35,35,0)
295:(35,2,3,14,36,36,0)
296:(34,2,6,10,40,40,0)
297:(34,2,5,9,41,41,0)
298:(34,2,4,8,42,42,0)
299:(34,2,3,7,43,43,0)
300:(34,2,2,6,44,44,0)
301:(45,2,5,45,5,5,0)
302:(45,2,4,44,6,6,0)
303:(45,2,3,43,7,7,0)
304:(38,2,4,30,20,20,0)
305:(35,2,5,24,26,26,0)
306:(35,2,4,23,27,27,0)
307:(35,2,3,22,28,28,0)
308:(35,2,2,21,29,29,0)
309:(35,2,1,20,30,30,0)
310:(34,2,5,20,30,30,0)
311:(33,2,0,0,49,50,1)
312:(43,2,3,39,11,11,0)
313:(43,2,0,36,14,14,0)
314:(38,2,5,30,20,20,0)
315:(38,2,4,29,21,21,0)
316:(38,2,3,28,22,22,0)
317:(34,2,4,24,26,26,0)
318:(34,2,3,23,27,27,0)
319:(34,2,2,22,28,28,0)
320:(34,2,1,21,29,29,0)
321:(34,2,0,20,30,30,0)
322:(34,2,5,5,45,45,0)
323:(34,2,4,4,46,46,0)
324:(34,2,3,3,47,47,0)
325:(34,2,2,2,48,48,0)
326:(34,2,1,1,49,49,0)
327:(34,2,0,0,50,50,0)
328:(48,2,4,49,1,1,0)
329:(48,2,3,48,2,2,0)
330:(48,2,2,47,3,3,0)
331:(44,2,3,43,7,7,0)
332:(44,2,2,42,8,8,0)
333:(44,2,1,41,9,9,0)
334:(44,2,0,40,10,10,0)
335:(43,2,5,39,10,11,1)
336:(43,2,4,38,11,12,1)
337:(43,2,3,37,12,13,1)
338:(43,2,2,36,13,14,1)
339:(43,2,1,35,14,15,1)
340:(38,2,5,34,16,16,0)
341:(38,2,4,33,17,17,0)
342:(38,2,3,32,18,18,0)
343:(38,2,2,31,19,19,0)
344:(38,2,1,30,20,20,0)
345:(34,2,5,24,26,26,0)
346:(34,2,4,23,27,27,0)
347:(34,2,3,22,28,28,0)
348:(34,2,2,21,29,29,0)
349:(34,2,1,20,30,30,0)
350:(34,2,5,20,29,30,1)
351:(34,2,4,19,30,31,1)
352:(34,2,3,18,31,32,1)
353:(34,2,2,17,32,33,1)
354:(34,2,1,16,33,34,1)
355:(34,2,0,15,34,35,1)
356:(35,2,4,14,36,36,0)
357:(49,2,2,49,1,1,0)
358:(49,2,4,49,1,1,0)
359:(45,2,4,43,7,7,0)
360:(45,2,3,42,8,8,0)
361:(45,2,2,41,9,9,0)
362:(45,2,1,40,10,10,0)
363:(37,2,4,29,21,21,0)
364:(37,2,3,28,22,22,0)
365:(34,2,4,14,36,36,0)
366:(34,2,3,13,37,37,0)
367:(33,2,6,10,40,40,0)
368:(33,2,5,9,41,41,0)
369:(33,2,4,8,42,42,0)
370:(33,2,3,7,43,43,0)
371:(33,2,2,6,44,44,0)
372:(33,2,1,5,45,45,0)
373:(32,2,4,4,46,46,0)
374:(44,2,0,35,14,15,1)
375:(39,2,5,35,14,15,1)
376:(39,2,4,34,15,16,1)
377:(39,2,3,33,16,17,1)
378:(39,2,2,32,17,18,1)
379:(39,2,1,31,18,19,1)
380:(39,2,0,30,19,20,1)
381:(37,2,4,28,22,22,0)
382:(37,2,3,27,23,23,0)
383:(37,2,2,26,24,24,0)
384:(37,2,1,25,25,25,0)
385:(34,2,4,19,29,31,2)
386:(34,2,3,18,30,32,2)
387:(34,2,2,17,31,33,2)
388:(34,2,1,16,32,34,2)
389:(34,2,0,15,33,35,2)
390:(35,2,5,15,35,35,0)
391:(49,2,3,50,0,0,0)
392:(49,2,4,50,0,0,0)
393:(42,2,5,40,10,10,0)
394:(42,2,4,39,11,11,0)
395:(42,2,3,38,12,12,0)
396:(37,2,6,30,20,20,0)
397:(37,2,5,29,21,21,0)
398:(33,2,1,16,33,34,1)
399:(33,2,0,15,34,35,1)
400:(35,2,5,10,40,40,0)
401:(35,2,4,9,41,41,0)
402:(35,2,3,8,42,42,0)
403:(35,2,2,7,43,43,0)
404:(35,2,1,6,44,44,0)
405:(35,2,0,5,45,45,0)
406:(32,2,5,5,45,45,0)
407:(46,2,2,47,3,3,0)
408:(40,2,0,30,19,20,1)
409:(34,2,4,13,37,37,0)
410:(34,2,3,12,38,38,0)
411:(34,2,2,11,39,39,0)
412:(34,2,1,10,40,40,0)
413:(48,2,2,50,0,0,0)
414:(47,2,3,50,0,0,0)
415:(47,2,0,46,4,4,0)
416:(42,2,1,35,15,15,0)
417:(39,2,2,31,18,19,1)
418:(39,2,1,30,19,20,1)
419:(36,2,4,24,26,26,0)
420:(36,2,3,23,27,27,0)
421:(36,2,2,22,28,28,0)
422:(31,2,3,2,48,48,0)
423:(31,2,2,1,49,49,0)
424:(31,2,1,0,50,50,0)
425:(42,2,1,35,14,15,1)
426:(39,2,1,31,17,19,2)
427:(39,2,0,30,18,20,2)
428:(37,2,5,28,22,22,0)
429:(37,2,4,27,23,23,0)
430:(37,2,3,26,24,24,0)
431:(37,2,2,25,25,25,0)
432:(36,2,5,25,25,25,0)
433:(34,2,5,19,31,31,0)
434:(34,2,4,18,32,32,0)
435:(34,2,3,17,33,33,0)
436:(34,2,2,16,34,34,0)
437:(34,2,1,15,35,35,0)
438:(36,2,4,14,36,36,0)
439:(36,2,3,13,37,37,0)
440:(36,2,2,12,38,38,0)
441:(36,2,1,11,39,39,0)
442:(36,2,0,10,40,40,0)
443:(44,2,6,45,5,5,0)
444:(44,2,5,44,6,6,0)
445:(44,2,4,43,7,7,0)
446:(44,2,3,42,8,8,0)
447:(44,2,2,41,9,9,0)
448:(43,2,4,39,9,11,2)
449:(43,2,3,38,10,12,2)
450:(43,2,2,37,11,13,2)
451:(43,2,1,36,12,14,2)
452:(43,2,0,35,13,15,2)
453:(38,2,1,30,19,20,1)
454:(33,2,3,18,31,32,1)
455:(33,2,2,17,32,33,1)
456:(34,2,5,14,36,36,0)
457:(34,2,5,5,44,45,1)
458:(34,2,4,4,45,46,1)
459:(34,2,3,3,46,47,1)
460:(34,2,2,2,47,48,1)
461:(34,2,1,1,48,49,1)
462:(34,2,0,0,49,50,1)
463:(44,2,1,36,13,14,1)
464:(39,2,5,35,13,15,2)
465:(39,2,4,34,14,16,2)
466:(39,2,3,33,15,17,2)
467:(39,2,2,32,16,18,2)
468:(38,2,2,26,24,24,0)
469:(36,2,3,23,26,27,1)
470:(36,2,2,22,27,28,1)
471:(36,2,1,21,28,29,1)
472:(36,2,0,20,29,30,1)
473:(34,2,2,16,33,34,1)
474:(34,2,1,15,34,35,1)
475:(35,2,4,13,37,37,0)
476:(35,2,3,12,38,38,0)
477:(35,2,2,11,39,39,0)
478:(35,2,5,25,24,25,1)
479:(48,2,0,48,2,2,0)
480:(44,2,3,42,7,8,1)
481:(44,2,2,41,8,9,1)
482:(44,2,1,40,9,10,1)
483:(36,2,7,30,20,20,0)
484:(36,2,6,29,21,21,0)
485:(36,2,5,28,22,22,0)
486:(36,2,4,27,23,23,0)
487:(36,2,3,26,24,24,0)
488:(36,2,2,25,25,25,0)
489:(33,2,5,19,30,31,1)
490:(33,2,4,18,31,32,1)
491:(33,2,3,17,32,33,1)
492:(33,2,2,16,33,34,1)
493:(33,2,1,15,34,35,1)
494:(33,2,2,2,47,48,1)
495:(33,2,1,1,48,49,1)
496:(42,2,6,40,10,10,0)
497:(42,2,5,39,11,11,0)
498:(42,2,4,38,12,12,0)
499:(42,2,3,37,13,13,0)
500:(42,2,2,36,14,14,0)
501:(38,2,6,35,15,15,0)
502:(34,2,5,25,25,25,0)
503:(35,2,5,20,30,30,0)
504:(36,2,5,10,40,40,0)
505:(36,2,4,9,41,41,0)
506:(36,2,3,8,42,42,0)
507:(36,2,2,7,43,43,0)
508:(36,2,1,6,44,44,0)
509:(36,2,0,5,45,45,0)
510:(33,2,5,4,45,46,1)
511:(33,2,4,3,46,47,1)
512:(33,2,3,2,47,48,1)
513:(33,2,2,1,48,49,1)
514:(33,2,1,0,49,50,1)
515:(51,2,1,50,0,0,0)
516:(51,2,0,50,0,0,0)
517:(50,2,3,50,0,0,0)
518:(47,2,2,50,0,0,0)
519:(46,2,3,50,0,0,0)
520:(48,2,0,47,3,3,0)
521:(43,2,4,42,8,8,0)
522:(43,2,3,41,9,9,0)
523:(35,2,5,15,34,35,1)
524:(35,2,4,14,35,36,1)
525:(35,2,3,13,36,37,1)
526:(35,2,2,12,37,38,1)
527:(35,2,1,11,38,39,1)
528:(35,2,0,10,39,40,1)
529:(31,2,5,4,46,46,0)
530:(31,2,4,3,47,47,0)
531:(34,2,1,21,28,29,1)
532:(37,2,1,21,28,29,1)
533:(37,2,0,21,28,29,1)
534:(36,2,0,21,28,29,1)
535:(34,2,2,21,28,29,1)
536:(34,2,0,16,33,34,1)
537:(34,2,0,20,29,30,1)
538:(42,2,0,35,14,15,1)
539:(46,2,2,49,1,1,0)
540:(47,2,1,49,1,1,0)
541:(35,2,1,15,35,35,0)
542:(33,2,0,1,48,49,1)
543:(33,2,1,16,32,34,2)
544:(33,2,2,16,34,34,0)
545:(43,2,5,39,11,11,0)
546:(42,2,4,39,10,11,1)
547:(42,2,3,38,11,12,1)
548:(42,2,2,37,12,13,1)
549:(42,2,1,36,13,14,1)
550:(38,2,1,31,17,19,2)
551:(38,2,0,30,18,20,2)
552:(36,2,7,30,19,20,1)
553:(36,2,6,29,20,21,1)
554:(36,2,5,28,21,22,1)
555:(36,2,4,27,22,23,1)
556:(36,2,3,26,23,24,1)
557:(36,2,2,25,24,25,1)
558:(33,2,5,19,31,31,0)
559:(33,2,4,18,32,32,0)
560:(33,2,3,17,33,33,0)
561:(33,2,1,15,35,35,0)
562:(33,2,2,6,43,44,1)
563:(33,2,1,5,44,45,1)
564:(33,2,3,3,46,47,1)
565:(43,2,7,45,5,5,0)
566:(43,2,6,44,6,6,0)
567:(43,2,5,43,7,7,0)
568:(41,2,7,40,10,10,0)
569:(41,2,6,39,11,11,0)
570:(41,2,5,38,12,12,0)
571:(41,2,4,37,13,13,0)
572:(41,2,3,36,14,14,0)
573:(37,2,6,35,15,15,0)
574:(37,2,5,34,16,16,0)
575:(37,2,4,33,17,17,0)
576:(37,2,3,32,18,18,0)
577:(37,2,2,31,19,19,0)
578:(37,2,1,30,20,20,0)
579:(35,2,5,14,36,36,0)
580:(32,2,3,6,44,44,0)
581:(32,2,2,5,45,45,0)
582:(31,2,0,0,50,50,0)
583:(36,2,7,30,18,20,2)
584:(36,2,6,29,19,21,2)
585:(36,2,5,28,20,22,2)
586:(36,2,4,27,21,23,2)
587:(36,2,3,26,22,24,2)
588:(36,2,2,25,23,25,2)
589:(35,2,5,9,41,41,0)
590:(35,2,4,8,42,42,0)
591:(35,2,3,7,43,43,0)
592:(35,2,2,6,44,44,0)
593:(35,2,1,5,45,45,0)
594:(33,2,4,4,45,46,1)
595:(33,2,1,2,47,48,1)
596:(46,2,3,49,1,1,0)
597:(45,2,3,48,2,2,0)
598:(45,2,2,47,3,3,0)
599:(45,2,1,46,4,4,0)
600:(45,2,0,45,5,5,0)
601:(43,2,6,44,5,6,1)
602:(43,2,5,43,6,7,1)
603:(43,2,4,42,7,8,1)
604:(43,2,3,41,8,9,1)
605:(43,2,2,40,9,10,1)
606:(37,2,6,34,16,16,0)
607:(37,2,5,33,17,17,0)
608:(37,2,4,32,18,18,0)
609:(37,2,3,31,19,19,0)
610:(37,2,2,30,20,20,0)
611:(35,2,4,18,32,32,0)
612:(35,2,3,17,33,33,0)
613:(35,2,2,16,34,34,0)
614:(35,2,2,11,38,39,1)
615:(35,2,1,10,39,40,1)
616:(41,2,7,40,9,10,1)
617:(41,2,6,39,10,11,1)
618:(41,2,5,38,11,12,1)
619:(41,2,4,37,12,13,1)
620:(41,2,3,36,13,14,1)
621:(41,2,2,35,14,15,1)
622:(36,2,6,34,16,16,0)
623:(36,2,5,33,17,17,0)
624:(36,2,4,32,18,18,0)
625:(36,2,3,31,19,19,0)
626:(36,2,2,30,20,20,0)
627:(35,2,4,19,30,31,1)
628:(35,2,3,18,31,32,1)
629:(35,2,2,17,32,33,1)
630:(35,2,1,16,33,34,1)
631:(35,2,0,15,34,35,1)
632:(34,2,5,14,35,36,1)
633:(34,2,4,13,36,37,1)
634:(34,2,3,12,37,38,1)
635:(34,2,2,11,38,39,1)
636:(34,2,1,10,39,40,1)
637:(32,2,7,10,40,40,0)
638:(32,2,6,9,41,41,0)
639:(32,2,5,8,42,42,0)
640:(32,2,4,7,43,43,0)
641:(34,2,5,4,45,46,1)
642:(34,2,4,3,46,47,1)
643:(34,2,3,2,47,48,1)
644:(34,2,2,1,48,49,1)
645:(34,2,1,0,49,50,1)
646:(38,2,5,35,14,15,1)
647:(38,2,4,34,15,16,1)
648:(38,2,3,33,16,17,1)
649:(38,2,2,32,17,18,1)
650:(38,2,1,31,18,19,1)
651:(38,2,0,30,19,20,1)
652:(35,2,6,28,20,22,2)
653:(35,2,5,27,21,23,2)
654:(35,2,4,26,22,24,2)
655:(35,2,3,25,23,25,2)
656:(34,2,5,19,30,31,1)
657:(34,2,4,18,31,32,1)
658:(34,2,3,17,32,33,1)
659:(35,2,6,15,35,35,0)
660:(44,2,6,44,6,6,0)
661:(44,2,5,43,7,7,0)
662:(44,2,4,42,8,8,0)
663:(44,2,3,41,9,9,0)
664:(44,2,2,40,10,10,0)
665:(42,2,4,37,13,13,0)
666:(42,2,3,36,14,14,0)
667:(42,2,2,35,15,15,0)
668:(35,2,5,28,20,22,2)
669:(35,2,4,27,21,23,2)
670:(35,2,3,26,22,24,2)
671:(35,2,2,25,23,25,2)
672:(33,2,4,19,30,31,1)
673:(42,2,4,41,9,9,0)
674:(42,2,3,40,10,10,0)
675:(41,2,7,39,10,11,1)
676:(41,2,6,38,11,12,1)
677:(41,2,5,37,12,13,1)
678:(41,2,4,36,13,14,1)
679:(41,2,3,35,14,15,1)
680:(39,2,3,32,17,18,1)
681:(34,2,5,24,25,26,1)
682:(34,2,4,23,26,27,1)
683:(34,2,3,22,27,28,1)
684:(34,2,1,20,29,30,1)
685:(36,2,1,11,38,39,1)
686:(36,2,0,10,39,40,1)
687:(31,2,5,8,42,42,0)
688:(31,2,4,7,43,43,0)
689:(31,2,3,6,44,44,0)
690:(31,2,2,5,45,45,0)
691:(40,2,4,34,16,16,0)
692:(37,2,2,25,24,25,1)
693:(35,2,6,25,24,25,1)
694:(35,2,5,24,25,26,1)
695:(35,2,4,23,26,27,1)
696:(35,2,3,22,27,28,1)
697:(35,2,2,21,28,29,1)
698:(35,2,1,20,29,30,1)
699:(36,2,2,12,37,38,1)
700:(32,2,3,7,43,43,0)
701:(32,2,2,6,44,44,0)
702:(32,2,1,5,45,45,0)
703:(31,2,4,4,46,46,0)
704:(31,2,3,3,47,47,0)
705:(31,2,2,2,48,48,0)
706:(31,2,1,1,49,49,0)
707:(40,2,8,40,10,10,0)
708:(40,2,7,39,11,11,0)
709:(40,2,6,38,12,12,0)
710:(40,2,5,37,13,13,0)
711:(40,2,4,36,14,14,0)
712:(37,2,5,29,20,21,1)
713:(37,2,4,28,21,22,1)
714:(37,2,3,27,22,23,1)
715:(37,2,2,26,23,24,1)
716:(37,2,1,25,24,25,1)
717:(34,2,7,15,35,35,0)
718:(34,2,6,14,36,36,0)
719:(34,2,5,13,37,37,0)
720:(34,2,4,12,38,38,0)
721:(34,2,3,11,39,39,0)
722:(34,2,2,10,40,40,0)
723:(35,2,4,4,45,46,1)
724:(35,2,3,3,46,47,1)
725:(35,2,2,2,47,48,1)
726:(35,2,1,1,48,49,1)
727:(35,2,0,0,49,50,1)
728:(49,2,5,50,0,0,0)
729:(43,2,7,44,6,6,0)
730:(43,2,6,43,7,7,0)
731:(43,2,5,42,8,8,0)
732:(43,2,4,41,9,9,0)
733:(38,2,0,25,24,25,1)
734:(35,2,5,19,31,31,0)
735:(45,2,6,45,5,5,0)
736:(45,2,5,44,6,6,0)
737:(38,2,4,34,16,16,0)
738:(38,2,3,33,17,17,0)
739:(38,2,2,32,18,18,0)
740:(38,2,1,31,19,19,0)
741:(38,2,0,30,20,20,0)
742:(37,2,6,29,19,21,2)
743:(37,2,5,28,20,22,2)
744:(37,2,4,27,21,23,2)
745:(37,2,3,26,22,24,2)
746:(37,2,2,25,23,25,2)
747:(32,2,5,9,41,41,0)
748:(32,2,4,8,42,42,0)
749:(40,2,4,37,12,13,1)
750:(40,2,3,36,13,14,1)
751:(40,2,2,35,14,15,1)
752:(38,2,4,33,16,17,1)
753:(38,2,3,32,17,18,1)
754:(38,2,2,31,18,19,1)
755:(35,2,3,11,39,39,0)
756:(32,2,8,10,40,40,0)
757:(32,2,7,9,41,41,0)
758:(32,2,6,8,42,42,0)
759:(32,2,5,7,43,43,0)
760:(32,2,4,6,44,44,0)
761:(32,2,3,5,45,45,0)
762:(48,2,4,50,0,0,0)
763:(42,2,6,39,10,11,1)
764:(42,2,5,38,11,12,1)
765:(42,2,4,37,12,13,1)
766:(42,2,3,36,13,14,1)
767:(42,2,2,35,14,15,1)
768:(39,2,4,34,13,16,3)
769:(39,2,3,33,14,17,3)
770:(39,2,2,32,15,18,3)
771:(39,2,1,31,16,19,3)
772:(39,2,0,30,17,20,3)
773:(33,2,2,22,28,28,0)
774:(33,2,1,21,29,29,0)
775:(33,2,0,20,30,30,0)
776:(47,2,3,48,2,2,0)
777:(44,2,5,44,5,6,1)
778:(44,2,4,43,6,7,1)
779:(40,2,5,37,12,13,1)
780:(40,2,4,36,13,14,1)
781:(40,2,3,35,14,15,1)
782:(39,2,4,33,15,17,2)
783:(39,2,3,32,16,18,2)
784:(39,2,2,31,17,19,2)
785:(39,2,1,30,18,20,2)
786:(33,2,4,19,31,31,0)
787:(33,2,3,18,32,32,0)
788:(33,2,2,17,33,33,0)
789:(33,2,1,16,34,34,0)
790:(33,2,0,15,35,35,0)
791:(35,2,3,13,35,37,2)
792:(35,2,2,12,36,38,2)
793:(35,2,1,11,37,39,2)
794:(35,2,0,10,38,40,2)
795:(47,2,0,40,10,10,0)
796:(37,2,4,33,16,17,1)
797:(37,2,3,32,17,18,1)
798:(37,2,2,31,18,19,1)
799:(37,2,1,30,19,20,1)
800:(35,2,5,27,22,23,1)
801:(35,2,4,26,23,24,1)
802:(35,2,3,25,24,25,1)
803:(36,2,4,24,25,26,1)
804:(33,2,5,20,30,30,0)
805:(34,2,3,11,38,39,1)
806:(34,2,2,10,39,40,1)
807:(50,2,4,50,0,0,0)
808:(50,2,3,49,1,1,0)
809:(50,2,2,48,2,2,0)
810:(50,2,3,48,2,2,0)
811:(50,2,2,47,3,3,0)
812:(50,2,1,46,4,4,0)
813:(50,2,0,45,5,5,0)
814:(46,2,6,45,5,5,0)
815:(46,2,5,44,6,6,0)
816:(46,2,4,43,7,7,0)
817:(41,2,7,40,8,10,2)
818:(41,2,6,39,9,11,2)
819:(41,2,5,38,10,12,2)
820:(41,2,4,37,11,13,2)
821:(41,2,3,36,12,14,2)
822:(41,2,2,35,13,15,2)
823:(37,2,3,27,21,23,2)
824:(37,2,2,26,22,24,2)
825:(37,2,1,25,23,25,2)
826:(34,2,6,25,24,25,1)
827:(35,2,6,15,34,35,1)
828:(35,2,5,14,35,36,1)
829:(35,2,4,13,36,37,1)
830:(35,2,3,12,37,38,1)
831:(33,2,4,6,44,44,0)
832:(32,2,5,4,46,46,0)
833:(32,2,4,3,47,47,0)
834:(32,2,3,2,48,48,0)
835:(32,2,2,1,49,49,0)
836:(32,2,1,0,50,50,0)
837:(50,2,1,47,3,3,0)
838:(50,2,0,46,4,4,0)
839:(40,2,0,30,18,20,2)
840:(35,2,7,29,19,21,2)
841:(35,2,5,20,29,30,1)
842:(41,2,7,40,7,10,3)
843:(41,2,6,39,8,11,3)
844:(41,2,5,38,9,12,3)
845:(41,2,4,37,10,13,3)
846:(41,2,3,36,11,14,3)
847:(41,2,2,35,12,15,3)
848:(39,2,5,35,12,15,3)
849:(36,2,6,28,20,22,2)
850:(36,2,5,27,21,23,2)
851:(36,2,4,26,22,24,2)
852:(36,2,3,25,23,25,2)
853:(35,2,3,11,38,39,1)
854:(35,2,2,10,39,40,1)
855:(33,2,5,23,26,27,1)
856:(33,2,4,22,27,28,1)
857:(33,2,3,21,28,29,1)
858:(33,2,2,20,29,30,1)
859:(32,2,6,10,40,40,0)
860:(35,2,5,5,45,45,0)
861:(35,2,4,4,46,46,0)
862:(35,2,3,3,47,47,0)
863:(35,2,2,2,48,48,0)
864:(35,2,1,1,49,49,0)
865:(35,2,0,0,50,50,0)
866:(43,2,4,38,12,12,0)
867:(43,2,3,37,13,13,0)
868:(43,2,2,36,14,14,0)
869:(43,2,1,35,15,15,0)
870:(38,2,5,34,15,16,1)
871:(32,2,4,19,31,31,0)
872:(32,2,3,18,32,32,0)
873:(32,2,2,17,33,33,0)
874:(32,2,1,16,34,34,0)
875:(32,2,0,15,35,35,0)
876:(34,2,1,9,40,41,1)
877:(35,2,1,9,40,41,1)
878:(41,2,1,34,15,16,1)
879:(42,2,1,34,15,16,1)
880:(37,2,1,24,25,26,1)
881:(40,2,7,39,9,11,2)
882:(40,2,6,38,10,12,2)
883:(40,2,5,37,11,13,2)
884:(40,2,4,36,12,14,2)
885:(40,2,3,35,13,15,2)
886:(37,2,2,32,17,18,1)
887:(37,2,1,31,18,19,1)
888:(37,2,0,30,19,20,1)
889:(37,2,4,28,20,22,2)
890:(36,2,4,19,30,31,1)
891:(36,2,3,18,31,32,1)
892:(36,2,2,17,32,33,1)
893:(36,2,1,16,33,34,1)
894:(36,2,0,15,34,35,1)
895:(37,2,5,28,21,22,1)
896:(37,2,3,26,23,24,1)
897:(40,2,7,39,10,11,1)
898:(37,2,4,27,22,23,1)
899:(41,2,2,34,15,16,1)
900:(36,2,2,26,23,24,1)
901:(45,2,2,42,7,8,1)
902:(45,2,3,42,7,8,1)
903:(44,2,4,42,7,8,1)
904:(42,2,6,40,9,10,1)
905:(42,2,5,39,10,11,1)
906:(42,2,4,38,11,12,1)
907:(42,2,3,37,12,13,1)
908:(42,2,2,36,13,14,1)
909:(38,2,4,29,20,21,1)
910:(38,2,3,28,21,22,1)
911:(38,2,2,27,22,23,1)
912:(38,2,1,26,23,24,1)
913:(32,2,6,20,30,30,0)
914:(32,2,5,19,31,31,0)
915:(32,2,4,18,32,32,0)
916:(32,2,3,17,33,33,0)
917:(32,2,2,16,34,34,0)
918:(32,2,1,15,35,35,0)
919:(31,2,7,10,40,40,0)
920:(31,2,6,9,41,41,0)
921:(36,2,7,29,20,21,1)
922:(36,2,6,28,21,22,1)
923:(36,2,5,27,22,23,1)
924:(36,2,4,26,23,24,1)
925:(36,2,3,25,24,25,1)
926:(33,2,6,24,25,26,1)
927:(35,2,7,15,34,35,1)
928:(35,2,6,14,35,36,1)
929:(35,2,5,13,36,37,1)
930:(35,2,4,12,37,38,1)
931:(34,2,4,4,44,46,2)
932:(34,2,3,3,45,47,2)
933:(34,2,2,2,46,48,2)
934:(34,2,1,1,47,49,2)
935:(34,2,0,0,48,50,2)
936:(42,2,5,40,9,10,1)
937:(37,2,6,35,14,15,1)
938:(37,2,5,34,15,16,1)
939:(34,2,6,24,25,26,1)
940:(34,2,5,23,26,27,1)
941:(34,2,4,22,27,28,1)
942:(34,2,3,21,28,29,1)
943:(34,2,2,20,29,30,1)
944:(34,2,2,7,42,43,1)
945:(35,2,8,30,19,20,1)
946:(35,2,7,29,20,21,1)
947:(35,2,6,28,21,22,1)
948:(33,2,6,25,24,25,1)
949:(33,2,5,24,25,26,1)
950:(33,2,4,23,26,27,1)
951:(33,2,3,22,27,28,1)
952:(33,2,2,21,28,29,1)
953:(33,2,1,20,29,30,1)
954:(31,2,4,6,44,44,0)
955:(31,2,3,5,45,45,0)
956:(44,2,5,40,10,10,0)
957:(44,2,4,39,11,11,0)
958:(44,2,3,38,12,12,0)
959:(44,2,2,37,13,13,0)
960:(44,2,1,36,14,14,0)
961:(44,2,0,35,15,15,0)
962:(34,2,7,14,35,36,1)
963:(34,2,6,13,36,37,1)
964:(34,2,5,12,37,38,1)
965:(34,2,4,11,38,39,1)
966:(34,2,3,10,39,40,1)
967:(33,2,5,9,40,41,1)
968:(33,2,4,8,41,42,1)
969:(33,2,3,7,42,43,1)
970:(34,2,1,0,50,50,0)
971:(38,2,5,35,13,15,2)
972:(38,2,4,34,14,16,2)
973:(38,2,3,33,15,17,2)
974:(38,2,2,32,16,18,2)
975:(34,2,6,25,23,25,2)
976:(34,2,5,24,24,26,2)
977:(34,2,4,23,25,27,2)
978:(34,2,3,22,26,28,2)
979:(34,2,2,21,27,29,2)
980:(34,2,1,20,28,30,2)
981:(35,2,0,15,33,35,2)
982:(50,2,0,47,3,3,0)
983:(42,2,5,42,8,8,0)
984:(40,2,4,36,11,14,3)
985:(40,2,3,35,12,15,3)
986:(37,2,5,29,19,21,2)
987:(30,2,5,8,42,42,0)
988:(30,2,4,7,43,43,0)
989:(30,2,3,6,44,44,0)
990:(30,2,2,5,45,45,0)
991:(33,2,4,3,47,47,0)
992:(33,2,3,2,48,48,0)
993:(33,2,2,1,49,49,0)
994:(33,2,1,0,50,50,0)
995:(36,2,3,22,27,28,1)
996:(36,2,3,12,37,38,1)
997:(36,2,3,3,46,47,1)
998:(47,2,3,43,7,7,0)
999:(47,2,2,42,8,8,0)
1000:(47,2,1,41,9,9,0)
1001:(34,2,9,30,19,20,1)
1002:(34,2,8,29,20,21,1)
1003:(34,2,7,28,21,22,1)
1004:(34,2,6,27,22,23,1)
1005:(34,2,5,26,23,24,1)
1006:(34,2,4,25,24,25,1)
1007:(36,2,5,20,30,30,0)
1008:(36,2,4,19,31,31,0)
1009:(36,2,3,18,32,32,0)
1010:(36,2,2,17,33,33,0)
1011:(36,2,1,16,34,34,0)
1012:(36,2,0,15,35,35,0)
1013:(34,2,5,15,35,35,0)
1014:(36,2,4,4,46,46,0)
1015:(36,2,3,3,47,47,0)
1016:(36,2,2,2,48,48,0)
1017:(36,2,1,1,49,49,0)
1018:(36,2,0,0,50,50,0)
1019:(41,2,6,40,10,10,0)
1020:(41,2,5,39,11,11,0)
1021:(41,2,4,38,12,12,0)
1022:(41,2,3,37,13,13,0)
1023:(41,2,2,36,14,14,0)
1024:(35,2,2,22,26,28,2)
1025:(35,2,1,21,27,29,2)
1026:(35,2,0,20,28,30,2)
1027:(47,2,4,44,6,6,0)
1028:(37,2,4,33,15,17,2)
1029:(37,2,3,32,16,18,2)
1030:(37,2,2,31,17,19,2)
1031:(37,2,1,30,18,20,2)
1032:(36,2,7,30,17,20,3)
1033:(36,2,6,29,18,21,3)
1034:(36,2,5,28,19,22,3)
1035:(36,2,4,27,20,23,3)
1036:(36,2,3,26,21,24,3)
1037:(36,2,2,25,22,25,3)
1038:(34,2,6,25,22,25,3)
1039:(34,2,5,24,23,26,3)
1040:(34,2,4,23,24,27,3)
1041:(34,2,3,22,25,28,3)
1042:(34,2,2,21,26,29,3)
1043:(34,2,1,20,27,30,3)
1044:(34,2,6,14,35,36,1)
1045:(34,2,5,13,36,37,1)
1046:(34,2,4,12,37,38,1)
1047:(47,2,4,50,0,0,0)
1048:(47,2,3,49,1,1,0)
1049:(46,2,3,48,2,2,0)
1050:(39,2,3,32,15,18,3)
1051:(39,2,2,31,16,19,3)
1052:(39,2,1,30,17,20,3)
1053:(36,2,5,20,29,30,1)
1054:(36,2,2,11,38,39,1)
1055:(36,2,1,10,39,40,1)
1056:(31,2,5,8,41,42,1)
1057:(31,2,4,7,42,43,1)
1058:(31,2,3,6,43,44,1)
1059:(31,2,2,5,44,45,1)
1060:(47,2,0,47,3,3,0)
1061:(42,2,2,36,11,14,3)
1062:(42,2,1,35,12,15,3)
1063:(35,2,6,29,21,21,0)
1064:(35,2,5,28,22,22,0)
1065:(35,2,4,27,23,23,0)
1066:(35,2,3,26,24,24,0)
1067:(35,2,2,25,25,25,0)
1068:(37,2,2,22,28,28,0)
1069:(34,2,7,15,34,35,1)
1070:(35,2,5,4,46,46,0)
1071:(35,2,4,3,47,47,0)
1072:(35,2,3,2,48,48,0)
1073:(35,2,2,1,49,49,0)
1074:(35,2,1,0,50,50,0)
1075:(34,2,6,26,24,24,0)
1076:(35,2,2,24,25,26,1)
1077:(37,2,0,24,25,26,1)
1078:(36,2,5,24,25,26,1)
1079:(36,2,2,24,25,26,1)
1080:(35,2,3,25,25,25,0)
1081:(40,2,7,40,9,10,1)
1082:(45,2,6,45,4,5,1)
1083:(45,2,5,44,5,6,1)
1084:(45,2,4,43,6,7,1)
1085:(45,2,2,41,8,9,1)
1086:(45,2,1,40,9,10,1)
1087:(40,2,6,39,10,11,1)
1088:(40,2,5,38,11,12,1)
1089:(42,2,3,37,11,13,2)
1090:(35,2,4,27,20,23,3)
1091:(37,2,2,27,22,23,1)
1092:(40,2,1,31,18,19,1)
1093:(37,2,3,31,18,19,1)
1094:(33,2,9,29,20,21,1)
1095:(35,2,8,29,20,21,1)
1096:(31,2,8,10,40,40,0)
1097:(33,2,7,10,40,40,0)
1098:(41,2,8,40,10,10,0)
1099:(41,2,7,39,11,11,0)
1100:(41,2,6,38,12,12,0)
1101:(41,2,5,37,13,13,0)
1102:(41,2,4,36,14,14,0)
1103:(41,2,3,35,15,15,0)
1104:(38,2,5,30,19,20,1)
1105:(33,2,6,25,23,25,2)
1106:(33,2,5,24,24,26,2)
1107:(33,2,4,23,25,27,2)
1108:(33,2,3,22,26,28,2)
1109:(33,2,2,21,27,29,2)
1110:(33,2,1,20,28,30,2)
1111:(33,2,6,20,29,30,1)
1112:(31,2,7,9,41,41,0)
1113:(31,2,6,8,42,42,0)
1114:(31,2,5,7,43,43,0)
1115:(34,2,5,5,43,45,2)
1116:(43,2,6,45,5,5,0)
1117:(43,2,5,44,6,6,0)
1118:(43,2,4,43,7,7,0)
1119:(43,2,3,42,8,8,0)
1120:(43,2,2,41,9,9,0)
1121:(43,2,1,40,10,10,0)
1122:(40,2,8,39,11,11,0)
1123:(40,2,7,38,12,12,0)
1124:(40,2,6,37,13,13,0)
1125:(40,2,5,36,14,14,0)
1126:(33,2,6,9,41,41,0)
1127:(33,2,5,8,42,42,0)
1128:(33,2,4,7,43,43,0)
1129:(33,2,3,6,44,44,0)
1130:(46,2,5,50,0,0,0)
1131:(46,2,4,49,1,1,0)
1132:(41,2,7,40,6,10,4)
1133:(41,2,6,39,7,11,4)
1134:(41,2,5,38,8,12,4)
1135:(41,2,4,37,9,13,4)
1136:(41,2,3,36,10,14,4)
1137:(41,2,2,35,11,15,4)
1138:(34,2,6,27,21,23,2)
1139:(34,2,5,26,22,24,2)
1140:(34,2,4,25,23,25,2)
1141:(34,2,3,24,25,26,1)
1142:(34,2,2,23,26,27,1)
1143:(34,2,1,22,27,28,1)
1144:(34,2,0,21,28,29,1)
1145:(33,2,7,14,35,36,1)
1146:(33,2,6,13,36,37,1)
1147:(33,2,5,12,37,38,1)
1148:(33,2,4,11,38,39,1)
1149:(33,2,3,10,39,40,1)
1150:(36,2,4,9,40,41,1)
1151:(36,2,3,8,41,42,1)
1152:(36,2,2,7,42,43,1)
1153:(36,2,1,6,43,44,1)
1154:(36,2,0,5,44,45,1)
1155:(37,2,6,30,19,20,1)
1156:(32,2,6,24,24,26,2)
1157:(32,2,5,23,25,27,2)
1158:(32,2,4,22,26,28,2)
1159:(32,2,3,21,27,29,2)
1160:(32,2,2,20,28,30,2)
1161:(34,2,5,13,35,37,2)
1162:(34,2,4,12,36,38,2)
1163:(34,2,3,11,37,39,2)
1164:(34,2,2,10,38,40,2)
1165:(46,2,2,41,8,9,1)
1166:(46,2,1,40,9,10,1)
1167:(32,2,2,21,28,29,1)
1168:(32,2,1,20,29,30,1)
1169:(35,2,4,19,29,31,2)
1170:(35,2,3,18,30,32,2)
1171:(35,2,2,17,31,33,2)
1172:(35,2,1,16,32,34,2)
1173:(32,2,4,4,45,46,1)
1174:(32,2,3,3,46,47,1)
1175:(32,2,2,2,47,48,1)
1176:(32,2,1,1,48,49,1)
1177:(32,2,0,0,49,50,1)
1178:(47,2,6,45,5,5,0)
1179:(47,2,5,44,6,6,0)
1180:(47,2,4,43,7,7,0)
1181:(47,2,3,42,8,8,0)
1182:(47,2,2,41,9,9,0)
1183:(47,2,1,40,10,10,0)
1184:(42,2,3,37,9,13,4)
1185:(42,2,2,36,10,14,4)
1186:(42,2,1,35,11,15,4)
1187:(35,2,6,28,19,22,3)
1188:(35,2,5,27,20,23,3)
1189:(35,2,4,26,21,24,3)
1190:(35,2,3,25,22,25,3)
1191:(33,2,5,24,26,26,0)
1192:(33,2,4,23,27,27,0)
1193:(33,2,3,22,28,28,0)
1194:(33,2,2,21,29,29,0)
1195:(33,2,1,20,30,30,0)
1196:(31,2,7,20,30,30,0)
1197:(31,2,6,19,31,31,0)
1198:(31,2,5,18,32,32,0)
1199:(31,2,4,17,33,33,0)
1200:(31,2,3,16,34,34,0)
1201:(31,2,2,15,35,35,0)
1202:(35,2,4,13,35,37,2)
1203:(35,2,3,12,36,38,2)
1204:(35,2,2,11,37,39,2)
1205:(35,2,1,10,38,40,2)
1206:(34,2,0,0,47,50,3)
1207:(37,2,5,34,14,16,2)
1208:(35,2,7,30,19,20,1)
1209:(35,2,6,29,20,21,1)
1210:(35,2,5,28,21,22,1)
1211:(35,2,4,27,22,23,1)
1212:(35,2,3,26,23,24,1)
1213:(35,2,2,25,24,25,1)
1214:(35,2,6,25,23,25,2)
1215:(35,2,5,24,24,26,2)
1216:(35,2,4,23,25,27,2)
1217:(35,2,3,22,26,28,2)
1218:(35,2,2,21,27,29,2)
1219:(35,2,1,20,28,30,2)
1220:(33,2,8,10,40,40,0)
1221:(33,2,7,9,41,41,0)
1222:(33,2,6,8,42,42,0)
1223:(33,2,5,7,43,43,0)
1224:(46,2,6,45,4,5,1)
1225:(46,2,5,44,5,6,1)
1226:(46,2,4,43,6,7,1)
1227:(46,2,3,42,7,8,1)
1228:(41,2,7,40,5,10,5)
1229:(41,2,6,39,6,11,5)
1230:(41,2,5,38,7,12,5)
1231:(41,2,4,37,8,13,5)
1232:(41,2,3,36,9,14,5)
1233:(41,2,2,35,10,15,5)
1234:(32,2,5,19,30,31,1)
1235:(32,2,4,18,31,32,1)
1236:(32,2,3,17,32,33,1)
1237:(32,2,2,16,33,34,1)
1238:(32,2,1,15,34,35,1)
1239:(34,2,5,15,34,35,1)
1240:(34,2,4,14,35,36,1)
1241:(34,2,3,13,36,37,1)
1242:(34,2,2,12,37,38,1)
1243:(34,2,1,11,38,39,1)
1244:(34,2,0,10,39,40,1)
1245:(34,2,6,5,45,45,0)
1246:(34,2,5,4,46,46,0)
1247:(34,2,4,3,47,47,0)
1248:(34,2,3,2,48,48,0)
1249:(34,2,2,1,49,49,0)
1250:(-1,-1,-1,-1,-1,-1,-1)