(S1,S2,S3,S4,S5,S6)
0:(1,50,0,1,50,0)
1:(1,50,0,0,49,1)
2:(1,51,0,1,49,0)
3:(1,51,0,0,48,1)
4:(1,52,0,1,48,0)
5:(1,52,0,0,47,1)
6:(1,53,0,1,47,0)
7:(1,53,0,0,46,1)
8:(1,54,0,1,46,0)
9:(1,54,0,0,45,1)
10:(1,55,0,1,45,0)
11:(1,55,0,0,44,1)
12:(1,56,0,1,44,0)
13:(1,56,0,0,43,1)
14:(1,57,0,1,43,0)
15:(1,57,0,0,42,1)
16:(1,58,0,1,42,0)
17:(1,58,0,0,41,1)
18:(1,59,0,1,41,0)
19:(1,59,0,0,40,1)
20:(0,58,1,0,40,1)
21:(0,57,1,0,41,1)
22:(0,58,1,1,41,0)
23:(0,57,1,1,42,0)
24:(0,50,1,1,49,0)
25:(0,49,1,1,50,0)
26:(0,51,1,1,48,0)
27:(0,53,1,1,46,0)
28:(0,52,1,1,47,0)
29:(0,54,1,1,45,0)
30:(0,55,1,1,44,0)
31:(0,56,1,1,43,0)
32:(0,50,1,0,48,1)
33:(0,56,1,0,42,1)
34:(0,54,1,0,44,1)
35:(0,55,1,0,43,1)
36:(0,51,1,0,47,1)
37:(0,52,1,0,46,1)
38:(0,53,1,0,45,1)
39:(0,49,1,0,49,1)
40:(1,49,0,0,50,1)
41:(1,49,0,1,51,0)
42:(0,48,1,0,50,1)
43:(0,48,1,1,51,0)
44:(1,48,0,0,51,1)
45:(1,48,0,1,52,0)
46:(0,47,1,1,52,0)
47:(0,47,1,0,51,1)
48:(1,47,0,0,52,1)
49:(1,47,0,1,53,0)
50:(0,46,1,1,53,0)
51:(0,46,1,0,52,1)
52:(1,46,0,0,53,1)
53:(1,46,0,1,54,0)
54:(0,45,1,1,54,0)
55:(0,45,1,0,53,1)
56:(1,45,0,0,54,1)
57:(1,45,0,1,55,0)
58:(0,44,1,0,54,1)
59:(0,44,1,1,55,0)
60:(1,44,0,0,55,1)
61:(1,44,0,1,56,0)
62:(0,43,1,0,55,1)
63:(0,43,1,1,56,0)
64:(1,43,0,0,56,1)
65:(1,43,0,1,57,0)
66:(1,60,0,1,40,0)
67:(0,42,1,0,56,1)
68:(0,42,1,1,57,0)
69:(1,42,0,0,57,1)
70:(1,42,0,1,58,0)
71:(0,41,1,1,58,0)
72:(0,41,1,0,57,1)
73:(1,41,0,0,58,1)
74:(1,41,0,1,59,0)
75:(0,40,1,0,58,1)
76:(0,40,1,1,59,0)
77:(1,40,0,0,59,1)
78:(1,40,0,1,60,0)
79:(0,39,1,0,59,1)
80:(0,39,1,1,60,0)
81:(1,39,0,0,60,1)
82:(1,39,0,1,61,0)
83:(0,38,1,0,60,1)
84:(0,38,1,1,61,0)
85:(1,38,0,0,61,1)
86:(1,38,0,1,62,0)
87:(0,59,1,1,40,0)
88:(0,37,1,0,61,1)
89:(0,37,1,1,62,0)
90:(1,37,0,0,62,1)
91:(1,37,0,1,63,0)
92:(0,36,1,1,63,0)
93:(0,36,1,0,62,1)
94:(1,36,0,0,63,1)
95:(1,36,0,1,64,0)
96:(0,35,1,1,64,0)
97:(0,35,1,0,63,1)
98:(1,35,0,0,64,1)
99:(1,35,0,1,65,0)
100:(0,34,1,1,65,0)
101:(0,34,1,0,64,1)
102:(1,34,0,0,65,1)
103:(1,34,0,1,66,0)
104:(0,33,1,1,66,0)
105:(0,33,1,0,65,1)
106:(1,33,0,0,66,1)
107:(1,33,0,1,67,0)
108:(0,32,1,0,66,1)
109:(0,32,1,1,67,0)
110:(1,32,0,0,67,1)
111:(1,32,0,1,68,0)
112:(0,31,1,0,67,1)
113:(0,31,1,1,68,0)
114:(1,31,0,0,68,1)
115:(1,31,0,1,69,0)
116:(0,30,1,1,69,0)
117:(0,30,1,0,68,1)
118:(1,30,0,0,69,1)
119:(1,30,0,1,70,0)
120:(0,29,1,1,70,0)
121:(0,29,1,0,69,1)
122:(1,29,0,0,70,1)
123:(1,29,0,1,71,0)
124:(0,28,1,1,71,0)
125:(0,28,1,0,70,1)
126:(1,28,0,0,71,1)
127:(1,28,0,1,72,0)
128:(0,27,1,0,71,1)
129:(0,27,1,1,72,0)
130:(1,27,0,0,72,1)
131:(1,27,0,1,73,0)
132:(0,26,1,0,72,1)
133:(0,26,1,1,73,0)
134:(1,26,0,0,73,1)
135:(1,26,0,1,74,0)
136:(0,25,1,1,74,0)
137:(0,25,1,0,73,1)
138:(1,25,0,0,74,1)
139:(1,25,0,1,75,0)
140:(0,24,1,1,75,0)
141:(0,24,1,0,74,1)
142:(1,24,0,0,75,1)
143:(1,24,0,1,76,0)
144:(0,23,1,1,76,0)
145:(0,23,1,0,75,1)
146:(1,23,0,0,76,1)
147:(1,23,0,1,77,0)
148:(0,22,1,1,77,0)
149:(0,22,1,0,76,1)
150:(1,22,0,0,77,1)
151:(1,22,0,1,78,0)
152:(0,21,1,0,77,1)
153:(0,21,1,1,78,0)
154:(1,21,0,0,78,1)
155:(1,21,0,1,79,0)
156:(0,20,1,0,78,1)
157:(0,20,1,1,79,0)
158:(1,20,0,0,79,1)
159:(1,20,0,1,80,0)
160:(0,19,1,1,80,0)
161:(0,19,1,0,79,1)
162:(1,19,0,0,80,1)
163:(1,19,0,1,81,0)
164:(0,18,1,1,81,0)
165:(0,18,1,0,80,1)
166:(1,18,0,0,81,1)
167:(1,18,0,1,82,0)
168:(0,17,1,0,81,1)
169:(0,17,1,1,82,0)
170:(1,17,0,0,82,1)
171:(1,17,0,1,83,0)
172:(0,16,1,1,83,0)
173:(0,16,1,0,82,1)
174:(1,16,0,0,83,1)
175:(1,16,0,1,84,0)
176:(0,15,1,0,83,1)
177:(0,15,1,1,84,0)
178:(1,15,0,0,84,1)
179:(1,15,0,1,85,0)
180:(0,14,1,1,85,0)
181:(0,14,1,0,84,1)
182:(1,14,0,0,85,1)
183:(1,14,0,1,86,0)
184:(0,13,1,0,85,1)
185:(0,13,1,1,86,0)
186:(1,13,0,0,86,1)
187:(1,13,0,1,87,0)
188:(0,12,1,0,86,1)
189:(0,12,1,1,87,0)
190:(1,12,0,0,87,1)
191:(1,12,0,1,88,0)
192:(0,11,1,0,87,1)
193:(0,11,1,1,88,0)
194:(1,11,0,0,88,1)
195:(1,11,0,1,89,0)
196:(0,10,1,1,89,0)
197:(0,10,1,0,88,1)
198:(1,10,0,0,89,1)
199:(1,10,0,1,90,0)
200:(0,9,1,0,89,1)
201:(0,9,1,1,90,0)
202:(1,9,0,0,90,1)
203:(1,9,0,1,91,0)
204:(0,8,1,0,90,1)
205:(0,8,1,1,91,0)
206:(1,8,0,0,91,1)
207:(1,8,0,1,92,0)
208:(0,7,1,0,91,1)
209:(0,7,1,1,92,0)
210:(1,7,0,0,92,1)
211:(1,7,0,1,93,0)
212:(0,6,1,0,92,1)
213:(0,6,1,1,93,0)
214:(1,6,0,0,93,1)
215:(1,6,0,1,94,0)
216:(0,5,1,0,93,1)
217:(0,5,1,1,94,0)
218:(1,5,0,0,94,1)
219:(1,5,0,1,95,0)
220:(0,4,1,1,95,0)
221:(0,4,1,0,94,1)
222:(1,4,0,0,95,1)
223:(1,4,0,1,96,0)
224:(0,3,1,1,96,0)
225:(0,3,1,0,95,1)
226:(1,3,0,0,96,1)
227:(1,3,0,1,97,0)
228:(0,2,1,0,96,1)
229:(0,2,1,1,97,0)
230:(1,2,0,0,97,1)
231:(1,2,0,1,98,0)
232:(0,1,1,1,98,0)
233:(0,1,1,0,97,1)
234:(1,1,0,0,98,1)
235:(1,1,0,1,99,0)
236:(0,0,1,0,98,1)
237:(0,0,1,1,99,0)
238:(1,0,0,0,99,1)
239:(1,0,0,1,100,0)
240:(-1,-1,-1,-1,-1,-1)