(AmeR,AmtR,BetI,PhIF,SrpR,YFP,HlyIIR)
0:(0,0,130,60,0,60,0)
1:(0,10,130,60,0,60,0)
2:(0,10,130,60,10,60,0)
3:(10,10,130,60,10,60,0)
4:(10,10,120,60,10,60,0)
5:(10,10,110,60,10,60,0)
6:(10,10,100,60,10,60,0)
7:(10,10,90,60,10,60,0)
8:(10,10,80,60,10,60,0)
9:(10,10,70,60,10,60,0)
10:(10,10,70,50,10,60,0)
11:(10,10,70,40,10,60,0)
12:(10,10,70,30,10,60,0)
13:(10,10,70,20,10,60,0)
14:(10,10,70,10,10,60,0)
15:(20,10,70,10,10,60,0)
16:(20,10,70,10,20,60,0)
17:(20,20,70,10,20,60,0)
18:(30,20,70,10,20,60,0)
19:(30,20,70,10,30,60,0)
20:(30,30,70,10,30,60,0)
21:(30,30,70,10,40,60,0)
22:(30,40,70,10,40,60,0)
23:(40,40,70,10,40,60,0)
24:(40,50,70,10,40,60,0)
25:(40,50,70,10,50,60,0)
26:(50,50,70,10,50,60,0)
27:(50,60,70,10,50,60,0)
28:(50,60,70,10,60,60,0)
29:(60,60,70,10,60,60,0)
30:(60,70,70,10,60,60,0)
31:(60,70,70,10,70,60,0)
32:(70,70,70,10,70,60,0)
33:(70,80,70,10,70,60,0)
34:(70,80,70,0,70,60,0)
35:(-1,-1,-1,-1,-1,-1,-1)
