(R,L,RL,G,Ga,Gbg,Gd)
0:(38,2,1,1,49,49,0)
1:(38,2,0,0,50,50,0)
2:(38,2,2,2,48,48,0)
3:(38,2,3,3,47,47,0)
4:(38,2,4,4,46,46,0)
5:(38,2,5,5,45,45,0)
6:(38,2,6,6,44,44,0)
7:(38,2,7,7,43,43,0)
8:(38,2,8,8,42,42,0)
9:(38,2,9,9,41,41,0)
10:(38,2,10,10,40,40,0)
11:(38,2,11,11,39,39,0)
12:(38,2,12,12,38,38,0)
13:(38,2,13,13,37,37,0)
14:(38,2,14,14,36,36,0)
15:(38,2,15,15,35,35,0)
16:(38,2,16,16,34,34,0)
17:(38,2,17,17,33,33,0)
18:(38,2,16,17,33,33,0)
19:(38,2,17,18,32,32,0)
20:(38,2,16,18,32,32,0)
21:(38,2,15,18,32,32,0)
22:(38,2,16,19,31,31,0)
23:(38,2,15,19,31,31,0)
24:(38,2,14,19,31,31,0)
25:(38,2,15,20,30,30,0)
26:(38,2,14,20,30,30,0)
27:(38,2,13,20,30,30,0)
28:(38,2,14,21,29,29,0)
29:(38,2,13,21,29,29,0)
30:(38,2,14,22,28,28,0)
31:(38,2,13,22,28,28,0)
32:(38,2,12,22,28,28,0)
33:(38,2,13,23,27,27,0)
34:(38,2,12,23,27,27,0)
35:(38,2,13,24,26,26,0)
36:(38,2,12,24,26,26,0)
37:(38,2,11,24,26,26,0)
38:(38,2,12,25,25,25,0)
39:(38,2,11,25,25,25,0)
40:(38,2,12,26,24,24,0)
41:(38,2,11,26,24,24,0)
42:(38,2,10,26,24,24,0)
43:(38,2,11,27,23,23,0)
44:(38,2,10,27,23,23,0)
45:(38,2,11,28,22,22,0)
46:(38,2,10,28,22,22,0)
47:(38,2,11,29,21,21,0)
48:(38,2,10,29,21,21,0)
49:(38,2,9,29,21,21,0)
50:(38,2,10,30,20,20,0)
51:(38,2,9,30,20,20,0)
52:(38,2,10,31,19,19,0)
53:(38,2,9,31,19,19,0)
54:(38,2,10,32,18,18,0)
55:(38,2,9,32,18,18,0)
56:(38,2,8,32,18,18,0)
57:(38,2,9,33,17,17,0)
58:(38,2,8,33,17,17,0)
59:(38,2,9,34,16,16,0)
60:(38,2,8,34,16,16,0)
61:(38,2,9,35,15,15,0)
62:(38,2,8,35,15,15,0)
63:(38,2,9,36,14,14,0)
64:(38,2,8,36,14,14,0)
65:(38,2,7,36,14,14,0)
66:(38,2,8,37,13,13,0)
67:(38,2,7,37,13,13,0)
68:(38,2,8,38,12,12,0)
69:(38,2,7,38,12,12,0)
70:(38,2,8,39,11,11,0)
71:(38,2,7,39,11,11,0)
72:(38,2,8,40,10,10,0)
73:(38,2,7,40,10,10,0)
74:(38,2,8,41,9,9,0)
75:(38,2,7,41,9,9,0)
76:(38,2,6,41,9,9,0)
77:(38,2,7,42,8,8,0)
78:(38,2,6,42,8,8,0)
79:(38,2,7,43,7,7,0)
80:(38,2,6,43,7,7,0)
81:(38,2,7,44,6,6,0)
82:(38,2,6,44,6,6,0)
83:(38,2,7,45,5,5,0)
84:(39,2,6,45,5,5,0)
85:(39,2,7,46,4,4,0)
86:(40,2,6,46,4,4,0)
87:(40,2,7,47,3,3,0)
88:(41,2,6,47,3,3,0)
89:(41,2,7,48,2,2,0)
90:(42,2,6,48,2,2,0)
91:(42,2,7,49,1,1,0)
92:(43,2,6,49,1,1,0)
93:(43,2,7,50,0,0,0)
94:(44,2,6,50,0,0,0)
95:(45,2,5,50,0,0,0)
96:(46,2,4,50,0,0,0)
97:(47,2,3,50,0,0,0)
98:(48,2,2,50,0,0,0)
99:(49,2,1,50,0,0,0)
100:(50,2,0,50,0,0,0)
101:(37,2,1,1,49,49,0)
102:(37,2,0,0,50,50,0)
103:(37,2,2,2,48,48,0)
104:(37,2,3,3,47,47,0)
105:(37,2,4,4,46,46,0)
106:(37,2,5,5,45,45,0)
107:(37,2,6,6,44,44,0)
108:(37,2,7,7,43,43,0)
109:(37,2,8,8,42,42,0)
110:(37,2,9,9,41,41,0)
111:(37,2,10,10,40,40,0)
112:(37,2,11,11,39,39,0)
113:(37,2,12,12,38,38,0)
114:(37,2,13,13,37,37,0)
115:(37,2,14,14,36,36,0)
116:(37,2,15,15,35,35,0)
117:(37,2,16,16,34,34,0)
118:(37,2,17,17,33,33,0)
119:(38,2,15,16,34,34,0)
120:(38,2,14,15,35,35,0)
121:(38,2,13,14,36,36,0)
122:(38,2,12,13,37,37,0)
123:(38,2,11,12,38,38,0)
124:(38,2,10,11,39,39,0)
125:(38,2,9,10,40,40,0)
126:(38,2,8,9,41,41,0)
127:(38,2,7,8,42,42,0)
128:(38,2,6,7,43,43,0)
129:(38,2,5,6,44,44,0)
130:(38,2,4,5,45,45,0)
131:(38,2,3,4,46,46,0)
132:(38,2,2,3,47,47,0)
133:(38,2,1,2,48,48,0)
134:(38,2,0,1,49,49,0)
135:(38,2,18,18,32,32,0)
136:(37,2,18,18,32,32,0)
137:(37,2,16,17,33,33,0)
138:(37,2,17,18,32,32,0)
139:(36,2,1,1,49,49,0)
140:(36,2,0,0,50,50,0)
141:(36,2,2,2,48,48,0)
142:(36,2,3,3,47,47,0)
143:(36,2,4,4,46,46,0)
144:(36,2,5,5,45,45,0)
145:(36,2,6,6,44,44,0)
146:(36,2,7,7,43,43,0)
147:(36,2,8,8,42,42,0)
148:(36,2,9,9,41,41,0)
149:(36,2,10,10,40,40,0)
150:(36,2,11,11,39,39,0)
151:(36,2,12,12,38,38,0)
152:(36,2,13,13,37,37,0)
153:(36,2,14,14,36,36,0)
154:(36,2,15,15,35,35,0)
155:(36,2,16,16,34,34,0)
156:(36,2,17,17,33,33,0)
157:(37,2,15,16,34,34,0)
158:(37,2,14,15,35,35,0)
159:(37,2,13,14,36,36,0)
160:(37,2,12,13,37,37,0)
161:(37,2,11,12,38,38,0)
162:(37,2,10,11,39,39,0)
163:(37,2,9,10,40,40,0)
164:(37,2,8,9,41,41,0)
165:(37,2,7,8,42,42,0)
166:(37,2,6,7,43,43,0)
167:(37,2,5,6,44,44,0)
168:(37,2,4,5,45,45,0)
169:(37,2,3,4,46,46,0)
170:(37,2,2,3,47,47,0)
171:(37,2,1,2,48,48,0)
172:(37,2,0,1,49,49,0)
173:(36,2,18,18,32,32,0)
174:(38,2,15,17,33,33,0)
175:(38,2,6,45,5,5,0)
176:(38,2,7,46,4,4,0)
177:(39,2,6,46,4,4,0)
178:(41,2,5,46,4,4,0)
179:(40,2,7,46,4,4,0)
180:(38,2,11,23,27,27,0)
181:(38,2,8,31,19,19,0)
182:(38,2,1,1,48,49,1)
183:(38,2,0,0,49,50,1)
184:(36,2,1,1,48,49,1)
185:(36,2,0,0,49,50,1)
186:(37,2,1,1,48,49,1)
187:(37,2,0,0,49,50,1)
188:(37,2,2,1,49,49,0)
189:(37,2,1,0,50,50,0)
190:(35,2,2,1,49,49,0)
191:(35,2,1,0,50,50,0)
192:(36,2,2,1,49,49,0)
193:(36,2,1,0,50,50,0)
194:(35,2,1,1,49,49,0)
195:(35,2,0,0,50,50,0)
196:(39,2,1,1,49,49,0)
197:(39,2,0,0,50,50,0)
198:(38,2,2,1,49,49,0)
199:(38,2,1,0,50,50,0)
200:(39,2,0,1,49,49,0)
201:(39,2,12,24,26,26,0)
202:(38,2,7,39,10,11,1)
203:(38,2,8,39,10,11,1)
204:(38,2,11,24,25,26,1)
205:(37,2,13,24,26,26,0)
206:(39,2,11,24,26,26,0)
207:(39,2,13,24,26,26,0)
208:(37,2,14,14,35,36,1)
209:(40,2,6,45,5,5,0)
210:(37,2,12,12,37,38,1)
211:(44,2,7,50,0,0,0)
212:(42,2,7,48,2,2,0)
213:(43,2,7,49,1,1,0)
214:(41,2,7,49,1,1,0)
215:(42,2,6,49,1,1,0)
216:(41,2,8,49,1,1,0)
217:(44,2,6,49,1,1,0)
218:(44,2,5,49,1,1,0)
219:(38,2,5,41,9,9,0)
220:(40,2,5,45,5,5,0)
221:(38,2,5,43,7,7,0)
222:(38,2,5,42,8,8,0)
223:(38,2,6,43,6,7,1)
224:(38,2,6,38,12,12,0)
225:(38,2,6,6,43,44,1)
226:(39,2,6,7,43,43,0)
227:(39,2,5,7,43,43,0)
228:(38,2,9,38,12,12,0)
229:(39,2,5,6,44,44,0)
230:(39,2,5,42,8,8,0)
231:(39,2,5,44,6,6,0)
232:(39,2,5,43,7,7,0)
233:(43,2,5,48,2,2,0)
234:(42,2,5,47,3,3,0)
235:(38,2,5,7,43,43,0)
236:(38,2,2,4,46,46,0)
237:(38,2,9,11,39,39,0)
238:(37,2,3,3,46,47,1)
239:(36,2,3,4,46,46,0)
240:(38,2,12,24,25,26,1)
241:(37,2,10,10,39,40,1)
242:(38,2,14,24,26,26,0)
243:(38,2,9,41,9,9,0)
244:(38,2,12,29,21,21,0)
245:(38,2,8,46,4,4,0)
246:(40,2,8,48,2,2,0)
247:(39,2,8,47,3,3,0)
248:(38,2,5,5,44,45,1)
249:(38,2,7,41,8,9,1)
250:(38,2,8,43,7,7,0)
251:(38,2,8,45,5,5,0)
252:(38,2,9,40,10,10,0)
253:(42,2,8,50,0,0,0)
254:(37,2,12,24,26,26,0)
255:(38,2,11,30,20,20,0)
256:(37,2,11,24,26,26,0)
257:(37,2,9,9,40,41,1)
258:(39,2,10,24,26,26,0)
259:(37,2,5,4,46,46,0)
260:(36,2,5,4,46,46,0)
261:(36,2,13,12,38,38,0)
262:(36,2,19,18,32,32,0)
263:(36,2,7,6,44,44,0)
264:(37,2,7,6,44,44,0)
265:(36,2,16,15,35,35,0)
266:(37,2,16,15,35,35,0)
267:(37,2,7,41,9,9,0)
268:(38,2,6,41,8,9,1)
269:(38,2,6,42,7,8,1)
270:(38,2,8,33,16,17,1)
271:(38,2,7,32,18,18,0)
272:(38,2,14,18,32,32,0)
273:(39,2,14,19,31,31,0)
274:(38,2,12,14,36,36,0)
275:(38,2,13,15,35,35,0)
276:(38,2,13,25,25,25,0)
277:(38,2,16,20,30,30,0)
278:(38,2,8,42,8,8,0)
279:(38,2,8,44,6,6,0)
280:(38,2,13,13,36,37,1)
281:(39,2,13,14,36,36,0)
282:(39,2,12,14,36,36,0)
283:(38,2,12,27,23,23,0)
284:(38,2,13,26,24,24,0)
285:(38,2,12,28,22,22,0)
286:(38,2,11,32,18,18,0)
287:(38,2,14,23,27,27,0)
288:(38,2,15,21,29,29,0)
289:(38,2,15,22,28,28,0)
290:(38,2,17,19,31,31,0)
291:(38,2,10,36,14,14,0)
292:(38,2,9,39,11,11,0)
293:(38,2,9,37,13,13,0)
294:(38,2,10,33,17,17,0)
295:(38,2,10,35,15,15,0)
296:(37,2,8,39,11,11,0)
297:(37,2,11,10,40,40,0)
298:(37,2,10,9,41,41,0)
299:(38,2,12,20,30,30,0)
300:(39,2,7,45,5,5,0)
301:(41,2,7,47,3,3,0)
302:(36,2,6,5,45,45,0)
303:(37,2,19,18,32,32,0)
304:(38,2,10,34,16,16,0)
305:(37,2,10,33,17,17,0)
306:(37,2,9,33,17,17,0)
307:(37,2,11,31,19,19,0)
308:(37,2,10,31,19,19,0)
309:(37,2,15,19,31,31,0)
310:(35,2,13,12,38,38,0)
311:(37,2,14,13,37,37,0)
312:(36,2,11,10,40,40,0)
313:(36,2,9,8,42,42,0)
314:(36,2,18,17,33,33,0)
315:(36,2,8,7,43,43,0)
316:(36,2,15,14,36,36,0)
317:(36,2,14,13,37,37,0)
318:(37,2,14,23,27,27,0)
319:(37,2,13,23,27,27,0)
320:(37,2,9,38,12,12,0)
321:(37,2,8,38,12,12,0)
322:(37,2,8,45,5,5,0)
323:(38,2,6,37,13,13,0)
324:(37,2,14,24,26,26,0)
325:(38,2,12,23,26,27,1)
326:(38,2,11,31,19,19,0)
327:(37,2,9,37,13,13,0)
328:(37,2,8,37,13,13,0)
329:(37,2,9,32,18,18,0)
330:(37,2,10,32,18,18,0)
331:(35,2,15,14,36,36,0)
332:(36,2,10,9,41,41,0)
333:(41,2,6,48,2,2,0)
334:(37,2,16,18,32,32,0)
335:(36,2,15,16,34,34,0)
336:(36,2,14,15,35,35,0)
337:(36,2,8,9,41,41,0)
338:(36,2,11,12,38,38,0)
339:(36,2,6,7,43,43,0)
340:(37,2,15,17,33,33,0)
341:(36,2,13,14,36,36,0)
342:(36,2,16,17,33,33,0)
343:(36,2,5,6,44,44,0)
344:(36,2,7,8,42,42,0)
345:(36,2,12,13,37,37,0)
346:(39,2,7,39,11,11,0)
347:(39,2,7,36,14,14,0)
348:(39,2,10,26,24,24,0)
349:(39,2,9,32,18,18,0)
350:(39,2,7,8,42,42,0)
351:(39,2,10,11,39,39,0)
352:(47,2,2,50,0,0,0)
353:(39,2,11,26,24,24,0)
354:(37,2,12,26,24,24,0)
355:(37,2,13,26,24,24,0)
356:(39,2,12,26,24,24,0)
357:(37,2,7,39,11,11,0)
358:(39,2,8,36,14,14,0)
359:(39,2,13,21,29,29,0)
360:(39,2,12,13,37,37,0)
361:(39,2,15,17,33,33,0)
362:(39,2,16,17,33,33,0)
363:(39,2,11,25,25,25,0)
364:(39,2,14,15,35,35,0)
365:(39,2,13,20,30,30,0)
366:(39,2,1,2,48,48,0)
367:(39,2,4,5,45,45,0)
368:(39,2,15,19,31,31,0)
369:(39,2,17,18,32,32,0)
370:(39,2,15,16,34,34,0)
371:(38,2,11,11,38,39,1)
372:(38,2,7,38,11,12,1)
373:(37,2,15,15,34,35,1)
374:(37,2,17,17,32,33,1)
375:(37,2,16,16,33,34,1)
376:(37,2,13,13,36,37,1)
377:(37,2,11,11,38,39,1)
378:(38,2,3,3,46,47,1)
379:(38,2,8,32,17,18,1)
380:(37,2,2,2,47,48,1)
381:(38,2,2,2,47,48,1)
382:(38,2,10,29,20,21,1)
383:(37,2,4,4,45,46,1)
384:(38,2,9,34,15,16,1)
385:(37,2,5,5,44,45,1)
386:(37,2,7,7,42,43,1)
387:(37,2,8,8,41,42,1)
388:(37,2,6,6,43,44,1)
389:(38,2,6,8,42,42,0)
390:(38,2,14,16,34,34,0)
391:(39,2,11,12,38,38,0)
392:(39,2,9,10,40,40,0)
393:(39,2,8,10,40,40,0)
394:(39,2,9,11,39,39,0)
395:(39,2,9,31,19,19,0)
396:(39,2,8,31,19,19,0)
397:(39,2,7,32,18,18,0)
398:(39,2,15,18,32,32,0)
399:(39,2,14,18,32,32,0)
400:(39,2,16,18,32,32,0)
401:(39,2,6,39,11,11,0)
402:(39,2,0,2,48,48,0)
403:(39,2,8,32,18,18,0)
404:(39,2,10,12,38,38,0)
405:(39,2,6,36,14,14,0)
406:(39,2,6,42,8,8,0)
407:(39,2,3,4,46,46,0)
408:(39,2,8,9,41,41,0)
409:(39,2,7,9,41,41,0)
410:(39,2,4,6,44,44,0)
411:(39,2,6,8,42,42,0)
412:(39,2,6,43,7,7,0)
413:(39,2,13,15,35,35,0)
414:(38,2,6,39,11,11,0)
415:(37,2,8,36,14,14,0)
416:(38,2,11,22,28,28,0)
417:(38,2,6,36,14,14,0)
418:(38,2,14,17,33,33,0)
419:(37,2,8,32,18,18,0)
420:(37,2,8,7,43,43,0)
421:(37,2,7,43,7,7,0)
422:(37,2,11,26,24,24,0)
423:(37,2,14,22,28,28,0)
424:(37,2,15,20,30,30,0)
425:(46,2,5,50,0,0,0)
426:(37,2,7,44,6,6,0)
427:(37,2,7,42,8,8,0)
428:(37,2,8,40,10,10,0)
429:(37,2,14,20,30,30,0)
430:(37,2,16,19,31,31,0)
431:(38,2,6,40,10,10,0)
432:(38,2,9,26,24,24,0)
433:(38,2,9,27,23,23,0)
434:(38,2,8,30,20,20,0)
435:(38,2,7,33,17,17,0)
436:(38,2,10,24,26,26,0)
437:(38,2,13,19,31,31,0)
438:(38,2,9,28,22,22,0)
439:(39,2,9,28,22,22,0)
440:(39,2,10,29,21,21,0)
441:(39,2,9,29,21,21,0)
442:(39,2,12,23,27,27,0)
443:(38,2,4,4,45,46,1)
444:(38,2,7,7,42,43,1)
445:(38,2,8,8,41,42,1)
446:(38,2,9,9,40,41,1)
447:(38,2,10,10,39,40,1)
448:(38,2,12,12,37,38,1)
449:(38,2,14,14,35,36,1)
450:(38,2,15,15,34,35,1)
451:(38,2,16,16,33,34,1)
452:(38,2,17,17,32,33,1)
453:(38,2,16,17,32,33,1)
454:(38,2,15,16,33,34,1)
455:(38,2,14,15,34,35,1)
456:(38,2,13,14,35,36,1)
457:(38,2,12,13,36,37,1)
458:(38,2,11,12,37,38,1)
459:(38,2,10,11,38,39,1)
460:(38,2,9,10,39,40,1)
461:(38,2,8,9,40,41,1)
462:(38,2,7,8,41,42,1)
463:(38,2,6,7,42,43,1)
464:(38,2,5,6,43,44,1)
465:(38,2,4,5,44,45,1)
466:(38,2,3,4,45,46,1)
467:(38,2,2,3,46,47,1)
468:(38,2,1,2,47,48,1)
469:(38,2,0,1,48,49,1)
470:(38,2,3,2,48,48,0)
471:(38,2,4,3,47,47,0)
472:(38,2,5,4,46,46,0)
473:(38,2,6,5,45,45,0)
474:(38,2,7,6,44,44,0)
475:(38,2,8,7,43,43,0)
476:(38,2,9,8,42,42,0)
477:(38,2,10,9,41,41,0)
478:(38,2,11,10,40,40,0)
479:(38,2,12,11,39,39,0)
480:(38,2,13,12,38,38,0)
481:(38,2,14,13,37,37,0)
482:(38,2,15,14,36,36,0)
483:(38,2,16,15,35,35,0)
484:(38,2,17,16,34,34,0)
485:(38,2,18,17,33,33,0)
486:(37,2,3,2,48,48,0)
487:(37,2,4,3,47,47,0)
488:(37,2,6,5,45,45,0)
489:(37,2,9,8,42,42,0)
490:(37,2,12,11,39,39,0)
491:(37,2,13,12,38,38,0)
492:(37,2,15,14,36,36,0)
493:(37,2,17,16,34,34,0)
494:(37,2,18,17,33,33,0)
495:(39,2,2,2,48,48,0)
496:(39,2,3,3,47,47,0)
497:(39,2,4,4,46,46,0)
498:(39,2,5,5,45,45,0)
499:(39,2,6,6,44,44,0)
500:(39,2,7,7,43,43,0)
501:(38,2,2,1,48,49,1)
502:(38,2,1,0,49,50,1)
503:(38,2,3,2,47,48,1)
504:(38,2,4,3,46,47,1)
505:(38,2,5,4,45,46,1)
506:(38,2,6,5,44,45,1)
507:(38,2,7,6,43,44,1)
508:(38,2,8,7,42,43,1)
509:(38,2,9,8,41,42,1)
510:(38,2,10,9,40,41,1)
511:(38,2,11,10,39,40,1)
512:(38,2,12,11,38,39,1)
513:(38,2,13,12,37,38,1)
514:(38,2,14,13,36,37,1)
515:(38,2,15,14,35,36,1)
516:(38,2,16,15,34,35,1)
517:(38,2,17,16,33,34,1)
518:(38,2,18,17,32,33,1)
519:(38,2,1,1,47,49,2)
520:(38,2,0,0,48,50,2)
521:(38,2,2,2,46,48,2)
522:(38,2,3,3,45,47,2)
523:(38,2,4,4,44,46,2)
524:(38,2,5,5,43,45,2)
525:(38,2,6,6,42,44,2)
526:(38,2,7,7,41,43,2)
527:(38,2,8,8,40,42,2)
528:(38,2,9,9,39,41,2)
529:(38,2,10,10,38,40,2)
530:(38,2,11,11,37,39,2)
531:(38,2,12,12,36,38,2)
532:(38,2,13,13,35,37,2)
533:(38,2,14,14,34,36,2)
534:(38,2,15,15,33,35,2)
535:(38,2,16,16,32,34,2)
536:(38,2,17,17,31,33,2)
537:(37,2,2,1,48,49,1)
538:(37,2,1,0,49,50,1)
539:(37,2,3,2,47,48,1)
540:(37,2,4,3,46,47,1)
541:(37,2,5,4,45,46,1)
542:(37,2,6,5,44,45,1)
543:(37,2,7,6,43,44,1)
544:(37,2,8,7,42,43,1)
545:(37,2,9,8,41,42,1)
546:(37,2,10,9,40,41,1)
547:(37,2,11,10,39,40,1)
548:(37,2,12,11,38,39,1)
549:(37,2,13,12,37,38,1)
550:(37,2,14,13,36,37,1)
551:(37,2,15,14,35,36,1)
552:(37,2,16,15,34,35,1)
553:(37,2,17,16,33,34,1)
554:(37,2,18,17,32,33,1)
555:(39,2,1,1,48,49,1)
556:(39,2,0,0,49,50,1)
557:(39,2,2,2,47,48,1)
558:(39,2,3,3,46,47,1)
559:(39,2,4,4,45,46,1)
560:(39,2,5,5,44,45,1)
561:(39,2,6,6,43,44,1)
562:(39,2,7,7,42,43,1)
563:(39,2,8,8,41,42,1)
564:(39,2,9,9,40,41,1)
565:(39,2,10,10,39,40,1)
566:(39,2,11,11,38,39,1)
567:(39,2,12,12,37,38,1)
568:(39,2,13,13,36,37,1)
569:(39,2,14,14,35,36,1)
570:(39,2,15,15,34,35,1)
571:(39,2,16,16,33,34,1)
572:(39,2,17,17,32,33,1)
573:(38,2,16,17,31,33,2)
574:(37,2,1,1,47,49,2)
575:(37,2,0,0,48,50,2)
576:(37,2,2,2,46,48,2)
577:(37,2,3,3,45,47,2)
578:(37,2,4,4,44,46,2)
579:(37,2,5,5,43,45,2)
580:(37,2,6,6,42,44,2)
581:(37,2,7,7,41,43,2)
582:(37,2,8,8,40,42,2)
583:(37,2,9,9,39,41,2)
584:(37,2,10,10,38,40,2)
585:(37,2,11,11,37,39,2)
586:(37,2,12,12,36,38,2)
587:(37,2,13,13,35,37,2)
588:(37,2,14,14,34,36,2)
589:(37,2,15,15,33,35,2)
590:(37,2,16,16,32,34,2)
591:(37,2,17,17,31,33,2)
592:(38,2,15,16,32,34,2)
593:(38,2,14,15,33,35,2)
594:(38,2,13,14,34,36,2)
595:(38,2,12,13,35,37,2)
596:(38,2,11,12,36,38,2)
597:(38,2,10,11,37,39,2)
598:(38,2,8,42,7,8,1)
599:(37,2,10,9,39,41,2)
600:(39,2,9,9,41,41,0)
601:(39,2,10,9,41,41,0)
602:(36,2,11,9,41,41,0)
603:(35,2,10,9,41,41,0)
604:(37,2,14,15,34,35,1)
605:(38,2,9,47,3,3,0)
606:(40,2,8,47,3,3,0)
607:(38,2,5,41,8,9,1)
608:(38,2,11,22,27,28,1)
609:(38,2,7,31,18,19,1)
610:(38,2,11,23,26,27,1)
611:(38,2,6,38,11,12,1)
612:(38,2,10,23,26,27,1)
613:(38,2,9,28,21,22,1)
614:(38,2,7,32,17,18,1)
615:(38,2,5,42,7,8,1)
616:(38,2,5,40,9,10,1)
617:(38,2,6,40,9,10,1)
618:(38,2,6,37,12,13,1)
619:(39,2,11,23,27,27,0)
620:(45,2,6,50,0,0,0)
621:(39,2,15,15,35,35,0)
622:(38,2,19,18,32,32,0)
623:(38,2,8,10,40,40,0)
624:(38,2,10,12,38,38,0)
625:(38,2,7,9,41,41,0)
626:(38,2,11,13,37,37,0)
627:(36,2,4,5,45,45,0)
628:(36,2,12,11,39,39,0)
629:(35,2,14,13,37,37,0)
630:(37,2,6,8,42,42,0)
631:(37,2,0,1,48,49,1)
632:(37,2,13,15,35,35,0)
633:(37,2,12,22,28,28,0)
634:(39,2,11,27,23,23,0)
635:(39,2,11,13,37,37,0)
636:(36,2,17,16,34,34,0)
637:(37,2,11,25,25,25,0)
638:(41,2,6,46,4,4,0)
639:(42,2,6,47,3,3,0)
640:(38,2,4,6,44,44,0)
641:(39,2,14,21,29,29,0)
642:(41,2,5,47,3,3,0)
643:(43,2,6,48,2,2,0)
644:(37,2,11,23,27,27,0)
645:(37,2,10,30,20,20,0)
646:(39,2,10,32,18,18,0)
647:(42,2,5,48,2,2,0)
648:(40,2,0,1,49,49,0)
649:(40,2,15,17,33,33,0)
650:(38,2,0,2,48,48,0)
651:(39,2,12,13,35,37,2)
652:(39,2,17,17,33,33,0)
653:(47,2,4,50,0,0,0)
654:(40,2,9,26,24,24,0)
655:(40,2,10,26,24,24,0)
656:(40,2,10,24,26,26,0)
657:(40,2,14,16,34,34,0)
658:(40,2,11,14,36,36,0)
659:(40,2,13,15,35,35,0)
660:(40,2,12,15,35,35,0)
661:(40,2,0,2,48,48,0)
662:(40,2,9,12,38,38,0)
663:(40,2,8,10,40,40,0)
664:(40,2,7,31,19,19,0)
665:(40,2,6,7,43,43,0)
666:(40,2,7,10,40,40,0)
667:(40,2,9,29,21,21,0)
668:(40,2,8,11,39,39,0)
669:(40,2,4,7,43,43,0)
670:(40,2,12,24,26,26,0)
671:(40,2,12,21,29,29,0)
672:(40,2,14,17,33,33,0)
673:(40,2,14,18,32,32,0)
674:(40,2,9,11,39,39,0)
675:(40,2,12,14,36,36,0)
676:(40,2,13,19,31,31,0)
677:(40,2,8,28,22,22,0)
678:(40,2,9,24,26,26,0)
679:(40,2,10,25,25,25,0)
680:(40,2,7,32,18,18,0)
681:(40,2,6,36,14,14,0)
682:(40,2,6,39,11,11,0)
683:(40,2,11,23,27,27,0)
684:(40,2,6,8,42,42,0)
685:(40,2,8,31,19,19,0)
686:(40,2,6,32,18,18,0)
687:(40,2,11,13,37,37,0)
688:(40,2,7,9,41,41,0)
689:(40,2,14,19,31,31,0)
690:(40,2,3,4,46,46,0)
691:(40,2,4,44,6,6,0)
692:(40,2,5,39,11,11,0)
693:(40,2,12,20,30,30,0)
694:(40,2,4,5,45,45,0)
695:(40,2,5,42,8,8,0)
696:(39,2,4,5,44,45,1)
697:(39,2,8,9,40,41,1)
698:(37,2,7,38,12,12,0)
699:(37,2,13,22,28,28,0)
700:(35,2,12,11,39,39,0)
701:(38,2,6,7,41,43,2)
702:(39,2,10,12,36,38,2)
703:(39,2,4,5,43,45,2)
704:(37,2,12,25,25,25,0)
705:(39,2,2,3,47,47,0)
706:(37,2,6,41,9,9,0)
707:(39,2,8,40,10,10,0)
708:(37,2,12,23,27,27,0)
709:(37,2,14,19,31,31,0)
710:(39,2,14,16,34,34,0)
711:(36,2,4,3,47,47,0)
712:(37,2,9,31,19,19,0)
713:(39,2,5,41,9,9,0)
714:(44,2,5,48,2,2,0)
715:(40,2,5,44,6,6,0)
716:(37,2,9,30,20,20,0)
717:(39,2,12,25,25,25,0)
718:(39,2,5,42,7,8,1)
719:(39,2,4,41,9,9,0)
720:(39,2,13,14,35,36,1)
721:(39,2,15,16,33,34,1)
722:(39,2,10,11,38,39,1)
723:(37,2,6,42,8,8,0)
724:(39,2,5,45,5,5,0)
725:(39,2,6,44,6,6,0)
726:(37,2,7,37,13,13,0)
727:(39,2,8,30,20,20,0)
728:(36,2,2,3,47,47,0)
729:(36,2,10,11,39,39,0)
730:(39,2,6,38,12,12,0)
731:(39,2,12,20,30,30,0)
732:(37,2,8,31,19,19,0)
733:(40,2,4,6,44,44,0)
734:(39,2,5,6,43,44,1)
735:(39,2,0,1,48,49,1)
736:(39,2,11,11,39,39,0)
737:(39,2,12,13,36,37,1)
738:(39,2,11,13,35,37,2)
739:(39,2,10,11,37,39,2)
740:(37,2,14,18,32,32,0)
741:(39,2,14,17,33,33,0)
742:(39,2,11,22,28,28,0)
743:(39,2,7,39,10,11,1)
744:(37,2,6,38,12,12,0)
745:(37,2,6,40,10,10,0)
746:(37,2,7,36,14,14,0)
747:(38,2,12,21,29,29,0)
748:(39,2,11,24,25,26,1)
749:(38,2,8,9,39,41,2)
750:(39,2,9,10,38,40,2)
751:(38,2,2,1,47,49,2)
752:(38,2,1,0,48,50,2)
753:(38,2,3,2,46,48,2)
754:(38,2,4,3,45,47,2)
755:(38,2,5,4,44,46,2)
756:(38,2,6,5,43,45,2)
757:(38,2,7,6,42,44,2)
758:(38,2,8,7,41,43,2)
759:(38,2,9,8,40,42,2)
760:(38,2,10,9,39,41,2)
761:(38,2,11,10,38,40,2)
762:(38,2,12,11,37,39,2)
763:(38,2,13,12,36,38,2)
764:(38,2,14,13,35,37,2)
765:(38,2,15,14,34,36,2)
766:(38,2,16,15,33,35,2)
767:(38,2,17,16,32,34,2)
768:(38,2,3,1,48,49,1)
769:(38,2,2,0,49,50,1)
770:(38,2,4,2,47,48,1)
771:(38,2,5,3,46,47,1)
772:(38,2,6,4,45,46,1)
773:(38,2,7,5,44,45,1)
774:(38,2,8,6,43,44,1)
775:(38,2,9,7,42,43,1)
776:(38,2,10,8,41,42,1)
777:(38,2,11,9,40,41,1)
778:(38,2,12,10,39,40,1)
779:(38,2,13,11,38,39,1)
780:(38,2,14,12,37,38,1)
781:(38,2,15,13,36,37,1)
782:(38,2,16,14,35,36,1)
783:(38,2,17,15,34,35,1)
784:(38,2,18,16,33,34,1)
785:(37,2,3,1,48,49,1)
786:(37,2,2,0,49,50,1)
787:(37,2,4,2,47,48,1)
788:(37,2,5,3,46,47,1)
789:(37,2,6,4,45,46,1)
790:(37,2,7,5,44,45,1)
791:(37,2,8,6,43,44,1)
792:(37,2,9,7,42,43,1)
793:(37,2,10,8,41,42,1)
794:(37,2,11,9,40,41,1)
795:(37,2,12,10,39,40,1)
796:(37,2,13,11,38,39,1)
797:(37,2,14,12,37,38,1)
798:(37,2,15,13,36,37,1)
799:(37,2,16,14,35,36,1)
800:(37,2,17,15,34,35,1)
801:(37,2,18,16,33,34,1)
802:(39,2,2,1,48,49,1)
803:(39,2,1,0,49,50,1)
804:(39,2,3,2,47,48,1)
805:(39,2,4,3,46,47,1)
806:(39,2,5,4,45,46,1)
807:(39,2,6,5,44,45,1)
808:(39,2,7,6,43,44,1)
809:(39,2,8,7,42,43,1)
810:(39,2,9,8,41,42,1)
811:(39,2,10,9,40,41,1)
812:(39,2,11,10,39,40,1)
813:(39,2,12,11,38,39,1)
814:(39,2,13,12,37,38,1)
815:(39,2,14,13,36,37,1)
816:(39,2,15,14,35,36,1)
817:(39,2,16,15,34,35,1)
818:(39,2,17,16,33,34,1)
819:(38,2,19,17,32,33,1)
820:(38,2,18,17,31,33,2)
821:(37,2,19,17,32,33,1)
822:(40,2,16,17,33,33,0)
823:(40,2,17,17,33,33,0)
824:(40,2,17,17,32,33,1)
825:(39,2,17,17,31,33,2)
826:(36,2,17,17,32,33,1)
827:(40,2,5,7,43,43,0)
828:(39,2,11,12,36,38,2)
829:(36,2,18,17,32,33,1)
830:(37,2,19,17,31,33,2)
831:(41,2,6,39,11,11,0)
832:(38,2,6,4,46,46,0)
833:(39,2,10,12,37,38,1)
834:(39,2,9,10,39,40,1)
835:(39,2,12,19,31,31,0)
836:(37,2,0,2,48,48,0)
837:(39,2,10,23,26,27,1)
838:(37,2,9,8,40,42,2)
839:(37,2,13,14,35,36,1)
840:(39,2,6,38,11,12,1)
841:(40,2,4,4,45,46,1)
842:(40,2,10,24,25,26,1)
843:(40,2,13,14,35,36,1)
844:(39,2,10,10,38,40,2)
845:(37,2,13,19,31,31,0)
846:(37,2,9,29,21,21,0)
847:(37,2,12,14,36,36,0)
848:(37,2,5,41,9,9,0)
849:(37,2,6,43,7,7,0)
850:(37,2,10,24,26,26,0)
851:(37,2,6,37,13,13,0)
852:(40,2,7,8,41,42,1)
853:(39,2,14,15,34,35,1)
854:(39,2,11,12,37,38,1)
855:(40,2,9,11,38,39,1)
856:(39,2,7,8,41,42,1)
857:(39,2,8,8,40,42,2)
858:(39,2,17,16,32,34,2)
859:(39,2,14,14,36,36,0)
860:(40,2,2,3,46,47,1)
861:(37,2,11,9,41,41,0)
862:(37,2,13,21,29,29,0)
863:(37,2,6,36,14,14,0)
864:(37,2,6,45,5,5,0)
865:(37,2,5,43,7,7,0)
866:(37,2,9,39,11,11,0)
867:(37,2,12,29,21,21,0)
868:(37,2,7,33,17,17,0)
869:(37,2,11,22,28,28,0)
870:(37,2,11,30,20,20,0)
871:(37,2,6,44,6,6,0)
872:(39,2,13,13,35,37,2)
873:(39,2,15,15,33,35,2)
874:(40,2,14,16,33,34,1)
875:(37,2,7,4,45,46,1)
876:(40,2,5,5,44,45,1)
877:(39,2,3,3,45,47,2)
878:(40,2,3,3,46,47,1)
879:(39,2,8,39,10,11,1)
880:(37,2,6,37,12,13,1)
881:(39,2,12,12,36,38,2)
882:(40,2,15,16,33,34,1)
883:(39,2,15,17,32,33,1)
884:(39,2,5,5,43,45,2)
885:(40,2,11,13,36,37,1)
886:(40,2,0,1,48,49,1)
887:(39,2,4,4,44,46,2)
888:(40,2,12,13,36,37,1)
889:(40,2,8,9,40,41,1)
890:(39,2,4,41,8,9,1)
891:(38,2,7,8,40,42,2)
892:(38,2,9,10,38,40,2)
893:(39,2,9,9,39,41,2)
894:(39,2,11,13,36,37,1)
895:(39,2,13,14,34,36,2)
896:(39,2,6,39,10,11,1)
897:(39,2,15,16,32,34,2)
898:(39,2,18,16,33,34,1)
899:(39,2,16,16,32,34,2)
900:(37,2,17,16,32,34,2)
901:(37,2,15,16,32,34,2)
902:(39,2,14,16,32,34,2)
903:(37,2,18,16,32,34,2)
904:(40,2,13,16,34,34,0)
905:(37,2,14,16,34,34,0)
906:(39,2,16,16,34,34,0)
907:(37,2,15,16,33,34,1)
908:(39,2,3,4,44,46,2)
909:(39,2,8,9,39,41,2)
910:(39,2,10,10,40,40,0)
911:(38,2,5,40,10,10,0)
912:(38,2,7,31,19,19,0)
913:(37,2,17,14,35,36,1)
914:(39,2,6,7,42,43,1)
915:(39,2,16,17,32,33,1)
916:(39,2,12,25,24,25,1)
917:(37,2,8,7,41,43,2)
918:(36,2,8,7,41,43,2)
919:(36,2,7,7,41,43,2)
920:(37,2,7,8,41,42,1)
921:(37,2,4,5,44,45,1)
922:(37,2,5,4,44,46,2)
923:(36,2,6,5,44,45,1)
924:(36,2,10,9,39,41,2)
925:(36,2,9,9,39,41,2)
926:(40,2,5,6,44,44,0)
927:(36,2,5,5,44,45,1)
928:(38,2,10,22,27,28,1)
929:(40,2,10,13,37,37,0)
930:(36,2,3,2,48,48,0)
931:(36,2,1,2,48,48,0)
932:(39,2,1,1,47,49,2)
933:(39,2,0,0,48,50,2)
934:(39,2,1,2,47,48,1)
935:(39,2,7,43,7,7,0)
936:(39,2,12,14,34,36,2)
937:(40,2,12,14,35,36,1)
938:(39,2,6,41,8,9,1)
939:(39,2,5,41,8,9,1)
940:(39,2,4,40,9,10,1)
941:(40,2,4,41,9,9,0)
942:(39,2,9,8,42,42,0)
943:(39,2,8,8,42,42,0)
944:(40,2,10,12,38,38,0)
945:(40,2,9,10,39,40,1)
946:(35,2,11,10,40,40,0)
947:(38,2,6,31,18,19,1)
948:(40,2,6,31,19,19,0)
949:(38,2,4,41,8,9,1)
950:(37,2,4,3,45,47,2)
951:(38,2,10,23,27,27,0)
952:(39,2,13,13,37,37,0)
953:(40,2,7,7,42,43,1)
954:(40,2,6,9,41,41,0)
955:(41,2,5,45,5,5,0)
956:(39,2,8,34,15,16,1)
957:(41,2,5,39,11,11,0)
958:(40,2,5,38,12,12,0)
959:(41,2,5,32,18,18,0)
960:(41,2,5,7,43,43,0)
961:(41,2,5,8,42,42,0)
962:(41,2,6,8,42,42,0)
963:(39,2,4,6,43,44,1)
964:(39,2,6,43,6,7,1)
965:(39,2,5,43,6,7,1)
966:(40,2,2,1,48,49,1)
967:(40,2,1,1,48,49,1)
968:(38,2,7,42,7,8,1)
969:(39,2,14,13,35,37,2)
970:(40,2,0,0,49,50,1)
971:(40,2,7,46,3,4,1)
972:(39,2,8,48,2,2,0)
973:(41,2,8,48,2,2,0)
974:(39,2,9,48,2,2,0)
975:(41,2,8,50,0,0,0)
976:(40,2,8,49,1,1,0)
977:(37,2,8,42,8,8,0)
978:(38,2,9,42,8,8,0)
979:(37,2,9,41,9,9,0)
980:(39,2,7,41,9,9,0)
981:(39,2,11,14,36,36,0)
982:(39,2,7,44,6,6,0)
983:(38,2,1,3,47,47,0)
984:(40,2,1,2,48,48,0)
985:(38,2,3,5,45,45,0)
986:(39,2,5,37,13,13,0)
987:(36,2,9,10,40,40,0)
988:(35,2,9,8,42,42,0)
989:(39,2,13,16,34,34,0)
990:(39,2,7,31,19,19,0)
991:(39,2,3,5,45,45,0)
992:(38,2,4,5,43,45,2)
993:(37,2,11,13,37,37,0)
994:(40,2,10,11,38,39,1)
995:(39,2,14,15,33,35,2)
996:(40,2,7,9,40,41,1)
997:(39,2,5,40,9,10,1)
998:(40,2,16,18,32,32,0)
999:(39,2,18,17,32,33,1)
1000:(40,2,9,9,41,41,0)
1001:(39,2,7,40,10,10,0)
1002:(39,2,5,6,42,44,2)
1003:(39,2,1,3,47,47,0)
1004:(37,2,15,18,32,32,0)
1005:(40,2,11,12,37,38,1)
1006:(45,2,5,49,1,1,0)
1007:(39,2,11,23,26,27,1)
1008:(40,2,4,5,44,45,1)
1009:(40,2,6,6,43,44,1)
1010:(40,2,6,7,42,43,1)
1011:(40,2,14,15,34,35,1)
1012:(40,2,4,6,43,44,1)
1013:(40,2,8,10,38,40,2)
1014:(40,2,3,5,43,45,2)
1015:(39,2,7,9,39,41,2)
1016:(40,2,11,13,35,37,2)
1017:(40,2,12,13,35,37,2)
1018:(36,2,10,8,42,42,0)
1019:(39,2,4,44,6,6,0)
1020:(40,2,4,45,5,5,0)
1021:(39,2,3,4,45,46,1)
1022:(37,2,5,7,43,43,0)
1023:(37,2,8,30,20,20,0)
1024:(38,2,4,40,9,10,1)
1025:(38,2,5,37,12,13,1)
1026:(38,2,5,6,42,44,2)
1027:(40,2,9,32,18,18,0)
1028:(40,2,1,3,47,47,0)
1029:(39,2,7,42,8,8,0)
1030:(38,2,4,42,8,8,0)
1031:(40,2,5,43,7,7,0)
1032:(38,2,13,18,32,32,0)
1033:(38,2,10,25,25,25,0)
1034:(38,2,4,41,9,9,0)
1035:(38,2,5,44,6,6,0)
1036:(40,2,6,39,10,11,1)
1037:(41,2,11,14,36,36,0)
1038:(37,2,2,4,46,46,0)
1039:(40,2,10,11,39,39,0)
1040:(41,2,6,32,18,18,0)
1041:(48,2,3,50,0,0,0)
1042:(43,2,5,47,3,3,0)
1043:(40,2,3,4,45,46,1)
1044:(41,2,7,10,40,40,0)
1045:(44,2,4,48,2,2,0)
1046:(45,2,4,49,1,1,0)
1047:(41,2,4,45,5,5,0)
1048:(39,2,14,16,33,34,1)
1049:(40,2,14,14,35,36,1)
1050:(40,2,9,25,25,25,0)
1051:(40,2,4,43,7,7,0)
1052:(42,2,4,46,4,4,0)
1053:(40,2,11,20,30,30,0)
1054:(40,2,7,30,20,20,0)
1055:(40,2,13,18,32,32,0)
1056:(40,2,10,22,28,28,0)
1057:(39,2,10,25,25,25,0)
1058:(37,2,12,21,29,29,0)
1059:(38,2,12,19,31,31,0)
1060:(38,2,11,21,29,29,0)
1061:(40,2,1,0,49,50,1)
1062:(38,2,13,24,25,26,1)
1063:(37,2,13,24,25,26,1)
1064:(37,2,15,24,26,26,0)
1065:(36,2,18,16,32,34,2)
1066:(36,2,13,12,36,38,2)
1067:(36,2,7,6,43,44,1)
1068:(36,2,14,12,37,38,1)
1069:(36,2,18,15,34,35,1)
1070:(36,2,2,1,48,49,1)
1071:(36,2,7,37,12,13,1)
1072:(36,2,19,16,33,34,1)
1073:(36,2,20,17,32,33,1)
1074:(36,2,14,13,36,37,1)
1075:(36,2,19,17,32,33,1)
1076:(36,2,12,11,38,39,1)
1077:(36,2,12,9,40,41,1)
1078:(36,2,17,14,35,36,1)
1079:(36,2,13,11,38,39,1)
1080:(36,2,15,14,35,36,1)
1081:(36,2,17,15,34,35,1)
1082:(36,2,15,15,34,35,1)
1083:(36,2,10,9,40,41,1)
1084:(36,2,7,4,45,46,1)
1085:(36,2,8,7,42,43,1)
1086:(36,2,13,12,37,38,1)
1087:(36,2,14,11,38,39,1)
1088:(36,2,15,12,37,38,1)
1089:(36,2,16,14,35,36,1)
1090:(36,2,10,7,42,43,1)
1091:(36,2,8,6,43,44,1)
1092:(36,2,5,3,46,47,1)
1093:(36,2,15,13,36,37,1)
1094:(36,2,16,13,36,37,1)
1095:(36,2,5,4,45,46,1)
1096:(36,2,5,2,47,48,1)
1097:(36,2,7,5,44,45,1)
1098:(36,2,11,8,41,42,1)
1099:(36,2,8,4,45,46,1)
1100:(36,2,14,14,35,36,1)
1101:(36,2,11,10,39,40,1)
1102:(36,2,8,5,44,45,1)
1103:(36,2,13,10,39,40,1)
1104:(36,2,8,8,41,42,1)
1105:(36,2,10,8,41,42,1)
1106:(36,2,11,9,40,41,1)
1107:(36,2,18,16,33,34,1)
1108:(36,2,18,14,35,36,1)
1109:(36,2,16,15,34,35,1)
1110:(36,2,16,16,33,34,1)
1111:(36,2,17,16,33,34,1)
1112:(36,2,12,10,39,40,1)
1113:(36,2,9,8,41,42,1)
1114:(36,2,9,6,43,44,1)
1115:(36,2,9,7,42,43,1)
1116:(36,2,6,4,45,46,1)
1117:(36,2,3,1,48,49,1)
1118:(39,2,14,14,34,36,2)
1119:(42,2,10,14,36,36,0)
1120:(41,2,10,13,37,37,0)
1121:(41,2,11,14,35,36,1)
1122:(40,2,5,32,18,18,0)
1123:(42,2,7,50,0,0,0)
1124:(42,2,5,46,4,4,0)
1125:(42,2,6,10,40,40,0)
1126:(42,2,5,39,11,11,0)
1127:(42,2,4,7,43,43,0)
1128:(42,2,4,45,5,5,0)
1129:(42,2,5,8,42,42,0)
1130:(42,2,4,39,11,11,0)
1131:(42,2,4,47,3,3,0)
1132:(42,2,3,45,5,5,0)
1133:(42,2,4,8,42,42,0)
1134:(42,2,4,32,18,18,0)
1135:(39,2,8,10,38,40,2)
1136:(39,2,7,7,41,43,2)
1137:(39,2,7,8,40,42,2)
1138:(41,2,12,14,35,36,1)
1139:(41,2,13,14,35,36,1)
1140:(39,2,13,15,33,35,2)
1141:(40,2,2,3,45,47,2)
1142:(40,2,7,9,39,41,2)
1143:(41,2,11,13,35,37,2)
1144:(41,2,10,13,35,37,2)
1145:(41,2,2,5,43,45,2)
1146:(41,2,7,10,38,40,2)
1147:(38,2,2,3,45,47,2)
1148:(40,2,9,10,38,40,2)
1149:(40,2,3,4,44,46,2)
1150:(40,2,14,16,32,34,2)
1151:(40,2,11,12,36,38,2)
1152:(40,2,0,1,47,49,2)
1153:(40,2,16,17,31,33,2)
1154:(40,2,10,12,36,38,2)
1155:(40,2,10,13,35,37,2)
1156:(40,2,16,16,32,34,2)
1157:(40,2,14,15,33,35,2)
1158:(40,2,13,15,33,35,2)
1159:(40,2,4,6,42,44,2)
1160:(40,2,4,5,43,45,2)
1161:(40,2,7,8,40,42,2)
1162:(40,2,9,12,36,38,2)
1163:(40,2,2,4,44,46,2)
1164:(40,2,6,9,39,41,2)
1165:(40,2,9,11,37,39,2)
1166:(40,2,15,16,32,34,2)
1167:(40,2,13,13,35,37,2)
1168:(40,2,12,14,34,36,2)
1169:(40,2,11,14,34,36,2)
1170:(40,2,8,9,39,41,2)
1171:(40,2,13,16,32,34,2)
1172:(39,2,4,6,42,44,2)
1173:(39,2,2,3,45,47,2)
1174:(39,2,6,7,41,43,2)
1175:(39,2,3,5,43,45,2)
1176:(39,2,16,17,31,33,2)
1177:(39,2,7,47,3,3,0)
1178:(39,2,7,37,13,13,0)
1179:(37,2,7,45,5,5,0)
1180:(37,2,7,9,41,41,0)
1181:(39,2,2,2,46,48,2)
1182:(37,2,6,5,43,45,2)
1183:(38,2,5,5,42,45,3)
1184:(37,2,5,6,43,44,1)
1185:(39,2,12,14,35,36,1)
1186:(37,2,19,18,31,32,1)
1187:(37,2,10,11,38,39,1)
1188:(40,2,3,5,45,45,0)
1189:(41,2,3,4,45,46,1)
1190:(41,2,3,5,43,45,2)
1191:(40,2,3,5,44,45,1)
1192:(38,2,5,37,13,13,0)
1193:(38,2,11,14,36,36,0)
1194:(36,2,7,6,42,44,2)
1195:(35,2,8,7,43,43,0)
1196:(37,2,6,3,46,47,1)
1197:(36,2,9,8,40,42,2)
1198:(37,2,16,13,36,37,1)
1199:(37,2,16,15,33,35,2)
1200:(36,2,4,4,45,46,1)
1201:(40,2,6,8,41,42,1)
1202:(37,2,12,13,36,37,1)
1203:(39,2,10,24,25,26,1)
1204:(37,2,3,2,46,48,2)
1205:(39,2,6,42,7,8,1)
1206:(40,2,5,46,4,4,0)
1207:(40,2,1,2,47,48,1)
1208:(40,2,0,2,47,48,1)
1209:(39,2,0,1,47,49,2)
1210:(38,2,0,1,47,49,2)
1211:(39,2,0,3,47,47,0)
1212:(36,2,0,1,49,49,0)
1213:(41,2,0,3,47,47,0)
1214:(41,2,0,2,48,48,0)
1215:(40,2,0,3,47,47,0)
1216:(51,2,0,50,0,0,0)
1217:(41,2,0,1,49,49,0)
1218:(49,2,0,50,0,0,0)
1219:(36,2,0,2,48,48,0)
1220:(38,2,7,4,45,46,1)
1221:(37,2,7,5,45,45,0)
1222:(37,2,17,15,35,35,0)
1223:(37,2,3,4,45,46,1)
1224:(40,2,14,15,35,35,0)
1225:(37,2,6,41,8,9,1)
1226:(39,2,6,41,9,9,0)
1227:(39,2,11,11,37,39,2)
1228:(37,2,16,17,32,33,1)
1229:(40,2,13,13,36,37,1)
1230:(37,2,7,6,42,44,2)
1231:(39,2,16,15,33,35,2)
1232:(39,2,13,12,36,38,2)
1233:(40,2,8,10,39,40,1)
1234:(40,2,9,23,26,27,1)
1235:(41,2,11,13,36,37,1)
1236:(37,2,6,7,42,43,1)
1237:(40,2,16,16,33,34,1)
1238:(40,2,5,6,43,44,1)
1239:(40,2,10,12,37,38,1)
1240:(40,2,5,38,11,12,1)
1241:(40,2,6,45,4,5,1)
1242:(41,2,6,9,41,41,0)
1243:(39,2,7,38,11,12,1)
1244:(40,2,13,15,34,35,1)
1245:(37,2,17,15,33,35,2)
1246:(41,2,7,9,40,41,1)
1247:(40,2,5,8,42,42,0)
1248:(38,2,14,16,33,34,1)
1249:(40,2,11,26,24,24,0)
1250:(37,2,18,16,34,34,0)
1251:(37,2,11,32,18,18,0)
1252:(37,2,3,1,49,49,0)
1253:(37,2,4,2,48,48,0)
1254:(37,2,16,20,30,30,0)
1255:(37,2,13,11,39,39,0)
1256:(37,2,13,25,25,25,0)
1257:(37,2,7,4,46,46,0)
1258:(37,2,15,13,37,37,0)
1259:(36,2,8,8,40,42,2)
1260:(39,2,6,6,42,44,2)
1261:(40,2,11,25,24,25,1)
1262:(39,2,8,41,9,9,0)
1263:(40,2,2,2,47,48,1)
1264:(38,2,3,1,47,49,2)
1265:(38,2,2,0,48,50,2)
1266:(38,2,3,4,44,46,2)
1267:(39,2,13,15,34,35,1)
1268:(40,2,4,40,9,10,1)
1269:(40,2,10,23,26,27,1)
1270:(40,2,4,42,7,8,1)
1271:(41,2,6,46,3,4,1)
1272:(40,2,11,23,26,27,1)
1273:(39,2,12,23,26,27,1)
1274:(37,2,13,23,26,27,1)
1275:(37,2,12,23,26,27,1)
1276:(37,2,11,23,26,27,1)
1277:(37,2,10,23,26,27,1)
1278:(39,2,9,23,26,27,1)
1279:(36,2,20,17,31,33,2)
1280:(35,2,20,18,32,32,0)
1281:(36,2,0,1,48,49,1)
1282:(39,2,2,3,46,47,1)
1283:(40,2,7,8,42,42,0)
1284:(40,2,8,8,41,42,1)
1285:(40,2,2,4,46,46,0)
1286:(40,2,6,43,7,7,0)
1287:(41,2,1,1,48,49,1)
1288:(41,2,0,0,49,50,1)
1289:(41,2,12,15,35,35,0)
1290:(38,2,5,45,5,5,0)
1291:(41,2,3,45,5,5,0)
1292:(37,2,9,11,39,39,0)
1293:(39,2,8,10,39,40,1)
1294:(40,2,8,11,38,39,1)
1295:(36,2,16,16,32,34,2)
1296:(40,2,8,32,18,18,0)
1297:(40,2,12,12,37,38,1)
1298:(39,2,12,11,37,39,2)
1299:(40,2,12,13,37,37,0)
1300:(39,2,12,12,38,38,0)
1301:(40,2,14,13,36,37,1)
1302:(40,2,10,13,36,37,1)
1303:(38,2,11,13,36,37,1)
1304:(39,2,10,13,36,37,1)
1305:(41,2,10,13,36,37,1)
1306:(38,2,6,39,10,11,1)
1307:(40,2,13,14,34,36,2)
1308:(40,2,3,6,43,44,1)
1309:(39,2,3,5,44,45,1)
1310:(41,2,3,6,43,44,1)
1311:(41,2,3,3,46,47,1)
1312:(39,2,7,5,44,45,1)
1313:(39,2,8,6,43,44,1)
1314:(37,2,9,6,43,44,1)
1315:(38,2,9,39,10,11,1)
1316:(37,2,14,11,38,39,1)
1317:(41,2,5,6,43,44,1)
1318:(41,2,6,7,42,43,1)
1319:(41,2,5,7,42,43,1)
1320:(37,2,18,17,31,33,2)
1321:(37,2,11,10,38,40,2)
1322:(36,2,1,0,49,50,1)
1323:(36,2,2,0,49,50,1)
1324:(37,2,2,0,50,50,0)
1325:(41,2,8,10,38,40,2)
1326:(41,2,8,10,40,40,0)
1327:(41,2,4,6,43,44,1)
1328:(41,2,6,6,43,44,1)
1329:(41,2,13,15,35,35,0)
1330:(39,2,6,4,45,46,1)
1331:(35,2,10,10,40,40,0)
1332:(35,2,11,11,39,39,0)
1333:(42,2,11,14,35,36,1)
1334:(39,2,1,3,46,47,1)
1335:(41,2,1,3,45,47,2)
1336:(46,2,3,50,0,0,0)
1337:(41,2,10,12,36,38,2)
1338:(40,2,15,15,33,35,2)
1339:(36,2,17,15,33,35,2)
1340:(41,2,10,12,37,38,1)
1341:(40,2,12,12,36,38,2)
1342:(40,2,10,11,37,39,2)
1343:(36,2,19,16,32,34,2)
1344:(40,2,5,44,5,6,1)
1345:(41,2,5,45,4,5,1)
1346:(39,2,15,14,34,36,2)
1347:(39,2,11,10,38,40,2)
1348:(38,2,5,39,10,11,1)
1349:(37,2,11,22,27,28,1)
1350:(37,2,12,22,27,28,1)
1351:(40,2,6,7,41,43,2)
1352:(39,2,11,25,24,25,1)
1353:(41,2,9,12,37,38,1)
1354:(41,2,6,8,41,42,1)
1355:(37,2,2,1,47,49,2)
1356:(37,2,9,10,39,40,1)
1357:(37,2,15,14,34,36,2)
1358:(37,2,16,14,34,36,2)
1359:(37,2,13,10,39,40,1)
1360:(37,2,15,12,37,38,1)
1361:(37,2,11,12,37,38,1)
1362:(38,2,13,18,31,32,1)
1363:(36,2,7,7,42,43,1)
1364:(41,2,2,5,44,45,1)
1365:(40,2,11,14,35,36,1)
1366:(41,2,7,10,39,40,1)
1367:(40,2,9,12,37,38,1)
1368:(39,2,4,42,7,8,1)
1369:(38,2,14,16,32,34,2)
1370:(40,2,4,42,8,8,0)
1371:(39,2,16,18,31,32,1)
1372:(36,2,20,18,31,32,1)
1373:(36,2,12,10,40,40,0)
1374:(36,2,16,14,36,36,0)
1375:(39,2,18,17,33,33,0)
1376:(36,2,18,16,34,34,0)
1377:(36,2,20,18,32,32,0)
1378:(36,2,18,15,35,35,0)
1379:(36,2,19,17,33,33,0)
1380:(38,2,15,17,32,33,1)
1381:(40,2,15,17,32,33,1)
1382:(36,2,15,17,33,33,0)
1383:(37,2,15,17,32,33,1)
1384:(40,2,14,17,32,33,1)
1385:(40,2,15,15,34,35,1)
1386:(40,2,15,14,35,36,1)
1387:(38,2,18,18,31,32,1)
1388:(38,2,8,38,11,12,1)
1389:(38,2,5,36,13,14,1)
1390:(37,2,2,3,46,47,1)
1391:(38,2,4,4,43,46,3)
1392:(36,2,13,13,36,37,1)
1393:(40,2,5,7,42,43,1)
1394:(40,2,6,6,42,44,2)
1395:(37,2,5,40,9,10,1)
1396:(39,2,6,37,12,13,1)
1397:(38,2,15,19,30,31,1)
1398:(38,2,16,18,31,32,1)
1399:(35,2,10,8,41,42,1)
1400:(35,2,8,6,43,44,1)
1401:(39,2,4,5,42,45,3)
1402:(38,2,3,5,44,45,1)
1403:(38,2,13,15,34,35,1)
1404:(38,2,12,14,35,36,1)
1405:(38,2,9,23,26,27,1)
1406:(38,2,4,6,43,44,1)
1407:(37,2,9,7,43,43,0)
1408:(39,2,5,7,42,43,1)
1409:(37,2,1,2,47,48,1)
1410:(41,2,1,2,48,48,0)
1411:(40,2,6,40,10,10,0)
1412:(37,2,3,5,45,45,0)
1413:(39,2,2,4,46,46,0)
1414:(37,2,18,18,31,32,1)
1415:(36,2,4,2,47,48,1)
1416:(40,2,5,6,42,44,2)
1417:(39,2,11,22,27,28,1)
1418:(37,2,3,2,45,48,3)
1419:(39,2,2,2,45,48,3)
1420:(39,2,3,2,46,48,2)
1421:(40,2,2,2,46,48,2)
1422:(38,2,2,2,45,48,3)
1423:(39,2,14,15,32,35,3)
1424:(39,2,9,11,38,39,1)
1425:(41,2,4,5,44,45,1)
1426:(40,2,15,18,32,32,0)
1427:(40,2,12,15,33,35,2)
1428:(40,2,15,17,31,33,2)
1429:(40,2,2,3,47,47,0)
1430:(40,2,15,16,34,34,0)
1431:(40,2,13,21,29,29,0)
1432:(41,2,12,15,34,35,1)
1433:(41,2,13,15,34,35,1)
1434:(41,2,8,10,39,40,1)
1435:(40,2,1,2,46,48,2)
1436:(38,2,1,2,46,48,2)
1437:(41,2,0,2,47,48,1)
1438:(41,2,12,13,35,37,2)
1439:(40,2,16,17,32,33,1)
1440:(42,2,6,9,40,41,1)
1441:(41,2,0,1,48,49,1)
1442:(42,2,10,13,36,37,1)
1443:(35,2,8,7,41,43,2)
1444:(35,2,8,6,42,44,2)
1445:(36,2,6,3,46,47,1)
1446:(36,2,19,17,31,33,2)
1447:(39,2,7,6,42,44,2)
1448:(37,2,1,0,48,50,2)
1449:(38,2,4,7,43,43,0)
1450:(38,2,1,3,46,47,1)
1451:(38,2,6,8,41,42,1)
1452:(38,2,8,10,39,40,1)
1453:(38,2,9,11,38,39,1)
1454:(38,2,14,17,32,33,1)
1455:(38,2,2,4,45,46,1)
1456:(38,2,5,7,42,43,1)
1457:(38,2,10,12,37,38,1)
1458:(35,2,8,6,41,44,3)
1459:(41,2,4,46,4,4,0)
1460:(39,2,1,2,46,48,2)
1461:(38,2,4,2,46,48,2)
1462:(36,2,3,2,47,48,1)
1463:(36,2,1,1,47,49,2)
1464:(39,2,5,37,12,13,1)
1465:(41,2,1,3,46,47,1)
1466:(41,2,3,6,42,44,2)
1467:(39,2,2,4,45,46,1)
1468:(40,2,2,5,43,45,2)
1469:(37,2,6,4,46,46,0)
1470:(36,2,6,4,46,46,0)
1471:(36,2,8,6,44,44,0)
1472:(36,2,0,0,48,50,2)
1473:(37,2,12,10,38,40,2)
1474:(38,2,12,10,38,40,2)
1475:(41,2,7,9,39,41,2)
1476:(39,2,10,9,39,41,2)
1477:(36,2,11,11,38,39,1)
1478:(36,2,10,11,38,39,1)
1479:(38,2,0,2,47,48,1)
1480:(36,2,19,18,31,32,1)
1481:(37,2,1,3,47,47,0)
1482:(37,2,10,12,38,38,0)
1483:(40,2,4,7,42,43,1)
1484:(39,2,17,18,31,32,1)
1485:(41,2,8,11,38,39,1)
1486:(38,2,7,9,40,41,1)
1487:(38,2,17,18,31,32,1)
1488:(40,2,12,15,34,35,1)
1489:(40,2,16,18,31,32,1)
1490:(40,2,3,5,42,45,3)
1491:(40,2,10,10,38,40,2)
1492:(39,2,1,1,46,49,3)
1493:(39,2,0,0,47,50,3)
1494:(39,2,3,4,43,46,3)
1495:(40,2,10,22,27,28,1)
1496:(40,2,8,24,26,26,0)
1497:(40,2,4,37,12,13,1)
1498:(39,2,4,39,10,11,1)
1499:(39,2,5,38,11,12,1)
1500:(39,2,0,2,47,48,1)
1501:(39,2,3,40,9,10,1)
1502:(39,2,7,33,16,17,1)
1503:(39,2,6,8,41,42,1)
1504:(39,2,6,32,17,18,1)
1505:(41,2,9,24,25,26,1)
1506:(40,2,6,44,6,6,0)
1507:(41,2,2,4,44,46,2)
1508:(41,2,4,6,42,44,2)
1509:(42,2,5,9,41,41,0)
1510:(37,2,4,6,44,44,0)
1511:(38,2,3,3,44,47,3)
1512:(39,2,9,11,37,39,2)
1513:(37,2,14,12,38,38,0)
1514:(39,2,14,17,32,33,1)
1515:(40,2,15,16,31,34,3)
1516:(39,2,15,15,32,35,3)
1517:(40,2,4,43,6,7,1)
1518:(41,2,4,44,5,6,1)
1519:(36,2,6,6,43,44,1)
1520:(41,2,4,7,43,43,0)
1521:(35,2,9,7,42,43,1)
1522:(39,2,8,7,43,43,0)
1523:(36,2,9,7,43,43,0)
1524:(41,2,5,7,41,43,2)
1525:(39,2,3,3,44,47,3)
1526:(39,2,15,16,31,34,3)
1527:(40,2,12,24,25,26,1)
1528:(41,2,1,1,47,49,2)
1529:(41,2,0,0,48,50,2)
1530:(42,2,1,1,48,49,1)
1531:(42,2,0,0,49,50,1)
1532:(40,2,1,1,47,49,2)
1533:(40,2,0,0,48,50,2)
1534:(38,2,1,1,46,49,3)
1535:(38,2,0,0,47,50,3)
1536:(37,2,2,1,46,49,3)
1537:(37,2,1,0,47,50,3)
1538:(38,2,2,1,46,49,3)
1539:(38,2,1,0,47,50,3)
1540:(36,2,1,1,46,49,3)
1541:(36,2,0,0,47,50,3)
1542:(40,2,2,1,47,49,2)
1543:(40,2,1,0,48,50,2)
1544:(38,2,3,1,46,49,3)
1545:(38,2,2,0,47,50,3)
1546:(39,2,2,1,47,49,2)
1547:(39,2,1,0,48,50,2)
1548:(35,2,1,1,48,49,1)
1549:(35,2,0,0,49,50,1)
1550:(35,2,2,1,48,49,1)
1551:(35,2,1,0,49,50,1)
1552:(37,2,3,1,47,49,2)
1553:(37,2,2,0,48,50,2)
1554:(36,2,3,1,47,49,2)
1555:(36,2,2,0,48,50,2)
1556:(36,2,2,1,47,49,2)
1557:(36,2,1,0,48,50,2)
1558:(37,2,1,1,46,49,3)
1559:(37,2,0,0,47,50,3)
1560:(38,2,3,1,49,49,0)
1561:(38,2,2,0,50,50,0)
1562:(39,2,2,1,49,49,0)
1563:(39,2,1,0,50,50,0)
1564:(34,2,1,1,49,49,0)
1565:(34,2,0,0,50,50,0)
1566:(36,2,3,1,49,49,0)
1567:(36,2,2,0,50,50,0)
1568:(34,2,2,1,49,49,0)
1569:(34,2,1,0,50,50,0)
1570:(40,2,1,1,49,49,0)
1571:(40,2,0,0,50,50,0)
1572:(42,2,0,1,49,49,0)
1573:(35,2,0,1,49,49,0)
1574:(41,2,12,15,33,35,2)
1575:(42,2,2,6,42,44,2)
1576:(41,2,13,15,33,35,2)
1577:(38,2,3,2,45,48,3)
1578:(41,2,1,4,44,46,2)
1579:(38,2,11,30,19,20,1)
1580:(41,2,14,16,34,34,0)
1581:(41,2,7,47,2,3,1)
1582:(39,2,5,6,41,44,3)
1583:(39,2,18,18,32,32,0)
1584:(39,2,13,26,24,24,0)
1585:(39,2,16,19,31,31,0)
1586:(39,2,15,20,30,30,0)
1587:(39,2,10,33,17,17,0)
1588:(39,2,11,30,20,20,0)
1589:(39,2,12,15,35,35,0)
1590:(39,2,17,19,31,31,0)
1591:(39,2,15,22,28,28,0)
1592:(39,2,19,18,32,32,0)
1593:(39,2,16,20,30,30,0)
1594:(39,2,13,25,25,25,0)
1595:(39,2,14,22,28,28,0)
1596:(39,2,12,27,23,23,0)
1597:(39,2,12,28,22,22,0)
1598:(39,2,9,37,13,13,0)
1599:(39,2,8,45,5,5,0)
1600:(39,2,9,41,9,9,0)
1601:(39,2,10,30,20,20,0)
1602:(39,2,8,42,8,8,0)
1603:(37,2,6,5,42,45,3)
1604:(36,2,3,2,46,48,2)
1605:(35,2,8,7,42,43,1)
1606:(39,2,9,12,37,38,1)
1607:(36,2,17,14,34,36,2)
1608:(38,2,16,14,34,36,2)
1609:(36,2,16,14,34,36,2)
1610:(36,2,15,14,34,36,2)
1611:(36,2,6,41,9,9,0)
1612:(36,2,18,15,33,35,2)
1613:(38,2,17,15,33,35,2)
1614:(38,2,19,17,31,33,2)
1615:(38,2,18,16,32,34,2)
1616:(38,2,10,12,36,38,2)
1617:(38,2,8,10,38,40,2)
1618:(38,2,3,5,43,45,2)
1619:(38,2,7,9,39,41,2)
1620:(40,2,3,6,44,44,0)
1621:(40,2,2,4,45,46,1)
1622:(37,2,4,41,9,9,0)
1623:(37,2,5,44,6,6,0)
1624:(37,2,5,45,5,5,0)
1625:(39,2,4,42,8,8,0)
1626:(40,2,7,48,2,2,0)
1627:(37,2,10,25,25,25,0)
1628:(37,2,7,40,10,10,0)
1629:(37,2,11,29,21,21,0)
1630:(37,2,8,41,9,9,0)
1631:(41,2,14,15,33,35,2)
1632:(41,2,13,16,32,34,2)
1633:(41,2,10,14,36,36,0)
1634:(41,2,1,2,47,48,1)
1635:(41,2,15,17,31,33,2)
1636:(41,2,15,17,32,33,1)
1637:(41,2,15,17,33,33,0)
1638:(41,2,2,4,46,46,0)
1639:(41,2,14,16,33,34,1)
1640:(41,2,14,14,35,36,1)
1641:(41,2,14,15,34,35,1)
1642:(41,2,15,16,33,34,1)
1643:(41,2,15,16,32,34,2)
1644:(41,2,15,18,32,32,0)
1645:(41,2,9,12,36,38,2)
1646:(39,2,13,16,32,34,2)
1647:(36,2,4,1,48,49,1)
1648:(36,2,3,0,49,50,1)
1649:(41,2,2,2,47,48,1)
1650:(40,2,13,14,36,36,0)
1651:(40,2,3,2,46,48,2)
1652:(40,2,5,43,6,7,1)
1653:(36,2,2,2,47,48,1)
1654:(50,2,1,50,0,0,0)
1655:(40,2,4,3,46,47,1)
1656:(42,2,12,15,34,35,1)
1657:(40,2,1,3,46,47,1)
1658:(36,2,1,2,47,48,1)
1659:(37,2,8,5,44,45,1)
1660:(37,2,18,15,34,35,1)
1661:(37,2,20,18,31,32,1)
1662:(37,2,8,9,40,41,1)
1663:(37,2,7,42,7,8,1)
1664:(37,2,12,24,25,26,1)
1665:(37,2,10,7,42,43,1)
1666:(37,2,16,18,31,32,1)
1667:(37,2,11,29,20,21,1)
1668:(37,2,10,28,21,22,1)
1669:(37,2,10,29,21,21,0)
1670:(42,2,5,8,41,42,1)
1671:(37,2,6,40,9,10,1)
1672:(36,2,8,6,42,44,2)
1673:(48,2,1,50,0,0,0)
1674:(36,2,16,20,30,30,0)
1675:(36,2,15,13,37,37,0)
1676:(35,2,12,12,38,38,0)
1677:(36,2,10,10,38,40,2)
1678:(36,2,17,15,35,35,0)
1679:(38,2,17,15,35,35,0)
1680:(40,2,15,15,35,35,0)
1681:(38,2,7,37,12,13,1)
1682:(39,2,9,23,27,27,0)
1683:(37,2,10,8,42,42,0)
1684:(37,2,16,14,36,36,0)
1685:(35,2,9,9,41,41,0)
1686:(37,2,5,3,47,47,0)
1687:(36,2,7,5,45,45,0)
1688:(37,2,12,10,40,40,0)
1689:(43,2,2,45,5,5,0)
1690:(43,2,3,45,5,5,0)
1691:(42,2,2,45,5,5,0)
1692:(39,2,1,4,46,46,0)
1693:(37,2,14,17,33,33,0)
1694:(40,2,8,8,42,42,0)
1695:(38,2,5,3,47,47,0)
1696:(41,2,3,5,44,45,1)
1697:(40,2,9,10,40,40,0)
1698:(41,2,7,9,41,41,0)
1699:(36,2,5,3,47,47,0)
1700:(36,2,6,5,43,45,2)
1701:(36,2,17,14,36,36,0)
1702:(40,2,13,16,33,34,1)
1703:(36,2,9,9,40,41,1)
1704:(42,2,2,5,43,45,2)
1705:(37,2,6,7,41,43,2)
1706:(41,2,5,8,41,42,1)
1707:(40,2,10,25,24,25,1)
1708:(40,2,9,9,40,41,1)
1709:(39,2,7,9,40,41,1)
1710:(41,2,11,12,36,38,2)
1711:(37,2,11,12,36,38,2)
1712:(36,2,12,13,36,37,1)
1713:(40,2,5,7,41,43,2)
1714:(39,2,14,19,30,31,1)
1715:(41,2,3,4,44,46,2)
1716:(36,2,8,6,41,44,3)
1717:(41,2,0,1,47,49,2)
1718:(37,2,0,1,47,49,2)
1719:(42,2,0,1,48,49,1)
1720:(37,2,0,2,47,48,1)
1721:(35,2,11,9,39,41,2)
1722:(35,2,10,9,39,41,2)
1723:(35,2,14,10,39,40,1)
1724:(35,2,19,17,33,33,0)
1725:(37,2,10,23,27,27,0)
1726:(37,2,19,17,33,33,0)
1727:(37,2,8,6,44,44,0)
1728:(36,2,6,6,42,44,2)
1729:(41,2,2,3,45,47,2)
1730:(42,2,1,3,45,47,2)
1731:(40,2,16,15,33,35,2)
1732:(41,2,15,15,33,35,2)
1733:(36,2,18,17,31,33,2)
1734:(37,2,14,16,32,34,2)
1735:(37,2,13,14,34,36,2)
1736:(39,2,10,13,35,37,2)
1737:(39,2,18,17,31,33,2)
1738:(39,2,4,2,46,48,2)
1739:(37,2,4,2,46,48,2)
1740:(39,2,12,15,33,35,2)
1741:(39,2,15,17,31,33,2)
1742:(39,2,11,14,34,36,2)
1743:(41,2,11,14,34,36,2)
1744:(39,2,2,4,44,46,2)
1745:(39,2,4,3,45,47,2)
1746:(39,2,8,7,41,43,2)
1747:(39,2,11,10,40,40,0)
1748:(39,2,17,16,31,34,3)
1749:(40,2,17,17,31,33,2)
1750:(36,2,4,3,46,47,1)
1751:(38,2,5,38,12,12,0)
1752:(38,2,10,34,15,16,1)
1753:(38,2,11,10,37,40,3)
1754:(41,2,12,13,36,37,1)
1755:(38,2,6,31,19,19,0)
1756:(37,2,5,40,10,10,0)
1757:(40,2,9,23,27,27,0)
1758:(39,2,17,16,34,34,0)
1759:(39,2,5,40,10,10,0)
1760:(39,2,10,23,27,27,0)
1761:(38,2,4,40,10,10,0)
1762:(40,2,16,16,34,34,0)
1763:(36,2,14,12,36,38,2)
1764:(35,2,14,13,36,37,1)
1765:(35,2,7,6,44,44,0)
1766:(39,2,4,43,7,7,0)
1767:(40,2,11,25,25,25,0)
1768:(38,2,10,22,28,28,0)
1769:(40,2,13,25,25,25,0)
1770:(40,2,8,9,41,41,0)
1771:(39,2,8,11,38,39,1)
1772:(38,2,9,11,37,39,2)
1773:(37,2,14,15,33,35,2)
1774:(40,2,8,47,2,3,1)
1775:(42,2,8,24,25,26,1)
1776:(39,2,15,18,31,32,1)
1777:(39,2,19,17,32,33,1)
1778:(35,2,18,17,33,33,0)
1779:(34,2,19,17,33,33,0)
1780:(36,2,14,17,33,33,0)
1781:(41,2,14,17,33,33,0)
1782:(40,2,9,10,37,40,3)
1783:(35,2,11,10,39,40,1)
1784:(38,2,19,18,31,32,1)
1785:(38,2,7,10,39,40,1)
1786:(38,2,3,6,43,44,1)
1787:(38,2,8,11,38,39,1)
1788:(38,2,10,13,36,37,1)
1789:(39,2,6,5,43,45,2)
1790:(35,2,19,16,33,34,1)
1791:(38,2,6,6,41,44,3)
1792:(36,2,3,1,46,49,3)
1793:(37,2,5,4,43,46,3)
1794:(36,2,6,5,42,45,3)
1795:(36,2,7,5,42,45,3)
1796:(37,2,3,1,46,49,3)
1797:(37,2,4,1,46,49,3)
1798:(37,2,11,10,37,40,3)
1799:(39,2,3,1,47,49,2)
1800:(35,2,9,8,41,42,1)
1801:(34,2,10,9,41,41,0)
1802:(35,2,11,8,41,42,1)
1803:(40,2,3,3,45,47,2)
1804:(41,2,3,3,45,47,2)
1805:(39,2,5,3,45,47,2)
1806:(39,2,17,15,33,35,2)
1807:(39,2,15,13,35,37,2)
1808:(39,2,12,10,38,40,2)
1809:(39,2,16,14,34,36,2)
1810:(35,2,13,9,40,41,1)
1811:(36,2,17,13,36,37,1)
1812:(37,2,5,2,47,48,1)
1813:(40,2,5,39,10,11,1)
1814:(42,2,5,46,3,4,1)
1815:(43,2,5,9,40,41,1)
1816:(41,2,5,39,10,11,1)
1817:(42,2,5,7,42,43,1)
1818:(42,2,5,45,4,5,1)
1819:(41,2,5,38,11,12,1)
1820:(40,2,5,4,45,46,1)
1821:(40,2,5,32,17,18,1)
1822:(40,2,5,37,12,13,1)
1823:(40,2,5,42,7,8,1)
1824:(40,2,5,8,41,42,1)
1825:(40,2,5,41,8,9,1)
1826:(40,2,5,45,4,5,1)
1827:(35,2,5,1,48,49,1)
1828:(37,2,5,41,8,9,1)
1829:(37,2,5,39,10,11,1)
1830:(37,2,5,36,13,14,1)
1831:(37,2,5,7,42,43,1)
1832:(37,2,5,37,12,13,1)
1833:(37,2,5,42,7,8,1)
1834:(37,2,5,44,5,6,1)
1835:(37,2,5,43,6,7,1)
1836:(38,2,10,9,38,41,3)
1837:(40,2,2,4,43,46,3)
1838:(38,2,9,7,43,43,0)
1839:(38,2,9,23,27,27,0)
1840:(42,2,9,13,37,37,0)
1841:(38,2,9,25,25,25,0)
1842:(41,2,9,25,25,25,0)
1843:(38,2,9,45,5,5,0)
1844:(34,2,9,7,43,43,0)
1845:(38,2,9,12,38,38,0)
1846:(38,2,9,24,26,26,0)
1847:(-1,-1,-1,-1,-1,-1,-1)