(codY,flache,SigD_hag,hag,CodY_flache,CodY_hag,CodY,SigD,Hag)
0:(1,1,1,1,1,1,10,10,10)
1:(1,1,1,1,1,1,11,10,10)
2:(1,1,1,1,1,1,12,10,10)
3:(1,2,1,1,0,1,13,10,10)
4:(1,2,1,1,0,1,14,10,10)
5:(1,2,1,1,0,1,15,10,10)
6:(1,2,1,2,0,0,16,10,10)
7:(1,2,1,2,0,0,17,10,10)
8:(1,2,1,2,0,0,18,10,10)
9:(1,2,2,1,0,0,18,9,10)
10:(1,2,2,1,0,0,19,9,10)
11:(1,1,1,1,1,1,13,10,10)
12:(1,2,1,1,0,1,11,10,10)
13:(1,2,1,1,0,1,12,10,10)
14:(1,2,2,0,0,1,12,9,10)
15:(1,2,2,1,0,0,13,9,10)
16:(1,2,2,1,0,0,14,9,10)
17:(1,2,2,1,0,0,15,9,10)
18:(1,2,2,1,0,0,16,9,10)
19:(1,2,2,1,0,0,17,9,10)
20:(1,2,1,2,0,0,19,10,10)
21:(1,2,1,2,0,0,15,10,10)
22:(1,2,1,2,0,0,14,10,10)
23:(1,2,1,2,0,0,13,10,10)
24:(1,1,1,1,1,1,14,10,10)
25:(1,2,1,1,0,1,16,10,10)
26:(1,2,2,1,0,0,18,8,10)
27:(1,2,2,1,0,0,19,8,10)
28:(1,2,1,1,0,1,15,9,10)
29:(1,2,1,1,0,1,12,9,10)
30:(1,2,1,1,0,1,12,11,10)
31:(1,2,1,1,0,1,15,11,10)
32:(1,2,1,1,0,1,14,11,10)
33:(1,2,1,1,0,1,11,11,10)
34:(1,2,1,1,0,1,13,11,10)
35:(1,2,1,1,0,1,13,9,10)
36:(1,2,1,1,0,1,11,9,10)
37:(1,2,1,1,0,1,14,9,10)
38:(1,2,2,1,0,0,14,10,10)
39:(1,2,1,2,0,0,16,11,10)
40:(1,2,1,2,0,0,16,9,10)
41:(1,2,1,2,0,0,18,11,10)
42:(1,2,1,2,0,0,19,11,10)
43:(1,2,2,0,0,1,13,9,10)
44:(1,1,2,0,1,1,11,9,10)
45:(1,1,1,1,1,1,12,9,10)
46:(1,1,1,1,1,1,12,11,10)
47:(1,1,1,1,1,1,11,9,10)
48:(1,1,1,1,1,1,11,11,10)
49:(1,1,1,1,1,1,10,9,10)
50:(1,1,1,1,1,1,10,11,10)
51:(1,1,1,1,1,1,13,11,10)
52:(1,1,1,1,1,1,13,9,10)
53:(1,2,2,0,0,1,12,10,10)
54:(1,2,2,0,0,1,15,9,10)
55:(1,2,2,0,0,1,14,9,10)
56:(1,2,2,0,0,1,11,9,10)
57:(1,2,2,0,0,1,12,8,10)
58:(1,2,1,2,0,0,18,10,9)
59:(1,2,1,2,0,0,19,10,9)
60:(1,2,2,1,0,0,18,9,9)
61:(1,2,2,1,0,0,19,9,9)
62:(1,2,1,2,0,0,18,9,10)
63:(1,2,1,2,0,0,17,11,10)
64:(1,2,1,2,0,0,17,9,10)
65:(1,2,3,0,0,0,18,8,10)
66:(1,2,3,0,0,0,19,8,10)
67:(1,2,2,1,0,0,18,10,10)
68:(1,2,2,1,0,0,19,10,10)
69:(1,2,2,1,0,0,14,8,10)
70:(1,2,2,1,0,0,17,10,10)
71:(1,2,2,1,0,0,17,8,10)
72:(1,2,2,1,0,0,13,10,10)
73:(1,2,2,1,0,0,16,10,10)
74:(1,2,2,1,0,0,15,10,10)
75:(1,2,2,1,0,0,15,8,10)
76:(1,2,1,2,0,0,19,9,10)
77:(1,2,2,1,0,0,16,8,10)
78:(1,2,2,1,0,0,13,8,10)
79:(1,2,3,0,0,0,16,8,10)
80:(1,2,3,0,0,0,17,8,10)
81:(1,1,1,2,1,0,12,10,10)
82:(1,1,2,1,1,0,12,9,10)
83:(1,1,1,2,1,0,13,10,10)
84:(1,2,1,2,0,0,12,10,10)
85:(1,2,2,1,0,0,12,9,10)
86:(1,1,2,0,1,1,13,9,10)
87:(1,1,2,1,1,0,14,9,10)
88:(1,1,2,0,1,1,12,9,10)
89:(1,1,2,1,1,0,13,9,10)
90:(1,1,2,0,1,1,14,9,10)
91:(1,1,1,2,1,0,14,10,10)
92:(1,2,1,2,0,0,17,10,9)
93:(1,2,2,1,0,0,17,9,9)
94:(1,2,1,2,0,0,16,10,9)
95:(1,1,1,2,1,0,11,10,10)
96:(1,1,1,2,1,0,15,10,10)
97:(1,2,2,1,0,0,16,9,9)
98:(1,2,2,1,0,0,15,9,9)
99:(1,2,2,1,0,0,15,10,9)
100:(1,2,2,1,0,0,15,8,9)
101:(1,1,1,1,1,1,13,10,9)
102:(1,2,1,1,0,1,14,10,9)
103:(1,2,1,2,0,0,15,10,9)
104:(1,2,1,1,0,1,15,10,9)
105:(1,1,1,1,1,1,14,10,9)
106:(1,1,1,2,1,0,15,10,9)
107:(1,2,2,0,0,1,14,9,9)
108:(1,2,1,1,0,1,13,10,9)
109:(1,2,1,1,0,1,15,11,9)
110:(1,2,1,2,0,0,16,11,9)
111:(1,2,1,1,0,1,15,9,9)
112:(1,2,1,2,0,0,16,9,9)
113:(1,1,2,0,1,1,10,9,10)
114:(1,1,2,0,1,1,10,10,10)
115:(1,1,2,0,1,1,10,8,10)
116:(1,2,2,0,0,1,11,10,10)
117:(1,1,2,0,1,1,11,10,10)
118:(1,1,2,0,1,1,11,8,10)
119:(1,2,2,0,0,1,11,8,10)
120:(1,2,2,0,0,1,15,9,9)
121:(1,2,2,0,0,1,16,9,9)
122:(1,2,1,1,0,1,16,10,9)
123:(1,2,1,1,0,1,17,10,9)
124:(1,2,1,1,0,1,17,10,10)
125:(1,1,1,1,1,1,10,10,9)
126:(1,1,1,1,1,1,11,10,9)
127:(1,1,1,1,1,1,12,10,9)
128:(1,1,0,3,1,0,13,11,11)
129:(1,2,0,3,0,0,14,11,11)
130:(1,2,0,3,0,0,15,11,11)
131:(1,2,0,3,0,0,16,11,11)
132:(1,2,0,3,0,0,17,11,11)
133:(1,2,0,3,0,0,18,11,11)
134:(1,2,0,3,0,0,19,11,11)
135:(1,1,0,2,1,1,13,11,11)
136:(1,2,0,2,0,1,14,11,11)
137:(1,1,0,2,1,1,13,11,10)
138:(1,2,0,2,0,1,14,11,10)
139:(1,2,0,3,0,0,15,11,10)
140:(1,2,0,3,0,0,16,11,10)
141:(1,2,0,3,0,0,17,11,10)
142:(1,2,0,3,0,0,18,11,10)
143:(1,2,0,3,0,0,19,11,10)
144:(1,2,1,2,0,0,15,11,10)
145:(1,1,2,1,1,0,15,9,10)
146:(1,2,0,2,0,1,13,11,11)
147:(1,2,0,2,0,1,16,11,11)
148:(1,2,0,2,0,1,17,11,11)
149:(1,1,0,2,1,1,12,11,11)
150:(1,2,0,2,0,1,15,11,11)
151:(1,1,1,2,1,0,13,9,10)
152:(1,2,2,1,0,0,12,8,10)
153:(1,1,2,1,1,0,11,9,10)
154:(1,1,2,1,1,0,11,8,10)
155:(1,1,1,2,1,0,14,10,9)
156:(1,1,1,2,1,0,11,10,9)
157:(1,1,2,0,1,1,13,9,9)
158:(1,1,1,2,1,0,16,10,10)
159:(1,1,2,1,1,0,14,10,9)
160:(1,1,2,1,1,0,14,8,9)
161:(1,1,1,1,1,1,14,9,9)
162:(1,2,1,1,0,1,14,9,9)
163:(1,2,1,1,0,1,14,11,9)
164:(1,2,1,1,0,1,16,11,9)
165:(1,2,1,1,0,1,16,9,9)
166:(1,2,1,0,0,2,14,10,9)
167:(1,2,1,0,0,2,14,9,9)
168:(1,2,1,0,0,2,14,11,9)
169:(1,1,1,1,1,1,14,11,9)
170:(1,1,0,3,1,0,15,11,10)
171:(1,2,1,2,0,0,14,9,10)
172:(1,2,1,2,0,0,15,9,10)
173:(1,2,1,2,0,0,12,11,10)
174:(1,2,1,0,0,2,10,11,10)
175:(1,1,0,1,1,2,12,11,10)
176:(1,1,0,3,1,0,14,11,10)
177:(1,1,1,0,1,2,11,11,10)
178:(1,2,0,1,0,2,13,11,10)
179:(1,2,1,0,0,2,11,11,10)
180:(1,2,1,0,0,2,12,11,10)
181:(1,1,0,2,1,1,12,11,10)
182:(1,2,0,2,0,1,13,11,10)
183:(1,0,1,1,2,1,10,11,10)
184:(1,0,1,1,2,1,9,11,10)
185:(1,1,2,1,1,0,16,9,10)
186:(1,1,2,1,1,0,17,9,10)
187:(1,1,1,2,1,0,14,9,10)
188:(1,1,1,2,1,0,15,9,10)
189:(1,1,1,2,1,0,16,9,10)
190:(1,1,1,2,1,0,17,9,10)
191:(1,1,1,1,1,1,15,10,10)
192:(1,1,1,2,1,0,17,10,10)
193:(1,1,1,2,1,0,17,10,9)
194:(1,1,1,2,1,0,12,11,10)
195:(1,1,2,1,1,0,12,10,10)
196:(1,1,1,2,1,0,14,11,10)
197:(1,2,0,3,0,0,14,11,10)
198:(1,2,1,2,0,0,13,11,10)
199:(1,2,1,2,0,0,14,11,10)
200:(1,1,0,3,1,0,13,11,10)
201:(1,1,1,2,1,0,11,11,10)
202:(1,0,1,2,2,0,10,11,10)
203:(1,0,1,2,2,0,11,11,10)
204:(1,1,1,2,1,0,13,11,10)
205:(1,2,1,2,0,0,17,11,9)
206:(1,2,1,2,0,0,15,11,9)
207:(1,2,1,1,0,1,17,11,9)
208:(1,1,2,1,1,0,14,9,9)
209:(1,1,1,2,1,0,15,9,9)
210:(1,1,0,1,1,2,13,11,10)
211:(1,1,1,2,1,0,11,9,10)
212:(1,1,0,2,1,1,14,11,10)
213:(1,1,0,2,1,1,13,11,9)
214:(1,1,0,2,1,1,12,11,9)
215:(1,1,0,2,1,1,12,12,10)
216:(1,1,0,2,1,1,12,10,10)
217:(1,1,0,2,1,1,13,10,10)
218:(1,1,0,2,1,1,13,12,10)
219:(1,1,0,2,1,1,11,11,10)
220:(1,1,0,2,1,1,11,11,11)
221:(1,0,0,2,2,1,11,11,11)
222:(1,0,0,2,2,1,11,11,10)
223:(1,0,1,1,2,1,11,11,10)
224:(1,1,1,1,1,1,13,11,9)
225:(1,2,1,1,0,1,13,11,9)
226:(1,2,0,1,0,2,13,11,11)
227:(1,1,0,1,1,2,12,11,11)
228:(1,1,0,1,1,2,11,11,10)
229:(1,2,2,1,0,0,14,10,9)
230:(1,2,2,1,0,0,16,10,9)
231:(1,2,1,0,0,2,13,10,9)
232:(1,1,0,1,1,2,11,11,11)
233:(1,1,2,0,1,1,13,10,9)
234:(1,1,1,1,1,1,12,10,11)
235:(1,2,1,2,0,0,14,10,11)
236:(1,2,1,2,0,0,14,10,9)
237:(1,1,0,2,1,1,12,10,11)
238:(1,1,0,2,1,1,12,12,11)
239:(1,1,2,0,1,1,12,10,10)
240:(1,1,1,2,1,0,17,11,10)
241:(1,1,1,2,1,0,15,11,10)
242:(1,1,1,2,1,0,12,10,9)
243:(1,1,1,2,1,0,13,10,9)
244:(1,1,1,0,1,2,11,10,10)
245:(1,1,0,1,1,2,11,10,10)
246:(1,1,0,1,1,2,11,12,10)
247:(1,0,0,1,2,2,11,11,10)
248:(1,1,0,1,1,2,11,12,11)
249:(1,1,0,0,1,3,11,11,11)
250:(1,0,0,1,2,2,11,11,11)
251:(1,0,0,2,2,1,11,10,11)
252:(1,1,0,1,1,2,11,10,11)
253:(1,1,0,2,1,1,11,10,11)
254:(1,1,0,1,1,2,10,11,11)
255:(1,0,0,1,2,2,10,11,11)
256:(1,0,0,2,2,1,10,11,11)
257:(1,1,0,2,1,1,11,12,11)
258:(1,2,2,1,0,0,14,9,9)
259:(1,1,2,1,1,0,12,8,10)
260:(1,1,1,1,1,1,15,10,9)
261:(1,2,2,1,0,0,12,10,10)
262:(1,1,1,2,1,0,16,10,9)
263:(1,1,1,2,1,0,16,9,9)
264:(1,1,1,1,1,1,14,11,10)
265:(1,1,0,3,1,0,12,11,11)
266:(1,2,1,2,0,0,11,10,10)
267:(1,2,1,2,0,0,11,11,10)
268:(1,2,1,1,0,1,17,9,10)
269:(1,2,1,1,0,1,17,11,10)
270:(1,2,2,0,0,1,17,9,10)
271:(1,1,3,0,1,0,15,8,10)
272:(1,1,3,0,1,0,16,8,10)
273:(1,1,0,3,1,0,12,11,10)
274:(1,1,0,3,1,0,12,11,9)
275:(1,2,0,3,0,0,18,10,10)
276:(1,2,0,3,0,0,16,10,10)
277:(1,2,0,2,0,1,14,10,10)
278:(1,2,2,0,0,1,14,8,10)
279:(1,2,1,1,0,1,11,8,10)
280:(1,2,2,0,0,1,13,8,10)
281:(1,2,2,0,0,1,13,9,9)
282:(1,2,0,2,0,1,11,10,10)
283:(1,2,1,1,0,1,14,10,11)
284:(1,2,0,2,0,1,14,12,10)
285:(1,1,0,3,1,0,13,12,11)
286:(1,1,1,1,1,1,12,11,11)
287:(1,2,1,1,0,1,13,10,11)
288:(1,2,3,0,0,0,15,9,9)
289:(1,2,2,0,0,1,15,9,8)
290:(1,2,1,2,0,0,17,9,9)
291:(1,2,0,2,0,1,15,11,10)
292:(1,2,0,1,0,2,14,11,10)
293:(1,2,1,2,0,0,12,9,10)
294:(1,0,0,3,2,0,12,11,11)
295:(1,1,0,3,1,0,14,11,11)
296:(1,1,0,3,1,0,15,11,11)
297:(1,1,0,3,1,0,16,11,11)
298:(1,2,1,1,0,1,11,10,9)
299:(1,2,1,1,0,1,12,10,9)
300:(1,2,0,3,0,0,19,10,10)
301:(1,2,1,2,0,0,12,10,9)
302:(1,2,1,2,0,0,13,10,9)
303:(1,2,2,0,0,1,15,8,10)
304:(1,1,2,0,1,1,13,8,10)
305:(1,2,2,0,0,1,16,9,10)
306:(1,2,2,0,0,1,16,9,8)
307:(1,2,2,0,0,1,17,9,9)
308:(1,2,2,0,0,1,18,9,10)
309:(1,2,2,0,0,1,19,9,10)
310:(1,1,2,0,1,1,14,9,9)
311:(1,2,2,0,0,1,11,9,9)
312:(1,2,2,0,0,1,14,8,9)
313:(1,0,0,3,2,0,12,11,10)
314:(1,1,2,0,1,1,12,9,9)
315:(1,1,0,2,1,1,12,11,12)
316:(1,1,0,3,1,0,14,10,10)
317:(1,2,0,3,0,0,15,12,10)
318:(1,1,0,3,1,0,14,11,9)
319:(1,2,0,3,0,0,12,10,10)
320:(1,2,0,2,0,1,12,10,10)
321:(1,2,0,2,0,1,13,12,10)
322:(1,1,1,2,1,0,13,10,11)
323:(1,1,1,1,1,1,13,10,11)
324:(1,1,0,2,1,1,13,10,11)
325:(1,1,0,3,1,0,13,10,11)
326:(1,1,0,2,1,1,13,12,11)
327:(1,0,0,2,2,1,12,11,10)
328:(1,0,1,1,2,1,12,11,10)
329:(1,1,2,0,1,1,13,10,10)
330:(1,2,0,1,0,2,14,12,9)
331:(1,2,1,2,0,0,16,10,11)
332:(1,2,2,0,0,1,14,10,10)
333:(1,1,1,1,1,1,12,9,11)
334:(1,1,0,2,1,1,14,11,11)
335:(1,1,0,2,1,1,14,10,10)
336:(1,1,0,2,1,1,14,12,10)
337:(1,1,0,2,1,1,13,13,10)
338:(1,1,0,2,1,1,13,12,9)
339:(1,2,1,1,0,1,18,9,10)
340:(1,1,0,2,1,1,12,12,9)
341:(1,1,0,2,1,1,12,10,9)
342:(1,1,0,3,1,0,13,10,10)
343:(1,1,1,0,1,2,12,10,10)
344:(1,1,2,1,1,0,17,9,9)
345:(1,2,1,1,0,1,19,9,10)
346:(1,1,2,1,1,0,14,8,10)
347:(1,2,0,1,0,2,14,11,11)
348:(1,1,0,1,1,2,13,11,11)
349:(1,0,0,2,2,1,12,11,11)
350:(1,2,1,0,0,2,13,10,10)
351:(1,1,1,2,1,0,12,10,8)
352:(1,2,1,1,0,1,11,9,9)
353:(1,2,0,2,0,1,11,10,11)
354:(1,1,0,3,1,0,13,11,12)
355:(1,1,0,2,1,1,12,10,12)
356:(1,1,0,2,1,1,13,11,12)
357:(1,2,0,3,0,0,12,10,11)
358:(1,2,1,2,0,0,11,9,10)
359:(1,2,2,1,0,0,11,9,10)
360:(1,0,1,2,2,0,12,10,10)
361:(1,2,2,1,0,0,12,9,9)
362:(1,1,1,2,1,0,12,10,11)
363:(1,1,0,3,1,0,12,12,11)
364:(1,1,0,2,1,1,12,12,12)
365:(1,1,0,3,1,0,12,12,10)
366:(1,1,0,1,1,2,12,12,10)
367:(1,1,0,2,1,1,12,13,10)
368:(1,1,0,2,1,1,12,13,11)
369:(1,1,0,1,1,2,12,12,11)
370:(1,2,2,0,0,1,14,10,9)
371:(1,2,0,0,0,3,12,11,11)
372:(1,0,0,3,2,0,12,10,11)
373:(1,2,0,3,0,0,15,11,9)
374:(1,1,1,1,1,1,14,10,11)
375:(1,1,0,3,1,0,12,10,11)
376:(1,2,0,3,0,0,15,10,10)
377:(1,0,1,1,2,1,11,9,10)
378:(1,0,1,1,2,1,11,10,9)
379:(1,1,2,0,1,1,10,9,9)
380:(1,2,2,1,0,0,13,9,9)
381:(1,2,0,3,0,0,13,11,10)
382:(1,2,0,3,0,0,16,11,9)
383:(1,2,0,3,0,0,16,12,9)
384:(1,2,0,3,0,0,16,10,9)
385:(1,2,1,2,0,0,16,8,9)
386:(1,2,1,2,0,0,16,12,9)
387:(1,2,1,2,0,0,13,11,9)
388:(1,2,0,3,0,0,18,11,9)
389:(1,2,0,3,0,0,19,11,9)
390:(1,2,0,3,0,0,18,10,9)
391:(1,2,0,3,0,0,19,10,9)
392:(1,2,0,3,0,0,17,11,9)
393:(1,2,0,3,0,0,13,11,9)
394:(1,2,0,3,0,0,14,11,9)
395:(1,2,0,3,0,0,17,10,9)
396:(1,2,0,2,0,1,12,11,10)
397:(1,2,0,2,0,1,12,11,11)
398:(1,0,0,3,2,0,13,11,11)
399:(1,0,0,1,2,2,10,11,10)
400:(1,0,0,1,2,2,12,11,10)
401:(1,0,0,0,2,3,10,11,11)
402:(1,2,0,2,0,1,12,11,9)
403:(1,2,0,2,0,1,13,11,9)
404:(1,2,0,2,0,1,15,12,9)
405:(1,2,0,2,0,1,16,10,9)
406:(1,2,0,2,0,1,14,11,9)
407:(1,2,0,2,0,1,15,11,9)
408:(1,2,0,2,0,1,16,11,9)
409:(1,2,0,2,0,1,17,11,9)
410:(1,1,0,2,1,1,11,11,9)
411:(1,1,0,1,1,2,12,11,9)
412:(1,0,0,2,2,1,12,11,9)
413:(1,2,0,2,0,1,14,12,9)
414:(1,0,1,1,2,1,12,10,9)
415:(1,1,0,3,1,0,13,10,12)
416:(1,1,0,2,1,1,11,12,10)
417:(1,1,0,3,1,0,15,10,10)
418:(1,1,0,2,1,1,15,11,10)
419:(1,2,0,2,0,1,13,10,10)
420:(1,2,0,2,0,1,12,10,11)
421:(1,2,0,3,0,0,16,12,10)
422:(1,1,0,3,1,0,16,11,10)
423:(1,2,1,0,0,2,12,10,10)
424:(1,2,0,2,0,1,15,10,10)
425:(1,2,0,1,0,2,12,10,10)
426:(1,2,0,3,0,0,13,10,10)
427:(1,2,0,1,0,2,13,10,10)
428:(1,2,0,1,0,2,10,10,10)
429:(1,2,0,2,0,1,10,10,10)
430:(1,1,0,2,1,1,10,10,10)
431:(1,2,1,1,0,1,17,10,11)
432:(1,1,1,2,1,0,17,10,11)
433:(1,1,1,2,1,0,15,10,11)
434:(1,2,0,2,0,1,14,12,11)
435:(1,1,0,3,1,0,11,10,10)
436:(1,1,0,3,1,0,14,12,10)
437:(1,1,2,1,1,0,15,9,11)
438:(1,1,3,0,1,0,15,8,9)
439:(1,2,1,2,0,0,18,9,9)
440:(1,2,1,2,0,0,18,11,9)
441:(1,2,1,2,0,0,19,11,9)
442:(1,2,1,1,0,1,18,11,9)
443:(1,2,1,1,0,1,19,11,9)
444:(1,2,1,2,0,0,19,9,9)
445:(1,1,2,1,1,0,11,10,10)
446:(1,2,0,3,0,0,11,10,10)
447:(1,1,0,2,1,1,9,10,10)
448:(1,1,3,0,1,0,14,9,9)
449:(1,1,2,1,1,0,11,9,9)
450:(1,1,1,0,1,2,13,9,9)
451:(1,1,2,0,1,1,14,9,8)
452:(1,1,1,2,1,0,15,11,9)
453:(1,1,1,2,1,0,11,9,9)
454:(1,1,1,2,1,0,11,11,9)
455:(1,1,2,0,1,1,11,9,9)
456:(1,1,0,1,1,2,11,11,9)
457:(1,1,1,1,1,1,11,11,9)
458:(1,1,1,1,1,1,11,9,9)
459:(1,1,0,2,1,1,11,10,9)
460:(1,1,0,1,1,2,11,9,11)
461:(1,2,2,1,0,0,11,8,10)
462:(1,1,1,2,1,0,11,8,10)
463:(1,2,2,0,0,1,11,8,9)
464:(1,2,2,0,0,1,11,7,10)
465:(1,2,1,2,0,0,11,8,10)
466:(1,1,2,0,1,1,11,7,10)
467:(1,0,1,1,2,1,10,10,11)
468:(1,2,1,1,0,1,10,9,10)
469:(1,0,0,1,2,2,9,11,11)
470:(1,2,0,1,0,2,13,12,10)
471:(1,1,1,0,1,2,13,10,9)
472:(1,0,1,2,2,0,12,11,10)
473:(1,0,1,2,2,0,12,9,10)
474:(1,0,0,2,2,1,11,10,10)
475:(1,0,1,1,2,1,11,10,10)
476:(1,2,1,2,0,0,13,9,10)
477:(1,0,0,3,2,0,13,11,10)
478:(1,2,2,0,0,1,12,9,9)
479:(1,1,1,2,1,0,12,9,10)
480:(1,1,0,3,1,0,16,10,10)
481:(1,2,2,0,0,1,14,9,8)
482:(1,1,2,0,1,1,12,10,9)
483:(1,2,0,3,0,0,12,11,9)
484:(1,2,1,2,0,0,13,10,8)
485:(1,1,1,1,1,1,14,10,8)
486:(1,0,2,0,2,1,13,9,8)
487:(1,0,1,2,2,0,14,11,9)
488:(1,1,1,2,1,0,14,11,9)
489:(1,1,1,2,1,0,16,11,9)
490:(1,1,2,1,1,0,15,8,9)
491:(1,2,2,1,0,0,16,9,11)
492:(1,1,1,1,1,1,16,10,9)
493:(1,1,0,2,1,1,15,11,11)
494:(1,1,0,2,1,1,16,11,11)
495:(1,1,1,1,1,1,15,9,10)
496:(1,1,1,1,1,1,16,9,10)
497:(1,2,1,2,0,0,17,10,11)
498:(1,2,1,2,0,0,15,10,11)
499:(1,2,1,2,0,0,18,10,11)
500:(1,2,1,2,0,0,12,9,11)
501:(1,2,1,2,0,0,12,10,8)
502:(1,2,1,2,0,0,16,11,8)
503:(1,2,1,2,0,0,18,9,8)
504:(1,2,1,2,0,0,17,9,8)
505:(1,2,1,2,0,0,16,9,8)
506:(1,2,1,2,0,0,14,8,10)
507:(1,2,1,2,0,0,15,9,9)
508:(1,2,1,2,0,0,12,9,9)
509:(1,2,1,2,0,0,15,12,9)
510:(1,2,1,2,0,0,14,11,9)
511:(1,1,0,1,1,2,13,11,9)
512:(1,1,0,3,1,0,13,11,9)
513:(1,0,0,2,2,1,13,11,10)
514:(1,1,0,2,1,1,12,9,11)
515:(1,2,1,0,0,2,13,11,10)
516:(1,2,1,0,0,2,13,9,10)
517:(1,2,1,0,0,2,13,9,9)
518:(1,0,0,1,2,2,10,10,11)
519:(1,0,0,1,2,2,10,12,11)
520:(1,0,0,1,2,2,11,12,11)
521:(1,0,0,1,2,2,11,10,11)
522:(1,1,2,1,1,0,11,10,9)
523:(1,1,2,1,1,0,11,8,9)
524:(1,1,0,1,1,2,11,12,9)
525:(1,1,0,2,1,1,11,12,9)
526:(1,2,2,0,0,1,11,10,9)
527:(1,1,2,0,1,1,11,10,9)
528:(1,0,0,1,2,2,11,11,9)
529:(1,0,1,2,2,0,15,11,9)
530:(1,0,0,3,2,0,11,10,11)
531:(1,1,0,3,1,0,11,10,11)
532:(1,0,0,3,2,0,11,11,10)
533:(1,0,0,3,2,0,11,11,11)
534:(1,1,0,3,1,0,11,11,10)
535:(1,2,0,2,0,1,11,11,9)
536:(1,2,1,1,0,1,18,10,9)
537:(1,0,3,0,2,0,15,8,10)
538:(1,2,1,1,0,1,15,10,8)
539:(1,0,2,1,2,0,13,8,10)
540:(1,0,0,3,2,0,10,10,10)
541:(1,0,0,3,2,0,13,11,9)
542:(1,0,2,0,2,1,9,10,10)
543:(1,0,1,1,2,1,11,9,11)
544:(1,2,1,1,0,1,14,10,8)
545:(1,1,2,0,1,1,14,9,7)
546:(1,1,1,0,1,2,11,11,9)
547:(1,1,0,1,1,2,11,13,10)
548:(1,1,0,1,1,2,10,12,10)
549:(1,0,0,1,2,2,10,10,10)
550:(1,2,0,1,0,2,12,11,10)
551:(1,2,0,1,0,2,12,12,10)
552:(1,1,0,1,1,2,10,10,10)
553:(1,1,0,1,1,2,12,10,10)
554:(1,0,0,1,2,2,11,12,10)
555:(1,0,0,1,2,2,10,12,10)
556:(1,0,0,1,2,2,12,12,10)
557:(1,2,0,1,0,2,14,12,10)
558:(1,1,0,1,1,2,13,12,10)
559:(1,1,1,0,1,2,12,11,10)
560:(1,1,1,0,1,2,11,9,10)
561:(1,1,1,0,1,2,12,9,10)
562:(1,2,1,0,0,2,12,9,10)
563:(1,1,1,1,1,1,15,11,10)
564:(1,1,1,2,1,0,16,11,10)
565:(1,2,1,1,0,1,19,10,9)
566:(1,1,1,1,1,1,16,11,10)
567:(1,1,0,2,1,1,16,11,10)
568:(1,2,0,2,0,1,17,11,10)
569:(1,2,1,2,0,0,19,10,11)
570:(1,2,1,2,0,0,19,9,8)
571:(1,1,2,0,1,1,15,9,10)
572:(1,1,2,0,1,1,16,9,10)
573:(1,1,1,2,1,0,14,9,9)
574:(1,1,1,1,1,1,12,11,9)
575:(1,1,1,1,1,1,12,9,9)
576:(1,1,1,1,1,1,10,9,9)
577:(1,1,1,2,1,0,12,9,9)
578:(1,2,1,1,0,1,12,9,9)
579:(1,2,1,1,0,1,12,10,8)
580:(1,2,1,0,0,2,11,10,9)
581:(1,0,1,0,2,2,11,10,9)
582:(1,1,1,0,1,2,11,10,9)
583:(1,1,0,0,1,3,11,11,9)
584:(1,1,1,1,1,1,10,11,9)
585:(1,1,0,1,1,2,11,10,9)
586:(1,2,2,0,0,1,18,8,10)
587:(1,2,2,1,0,0,18,8,8)
588:(1,2,0,2,0,1,17,10,9)
589:(1,2,0,2,0,1,14,11,12)
590:(1,0,1,1,2,1,13,10,9)
591:(1,1,1,2,1,0,15,10,12)
592:(1,1,2,1,1,0,14,10,10)
593:(1,1,2,1,1,0,16,10,10)
594:(1,2,0,2,0,1,12,12,11)
595:(1,1,1,1,1,1,14,9,10)
596:(1,2,2,1,0,0,19,8,8)
597:(1,2,2,0,0,1,19,8,10)
598:(1,2,1,1,0,1,14,12,10)
599:(1,1,2,1,1,0,15,9,9)
600:(1,1,1,2,1,0,13,9,9)
601:(1,0,2,1,2,0,10,10,10)
602:(1,2,1,2,0,0,16,10,8)
603:(1,0,1,2,2,0,9,11,10)
604:(1,0,1,0,2,2,9,11,10)
605:(1,0,0,2,2,1,10,12,10)
606:(1,0,1,1,2,1,10,10,10)
607:(1,0,2,0,2,1,10,10,10)
608:(1,1,2,1,1,0,13,8,10)
609:(1,2,1,1,0,1,15,10,11)
610:(1,2,2,1,0,0,16,8,9)
611:(1,2,1,1,0,1,14,9,8)
612:(1,2,2,0,0,1,14,8,8)
613:(1,2,2,0,0,1,14,10,8)
614:(1,2,2,1,0,0,15,9,8)
615:(1,1,2,0,1,1,13,9,8)
616:(1,2,2,0,0,1,13,9,8)
617:(1,1,1,2,1,0,13,11,9)
618:(1,2,0,3,0,0,15,12,9)
619:(1,2,0,3,0,0,15,10,9)
620:(1,2,1,2,0,0,16,10,12)
621:(1,1,1,2,1,0,16,10,12)
622:(1,0,1,2,2,0,14,10,12)
623:(1,1,1,2,1,0,14,10,12)
624:(1,2,0,3,0,0,14,10,10)
625:(1,2,0,3,0,0,15,9,10)
626:(1,2,2,1,0,0,15,11,10)
627:(1,2,1,2,0,0,15,12,10)
628:(1,1,2,0,1,1,14,8,9)
629:(1,1,0,3,1,0,15,12,10)
630:(1,0,0,2,2,1,12,12,10)
631:(1,0,1,1,2,1,9,11,11)
632:(1,1,0,1,1,2,10,12,11)
633:(1,0,1,0,2,2,12,10,9)
634:(1,0,1,0,2,2,11,10,8)
635:(1,1,0,3,1,0,17,11,11)
636:(1,0,0,3,2,0,15,12,9)
637:(1,1,0,3,1,0,14,12,9)
638:(1,1,0,3,1,0,12,10,9)
639:(1,1,0,3,1,0,13,10,9)
640:(1,0,1,1,2,1,13,10,8)
641:(1,2,0,2,0,1,15,12,10)
642:(1,2,2,0,0,1,13,10,9)
643:(1,2,2,1,0,0,12,8,9)
644:(1,1,2,1,1,0,13,9,9)
645:(1,0,0,2,2,1,12,10,11)
646:(1,0,0,2,2,1,13,12,10)
647:(1,2,0,2,0,1,18,10,9)
648:(1,1,0,2,1,1,13,9,11)
649:(1,1,0,2,1,1,17,11,10)
650:(1,2,0,2,0,1,16,12,9)
651:(1,0,0,2,2,1,13,11,9)
652:(1,0,0,2,2,1,11,11,9)
653:(1,2,0,2,0,1,18,11,9)
654:(1,1,0,2,1,1,14,11,9)
655:(1,1,0,2,1,1,10,11,9)
656:(1,2,0,2,0,1,15,10,9)
657:(1,1,0,2,1,1,15,11,9)
658:(1,2,0,2,0,1,19,11,9)
659:(1,1,1,1,1,1,16,10,10)
660:(1,2,0,2,0,1,19,10,9)
661:(1,1,1,1,1,1,11,10,11)
662:(1,1,1,1,1,1,16,10,11)
663:(1,1,0,3,1,0,14,11,12)
664:(1,1,0,3,1,0,15,11,12)
665:(1,1,0,3,1,0,16,11,12)
666:(1,1,1,2,1,0,12,11,11)
667:(1,2,0,3,0,0,18,12,11)
668:(1,2,0,3,0,0,17,12,11)
669:(1,2,0,3,0,0,15,12,11)
670:(1,2,0,3,0,0,16,12,11)
671:(1,2,0,3,0,0,14,12,11)
672:(1,2,0,3,0,0,16,11,12)
673:(1,2,0,1,0,2,13,11,12)
674:(1,2,0,1,0,2,16,11,11)
675:(1,1,1,2,1,0,14,12,10)
676:(1,1,1,2,1,0,14,12,9)
677:(1,1,1,2,1,0,10,11,10)
678:(1,1,1,2,1,0,18,11,10)
679:(1,1,1,2,1,0,19,11,10)
680:(1,1,1,2,1,0,18,10,10)
681:(1,1,1,1,1,1,13,11,11)
682:(1,1,2,0,1,1,15,9,9)
683:(1,1,0,0,1,3,12,11,9)
684:(1,1,0,3,1,0,18,11,11)
685:(1,1,0,3,1,0,14,12,11)
686:(1,1,1,2,1,0,17,11,9)
687:(1,1,0,3,1,0,14,10,12)
688:(1,2,2,1,0,0,12,7,10)
689:(1,2,0,2,0,1,18,11,10)
690:(1,2,0,1,0,2,12,10,9)
691:(1,0,2,0,2,1,9,10,9)
692:(1,2,0,0,0,3,11,10,10)
693:(1,1,1,0,1,2,12,10,9)
694:(1,1,0,3,1,0,12,10,10)
695:(1,1,0,1,1,2,12,10,11)
696:(1,1,0,3,1,0,17,10,10)
697:(1,1,0,3,1,0,16,10,11)
698:(1,1,0,3,1,0,14,10,11)
699:(1,1,0,3,1,0,15,10,11)
700:(1,1,0,2,1,1,11,10,10)
701:(1,1,0,3,1,0,10,10,10)
702:(1,1,0,3,1,0,11,11,9)
703:(1,1,1,0,1,2,10,11,10)
704:(1,0,2,1,2,0,14,9,8)
705:(1,2,1,1,0,1,15,9,8)
706:(1,2,0,3,0,0,19,12,11)
707:(1,1,1,2,1,0,19,10,10)
708:(1,2,0,2,0,1,19,11,10)
709:(1,1,0,3,1,0,19,11,11)
710:(1,2,0,1,0,2,13,12,9)
711:(1,2,0,1,0,2,13,11,9)
712:(1,2,1,1,0,1,18,10,10)
713:(1,2,1,1,0,1,19,10,10)
714:(1,2,1,1,0,1,18,11,10)
715:(1,2,1,1,0,1,19,11,10)
716:(1,2,1,1,0,1,16,11,10)
717:(1,2,1,1,0,1,16,9,10)
718:(1,1,1,2,1,0,19,10,9)
719:(1,2,2,0,0,1,14,7,10)
720:(1,2,2,0,0,1,12,7,10)
721:(1,2,1,2,0,0,14,9,11)
722:(1,2,1,2,0,0,12,10,11)
723:(1,2,2,1,0,0,18,8,9)
724:(1,2,2,0,0,1,15,8,9)
725:(1,2,2,0,0,1,15,10,9)
726:(1,2,2,0,0,1,15,10,10)
727:(1,1,0,3,1,0,14,13,10)
728:(1,2,1,0,0,2,12,10,9)
729:(1,1,0,3,1,0,18,11,10)
730:(1,0,0,2,2,1,12,9,11)
731:(1,2,0,2,0,1,12,11,8)
732:(1,2,0,3,0,0,12,11,10)
733:(1,2,0,3,0,0,13,12,10)
734:(1,2,0,2,0,1,14,13,10)
735:(1,1,0,2,1,1,14,13,10)
736:(1,1,0,1,1,2,14,11,10)
737:(1,1,0,3,1,0,13,12,10)
738:(1,1,0,3,1,0,17,11,10)
739:(1,1,0,3,1,0,10,11,10)
740:(1,1,0,3,1,0,19,11,10)
741:(1,2,0,3,0,0,18,12,10)
742:(1,2,0,3,0,0,19,12,10)
743:(1,2,1,2,0,0,15,10,8)
744:(1,2,2,1,0,0,17,10,9)
745:(1,1,2,0,1,1,14,10,10)
746:(1,1,2,0,1,1,14,8,10)
747:(1,1,2,0,1,1,12,8,10)
748:(1,2,2,0,0,1,13,10,10)
749:(1,2,2,0,0,1,10,8,10)
750:(1,2,2,0,0,1,16,10,10)
751:(1,2,2,0,0,1,17,10,10)
752:(1,2,2,0,0,1,18,10,10)
753:(1,2,2,0,0,1,16,8,10)
754:(1,2,2,0,0,1,17,8,10)
755:(1,2,2,0,0,1,19,10,10)
756:(1,2,2,0,0,1,14,11,10)
757:(1,1,1,2,1,0,19,9,10)
758:(1,2,2,1,0,0,19,8,9)
759:(1,1,2,1,1,0,10,10,10)
760:(1,2,0,0,0,3,10,10,10)
761:(1,1,2,0,1,1,12,9,8)
762:(1,0,1,1,2,1,10,9,10)
763:(1,0,0,2,2,1,11,9,11)
764:(1,1,1,1,1,1,13,9,9)
765:(1,0,2,0,2,1,9,9,9)
766:(1,0,1,1,2,1,14,9,10)
767:(1,0,1,1,2,1,11,9,9)
768:(1,0,2,0,2,1,12,9,8)
769:(1,0,1,0,2,2,10,9,10)
770:(1,1,1,0,1,2,10,9,10)
771:(1,0,2,0,2,1,10,9,10)
772:(1,1,1,1,1,1,9,9,10)
773:(1,0,1,1,2,1,9,9,10)
774:(1,1,1,1,1,1,14,10,7)
775:(1,0,1,2,2,0,14,10,8)
776:(1,2,0,3,0,0,15,13,10)
777:(1,1,2,0,1,1,14,10,7)
778:(1,0,1,2,2,0,12,10,9)
779:(1,0,0,3,2,0,12,10,10)
780:(1,2,2,1,0,0,12,10,9)
781:(1,2,2,1,0,0,12,11,10)
782:(1,2,2,0,0,1,14,11,8)
783:(1,2,2,0,0,1,15,10,8)
784:(1,2,0,2,0,1,17,12,9)
785:(1,2,2,1,0,0,11,10,10)
786:(1,2,0,3,0,0,17,12,9)
787:(1,2,0,3,0,0,14,12,9)
788:(1,2,0,3,0,0,18,12,9)
789:(1,2,0,3,0,0,19,12,9)
790:(1,2,0,3,0,0,14,10,9)
791:(1,2,0,3,0,0,13,10,9)
792:(1,2,0,3,0,0,18,9,9)
793:(1,2,0,3,0,0,19,9,9)
794:(1,1,1,1,1,1,10,8,10)
795:(1,1,1,2,1,0,17,10,12)
796:(1,1,1,0,1,2,10,10,9)
797:(1,1,2,1,1,0,12,8,9)
798:(1,1,2,0,1,1,14,10,9)
799:(1,2,2,0,0,1,15,9,7)
800:(1,0,0,2,2,1,14,11,9)
801:(1,1,2,0,1,1,16,9,9)
802:(1,1,2,1,1,0,16,9,9)
803:(1,1,0,2,1,1,10,11,10)
804:(1,1,0,2,1,1,18,11,10)
805:(1,1,0,2,1,1,19,11,10)
806:(1,1,0,2,1,1,14,12,11)
807:(1,1,0,2,1,1,13,13,11)
808:(1,1,0,2,1,1,15,13,10)
809:(1,1,0,2,1,1,11,9,11)
810:(1,1,0,2,1,1,10,10,9)
811:(1,1,0,2,1,1,10,12,9)
812:(1,1,0,2,1,1,10,12,10)
813:(1,1,0,2,1,1,11,10,12)
814:(1,1,0,2,1,1,13,10,12)
815:(1,2,0,2,0,1,13,10,9)
816:(1,2,1,1,0,1,12,11,9)
817:(1,2,2,0,0,1,17,8,9)
818:(1,2,2,0,0,1,17,10,9)
819:(1,2,1,1,0,1,15,10,7)
820:(1,2,2,0,0,1,15,10,7)
821:(1,2,1,1,0,1,11,8,9)
822:(1,2,0,2,0,1,11,9,10)
823:(1,2,1,1,0,1,12,8,10)
824:(1,0,1,0,2,2,10,9,9)
825:(1,1,2,1,1,0,12,8,8)
826:(1,1,2,1,1,0,11,10,8)
827:(1,1,2,1,1,0,12,9,9)
828:(1,1,3,0,1,0,12,7,9)
829:(1,2,3,0,0,0,18,8,9)
830:(1,2,3,0,0,0,12,8,9)
831:(1,2,3,0,0,0,16,7,9)
832:(1,2,3,0,0,0,12,7,9)
833:(1,2,3,0,0,0,15,7,9)
834:(1,2,3,0,0,0,18,7,9)
835:(1,2,3,0,0,0,17,9,9)
836:(1,2,3,0,0,0,15,8,9)
837:(1,2,3,0,0,0,14,8,9)
838:(1,2,3,0,0,0,16,8,9)
839:(1,2,3,0,0,0,13,8,9)
840:(1,2,3,0,0,0,17,8,9)
841:(1,2,2,1,0,0,13,10,9)
842:(1,2,2,1,0,0,18,10,9)
843:(1,2,2,1,0,0,17,8,9)
844:(1,2,2,1,0,0,14,8,9)
845:(1,2,2,1,0,0,13,8,9)
846:(1,2,2,1,0,0,16,9,8)
847:(1,2,2,1,0,0,14,9,8)
848:(1,2,2,1,0,0,17,9,8)
849:(1,2,2,1,0,0,18,9,8)
850:(1,2,2,1,0,0,19,9,8)
851:(1,2,2,0,0,1,16,10,9)
852:(1,0,0,2,2,1,9,10,10)
853:(1,2,0,3,0,0,13,11,11)
854:(1,0,0,2,2,1,10,12,11)
855:(1,0,0,2,2,1,9,12,11)
856:(1,2,0,2,0,1,18,11,11)
857:(1,2,0,2,0,1,19,11,11)
858:(1,1,0,2,1,1,10,11,11)
859:(1,2,2,1,0,0,19,10,9)
860:(1,2,3,0,0,0,19,7,9)
861:(1,2,3,0,0,0,19,8,9)
862:(1,1,1,1,1,1,17,10,9)
863:(1,1,1,1,1,1,18,10,9)
864:(1,1,1,1,1,1,19,10,9)
865:(1,1,1,0,1,2,10,10,10)
866:(1,1,1,0,1,2,13,10,10)
867:(1,1,1,1,1,1,9,10,10)
868:(1,0,1,1,2,1,9,10,10)
869:(1,0,1,0,2,2,9,10,10)
870:(1,0,1,1,2,1,10,12,10)
871:(1,1,1,1,1,1,14,12,10)
872:(1,1,1,1,1,1,12,12,11)
873:(1,1,0,3,1,0,14,9,11)
874:(1,1,1,2,1,0,13,11,11)
875:(1,2,2,1,0,0,16,9,7)
876:(1,2,0,3,0,0,12,11,11)
877:(1,2,0,3,0,0,17,10,10)
878:(1,2,0,1,0,2,13,10,9)
879:(1,1,0,1,1,2,13,10,9)
880:(1,0,0,2,2,1,13,11,11)
881:(1,0,0,2,2,1,13,9,11)
882:(1,2,0,2,0,1,15,13,10)
883:(1,2,3,0,0,0,15,7,10)
884:(1,1,1,2,1,0,14,10,11)
885:(1,2,0,3,0,0,15,10,11)
886:(1,1,2,1,1,0,12,10,11)
887:(1,1,3,0,1,0,12,7,8)
888:(1,2,1,2,0,0,17,9,11)
889:(1,1,2,0,1,1,14,9,11)
890:(1,0,1,1,2,1,12,10,10)
891:(1,0,1,2,2,0,13,10,9)
892:(1,0,1,2,2,0,12,9,9)
893:(1,0,1,0,2,2,11,9,9)
894:(1,1,1,2,1,0,17,9,9)
895:(1,1,1,1,1,1,15,9,9)
896:(1,1,1,2,1,0,10,9,9)
897:(1,2,0,2,0,1,15,10,11)
898:(1,2,0,2,0,1,11,9,11)
899:(1,1,0,2,1,1,14,10,11)
900:(1,0,0,2,2,1,10,13,11)
901:(1,2,0,2,0,1,14,13,11)
902:(1,1,0,2,1,1,14,13,11)
903:(1,2,0,1,0,2,13,13,10)
904:(1,2,0,1,0,2,13,13,9)
905:(1,2,0,3,0,0,16,13,9)
906:(1,2,0,3,0,0,16,12,8)
907:(1,1,0,3,1,0,16,12,10)
908:(1,1,0,2,1,1,16,10,10)
909:(1,1,0,2,1,1,16,12,10)
910:(1,1,0,3,1,0,16,12,9)
911:(1,1,0,3,1,0,16,11,9)
912:(1,2,0,2,0,1,16,13,9)
913:(1,2,0,2,0,1,16,12,11)
914:(1,1,0,3,1,0,16,12,11)
915:(1,1,1,1,1,1,17,10,10)
916:(1,2,2,0,0,1,13,10,8)
917:(1,1,2,0,1,1,14,9,6)
918:(1,1,2,0,1,1,14,8,8)
919:(1,1,2,0,1,1,14,10,8)
920:(1,0,2,0,2,1,13,9,7)
921:(1,0,2,0,2,1,10,10,9)
922:(1,2,2,0,0,1,18,10,9)
923:(1,0,1,1,2,1,10,11,9)
924:(1,2,2,0,0,1,12,7,9)
925:(1,2,2,0,0,1,16,8,9)
926:(1,2,2,0,0,1,16,10,8)
927:(1,2,2,0,0,1,16,8,8)
928:(1,2,2,0,0,1,16,7,10)
929:(1,2,2,0,0,1,12,8,9)
930:(1,2,2,0,0,1,13,8,9)
931:(1,2,2,0,0,1,12,10,9)
932:(1,2,2,0,0,1,10,10,9)
933:(1,0,1,0,2,2,11,11,10)
934:(1,0,1,2,2,0,10,11,9)
935:(1,1,0,3,1,0,11,12,11)
936:(1,0,0,1,2,2,12,11,11)
937:(1,1,2,1,1,0,12,7,10)
938:(1,0,1,1,2,1,12,10,8)
939:(1,1,1,1,1,1,15,10,8)
940:(1,1,1,1,1,1,13,10,8)
941:(1,1,1,1,1,1,12,10,8)
942:(1,1,1,1,1,1,10,10,8)
943:(1,1,1,1,1,1,11,10,8)
944:(1,1,1,1,1,1,15,10,11)
945:(1,1,1,1,1,1,10,10,11)
946:(1,2,1,1,0,1,12,10,11)
947:(1,2,2,0,0,1,19,10,9)
948:(1,0,2,1,2,0,10,9,9)
949:(1,0,1,1,2,1,12,9,9)
950:(1,2,1,2,0,0,13,10,11)
951:(1,1,2,1,1,0,13,9,8)
952:(1,0,0,3,2,0,13,12,10)
953:(1,0,2,1,2,0,13,9,8)
954:(1,0,1,2,2,0,13,10,8)
955:(1,1,1,2,1,0,13,10,8)
956:(1,2,1,2,0,0,13,9,9)
957:(1,2,1,2,0,0,13,8,10)
958:(1,0,1,2,2,0,13,11,10)
959:(1,1,1,2,1,0,13,9,11)
960:(1,1,1,2,1,0,13,12,11)
961:(1,1,1,2,1,0,13,8,10)
962:(1,1,2,1,1,0,13,8,9)
963:(1,1,3,0,1,0,17,8,10)
964:(1,1,1,2,1,0,16,10,11)
965:(1,2,2,0,0,1,17,9,11)
966:(1,2,1,2,0,0,15,11,8)
967:(1,2,1,1,0,1,15,11,8)
968:(1,0,1,1,2,1,13,10,7)
969:(1,0,1,2,2,0,13,9,10)
970:(1,1,1,2,1,0,14,11,11)
971:(1,1,1,1,1,1,14,9,8)
972:(1,1,1,1,1,1,14,11,8)
973:(1,2,0,1,0,2,11,10,10)
974:(1,1,2,1,1,0,15,9,8)
975:(1,1,1,2,1,0,15,10,8)
976:(1,2,0,2,0,1,16,11,10)
977:(1,2,2,0,0,1,15,11,10)
978:(1,1,2,0,1,1,12,11,10)
979:(1,0,2,0,2,1,10,11,10)
980:(1,1,2,0,1,1,14,11,10)
981:(1,1,1,1,1,1,11,8,10)
982:(1,0,0,2,2,1,11,12,11)
983:(1,2,1,1,0,1,11,11,9)
984:(1,2,0,2,0,1,11,12,10)
985:(1,2,0,2,0,1,11,12,9)
986:(1,2,1,1,0,1,10,10,10)
987:(1,0,0,3,2,0,12,11,9)
988:(1,0,2,1,2,0,14,9,7)
989:(1,1,1,0,1,2,12,9,9)
990:(1,0,2,0,2,1,13,8,8)
991:(1,1,2,1,1,0,15,9,7)
992:(1,2,0,2,0,1,11,11,10)
993:(1,1,1,1,1,1,17,11,10)
994:(1,1,2,0,1,1,16,8,10)
995:(1,1,2,0,1,1,16,10,10)
996:(1,1,2,0,1,1,15,8,10)
997:(1,1,2,0,1,1,9,8,10)
998:(1,1,1,1,1,1,12,8,10)
999:(1,1,1,1,1,1,9,8,10)
1000:(1,2,1,2,0,0,15,9,11)
1001:(1,1,1,2,1,0,15,9,11)
1002:(1,1,1,2,1,0,18,10,11)
1003:(1,2,1,2,0,0,17,8,9)
1004:(1,2,1,2,0,0,17,12,9)
1005:(1,2,1,2,0,0,17,11,8)
1006:(1,2,1,2,0,0,16,12,10)
1007:(1,2,1,2,0,0,14,12,11)
1008:(1,2,3,0,0,0,13,7,9)
1009:(1,2,0,1,0,2,11,11,11)
1010:(1,2,0,0,0,3,12,11,9)
1011:(1,2,1,2,0,0,12,8,10)
1012:(1,2,1,1,0,1,13,8,10)
1013:(1,2,0,3,0,0,14,9,10)
1014:(1,2,0,3,0,0,17,10,11)
1015:(1,1,1,2,1,0,14,10,8)
1016:(1,2,2,0,0,1,15,9,6)
1017:(1,0,2,0,2,1,13,9,6)
1018:(1,0,1,0,2,2,10,10,9)
1019:(1,1,2,0,1,1,13,10,8)
1020:(1,1,2,0,1,1,13,8,8)
1021:(1,1,2,0,1,1,11,9,8)
1022:(1,1,2,0,1,1,13,9,6)
1023:(1,0,1,0,2,2,10,11,9)
1024:(1,0,2,0,2,1,12,9,9)
1025:(1,0,2,0,2,1,11,9,8)
1026:(1,0,2,0,2,1,13,9,9)
1027:(1,2,2,0,0,1,15,8,8)
1028:(1,1,1,0,1,2,11,9,9)
1029:(1,1,0,2,1,1,15,10,11)
1030:(1,0,0,2,2,1,10,10,11)
1031:(1,1,0,2,1,1,10,10,11)
1032:(1,1,0,2,1,1,10,12,11)
1033:(1,1,2,1,1,0,14,9,8)
1034:(1,0,3,0,2,0,14,8,10)
1035:(1,0,3,0,2,0,16,8,10)
1036:(1,2,0,2,0,1,11,12,11)
1037:(1,2,0,2,0,1,12,13,11)
1038:(1,2,0,2,0,1,11,11,11)
1039:(1,0,1,1,2,1,13,9,8)
1040:(1,0,0,3,2,0,13,11,8)
1041:(1,0,1,2,2,0,13,11,8)
1042:(1,1,0,3,1,0,12,11,8)
1043:(1,2,1,2,0,0,12,11,9)
1044:(1,2,0,1,0,2,17,11,11)
1045:(1,2,0,3,0,0,15,12,8)
1046:(1,2,2,1,0,0,15,10,8)
1047:(1,2,2,1,0,0,16,10,8)
1048:(1,2,1,2,0,0,16,10,7)
1049:(1,2,1,1,0,1,15,9,7)
1050:(1,1,1,1,1,1,14,11,7)
1051:(1,1,1,2,1,0,13,10,12)
1052:(1,1,1,1,1,1,13,10,12)
1053:(1,2,1,2,0,0,15,10,12)
1054:(1,2,1,2,0,0,18,10,12)
1055:(1,2,1,2,0,0,19,10,12)
1056:(1,1,1,1,1,1,14,10,12)
1057:(1,1,1,1,1,1,15,10,12)
1058:(1,1,1,1,1,1,16,10,12)
1059:(1,1,1,2,1,0,18,10,12)
1060:(1,1,1,2,1,0,19,10,12)
1061:(1,0,1,2,2,0,13,10,12)
1062:(1,1,1,2,1,0,10,10,10)
1063:(1,1,1,2,1,0,10,10,9)
1064:(1,1,1,2,1,0,10,8,9)
1065:(1,2,0,1,0,2,11,11,10)
1066:(1,1,1,0,1,2,10,11,11)
1067:(1,2,1,1,0,1,14,12,9)
1068:(1,2,2,0,0,1,15,9,11)
1069:(1,1,2,0,1,1,10,10,9)
1070:(1,2,2,0,0,1,17,8,8)
1071:(1,2,2,0,0,1,17,9,8)
1072:(1,2,2,0,0,1,18,8,9)
1073:(1,2,2,0,0,1,19,8,9)
1074:(1,1,1,2,1,0,19,10,11)
1075:(1,1,0,2,1,1,14,9,11)
1076:(1,1,0,2,1,1,11,13,11)
1077:(1,1,0,2,1,1,16,10,11)
1078:(1,1,0,2,1,1,17,11,11)
1079:(1,1,0,2,1,1,15,13,11)
1080:(1,1,0,2,1,1,15,12,11)
1081:(1,2,1,2,0,0,14,9,9)
1082:(1,2,1,2,0,0,14,10,8)
1083:(1,2,0,3,0,0,14,10,11)
1084:(1,2,1,1,0,1,15,12,10)
1085:(1,2,1,1,0,1,16,12,10)
1086:(1,1,2,1,1,0,14,11,9)
1087:(1,1,1,0,1,2,11,12,10)
1088:(1,2,2,0,0,1,14,11,9)
1089:(1,2,1,1,0,1,15,12,9)
1090:(1,2,0,2,0,1,13,9,10)
1091:(1,2,0,2,0,1,18,10,10)
1092:(1,2,0,2,0,1,12,12,10)
1093:(1,0,0,3,2,0,13,10,11)
1094:(1,0,1,2,2,0,14,10,9)
1095:(1,0,1,1,2,1,11,10,8)
1096:(1,1,1,2,1,0,12,11,9)
1097:(1,0,0,2,2,1,12,12,11)
1098:(1,0,0,1,2,2,12,12,11)
1099:(1,0,1,0,2,2,12,10,8)
1100:(1,0,2,1,2,0,12,9,8)
1101:(1,0,0,1,2,2,12,11,9)
1102:(1,0,0,1,2,2,12,10,11)
1103:(1,0,1,0,2,2,12,11,10)
1104:(1,0,0,3,2,0,12,12,11)
1105:(1,0,0,3,2,0,12,9,11)
1106:(1,0,1,2,2,0,12,9,11)
1107:(1,0,1,2,2,0,12,11,9)
1108:(1,0,2,1,2,0,12,8,10)
1109:(1,2,0,2,0,1,12,10,9)
1110:(1,1,0,2,1,1,12,9,10)
1111:(1,2,0,2,0,1,12,9,10)
1112:(1,2,0,2,0,1,12,12,9)
1113:(1,2,1,2,0,0,12,8,9)
1114:(1,1,2,1,1,0,13,8,8)
1115:(1,1,2,1,1,0,14,8,8)
1116:(1,1,2,1,1,0,15,8,8)
1117:(1,1,0,3,1,0,14,13,11)
1118:(1,1,0,3,1,0,12,13,11)
1119:(1,2,2,0,0,1,13,7,10)
1120:(1,2,2,1,0,0,12,7,9)
1121:(1,2,1,2,0,0,12,8,11)
1122:(1,1,0,1,1,2,10,12,12)
1123:(1,1,0,2,1,1,10,11,12)
1124:(1,1,1,1,1,1,15,11,8)
1125:(1,1,1,2,1,0,15,11,8)
1126:(1,0,2,0,2,1,12,10,8)
1127:(1,0,1,2,2,0,14,11,8)
1128:(1,0,2,1,2,0,10,10,9)
1129:(1,2,0,2,0,1,19,10,10)
1130:(1,1,2,1,1,0,15,10,7)
1131:(1,1,0,1,1,2,12,12,9)
1132:(1,1,0,1,1,2,13,12,9)
1133:(1,1,0,1,1,2,11,13,9)
1134:(1,2,0,3,0,0,17,12,10)
1135:(1,2,0,3,0,0,14,12,10)
1136:(1,1,0,2,1,1,11,11,8)
1137:(1,2,0,2,0,1,15,11,8)
1138:(1,2,0,2,0,1,15,12,8)
1139:(1,2,1,1,0,1,16,12,9)
1140:(1,2,1,1,0,1,16,10,8)
1141:(1,2,2,1,0,0,16,9,6)
1142:(1,0,0,3,2,0,12,12,10)
1143:(1,2,0,2,0,1,18,10,8)
1144:(1,2,0,2,0,1,19,10,8)
1145:(1,2,0,2,0,1,18,9,9)
1146:(1,2,0,2,0,1,19,9,9)
1147:(1,2,0,2,0,1,18,9,10)
1148:(1,2,0,2,0,1,19,9,10)
1149:(1,2,0,2,0,1,14,9,10)
1150:(1,2,0,2,0,1,14,10,9)
1151:(1,1,1,0,1,2,13,10,8)
1152:(1,0,1,1,2,1,13,11,10)
1153:(1,0,1,2,2,0,13,10,10)
1154:(1,1,0,2,1,1,11,12,12)
1155:(1,2,0,2,0,1,11,10,9)
1156:(1,2,0,2,0,1,11,11,12)
1157:(1,2,0,2,0,1,15,13,9)
1158:(1,2,0,2,0,1,11,9,9)
1159:(1,1,2,1,1,0,14,9,11)
1160:(1,0,1,1,2,1,12,9,8)
1161:(1,2,0,2,0,1,16,12,10)
1162:(1,2,0,2,0,1,14,11,8)
1163:(1,2,0,2,0,1,12,11,12)
1164:(1,2,0,2,0,1,15,10,8)
1165:(1,2,0,2,0,1,15,11,7)
1166:(1,2,0,2,0,1,15,10,7)
1167:(1,2,0,2,0,1,15,11,12)
1168:(1,2,0,2,0,1,18,11,8)
1169:(1,2,0,3,0,0,19,11,8)
1170:(1,2,0,2,0,1,19,11,8)
1171:(1,2,0,2,0,1,13,11,8)
1172:(1,2,0,2,0,1,11,11,8)
1173:(1,2,0,2,0,1,13,11,12)
1174:(1,0,1,0,2,2,11,10,10)
1175:(1,0,2,1,2,0,14,9,9)
1176:(1,1,1,0,1,2,10,10,11)
1177:(1,0,0,3,2,0,11,10,10)
1178:(1,2,1,0,0,2,12,9,9)
1179:(1,1,1,0,1,2,13,10,11)
1180:(1,1,1,0,1,2,11,10,11)
1181:(1,0,1,1,2,1,11,10,11)
1182:(1,2,1,1,0,1,11,10,11)
1183:(1,0,0,2,2,1,12,10,10)
1184:(1,0,0,2,2,1,10,10,10)
1185:(1,1,0,2,1,1,15,10,10)
1186:(1,0,0,3,2,0,15,10,10)
1187:(1,0,0,3,2,0,11,12,10)
1188:(1,1,0,1,1,2,12,11,12)
1189:(1,1,1,1,1,1,13,9,8)
1190:(1,2,0,3,0,0,19,10,8)
1191:(1,2,0,3,0,0,19,9,10)
1192:(1,1,2,0,1,1,12,7,10)
1193:(1,2,2,0,0,1,10,7,10)
1194:(1,2,2,1,0,0,11,7,10)
1195:(1,0,2,1,2,0,11,7,10)
1196:(1,0,0,3,2,0,10,12,11)
1197:(1,1,1,1,1,1,13,10,7)
1198:(1,2,0,3,0,0,17,10,12)
1199:(1,1,0,3,1,0,17,11,12)
1200:(1,0,0,3,2,0,16,11,11)
1201:(1,0,0,3,2,0,15,12,11)
1202:(1,1,0,3,1,0,17,12,11)
1203:(1,1,0,3,1,0,13,13,11)
1204:(1,1,0,3,1,0,11,11,11)
1205:(1,2,0,3,0,0,16,10,11)
1206:(1,1,1,2,1,0,12,8,10)
1207:(1,0,1,2,2,0,13,10,11)
1208:(1,0,0,3,2,0,13,11,12)
1209:(1,2,1,2,0,0,15,9,12)
1210:(1,2,1,2,0,0,15,11,12)
1211:(1,1,1,2,1,0,14,9,12)
1212:(1,1,0,3,1,0,14,9,12)
1213:(1,2,0,3,0,0,15,10,12)
1214:(1,0,0,3,2,0,12,11,12)
1215:(1,1,0,3,1,0,13,12,12)
1216:(1,1,0,3,1,0,12,11,12)
1217:(1,2,0,3,0,0,14,11,12)
1218:(1,2,0,3,0,0,14,10,12)
1219:(1,0,0,3,2,0,13,12,9)
1220:(1,2,0,3,0,0,15,13,11)
1221:(1,1,0,3,1,0,15,12,11)
1222:(1,0,0,3,2,0,11,12,11)
1223:(1,2,0,2,0,1,16,10,11)
1224:(1,2,0,2,0,1,13,10,12)
1225:(1,2,0,2,0,1,14,10,11)
1226:(1,2,0,2,0,1,13,12,11)
1227:(1,2,0,2,0,1,15,12,11)
1228:(1,0,0,2,2,1,13,12,11)
1229:(1,1,0,1,1,2,13,12,11)
1230:(1,0,0,2,2,1,14,12,11)
1231:(1,2,0,1,0,2,14,13,10)
1232:(1,0,1,0,2,2,10,9,11)
1233:(1,1,0,0,1,3,11,12,11)
1234:(1,2,1,2,0,0,14,11,11)
1235:(1,0,1,1,2,1,12,11,8)
1236:(1,0,1,1,2,1,9,11,9)
1237:(1,0,1,1,2,1,11,11,9)
1238:(1,0,1,1,2,1,13,11,9)
1239:(1,0,1,1,2,1,14,11,9)
1240:(1,2,0,1,0,2,14,13,9)
1241:(1,2,1,0,0,2,13,11,9)
1242:(1,2,0,1,0,2,12,11,9)
1243:(1,2,0,2,0,1,13,12,9)
1244:(1,2,1,1,0,1,13,12,9)
1245:(1,2,1,1,0,1,13,9,9)
1246:(1,2,2,0,0,1,13,7,9)
1247:(1,2,0,0,0,3,13,11,9)
1248:(1,1,2,1,1,0,15,10,8)
1249:(1,1,2,1,1,0,17,9,11)
1250:(1,0,0,3,2,0,16,12,11)
1251:(1,1,0,2,1,1,18,11,9)
1252:(1,1,0,3,1,0,19,11,9)
1253:(1,1,1,1,1,1,18,10,10)
1254:(1,1,0,1,1,2,11,13,11)
1255:(1,1,0,3,1,0,13,12,9)
1256:(1,1,1,1,1,1,11,11,11)
1257:(1,1,1,1,1,1,17,10,11)
1258:(1,0,0,3,2,0,11,11,8)
1259:(1,1,3,0,1,0,14,7,9)
1260:(1,1,3,0,1,0,14,7,10)
1261:(1,1,1,0,1,2,13,11,10)
1262:(1,1,2,0,1,1,11,11,10)
1263:(1,1,2,0,1,1,15,10,8)
1264:(1,1,2,0,1,1,15,9,8)
1265:(1,1,1,1,1,1,19,10,10)
1266:(1,1,0,2,1,1,19,11,9)
1267:(1,1,2,1,1,0,16,9,11)
1268:(1,1,2,1,1,0,17,8,10)
1269:(1,1,2,1,1,0,17,10,10)
1270:(1,1,2,0,1,1,17,10,10)
1271:(1,1,2,0,1,1,17,8,10)
1272:(1,1,2,1,1,0,16,8,10)
1273:(1,1,2,1,1,0,15,8,10)
1274:(1,1,2,1,1,0,12,9,8)
1275:(1,1,2,0,1,1,16,9,8)
1276:(1,1,2,1,1,0,16,9,8)
1277:(1,1,2,0,1,1,17,9,9)
1278:(1,1,2,1,1,0,14,10,8)
1279:(1,0,0,0,2,3,9,11,11)
1280:(1,2,0,3,0,0,13,10,11)
1281:(1,1,0,1,1,2,9,12,11)
1282:(1,2,1,0,0,2,13,10,11)
1283:(1,2,0,3,0,0,12,9,10)
1284:(1,2,1,2,0,0,15,11,7)
1285:(1,0,0,2,2,1,10,11,12)
1286:(1,1,0,3,1,0,18,11,12)
1287:(1,1,0,3,1,0,19,11,12)
1288:(1,1,0,3,1,0,15,11,9)
1289:(1,1,0,3,1,0,17,11,9)
1290:(1,1,0,3,1,0,12,12,9)
1291:(1,1,0,3,1,0,11,12,9)
1292:(1,1,0,3,1,0,11,10,9)
1293:(1,1,0,3,1,0,15,12,9)
1294:(1,1,0,3,1,0,14,10,9)
1295:(1,1,0,3,1,0,17,12,9)
1296:(1,1,0,3,1,0,16,10,9)
1297:(1,1,0,3,1,0,17,10,9)
1298:(1,2,0,3,0,0,17,13,9)
1299:(1,1,1,0,1,2,14,10,10)
1300:(1,0,3,0,2,0,10,9,10)
1301:(1,2,2,1,0,0,13,9,8)
1302:(1,2,2,1,0,0,12,9,8)
1303:(1,2,1,2,0,0,17,11,11)
1304:(1,2,1,2,0,0,15,12,11)
1305:(1,0,1,2,2,0,11,11,11)
1306:(1,0,1,2,2,0,10,9,10)
1307:(1,0,1,2,2,0,11,10,8)
1308:(1,0,1,2,2,0,13,11,9)
1309:(1,0,1,2,2,0,12,10,12)
1310:(1,0,1,2,2,0,10,11,11)
1311:(1,0,1,2,2,0,16,11,11)
1312:(1,0,1,2,2,0,16,10,11)
1313:(1,1,1,2,1,0,11,10,8)
1314:(1,0,1,2,2,0,12,10,8)
1315:(1,2,1,2,0,0,18,10,8)
1316:(1,2,1,2,0,0,19,10,8)
1317:(1,2,1,2,0,0,17,10,8)
1318:(1,1,2,1,1,0,16,10,8)
1319:(1,2,2,1,0,0,17,8,8)
1320:(1,2,2,1,0,0,17,10,8)
1321:(1,2,2,1,0,0,18,10,8)
1322:(1,2,2,1,0,0,19,10,8)
1323:(1,2,0,3,0,0,19,11,12)
1324:(1,1,1,1,1,1,17,9,10)
1325:(1,1,1,1,1,1,18,9,10)
1326:(1,1,1,1,1,1,19,9,10)
1327:(1,1,1,1,1,1,18,11,10)
1328:(1,1,1,1,1,1,19,11,10)
1329:(1,1,0,3,1,0,15,11,8)
1330:(1,1,0,3,1,0,15,12,8)
1331:(1,1,0,3,1,0,13,13,10)
1332:(1,1,0,3,1,0,12,12,8)
1333:(1,1,0,3,1,0,17,12,10)
1334:(1,1,0,3,1,0,11,12,10)
1335:(1,1,0,3,1,0,14,13,9)
1336:(1,1,0,3,1,0,10,10,9)
1337:(1,1,0,3,1,0,15,10,9)
1338:(1,1,0,3,1,0,14,11,8)
1339:(1,1,0,3,1,0,14,9,9)
1340:(1,1,0,3,1,0,10,11,11)
1341:(1,0,1,1,2,1,10,11,11)
1342:(1,0,2,0,2,1,10,9,9)
1343:(1,1,0,3,1,0,11,9,10)
1344:(1,1,2,0,1,1,13,11,9)
1345:(1,0,2,0,2,1,12,10,9)
1346:(1,2,1,0,0,2,11,10,10)
1347:(1,2,0,1,0,2,13,12,11)
1348:(1,1,0,2,1,1,18,11,11)
1349:(1,1,0,2,1,1,19,11,11)
1350:(1,1,2,0,1,1,17,9,10)
1351:(1,1,2,0,1,1,18,9,10)
1352:(1,1,2,0,1,1,19,9,10)
1353:(1,1,2,1,1,0,19,9,10)
1354:(1,1,2,1,1,0,18,9,10)
1355:(1,1,1,2,1,0,18,9,10)
1356:(1,2,1,0,0,2,14,10,8)
1357:(1,2,3,0,0,0,13,7,8)
1358:(1,1,3,0,1,0,11,7,8)
1359:(1,1,1,0,1,2,10,9,9)
1360:(1,1,1,0,1,2,10,8,10)
1361:(1,0,1,0,2,2,11,9,8)
1362:(1,1,1,0,1,2,12,11,9)
1363:(1,0,1,0,2,2,10,10,10)
1364:(1,0,1,0,2,2,10,10,11)
1365:(1,2,1,0,0,2,13,12,10)
1366:(1,1,1,0,1,2,13,12,10)
1367:(1,0,1,0,2,2,12,11,9)
1368:(1,0,2,1,2,0,11,9,10)
1369:(1,1,2,1,1,0,13,10,10)
1370:(1,0,2,1,2,0,14,9,11)
1371:(1,2,2,1,0,0,18,9,11)
1372:(1,1,2,1,1,0,14,8,11)
1373:(1,0,1,2,2,0,12,10,11)
1374:(1,2,2,1,0,0,16,11,8)
1375:(1,1,3,0,1,0,14,8,9)
1376:(1,2,1,2,0,0,11,10,11)
1377:(1,2,1,1,0,1,10,8,10)
1378:(1,1,2,1,1,0,11,7,9)
1379:(1,1,2,1,1,0,11,7,10)
1380:(1,1,2,1,1,0,14,11,10)
1381:(1,1,0,2,1,1,15,12,10)
1382:(1,1,1,1,1,1,15,12,10)
1383:(1,1,0,2,1,1,11,11,12)
1384:(1,1,0,2,1,1,14,12,9)
1385:(1,1,0,2,1,1,14,10,9)
1386:(1,1,0,2,1,1,13,10,9)
1387:(1,1,0,2,1,1,15,10,9)
1388:(1,1,0,2,1,1,15,12,9)
1389:(1,1,0,2,1,1,10,9,10)
1390:(1,1,0,2,1,1,10,10,12)
1391:(1,1,0,2,1,1,10,13,11)
1392:(1,1,0,2,1,1,10,12,12)
1393:(1,2,1,0,0,2,11,9,10)
1394:(1,1,2,0,1,1,10,8,9)
1395:(1,0,3,0,2,0,10,9,9)
1396:(1,0,0,2,2,1,11,10,12)
1397:(1,1,0,1,1,2,11,10,12)
1398:(1,1,0,0,1,3,11,10,11)
1399:(1,1,0,1,1,2,13,10,11)
1400:(1,1,0,0,1,3,9,10,10)
1401:(1,1,0,0,1,3,10,10,10)
1402:(1,1,0,1,1,2,10,9,10)
1403:(1,1,0,1,1,2,10,11,10)
1404:(1,1,0,3,1,0,10,9,10)
1405:(1,2,2,1,0,0,19,9,11)
1406:(1,2,2,0,0,1,13,11,9)
1407:(1,2,2,1,0,0,14,8,8)
1408:(1,2,2,1,0,0,13,8,8)
1409:(1,0,0,2,2,1,11,12,10)
1410:(1,1,1,1,1,1,13,12,9)
1411:(1,0,1,1,2,1,12,11,9)
1412:(1,2,1,1,0,1,15,11,7)
1413:(1,2,1,1,0,1,16,11,8)
1414:(1,2,1,1,0,1,14,11,8)
1415:(1,2,3,0,0,0,15,8,10)
1416:(1,1,1,0,1,2,12,11,8)
1417:(1,1,1,0,1,2,11,12,9)
1418:(1,2,0,1,0,2,14,11,9)
1419:(1,2,1,1,0,1,13,9,11)
1420:(1,1,0,1,1,2,12,13,10)
1421:(1,1,1,0,1,2,11,11,11)
1422:(1,0,1,0,2,2,13,11,9)
1423:(1,1,0,0,1,3,10,11,11)
1424:(1,2,0,3,0,0,14,13,10)
1425:(1,2,1,2,0,0,13,9,11)
1426:(1,1,1,0,1,2,13,11,9)
1427:(1,1,0,3,1,0,13,11,8)
1428:(1,1,0,3,1,0,11,11,12)
1429:(1,0,1,1,2,1,13,9,9)
1430:(1,2,1,0,0,2,14,11,8)
1431:(1,1,1,2,1,0,12,10,12)
1432:(1,1,1,1,1,1,13,12,10)
1433:(1,1,1,1,1,1,17,9,11)
1434:(1,2,3,0,0,0,16,9,9)
1435:(1,2,3,0,0,0,18,9,9)
1436:(1,2,3,0,0,0,13,9,9)
1437:(1,2,3,0,0,0,14,9,9)
1438:(1,2,3,0,0,0,14,7,9)
1439:(1,2,3,0,0,0,12,9,9)
1440:(1,2,3,0,0,0,19,9,9)
1441:(1,2,2,0,0,1,15,7,9)
1442:(1,2,2,0,0,1,16,7,9)
1443:(1,2,2,0,0,1,18,7,9)
1444:(1,2,2,0,0,1,17,7,9)
1445:(1,2,2,0,0,1,11,7,9)
1446:(1,2,2,1,0,0,19,7,9)
1447:(1,2,2,0,0,1,19,7,9)
1448:(1,0,0,2,2,1,15,10,11)
1449:(1,0,0,2,2,1,14,10,11)
1450:(1,0,0,2,2,1,13,10,11)
1451:(1,0,0,2,2,1,9,10,11)
1452:(1,2,0,2,0,1,13,10,11)
1453:(1,2,0,2,0,1,10,10,11)
1454:(1,1,0,2,1,1,9,10,11)
1455:(1,2,0,2,0,1,18,10,11)
1456:(1,2,0,2,0,1,19,10,11)
1457:(1,2,2,0,0,1,15,10,6)
1458:(1,1,2,0,1,1,15,8,9)
1459:(1,0,2,1,2,0,11,9,9)
1460:(1,0,2,1,2,0,13,8,9)
1461:(1,1,2,1,1,0,16,10,9)
1462:(1,1,2,1,1,0,15,10,9)
1463:(1,1,2,1,1,0,12,10,9)
1464:(1,0,2,1,2,0,12,10,9)
1465:(1,1,2,1,1,0,13,10,9)
1466:(1,1,2,1,1,0,17,10,9)
1467:(1,1,2,1,1,0,18,10,10)
1468:(1,2,1,2,0,0,13,11,11)
1469:(1,1,1,2,1,0,14,11,8)
1470:(1,0,0,3,2,0,17,11,11)
1471:(1,2,0,0,0,3,12,10,11)
1472:(1,0,0,3,2,0,14,9,11)
1473:(1,1,1,2,1,0,11,11,11)
1474:(1,1,1,1,1,1,13,11,8)
1475:(1,1,0,2,1,1,13,12,12)
1476:(1,1,0,2,1,1,11,9,10)
1477:(1,1,0,2,1,1,13,9,10)
1478:(1,1,0,2,1,1,10,13,10)
1479:(1,1,0,2,1,1,11,13,10)
1480:(1,1,0,2,1,1,8,10,10)
1481:(1,1,0,2,1,1,9,9,10)
1482:(1,2,0,3,0,0,19,10,11)
1483:(1,1,2,1,1,0,19,10,10)
1484:(1,0,1,0,2,2,10,11,10)
1485:(1,2,0,1,0,2,12,10,11)
1486:(1,1,0,1,1,2,10,10,11)
1487:(1,1,0,2,1,1,8,9,10)
1488:(1,1,0,2,1,1,10,9,11)
1489:(1,0,1,2,2,0,14,10,10)
1490:(1,1,1,0,1,2,12,9,8)
1491:(1,0,1,0,2,2,12,9,8)
1492:(1,1,1,0,1,2,13,11,8)
1493:(1,1,1,0,1,2,14,10,8)
1494:(1,0,0,1,2,2,11,10,9)
1495:(1,1,2,0,1,1,16,10,9)
1496:(1,1,2,1,1,0,11,10,11)
1497:(1,1,1,1,1,1,15,9,11)
1498:(1,1,3,0,1,0,11,7,9)
1499:(1,1,1,1,1,1,16,11,11)
1500:(1,1,2,0,1,1,16,9,11)
1501:(1,2,3,0,0,0,17,9,8)
1502:(1,2,3,0,0,0,18,9,8)
1503:(1,2,3,0,0,0,15,9,8)
1504:(1,1,3,0,1,0,15,9,7)
1505:(1,1,3,0,1,0,17,9,9)
1506:(1,2,1,0,0,2,14,10,10)
1507:(1,2,0,1,0,2,13,10,11)
1508:(1,2,2,1,0,0,17,10,11)
1509:(1,2,2,1,0,0,13,10,11)
1510:(1,2,2,1,0,0,14,10,11)
1511:(1,2,1,2,0,0,14,10,12)
1512:(1,2,1,2,0,0,17,10,12)
1513:(1,2,1,2,0,0,16,10,6)
1514:(1,0,1,2,2,0,15,9,10)
1515:(1,0,1,2,2,0,15,11,10)
1516:(1,0,1,2,2,0,17,11,10)
1517:(1,0,1,2,2,0,17,9,10)
1518:(1,0,1,2,2,0,11,8,10)
1519:(1,0,1,2,2,0,13,12,10)
1520:(1,0,1,2,2,0,10,8,10)
1521:(1,0,1,2,2,0,16,10,10)
1522:(1,0,1,2,2,0,15,10,10)
1523:(1,0,1,2,2,0,14,11,10)
1524:(1,0,1,2,2,0,12,8,10)
1525:(1,0,1,2,2,0,11,10,10)
1526:(1,0,1,2,2,0,11,9,10)
1527:(1,0,1,2,2,0,9,10,10)
1528:(1,0,1,2,2,0,10,10,10)
1529:(1,0,1,2,2,0,14,9,10)
1530:(1,0,1,2,2,0,16,11,10)
1531:(1,2,3,0,0,0,19,9,8)
1532:(1,2,0,3,0,0,13,12,11)
1533:(1,2,2,0,0,1,10,9,10)
1534:(1,2,1,0,0,2,12,12,10)
1535:(1,2,0,0,0,3,12,10,10)
1536:(1,2,0,0,0,3,12,11,10)
1537:(1,2,2,0,0,1,16,11,10)
1538:(1,2,2,0,0,1,13,11,10)
1539:(1,2,2,0,0,1,15,7,10)
1540:(1,0,1,2,2,0,12,8,11)
1541:(1,0,0,3,2,0,16,13,11)
1542:(1,0,2,0,2,1,13,10,9)
1543:(1,2,0,2,0,1,14,13,9)
1544:(1,1,1,2,1,0,16,9,11)
1545:(1,1,1,2,1,0,18,9,11)
1546:(1,1,1,2,1,0,17,11,11)
1547:(1,1,1,2,1,0,15,9,8)
1548:(1,1,1,2,1,0,15,12,10)
1549:(1,1,1,2,1,0,15,11,11)
1550:(1,1,1,2,1,0,15,9,12)
1551:(1,1,1,2,1,0,15,10,7)
1552:(1,1,1,2,1,0,15,11,7)
1553:(-1,-1,-1,-1,-1,-1,-1,-1,-1)