(codY,flache,SigD_hag,hag,CodY_flache,CodY_hag,CodY,SigD,Hag)
0:(1,1,1,1,1,1,18,10,10)
1:(1,1,1,1,1,1,19,10,10)
2:(1,1,1,1,1,1,17,10,10)
3:(1,1,1,1,1,1,16,10,10)
4:(1,1,1,1,1,1,15,10,10)
5:(1,1,1,1,1,1,14,10,10)
6:(1,1,1,1,1,1,13,10,10)
7:(1,1,1,1,1,1,12,10,10)
8:(1,1,1,1,1,1,11,10,10)
9:(1,1,1,1,1,1,10,10,10)
10:(1,2,1,1,0,1,19,10,10)
11:(1,1,1,2,1,0,19,10,10)
12:(1,2,1,1,0,1,18,10,10)
13:(1,2,1,2,0,0,19,10,10)
14:(1,1,1,2,1,0,18,10,10)
15:(1,2,1,1,0,1,17,10,10)
16:(1,2,1,2,0,0,18,10,10)
17:(1,1,1,2,1,0,17,10,10)
18:(1,2,1,1,0,1,16,10,10)
19:(1,2,1,2,0,0,17,10,10)
20:(1,1,1,2,1,0,16,10,10)
21:(1,2,1,1,0,1,15,10,10)
22:(1,2,1,2,0,0,16,10,10)
23:(1,1,1,2,1,0,15,10,10)
24:(1,2,1,1,0,1,14,10,10)
25:(1,2,1,2,0,0,15,10,10)
26:(1,1,1,2,1,0,14,10,10)
27:(1,2,1,1,0,1,13,10,10)
28:(1,2,1,2,0,0,14,10,10)
29:(1,1,1,2,1,0,13,10,10)
30:(1,2,1,1,0,1,12,10,10)
31:(1,2,1,2,0,0,13,10,10)
32:(1,1,1,2,1,0,12,10,10)
33:(1,2,1,1,0,1,11,10,10)
34:(1,2,1,2,0,0,12,10,10)
35:(1,1,1,2,1,0,11,10,10)
36:(1,2,1,1,0,1,18,10,9)
37:(1,2,1,1,0,1,19,10,9)
38:(1,2,1,2,0,0,18,10,9)
39:(1,2,1,2,0,0,19,10,9)
40:(1,2,0,3,0,0,18,11,10)
41:(1,2,0,2,0,1,18,11,10)
42:(1,2,1,2,0,0,18,11,10)
43:(1,2,1,1,0,1,18,11,10)
44:(1,0,1,1,2,1,9,10,10)
45:(1,0,1,1,2,1,10,10,10)
46:(1,0,1,1,2,1,12,10,10)
47:(1,2,1,1,0,1,10,10,10)
48:(1,0,1,1,2,1,13,10,10)
49:(1,0,1,1,2,1,17,10,10)
50:(1,0,1,1,2,1,16,10,10)
51:(1,0,1,1,2,1,15,10,10)
52:(1,0,1,1,2,1,14,10,10)
53:(1,0,1,1,2,1,11,10,10)
54:(1,1,1,1,1,1,9,10,10)
55:(1,2,0,3,0,0,17,11,10)
56:(1,2,2,1,0,0,18,9,10)
57:(1,1,0,3,1,0,18,11,11)
58:(1,2,0,3,0,0,19,11,11)
59:(1,1,0,2,1,1,18,11,11)
60:(1,2,0,2,0,1,19,11,11)
61:(1,2,0,3,0,0,18,11,11)
62:(1,1,0,3,1,0,19,11,11)
63:(1,1,1,1,1,1,18,10,9)
64:(1,1,1,2,1,0,19,10,9)
65:(1,1,1,1,1,1,18,9,10)
66:(1,2,1,1,0,1,19,9,10)
67:(1,1,2,0,1,1,18,9,10)
68:(1,2,2,0,0,1,19,9,10)
69:(1,1,2,0,1,1,19,9,10)
70:(1,1,1,1,1,1,18,11,10)
71:(1,1,1,1,1,1,19,11,10)
72:(1,1,1,2,1,0,19,11,10)
73:(1,1,1,2,1,0,19,9,10)
74:(1,1,2,1,1,0,19,9,10)
75:(1,1,0,2,1,1,18,11,10)
76:(1,1,0,3,1,0,19,11,10)
77:(1,1,0,2,1,1,19,11,10)
78:(1,1,1,1,1,1,19,9,10)
79:(1,2,0,2,0,1,19,11,10)
80:(1,2,1,1,0,1,19,11,10)
81:(1,2,0,3,0,0,19,11,10)
82:(1,2,2,0,0,1,18,9,10)
83:(1,2,2,1,0,0,19,9,10)
84:(1,2,1,2,0,0,19,11,10)
85:(1,2,1,1,0,1,18,9,10)
86:(1,2,1,2,0,0,19,9,10)
87:(1,1,1,2,1,0,18,11,10)
88:(1,2,1,2,0,0,18,9,10)
89:(1,1,0,3,1,0,18,11,10)
90:(1,1,2,1,1,0,18,9,10)
91:(1,1,1,2,1,0,18,9,10)
92:(1,2,1,2,0,0,16,11,10)
93:(1,2,1,2,0,0,17,11,10)
94:(1,2,2,1,0,0,17,9,10)
95:(1,2,1,2,0,0,17,9,10)
96:(1,2,2,1,0,0,15,9,10)
97:(1,2,2,1,0,0,12,9,10)
98:(1,2,1,2,0,0,11,10,10)
99:(1,2,1,0,0,2,10,10,10)
100:(1,2,1,0,0,2,11,10,10)
101:(1,2,1,0,0,2,17,10,10)
102:(1,2,1,0,0,2,16,10,10)
103:(1,2,1,0,0,2,15,10,10)
104:(1,2,1,0,0,2,14,10,10)
105:(1,2,1,0,0,2,12,10,10)
106:(1,2,1,0,0,2,13,10,10)
107:(1,1,1,0,1,2,15,10,10)
108:(1,1,1,0,1,2,11,10,10)
109:(1,1,1,0,1,2,12,10,10)
110:(1,1,1,0,1,2,9,10,10)
111:(1,1,1,0,1,2,10,10,10)
112:(1,1,1,0,1,2,13,10,10)
113:(1,1,1,0,1,2,17,10,10)
114:(1,1,1,0,1,2,16,10,10)
115:(1,1,1,0,1,2,14,10,10)
116:(1,2,0,2,0,1,18,11,11)
117:(1,1,0,2,1,1,19,11,11)
118:(1,2,1,2,0,0,13,11,10)
119:(1,1,1,1,1,1,19,10,9)
120:(1,0,1,2,2,0,16,10,10)
121:(1,0,1,2,2,0,15,10,10)
122:(1,0,1,2,2,0,11,10,10)
123:(1,0,1,2,2,0,17,10,10)
124:(1,0,1,2,2,0,10,10,10)
125:(1,0,1,2,2,0,13,10,10)
126:(1,0,1,2,2,0,12,10,10)
127:(1,0,1,2,2,0,14,10,10)
128:(1,1,1,2,1,0,10,10,10)
129:(1,1,0,2,1,1,17,11,10)
130:(1,1,2,0,1,1,17,9,10)
131:(1,1,1,1,1,1,17,11,10)
132:(1,1,1,1,1,1,14,11,10)
133:(1,1,1,1,1,1,12,11,10)
134:(1,1,1,1,1,1,10,11,10)
135:(1,1,1,1,1,1,15,11,10)
136:(1,1,1,1,1,1,11,11,10)
137:(1,1,1,1,1,1,13,11,10)
138:(1,1,1,1,1,1,16,11,10)
139:(1,1,1,1,1,1,16,9,10)
140:(1,1,1,1,1,1,13,9,10)
141:(1,1,1,1,1,1,11,9,10)
142:(1,1,1,1,1,1,15,9,10)
143:(1,1,1,1,1,1,12,9,10)
144:(1,1,1,1,1,1,10,9,10)
145:(1,1,1,1,1,1,14,9,10)
146:(1,1,1,1,1,1,17,9,10)
147:(1,2,1,1,0,1,15,11,10)
148:(1,2,1,1,0,1,11,11,10)
149:(1,2,1,1,0,1,12,11,10)
150:(1,2,1,1,0,1,14,11,10)
151:(1,2,1,1,0,1,16,11,10)
152:(1,2,1,1,0,1,13,11,10)
153:(1,2,1,1,0,1,17,11,10)
154:(1,2,1,1,0,1,12,9,10)
155:(1,2,1,1,0,1,17,9,10)
156:(1,2,1,1,0,1,13,9,10)
157:(1,2,1,1,0,1,16,9,10)
158:(1,2,1,1,0,1,14,9,10)
159:(1,2,1,1,0,1,11,9,10)
160:(1,2,1,1,0,1,15,9,10)
161:(1,1,1,2,1,0,17,11,10)
162:(1,1,1,2,1,0,13,11,10)
163:(1,1,1,2,1,0,16,11,10)
164:(1,1,1,2,1,0,11,11,10)
165:(1,1,1,2,1,0,12,11,10)
166:(1,1,1,2,1,0,18,10,9)
167:(1,2,0,3,0,0,13,11,10)
168:(1,2,2,1,0,0,13,9,10)
169:(1,2,1,2,0,0,13,9,10)
170:(1,2,0,3,0,0,14,11,10)
171:(1,1,0,3,1,0,13,11,10)
172:(1,1,2,1,1,0,13,9,10)
173:(1,1,1,2,1,0,13,9,10)
174:(1,2,1,2,0,0,14,11,10)
175:(1,2,1,2,0,0,12,11,10)
176:(1,2,1,2,0,0,15,11,10)
177:(1,1,1,2,1,0,14,11,10)
178:(1,1,1,2,1,0,15,11,10)
179:(1,1,1,2,1,0,11,9,10)
180:(1,1,1,2,1,0,14,9,10)
181:(1,1,1,2,1,0,16,9,10)
182:(1,1,1,2,1,0,15,9,10)
183:(1,1,1,2,1,0,12,9,10)
184:(1,1,1,2,1,0,17,9,10)
185:(1,1,0,3,1,0,17,11,10)
186:(1,2,0,3,0,0,16,11,10)
187:(1,2,0,3,0,0,12,11,10)
188:(1,2,0,3,0,0,15,11,10)
189:(1,1,0,3,1,0,11,11,10)
190:(1,1,0,3,1,0,12,11,10)
191:(1,1,0,3,1,0,16,11,10)
192:(1,1,0,3,1,0,14,11,10)
193:(1,1,0,3,1,0,15,11,10)
194:(1,1,2,1,1,0,11,9,10)
195:(1,1,2,1,1,0,12,9,10)
196:(1,1,2,1,1,0,16,9,10)
197:(1,1,2,1,1,0,14,9,10)
198:(1,1,2,1,1,0,15,9,10)
199:(1,1,2,1,1,0,17,9,10)
200:(1,1,0,2,1,1,14,11,10)
201:(1,1,0,2,1,1,16,11,10)
202:(1,1,0,2,1,1,15,11,10)
203:(1,1,0,2,1,1,10,11,10)
204:(1,1,0,2,1,1,11,11,10)
205:(1,1,0,2,1,1,12,11,10)
206:(1,1,0,2,1,1,13,11,10)
207:(1,1,2,0,1,1,14,9,10)
208:(1,1,2,0,1,1,16,9,10)
209:(1,1,2,0,1,1,15,9,10)
210:(1,1,2,0,1,1,10,9,10)
211:(1,1,2,0,1,1,11,9,10)
212:(1,1,2,0,1,1,12,9,10)
213:(1,1,2,0,1,1,13,9,10)
214:(1,2,0,2,0,1,14,11,10)
215:(1,2,0,2,0,1,16,11,10)
216:(1,2,0,2,0,1,12,11,10)
217:(1,2,0,2,0,1,15,11,10)
218:(1,2,0,2,0,1,13,11,10)
219:(1,2,0,2,0,1,11,11,10)
220:(1,2,0,2,0,1,17,11,10)
221:(1,2,2,0,0,1,14,9,10)
222:(1,2,2,0,0,1,16,9,10)
223:(1,2,2,0,0,1,12,9,10)
224:(1,2,2,0,0,1,15,9,10)
225:(1,2,2,0,0,1,11,9,10)
226:(1,2,2,0,0,1,13,9,10)
227:(1,2,2,0,0,1,17,9,10)
228:(1,2,2,1,0,0,16,9,10)
229:(1,2,2,1,0,0,14,9,10)
230:(1,2,1,2,0,0,14,9,10)
231:(1,2,1,2,0,0,16,9,10)
232:(1,2,1,2,0,0,12,9,10)
233:(1,2,1,2,0,0,15,9,10)
234:(1,1,0,3,1,0,15,11,11)
235:(1,2,0,3,0,0,16,11,11)
236:(1,1,0,2,1,1,15,11,11)
237:(1,2,0,2,0,1,16,11,11)
238:(1,1,1,1,1,1,15,10,9)
239:(1,2,1,1,0,1,16,10,9)
240:(1,1,1,1,1,1,10,10,9)
241:(1,2,1,1,0,1,11,10,9)
242:(1,1,1,2,1,0,16,10,9)
243:(1,1,0,3,1,0,16,11,11)
244:(1,1,0,2,1,1,14,11,11)
245:(1,1,1,2,1,0,15,10,9)
246:(1,1,1,1,1,1,14,10,9)
247:(1,1,1,2,1,0,14,10,9)
248:(1,2,1,2,0,0,16,10,9)
249:(1,1,2,1,1,0,15,9,9)
250:(1,1,1,2,1,0,15,10,11)
251:(1,1,0,3,1,0,14,11,11)
252:(1,2,0,3,0,0,12,11,11)
253:(1,1,0,3,1,0,11,11,11)
254:(1,2,0,2,0,1,11,11,11)
255:(1,2,0,2,0,1,15,11,11)
256:(1,1,1,1,1,1,12,10,9)
257:(1,1,1,2,1,0,13,10,9)
258:(1,1,2,0,1,1,12,9,9)
259:(1,1,1,1,1,1,13,10,9)
260:(1,1,1,2,1,0,12,10,9)
261:(1,2,1,2,0,0,13,10,9)
262:(1,2,1,1,0,1,13,10,9)
263:(1,1,2,0,1,1,14,9,9)
264:(1,1,1,2,1,0,17,10,9)
265:(1,1,2,1,1,0,17,9,9)
266:(1,1,1,2,1,0,11,10,9)
267:(1,1,2,1,1,0,11,9,9)
268:(1,1,2,1,1,0,16,9,9)
269:(1,1,2,1,1,0,14,9,9)
270:(1,1,2,1,1,0,12,9,9)
271:(1,1,2,1,1,0,13,9,9)
272:(1,1,1,1,1,1,17,10,9)
273:(1,1,2,0,1,1,17,9,9)
274:(1,1,2,0,1,1,15,9,9)
275:(1,1,1,1,1,1,16,10,9)
276:(1,1,2,0,1,1,16,9,9)
277:(1,1,2,0,1,1,10,9,9)
278:(1,1,1,1,1,1,11,10,9)
279:(1,1,2,0,1,1,11,9,9)
280:(1,1,2,0,1,1,13,9,9)
281:(1,2,1,1,0,1,15,10,9)
282:(1,2,1,1,0,1,17,10,9)
283:(1,2,1,1,0,1,12,10,9)
284:(1,2,1,1,0,1,14,10,9)
285:(1,2,1,2,0,0,12,10,9)
286:(1,2,1,2,0,0,15,10,9)
287:(1,2,1,2,0,0,17,10,9)
288:(1,2,1,2,0,0,14,10,9)
289:(1,2,2,0,0,1,14,9,9)
290:(1,2,0,2,0,1,13,11,11)
291:(1,2,0,3,0,0,14,11,11)
292:(1,2,0,2,0,1,14,11,11)
293:(1,2,0,2,0,1,12,11,11)
294:(1,2,0,3,0,0,15,11,11)
295:(1,2,0,3,0,0,13,11,11)
296:(1,1,0,2,1,1,16,11,11)
297:(1,1,1,1,1,1,16,10,11)
298:(1,2,0,2,0,1,17,11,11)
299:(1,1,0,2,1,1,17,11,11)
300:(1,1,0,3,1,0,17,11,11)
301:(1,1,0,2,1,1,13,11,11)
302:(1,1,0,3,1,0,13,11,11)
303:(1,1,0,2,1,1,12,11,11)
304:(1,1,0,3,1,0,12,11,11)
305:(1,1,0,2,1,1,11,11,11)
306:(1,1,0,2,1,1,10,11,11)
307:(1,1,1,1,1,1,14,10,11)
308:(1,1,1,1,1,1,15,10,11)
309:(1,1,1,1,1,1,17,10,11)
310:(1,1,1,1,1,1,11,10,11)
311:(1,1,1,1,1,1,13,10,11)
312:(1,1,1,1,1,1,10,10,11)
313:(1,1,1,1,1,1,12,10,11)
314:(1,1,1,2,1,0,14,10,11)
315:(1,1,1,2,1,0,16,10,11)
316:(1,1,1,2,1,0,17,10,11)
317:(1,1,1,2,1,0,11,10,11)
318:(1,1,1,2,1,0,13,10,11)
319:(1,1,1,2,1,0,12,10,11)
320:(1,2,0,3,0,0,17,11,11)
321:(1,1,1,1,1,1,18,12,10)
322:(1,1,1,1,1,1,19,12,10)
323:(1,1,1,1,1,1,17,12,10)
324:(1,1,1,1,1,1,16,12,10)
325:(1,1,1,1,1,1,15,12,10)
326:(1,1,1,1,1,1,14,12,10)
327:(1,1,1,1,1,1,13,12,10)
328:(1,1,1,1,1,1,12,12,10)
329:(1,1,1,1,1,1,11,12,10)
330:(1,1,1,1,1,1,10,12,10)
331:(1,2,1,1,0,1,19,12,10)
332:(1,1,1,2,1,0,19,12,10)
333:(1,2,1,1,0,1,18,12,10)
334:(1,2,1,2,0,0,19,12,10)
335:(1,1,1,2,1,0,18,12,10)
336:(1,2,1,1,0,1,17,12,10)
337:(1,2,1,2,0,0,18,12,10)
338:(1,1,1,2,1,0,17,12,10)
339:(1,2,1,1,0,1,16,12,10)
340:(1,2,1,2,0,0,17,12,10)
341:(1,1,1,2,1,0,16,12,10)
342:(1,2,1,1,0,1,15,12,10)
343:(1,2,1,2,0,0,16,12,10)
344:(1,1,1,2,1,0,15,12,10)
345:(1,2,1,1,0,1,14,12,10)
346:(1,2,1,2,0,0,15,12,10)
347:(1,1,1,2,1,0,14,12,10)
348:(1,2,1,1,0,1,13,12,10)
349:(1,2,1,2,0,0,14,12,10)
350:(1,1,1,2,1,0,13,12,10)
351:(1,2,1,1,0,1,12,12,10)
352:(1,2,1,2,0,0,13,12,10)
353:(1,1,1,2,1,0,12,12,10)
354:(1,2,1,1,0,1,11,12,10)
355:(1,2,1,2,0,0,12,12,10)
356:(1,1,1,2,1,0,11,12,10)
357:(1,1,0,2,1,1,18,12,11)
358:(1,1,0,2,1,1,19,12,11)
359:(1,1,0,2,1,1,17,12,11)
360:(1,1,0,2,1,1,16,12,11)
361:(1,1,0,2,1,1,15,12,11)
362:(1,1,0,2,1,1,14,12,11)
363:(1,1,0,2,1,1,13,12,11)
364:(1,1,0,2,1,1,12,12,11)
365:(1,1,0,2,1,1,11,12,11)
366:(1,1,0,2,1,1,10,12,11)
367:(1,2,0,2,0,1,19,12,11)
368:(1,1,0,3,1,0,19,12,11)
369:(1,2,0,2,0,1,18,12,11)
370:(1,2,0,3,0,0,19,12,11)
371:(1,1,0,3,1,0,18,12,11)
372:(1,2,0,2,0,1,17,12,11)
373:(1,1,0,3,1,0,15,12,11)
374:(1,2,0,3,0,0,18,12,11)
375:(1,1,0,3,1,0,17,12,11)
376:(1,1,0,3,1,0,12,12,11)
377:(1,1,0,3,1,0,14,12,11)
378:(1,1,0,3,1,0,13,12,11)
379:(1,1,0,3,1,0,16,12,11)
380:(1,1,0,3,1,0,11,12,11)
381:(1,2,0,3,0,0,18,13,11)
382:(1,2,0,3,0,0,19,13,11)
383:(1,1,0,3,1,0,18,13,11)
384:(1,0,0,2,2,1,11,12,11)
385:(1,1,1,0,1,2,10,9,10)
386:(1,1,1,0,1,2,8,10,10)
387:(1,2,0,3,0,0,18,10,11)
388:(1,2,0,3,0,0,19,10,11)
389:(1,1,0,1,1,2,12,11,11)
390:(1,1,0,1,1,2,11,11,11)
391:(1,1,0,1,1,2,16,11,11)
392:(1,1,0,1,1,2,17,11,11)
393:(1,1,0,1,1,2,15,11,11)
394:(1,1,0,1,1,2,13,11,11)
395:(1,1,0,1,1,2,14,11,11)
396:(1,1,0,1,1,2,9,11,11)
397:(1,1,0,1,1,2,10,11,11)
398:(1,1,0,2,1,1,9,11,11)
399:(1,1,0,3,1,0,10,11,11)
400:(1,0,0,3,2,0,16,11,11)
401:(1,0,0,2,2,1,10,11,11)
402:(1,0,2,0,2,1,15,9,10)
403:(1,0,2,0,2,1,12,9,9)
404:(1,0,1,1,2,1,14,10,9)
405:(1,0,2,0,2,1,11,9,9)
406:(1,0,1,1,2,1,11,10,9)
407:(1,0,1,1,2,1,9,10,11)
408:(1,0,1,1,2,1,15,10,9)
409:(1,0,1,1,2,1,12,11,10)
410:(1,0,2,0,2,1,16,9,9)
411:(1,0,2,0,2,1,14,9,9)
412:(1,0,2,0,2,1,15,9,9)
413:(1,0,2,0,2,1,13,9,9)
414:(1,0,2,0,2,1,10,9,9)
415:(1,0,2,0,2,1,9,9,9)
416:(1,0,1,1,2,1,10,9,10)
417:(1,0,1,1,2,1,16,9,10)
418:(1,0,1,1,2,1,14,9,10)
419:(1,0,1,1,2,1,11,9,10)
420:(1,0,1,1,2,1,17,9,10)
421:(1,0,1,1,2,1,9,9,10)
422:(1,0,1,1,2,1,15,9,10)
423:(1,0,1,1,2,1,12,9,10)
424:(1,0,1,1,2,1,13,9,10)
425:(1,1,1,1,1,1,9,9,10)
426:(1,1,1,1,1,1,10,9,11)
427:(1,1,1,1,1,1,17,9,11)
428:(1,1,1,1,1,1,16,9,11)
429:(1,1,1,1,1,1,14,9,11)
430:(1,1,1,1,1,1,14,11,11)
431:(1,0,1,1,2,1,13,10,11)
432:(1,0,1,1,2,1,11,10,11)
433:(1,1,2,0,1,1,12,9,11)
434:(1,1,2,1,1,0,13,10,10)
435:(1,1,2,0,1,1,13,8,10)
436:(1,1,1,0,1,2,11,10,11)
437:(1,1,0,3,1,0,11,10,11)
438:(1,1,0,2,1,1,18,12,10)
439:(1,1,0,3,1,0,19,12,10)
440:(1,1,2,1,1,0,10,9,10)
441:(1,0,1,2,2,0,10,12,10)
442:(1,0,1,2,2,0,11,11,10)
443:(1,2,1,0,0,2,15,11,10)
444:(1,1,1,0,1,2,14,11,10)
445:(1,2,1,0,0,2,14,11,10)
446:(1,2,1,0,0,2,17,11,10)
447:(1,1,1,0,1,2,16,11,10)
448:(1,1,1,0,1,2,17,11,10)
449:(1,2,1,0,0,2,13,11,10)
450:(1,2,1,0,0,2,16,11,10)
451:(1,2,1,0,0,2,12,11,10)
452:(1,1,2,0,1,1,14,8,10)
453:(1,1,2,1,1,0,18,8,10)
454:(1,1,0,3,1,0,18,10,10)
455:(1,1,0,3,1,0,18,11,9)
456:(1,1,0,3,1,0,18,12,10)
457:(1,1,1,2,1,0,18,13,10)
458:(1,1,2,1,1,0,18,11,10)
459:(1,1,2,1,1,0,18,9,9)
460:(1,1,2,1,1,0,11,8,10)
461:(1,1,0,3,1,0,10,11,10)
462:(1,1,2,1,1,0,14,8,10)
463:(1,1,2,1,1,0,12,8,10)
464:(1,1,2,1,1,0,13,8,10)
465:(1,1,2,1,1,0,18,10,10)
466:(1,1,1,2,1,0,14,8,10)
467:(1,1,0,3,1,0,14,10,10)
468:(1,1,3,0,1,0,18,8,10)
469:(1,1,0,1,1,2,9,11,10)
470:(1,1,0,3,1,0,16,11,9)
471:(1,1,0,3,1,0,17,11,9)
472:(1,1,0,3,1,0,13,11,9)
473:(1,1,0,3,1,0,14,11,9)
474:(1,1,0,3,1,0,15,11,9)
475:(1,1,0,3,1,0,12,11,9)
476:(1,1,0,3,1,0,11,11,9)
477:(1,1,1,1,1,1,18,13,10)
478:(1,1,1,1,1,1,19,13,10)
479:(1,1,1,1,1,1,17,13,10)
480:(1,1,1,1,1,1,16,13,10)
481:(1,1,1,1,1,1,15,13,10)
482:(1,1,1,1,1,1,14,13,10)
483:(1,1,1,1,1,1,13,13,10)
484:(1,1,1,1,1,1,12,13,10)
485:(1,1,1,1,1,1,11,13,10)
486:(1,1,1,1,1,1,10,13,10)
487:(1,2,1,1,0,1,19,13,10)
488:(1,1,1,2,1,0,19,13,10)
489:(1,2,1,1,0,1,18,13,10)
490:(1,2,1,2,0,0,19,13,10)
491:(1,2,1,1,0,1,17,13,10)
492:(1,2,1,2,0,0,18,13,10)
493:(1,1,1,2,1,0,17,13,10)
494:(1,2,1,1,0,1,16,13,10)
495:(1,2,1,2,0,0,17,13,10)
496:(1,1,1,2,1,0,16,13,10)
497:(1,2,1,1,0,1,15,13,10)
498:(1,2,1,2,0,0,16,13,10)
499:(1,1,1,2,1,0,15,13,10)
500:(1,2,1,1,0,1,14,13,10)
501:(1,2,1,2,0,0,15,13,10)
502:(1,1,1,2,1,0,14,13,10)
503:(1,2,1,1,0,1,13,13,10)
504:(1,2,1,2,0,0,14,13,10)
505:(1,1,1,2,1,0,13,13,10)
506:(1,2,1,1,0,1,12,13,10)
507:(1,2,1,2,0,0,13,13,10)
508:(1,1,1,2,1,0,12,13,10)
509:(1,2,1,1,0,1,11,13,10)
510:(1,2,1,2,0,0,12,13,10)
511:(1,1,1,2,1,0,11,13,10)
512:(1,1,0,2,1,1,18,13,11)
513:(1,1,0,2,1,1,19,13,11)
514:(1,1,0,2,1,1,17,13,11)
515:(1,1,0,2,1,1,16,13,11)
516:(1,1,0,2,1,1,15,13,11)
517:(1,1,0,2,1,1,14,13,11)
518:(1,1,0,2,1,1,13,13,11)
519:(1,1,0,2,1,1,12,13,11)
520:(1,1,0,2,1,1,11,13,11)
521:(1,1,0,2,1,1,10,13,11)
522:(1,2,0,2,0,1,19,13,11)
523:(1,1,0,3,1,0,19,13,11)
524:(1,2,0,2,0,1,18,13,11)
525:(1,2,0,2,0,1,17,13,11)
526:(1,2,2,1,0,0,19,9,9)
527:(1,1,0,3,1,0,19,10,10)
528:(1,2,0,3,0,0,19,10,10)
529:(1,2,0,3,0,0,19,12,10)
530:(1,2,0,3,0,0,19,11,9)
531:(1,1,0,3,1,0,19,11,9)
532:(1,1,2,1,1,0,19,9,9)
533:(1,1,2,1,1,0,19,8,10)
534:(1,1,2,1,1,0,19,10,10)
535:(1,1,2,1,1,0,19,11,10)
536:(1,2,2,1,0,0,19,11,10)
537:(1,1,3,0,1,0,19,8,10)
538:(1,2,3,0,0,0,19,8,10)
539:(1,2,2,1,0,0,19,10,10)
540:(1,2,2,1,0,0,19,8,10)
541:(1,2,0,2,0,1,19,12,10)
542:(1,1,0,2,1,1,19,12,10)
543:(1,0,0,2,2,1,9,11,11)
544:(1,0,0,2,2,1,11,11,11)
545:(1,1,2,0,1,1,11,9,11)
546:(1,2,2,0,0,1,13,9,9)
547:(1,1,2,0,1,1,18,9,9)
548:(1,1,2,0,1,1,19,9,9)
549:(1,2,2,0,0,1,18,9,9)
550:(1,2,2,0,0,1,11,9,9)
551:(1,2,2,0,0,1,15,9,9)
552:(1,2,2,0,0,1,16,9,9)
553:(1,2,2,0,0,1,17,9,9)
554:(1,2,2,0,0,1,12,9,9)
555:(1,2,2,0,0,1,14,9,8)
556:(1,2,2,1,0,0,18,9,9)
557:(1,2,2,1,0,0,17,9,9)
558:(1,0,1,2,2,0,15,10,9)
559:(1,1,1,2,1,0,17,9,9)
560:(1,2,2,1,0,0,17,8,10)
561:(1,2,1,2,0,0,15,10,11)
562:(1,2,0,1,0,2,10,11,10)
563:(1,0,1,2,2,0,13,11,10)
564:(1,0,1,1,2,1,13,11,10)
565:(1,0,2,0,2,1,12,10,10)
566:(1,0,0,2,2,1,12,12,10)
567:(1,0,1,1,2,1,12,12,10)
568:(1,0,1,0,2,2,11,11,10)
569:(1,0,1,1,2,1,11,11,10)
570:(1,0,0,2,2,1,12,12,11)
571:(1,0,2,0,2,1,11,9,10)
572:(1,0,0,2,2,1,11,11,10)
573:(1,0,1,2,2,0,11,9,10)
574:(1,2,2,0,0,1,13,9,11)
575:(1,1,2,1,1,0,13,9,11)
576:(1,0,2,1,2,0,14,9,9)
577:(1,0,0,3,2,0,12,12,11)
578:(1,0,0,3,2,0,11,11,11)
579:(1,0,0,3,2,0,16,10,11)
580:(1,1,1,1,1,1,18,10,11)
581:(1,1,1,2,1,0,19,10,11)
582:(1,2,0,1,0,2,13,11,10)
583:(1,0,1,1,2,1,16,9,11)
584:(1,0,2,1,2,0,16,9,10)
585:(1,0,2,0,2,1,16,9,10)
586:(1,2,2,0,0,1,17,8,10)
587:(1,2,2,0,0,1,11,8,10)
588:(1,2,2,0,0,1,12,8,10)
589:(1,2,2,0,0,1,18,8,10)
590:(1,2,1,1,0,1,18,8,10)
591:(1,2,1,1,0,1,17,8,10)
592:(1,2,0,2,0,1,17,10,10)
593:(1,0,0,3,2,0,17,11,11)
594:(1,1,1,1,1,1,18,14,10)
595:(1,1,1,1,1,1,19,14,10)
596:(1,1,1,1,1,1,17,14,10)
597:(1,1,1,1,1,1,16,14,10)
598:(1,1,1,1,1,1,15,14,10)
599:(1,1,1,1,1,1,14,14,10)
600:(1,1,1,1,1,1,13,14,10)
601:(1,1,1,1,1,1,12,14,10)
602:(1,1,1,1,1,1,11,14,10)
603:(1,1,1,1,1,1,10,14,10)
604:(1,2,1,1,0,1,19,14,10)
605:(1,1,1,2,1,0,19,14,10)
606:(1,2,1,1,0,1,18,14,10)
607:(1,2,1,2,0,0,19,14,10)
608:(1,1,1,2,1,0,18,14,10)
609:(1,2,1,1,0,1,17,14,10)
610:(1,2,1,2,0,0,18,14,10)
611:(1,1,1,2,1,0,17,14,10)
612:(1,2,1,1,0,1,16,14,10)
613:(1,2,1,2,0,0,17,14,10)
614:(1,1,1,2,1,0,16,14,10)
615:(1,2,1,1,0,1,15,14,10)
616:(1,2,1,2,0,0,16,14,10)
617:(1,1,1,2,1,0,15,14,10)
618:(1,2,1,1,0,1,14,14,10)
619:(1,2,1,2,0,0,15,14,10)
620:(1,1,1,2,1,0,14,14,10)
621:(1,2,1,1,0,1,13,14,10)
622:(1,2,1,2,0,0,14,14,10)
623:(1,1,1,2,1,0,13,14,10)
624:(1,2,1,1,0,1,12,14,10)
625:(1,2,1,2,0,0,13,14,10)
626:(1,1,1,2,1,0,12,14,10)
627:(1,2,1,1,0,1,11,14,10)
628:(1,2,1,2,0,0,12,14,10)
629:(1,1,1,2,1,0,11,14,10)
630:(1,1,0,2,1,1,18,14,11)
631:(1,1,0,2,1,1,19,14,11)
632:(1,1,0,2,1,1,17,14,11)
633:(1,1,0,2,1,1,16,14,11)
634:(1,1,0,2,1,1,15,14,11)
635:(1,1,0,2,1,1,14,14,11)
636:(1,1,0,2,1,1,13,14,11)
637:(1,1,0,2,1,1,12,14,11)
638:(1,1,0,2,1,1,11,14,11)
639:(1,1,0,2,1,1,10,14,11)
640:(1,2,0,2,0,1,19,14,11)
641:(1,1,0,3,1,0,19,14,11)
642:(1,2,0,2,0,1,18,14,11)
643:(1,2,0,3,0,0,19,14,11)
644:(1,1,0,3,1,0,18,14,11)
645:(1,2,0,2,0,1,17,14,11)
646:(1,2,2,0,0,1,19,9,9)
647:(1,2,1,2,0,0,19,8,10)
648:(1,2,1,1,0,1,19,10,11)
649:(1,1,1,1,1,1,19,10,11)
650:(1,2,1,1,0,1,19,8,10)
651:(1,2,2,0,0,1,19,8,10)
652:(1,1,2,1,1,0,12,10,9)
653:(1,2,1,1,0,1,13,11,9)
654:(1,2,0,1,0,2,17,12,10)
655:(1,2,0,1,0,2,13,12,10)
656:(1,1,1,1,1,1,15,8,10)
657:(1,1,1,0,1,2,14,9,10)
658:(1,1,1,1,1,1,17,11,11)
659:(1,1,3,0,1,0,18,8,9)
660:(1,2,2,0,0,1,12,9,8)
661:(1,2,0,3,0,0,18,11,9)
662:(1,1,2,1,1,0,18,9,11)
663:(1,1,2,1,1,0,19,9,11)
664:(1,1,3,0,1,0,18,7,10)
665:(1,1,3,0,1,0,19,7,10)
666:(1,2,3,0,0,0,19,7,10)
667:(1,1,3,0,1,0,18,9,10)
668:(1,2,3,0,0,0,19,9,10)
669:(1,1,1,2,1,0,18,15,10)
670:(1,2,1,2,0,0,19,15,10)
671:(1,1,1,2,1,0,19,15,10)
672:(1,1,1,2,1,0,18,8,10)
673:(1,1,1,2,1,0,19,8,10)
674:(1,1,1,2,1,0,15,8,10)
675:(1,1,1,2,1,0,13,8,10)
676:(1,1,1,2,1,0,10,13,10)
677:(1,1,1,2,1,0,10,14,10)
678:(1,0,1,2,2,0,10,10,11)
679:(1,1,1,2,1,0,10,10,11)
680:(1,1,0,3,1,0,10,10,11)
681:(1,1,0,3,1,0,12,10,11)
682:(1,1,1,2,1,0,18,10,11)
683:(1,0,0,3,2,0,13,12,11)
684:(1,0,0,3,2,0,16,12,11)
685:(1,2,0,1,0,2,14,11,10)
686:(1,2,1,0,0,2,14,9,10)
687:(1,2,2,0,0,1,14,9,11)
688:(1,1,0,3,1,0,12,14,11)
689:(1,2,2,1,0,0,15,9,8)
690:(1,0,2,1,2,0,15,9,9)
691:(1,0,0,3,2,0,12,11,11)
692:(1,0,0,3,2,0,18,11,11)
693:(1,0,0,3,2,0,19,11,11)
694:(1,0,0,3,2,0,15,11,11)
695:(1,0,0,3,2,0,15,10,11)
696:(1,0,0,3,2,0,17,10,11)
697:(1,0,0,3,2,0,16,9,11)
698:(1,2,0,3,0,0,16,12,11)
699:(1,1,0,3,1,0,17,14,11)
700:(1,1,0,3,1,0,18,15,11)
701:(1,1,0,3,1,0,19,15,11)
702:(1,2,0,3,0,0,19,15,11)
703:(1,2,0,3,0,0,18,14,11)
704:(1,1,1,0,1,2,15,9,11)
705:(1,0,1,0,2,2,15,9,11)
706:(1,2,0,1,0,2,16,11,11)
707:(1,2,1,1,0,1,14,10,11)
708:(1,2,1,1,0,1,17,9,11)
709:(1,1,1,1,1,1,15,9,11)
710:(1,1,1,1,1,1,18,9,11)
711:(1,1,1,2,1,0,19,9,11)
712:(1,2,1,1,0,1,19,9,11)
713:(1,1,1,1,1,1,19,9,11)
714:(1,1,1,1,1,1,11,9,11)
715:(1,1,1,1,1,1,15,11,11)
716:(1,0,0,3,2,0,11,12,11)
717:(1,2,0,2,0,1,10,11,11)
718:(1,0,3,0,2,0,14,8,9)
719:(1,2,0,1,0,2,11,11,11)
720:(1,2,0,0,0,3,9,11,10)
721:(1,0,1,2,2,0,18,10,10)
722:(1,0,1,2,2,0,19,10,10)
723:(1,0,1,2,2,0,12,11,10)
724:(1,0,1,2,2,0,10,9,10)
725:(1,0,1,2,2,0,12,9,10)
726:(1,2,1,1,0,1,10,9,10)
727:(1,0,1,1,2,1,18,10,10)
728:(1,0,1,1,2,1,19,10,10)
729:(1,0,1,1,2,1,13,12,10)
730:(1,0,1,1,2,1,14,11,10)
731:(1,0,1,1,2,1,18,9,10)
732:(1,0,1,1,2,1,19,9,10)
733:(1,2,0,2,0,1,16,13,11)
734:(1,0,0,1,2,2,8,11,11)
735:(1,2,1,0,0,2,14,12,10)
736:(1,1,0,2,1,1,13,12,10)
737:(1,2,0,1,0,2,15,11,11)
738:(1,2,0,2,0,1,15,13,11)
739:(1,1,1,0,1,2,12,11,10)
740:(1,1,1,0,1,2,11,9,10)
741:(1,0,1,1,2,1,12,10,11)
742:(1,2,1,1,0,1,10,10,9)
743:(1,0,1,1,2,1,8,10,11)
744:(1,0,1,1,2,1,10,10,11)
745:(1,0,1,1,2,1,10,10,9)
746:(1,0,0,3,2,0,10,11,10)
747:(1,1,2,0,1,1,12,8,10)
748:(1,0,2,1,2,0,13,10,10)
749:(1,2,2,1,0,0,15,9,9)
750:(1,2,2,1,0,0,13,9,9)
751:(1,1,0,2,1,1,18,11,12)
752:(1,1,0,2,1,1,19,11,12)
753:(1,1,0,3,1,0,19,11,12)
754:(1,1,0,2,1,1,18,11,9)
755:(1,2,0,2,0,1,19,11,9)
756:(1,2,0,2,0,1,19,11,12)
757:(1,1,0,2,1,1,19,11,9)
758:(1,1,2,0,1,1,13,10,10)
759:(1,1,2,0,1,1,15,8,10)
760:(1,1,2,0,1,1,13,9,11)
761:(1,2,1,0,0,2,17,13,10)
762:(1,2,0,1,0,2,17,11,10)
763:(1,2,0,1,0,2,17,12,11)
764:(1,2,1,0,0,2,17,9,10)
765:(1,2,0,2,0,1,18,14,10)
766:(1,2,0,3,0,0,19,14,10)
767:(1,2,0,2,0,1,18,10,11)
768:(1,2,0,2,0,1,18,10,10)
769:(1,2,1,2,0,0,18,8,10)
770:(1,2,1,2,0,0,18,15,10)
771:(1,2,1,2,0,0,18,11,9)
772:(1,2,1,2,0,0,19,11,9)
773:(1,2,0,2,0,1,18,15,11)
774:(1,2,0,2,0,1,19,15,11)
775:(1,1,0,2,1,1,15,11,9)
776:(1,1,0,2,1,1,14,11,9)
777:(1,1,0,2,1,1,17,11,9)
778:(1,1,0,2,1,1,11,11,9)
779:(1,0,0,2,2,1,15,11,9)
780:(1,2,0,2,0,1,18,11,9)
781:(1,1,1,1,1,1,18,15,10)
782:(1,1,1,1,1,1,19,15,10)
783:(1,1,1,1,1,1,17,15,10)
784:(1,1,1,1,1,1,16,15,10)
785:(1,1,1,1,1,1,15,15,10)
786:(1,1,1,1,1,1,14,15,10)
787:(1,1,1,1,1,1,13,15,10)
788:(1,1,1,1,1,1,12,15,10)
789:(1,1,1,1,1,1,11,15,10)
790:(1,1,1,1,1,1,10,15,10)
791:(1,2,1,1,0,1,19,15,10)
792:(1,2,1,1,0,1,18,15,10)
793:(1,2,1,1,0,1,17,15,10)
794:(1,1,1,2,1,0,17,15,10)
795:(1,2,1,1,0,1,16,15,10)
796:(1,2,1,2,0,0,17,15,10)
797:(1,1,1,2,1,0,16,15,10)
798:(1,2,1,1,0,1,15,15,10)
799:(1,2,1,2,0,0,16,15,10)
800:(1,1,1,2,1,0,15,15,10)
801:(1,2,1,1,0,1,14,15,10)
802:(1,2,1,2,0,0,15,15,10)
803:(1,1,1,2,1,0,14,15,10)
804:(1,2,1,1,0,1,13,15,10)
805:(1,2,1,2,0,0,14,15,10)
806:(1,1,1,2,1,0,13,15,10)
807:(1,2,1,1,0,1,12,15,10)
808:(1,2,1,2,0,0,13,15,10)
809:(1,1,1,2,1,0,12,15,10)
810:(1,2,1,1,0,1,11,15,10)
811:(1,2,1,2,0,0,12,15,10)
812:(1,1,1,2,1,0,11,15,10)
813:(1,1,0,2,1,1,18,15,11)
814:(1,1,0,2,1,1,19,15,11)
815:(1,1,0,2,1,1,17,15,11)
816:(1,1,0,2,1,1,16,15,11)
817:(1,1,0,2,1,1,15,15,11)
818:(1,1,0,2,1,1,14,15,11)
819:(1,1,0,2,1,1,13,15,11)
820:(1,1,0,2,1,1,12,15,11)
821:(1,1,0,2,1,1,11,15,11)
822:(1,1,0,2,1,1,10,15,11)
823:(1,2,0,2,0,1,17,15,11)
824:(1,1,3,0,1,0,19,8,9)
825:(1,2,0,2,0,1,19,10,11)
826:(1,2,0,2,0,1,19,14,10)
827:(1,2,0,2,0,1,19,10,10)
828:(1,0,1,2,2,0,19,9,10)
829:(1,1,3,0,1,0,19,9,10)
830:(1,2,1,2,0,0,19,10,11)
831:(1,2,3,0,0,0,19,8,9)
832:(1,2,2,1,0,0,19,9,11)
833:(1,1,1,0,1,2,15,13,10)
834:(1,1,1,0,1,2,13,14,10)
835:(1,1,1,0,1,2,13,9,11)
836:(1,1,1,0,1,2,13,11,11)
837:(1,1,1,1,1,1,13,11,11)
838:(1,1,1,1,1,1,13,9,11)
839:(1,1,1,0,1,2,14,10,11)
840:(1,1,1,0,1,2,10,10,11)
841:(1,1,1,0,1,2,17,10,11)
842:(1,1,0,2,1,1,17,10,11)
843:(1,1,0,2,1,1,15,10,11)
844:(1,1,1,1,1,1,15,8,11)
845:(1,1,2,0,1,1,15,8,11)
846:(1,1,2,0,1,1,18,8,11)
847:(1,1,2,0,1,1,16,8,11)
848:(1,1,1,1,1,1,16,8,11)
849:(1,1,0,2,1,1,12,11,9)
850:(1,2,1,1,0,1,17,10,11)
851:(1,2,2,0,0,1,13,9,8)
852:(1,2,1,0,0,2,10,10,9)
853:(1,2,2,1,0,0,14,9,9)
854:(1,1,0,3,1,0,17,10,11)
855:(1,0,2,0,2,1,12,9,10)
856:(1,1,0,1,1,2,10,11,10)
857:(1,1,1,0,1,2,13,11,10)
858:(1,1,1,0,1,2,15,11,10)
859:(1,2,0,1,0,2,16,12,11)
860:(1,1,2,1,1,0,15,10,10)
861:(1,1,1,0,1,2,14,9,11)
862:(1,1,1,1,1,1,9,10,11)
863:(1,0,1,1,2,1,9,10,9)
864:(1,0,2,0,2,1,9,9,10)
865:(1,1,2,0,1,1,10,8,10)
866:(1,1,2,0,1,1,11,8,10)
867:(1,2,2,0,0,1,13,8,10)
868:(1,2,1,1,0,1,11,10,11)
869:(1,2,2,1,0,0,11,9,10)
870:(1,2,0,1,0,2,10,11,11)
871:(1,0,2,1,2,0,15,9,10)
872:(1,1,2,1,1,0,17,9,11)
873:(1,1,2,0,1,1,17,9,11)
874:(1,1,2,1,1,0,12,9,11)
875:(1,2,0,1,0,2,11,11,10)
876:(1,0,0,3,2,0,13,11,11)
877:(1,1,0,3,1,0,14,11,12)
878:(1,1,2,0,1,1,13,10,9)
879:(1,1,2,0,1,1,14,10,10)
880:(1,0,1,2,2,0,9,10,10)
881:(1,1,1,1,1,1,18,16,10)
882:(1,1,1,1,1,1,19,16,10)
883:(1,1,1,1,1,1,17,16,10)
884:(1,1,1,1,1,1,16,16,10)
885:(1,1,1,1,1,1,15,16,10)
886:(1,1,1,1,1,1,14,16,10)
887:(1,1,1,1,1,1,13,16,10)
888:(1,1,1,1,1,1,12,16,10)
889:(1,1,1,1,1,1,11,16,10)
890:(1,1,1,1,1,1,10,16,10)
891:(1,2,1,1,0,1,19,16,10)
892:(1,1,1,2,1,0,19,16,10)
893:(1,2,1,1,0,1,18,16,10)
894:(1,2,1,2,0,0,19,16,10)
895:(1,1,1,2,1,0,18,16,10)
896:(1,2,1,1,0,1,17,16,10)
897:(1,2,1,2,0,0,18,16,10)
898:(1,1,1,2,1,0,17,16,10)
899:(1,2,1,1,0,1,16,16,10)
900:(1,2,1,2,0,0,17,16,10)
901:(1,1,1,2,1,0,16,16,10)
902:(1,2,1,1,0,1,15,16,10)
903:(1,2,1,2,0,0,16,16,10)
904:(1,1,1,2,1,0,15,16,10)
905:(1,2,1,1,0,1,14,16,10)
906:(1,2,1,2,0,0,15,16,10)
907:(1,1,1,2,1,0,14,16,10)
908:(1,2,1,1,0,1,13,16,10)
909:(1,2,1,2,0,0,14,16,10)
910:(1,1,1,2,1,0,13,16,10)
911:(1,2,1,1,0,1,12,16,10)
912:(1,2,1,2,0,0,13,16,10)
913:(1,1,1,2,1,0,12,16,10)
914:(1,2,1,1,0,1,11,16,10)
915:(1,2,1,2,0,0,12,16,10)
916:(1,1,1,2,1,0,11,16,10)
917:(1,1,0,2,1,1,18,16,11)
918:(1,1,0,2,1,1,19,16,11)
919:(1,1,0,2,1,1,17,16,11)
920:(1,1,0,2,1,1,16,16,11)
921:(1,1,0,2,1,1,15,16,11)
922:(1,1,0,2,1,1,14,16,11)
923:(1,1,0,2,1,1,13,16,11)
924:(1,1,0,2,1,1,12,16,11)
925:(1,1,0,2,1,1,11,16,11)
926:(1,1,0,2,1,1,10,16,11)
927:(1,2,0,2,0,1,19,16,11)
928:(1,1,0,3,1,0,19,16,11)
929:(1,2,0,2,0,1,18,16,11)
930:(1,2,0,3,0,0,19,16,11)
931:(1,1,0,3,1,0,18,16,11)
932:(1,2,0,2,0,1,17,16,11)
933:(1,1,2,0,1,1,19,8,11)
934:(1,1,2,1,1,0,19,8,11)
935:(1,2,2,0,0,1,19,8,11)
936:(1,1,1,2,1,0,18,14,9)
937:(1,2,1,2,0,0,19,14,9)
938:(1,1,1,2,1,0,19,14,9)
939:(1,0,2,1,2,0,14,9,10)
940:(1,1,2,1,1,0,12,10,10)
941:(1,0,1,2,2,0,18,9,10)
942:(1,0,1,2,2,0,18,11,10)
943:(1,0,1,2,2,0,14,9,10)
944:(1,1,1,0,1,2,11,14,10)
945:(1,0,2,1,2,0,18,9,10)
946:(1,0,2,1,2,0,19,9,10)
947:(1,0,0,3,2,0,18,11,10)
948:(1,0,0,3,2,0,19,11,10)
949:(1,0,1,2,2,0,19,11,10)
950:(1,0,1,2,2,0,10,11,10)
951:(1,0,1,2,2,0,13,9,10)
952:(1,0,1,2,2,0,14,11,10)
953:(1,0,1,2,2,0,15,9,10)
954:(1,0,1,2,2,0,9,9,10)
955:(1,0,1,2,2,0,17,9,10)
956:(1,0,1,2,2,0,16,9,10)
957:(1,0,1,2,2,0,15,11,10)
958:(1,0,1,2,2,0,16,11,10)
959:(1,0,1,2,2,0,9,11,10)
960:(1,0,1,2,2,0,17,11,10)
961:(1,0,1,2,2,0,8,10,10)
962:(1,0,1,2,2,0,10,10,9)
963:(1,0,1,2,2,0,12,10,11)
964:(1,2,1,0,0,2,15,12,10)
965:(1,1,1,0,1,2,15,9,10)
966:(1,1,2,1,1,0,18,10,11)
967:(1,2,2,1,0,0,19,10,11)
968:(1,2,1,2,0,0,18,9,11)
969:(1,2,1,1,0,1,16,9,11)
970:(1,1,1,0,1,2,12,11,11)
971:(1,1,1,0,1,2,13,12,11)
972:(1,1,1,0,1,2,13,10,11)
973:(1,1,1,1,1,1,9,9,11)
974:(1,0,1,1,2,1,9,9,11)
975:(1,2,1,1,0,1,11,9,11)
976:(1,2,0,3,0,0,15,11,12)
977:(1,2,0,1,0,2,13,11,11)
978:(1,1,1,2,1,0,14,11,11)
979:(1,2,2,1,0,0,18,8,10)
980:(1,2,2,1,0,0,16,8,10)
981:(1,1,2,1,1,0,14,10,9)
982:(1,0,1,2,2,0,13,10,11)
983:(1,0,1,1,2,1,12,11,11)
984:(1,1,2,1,1,0,14,10,10)
985:(1,1,0,1,1,2,13,12,11)
986:(1,1,0,2,1,1,13,10,10)
987:(1,0,0,3,2,0,13,10,10)
988:(1,2,1,1,0,1,17,14,11)
989:(1,1,2,0,1,1,16,9,11)
990:(1,0,0,2,2,1,16,10,11)
991:(1,1,2,0,1,1,17,8,10)
992:(1,1,2,1,1,0,17,8,10)
993:(1,2,2,0,0,1,18,8,9)
994:(1,2,2,0,0,1,18,10,9)
995:(1,1,2,1,1,0,18,8,11)
996:(1,2,2,1,0,0,18,10,10)
997:(1,2,0,2,0,1,18,13,10)
998:(1,2,0,3,0,0,18,10,10)
999:(1,2,0,3,0,0,18,9,11)
1000:(1,2,0,3,0,0,18,12,10)
1001:(1,2,0,3,0,0,18,15,11)
1002:(1,2,0,3,0,0,18,15,10)
1003:(1,2,0,3,0,0,18,16,11)
1004:(1,2,0,3,0,0,18,14,10)
1005:(1,2,0,3,0,0,18,9,10)
1006:(1,2,0,3,0,0,18,17,10)
1007:(1,2,0,3,0,0,18,16,10)
1008:(1,2,0,3,0,0,18,13,10)
1009:(1,2,1,2,0,0,18,17,10)
1010:(1,2,1,2,0,0,19,17,10)
1011:(1,0,1,0,2,2,8,10,11)
1012:(1,1,3,0,1,0,17,8,10)
1013:(1,1,3,0,1,0,17,8,9)
1014:(1,2,2,0,0,1,13,10,9)
1015:(1,2,2,0,0,1,13,10,10)
1016:(1,1,3,0,1,0,13,8,10)
1017:(1,1,2,0,1,1,17,10,10)
1018:(1,2,0,2,0,1,17,10,11)
1019:(1,2,1,2,0,0,19,9,11)
1020:(1,2,1,2,0,0,18,10,8)
1021:(1,2,1,2,0,0,19,10,8)
1022:(1,2,1,2,0,0,18,9,9)
1023:(1,2,1,2,0,0,19,9,9)
1024:(1,2,1,2,0,0,18,10,11)
1025:(1,0,3,0,2,0,15,8,9)
1026:(1,1,1,1,1,1,18,17,10)
1027:(1,1,1,1,1,1,19,17,10)
1028:(1,1,1,1,1,1,17,17,10)
1029:(1,1,1,1,1,1,16,17,10)
1030:(1,1,1,1,1,1,15,17,10)
1031:(1,1,1,1,1,1,14,17,10)
1032:(1,1,1,1,1,1,13,17,10)
1033:(1,1,1,1,1,1,12,17,10)
1034:(1,1,1,1,1,1,11,17,10)
1035:(1,1,1,1,1,1,10,17,10)
1036:(1,2,1,1,0,1,19,17,10)
1037:(1,1,1,2,1,0,19,17,10)
1038:(1,2,1,1,0,1,18,17,10)
1039:(1,1,1,2,1,0,18,17,10)
1040:(1,2,1,1,0,1,17,17,10)
1041:(1,1,1,2,1,0,17,17,10)
1042:(1,2,1,1,0,1,16,17,10)
1043:(1,2,1,2,0,0,17,17,10)
1044:(1,1,1,2,1,0,16,17,10)
1045:(1,2,1,1,0,1,15,17,10)
1046:(1,2,1,2,0,0,16,17,10)
1047:(1,1,1,2,1,0,15,17,10)
1048:(1,2,1,1,0,1,14,17,10)
1049:(1,2,1,2,0,0,15,17,10)
1050:(1,1,1,2,1,0,14,17,10)
1051:(1,2,1,1,0,1,13,17,10)
1052:(1,2,1,2,0,0,14,17,10)
1053:(1,1,1,2,1,0,13,17,10)
1054:(1,2,1,1,0,1,12,17,10)
1055:(1,2,1,2,0,0,13,17,10)
1056:(1,1,1,2,1,0,12,17,10)
1057:(1,2,1,1,0,1,11,17,10)
1058:(1,2,1,2,0,0,12,17,10)
1059:(1,1,1,2,1,0,11,17,10)
1060:(1,1,0,2,1,1,18,17,11)
1061:(1,1,0,2,1,1,19,17,11)
1062:(1,1,0,2,1,1,17,17,11)
1063:(1,1,0,2,1,1,16,17,11)
1064:(1,1,0,2,1,1,15,17,11)
1065:(1,1,0,2,1,1,14,17,11)
1066:(1,1,0,2,1,1,13,17,11)
1067:(1,1,0,2,1,1,12,17,11)
1068:(1,1,0,2,1,1,11,17,11)
1069:(1,1,0,2,1,1,10,17,11)
1070:(1,2,0,2,0,1,19,17,11)
1071:(1,1,0,3,1,0,19,17,11)
1072:(1,2,0,2,0,1,18,17,11)
1073:(1,2,0,3,0,0,19,17,11)
1074:(1,1,0,3,1,0,18,17,11)
1075:(1,2,0,2,0,1,17,17,11)
1076:(1,2,2,1,0,0,19,8,11)
1077:(1,2,0,3,0,0,19,9,10)
1078:(1,2,0,3,0,0,19,15,10)
1079:(1,2,0,3,0,0,19,16,10)
1080:(1,2,0,3,0,0,19,17,10)
1081:(1,2,0,3,0,0,19,13,10)
1082:(1,2,2,0,0,1,19,8,9)
1083:(1,2,0,2,0,1,19,13,10)
1084:(1,2,2,0,0,1,19,10,9)
1085:(1,2,2,1,0,0,19,10,9)
1086:(1,2,2,1,0,0,19,8,9)
1087:(1,2,0,3,0,0,19,9,11)
1088:(1,1,2,1,1,0,19,10,11)
1089:(1,2,1,2,0,0,12,10,11)
1090:(1,2,2,1,0,0,13,9,8)
1091:(1,2,2,1,0,0,16,9,9)
1092:(1,2,2,1,0,0,14,9,8)
1093:(1,2,2,1,0,0,14,9,11)
1094:(1,2,2,1,0,0,15,9,11)
1095:(1,2,1,1,0,1,12,9,11)
1096:(1,2,1,1,0,1,18,9,11)
1097:(1,0,2,1,2,0,13,9,10)
1098:(1,0,2,0,2,1,17,9,10)
1099:(1,0,2,0,2,1,17,9,9)
1100:(1,0,2,1,2,0,17,9,9)
1101:(1,0,2,1,2,0,17,9,10)
1102:(1,1,0,3,1,0,18,10,11)
1103:(1,1,0,1,1,2,16,11,10)
1104:(1,2,0,2,0,1,12,14,11)
1105:(1,2,0,1,0,2,14,11,11)
1106:(1,2,1,0,0,2,14,12,11)
1107:(1,1,1,0,1,2,9,10,11)
1108:(1,0,1,0,2,2,9,10,11)
1109:(1,2,1,0,0,2,14,9,11)
1110:(1,0,1,1,2,1,13,11,11)
1111:(1,0,1,0,2,2,11,11,11)
1112:(1,0,1,0,2,2,11,10,10)
1113:(1,0,0,2,2,1,12,11,11)
1114:(1,0,0,2,2,1,13,12,11)
1115:(1,0,0,2,2,1,13,11,11)
1116:(1,0,0,2,2,1,9,10,11)
1117:(1,0,0,2,2,1,12,13,11)
1118:(1,1,1,2,1,0,16,11,9)
1119:(1,1,0,3,1,0,14,12,12)
1120:(1,0,0,3,2,0,16,11,9)
1121:(1,1,0,2,1,1,16,11,9)
1122:(1,1,0,3,1,0,17,12,9)
1123:(1,1,0,3,1,0,17,10,9)
1124:(1,0,0,3,2,0,14,11,11)
1125:(1,2,1,0,0,2,13,11,11)
1126:(1,0,3,0,2,0,16,8,9)
1127:(1,0,3,0,2,0,16,8,10)
1128:(1,0,2,1,2,0,16,8,10)
1129:(1,1,2,0,1,1,16,8,10)
1130:(1,1,0,3,1,0,17,10,10)
1131:(1,2,2,1,0,0,15,8,8)
1132:(1,0,2,1,2,0,14,8,9)
1133:(1,1,1,2,1,0,12,9,11)
1134:(1,2,0,3,0,0,16,10,11)
1135:(1,0,2,1,2,0,15,8,9)
1136:(1,2,2,1,0,0,15,8,10)
1137:(1,2,0,3,0,0,15,10,12)
1138:(1,2,0,3,0,0,18,10,9)
1139:(1,1,3,0,1,0,18,7,9)
1140:(1,2,2,1,0,0,17,8,9)
1141:(1,2,2,1,0,0,13,8,9)
1142:(1,1,1,1,1,1,18,18,10)
1143:(1,1,1,1,1,1,19,18,10)
1144:(1,1,1,1,1,1,17,18,10)
1145:(1,1,1,1,1,1,16,18,10)
1146:(1,1,1,1,1,1,15,18,10)
1147:(1,1,1,1,1,1,14,18,10)
1148:(1,1,1,1,1,1,13,18,10)
1149:(1,1,1,1,1,1,12,18,10)
1150:(1,1,1,1,1,1,11,18,10)
1151:(1,1,1,1,1,1,10,18,10)
1152:(1,2,1,1,0,1,19,18,10)
1153:(1,1,1,2,1,0,19,18,10)
1154:(1,2,1,1,0,1,18,18,10)
1155:(1,2,1,2,0,0,19,18,10)
1156:(1,1,1,2,1,0,18,18,10)
1157:(1,2,1,1,0,1,17,18,10)
1158:(1,2,1,2,0,0,18,18,10)
1159:(1,1,1,2,1,0,17,18,10)
1160:(1,2,1,1,0,1,16,18,10)
1161:(1,2,1,2,0,0,17,18,10)
1162:(1,1,1,2,1,0,16,18,10)
1163:(1,2,1,1,0,1,15,18,10)
1164:(1,2,1,2,0,0,16,18,10)
1165:(1,1,1,2,1,0,15,18,10)
1166:(1,2,1,1,0,1,14,18,10)
1167:(1,2,1,2,0,0,15,18,10)
1168:(1,1,1,2,1,0,14,18,10)
1169:(1,2,1,1,0,1,13,18,10)
1170:(1,2,1,2,0,0,14,18,10)
1171:(1,1,1,2,1,0,13,18,10)
1172:(1,2,1,1,0,1,12,18,10)
1173:(1,2,1,2,0,0,13,18,10)
1174:(1,1,1,2,1,0,12,18,10)
1175:(1,2,1,1,0,1,11,18,10)
1176:(1,2,1,2,0,0,12,18,10)
1177:(1,1,1,2,1,0,11,18,10)
1178:(1,1,0,2,1,1,18,18,11)
1179:(1,1,0,2,1,1,19,18,11)
1180:(1,1,0,2,1,1,17,18,11)
1181:(1,1,0,2,1,1,16,18,11)
1182:(1,1,0,2,1,1,15,18,11)
1183:(1,1,0,2,1,1,14,18,11)
1184:(1,1,0,2,1,1,13,18,11)
1185:(1,1,0,2,1,1,12,18,11)
1186:(1,1,0,2,1,1,11,18,11)
1187:(1,1,0,2,1,1,10,18,11)
1188:(1,2,0,2,0,1,19,18,11)
1189:(1,1,0,3,1,0,19,18,11)
1190:(1,2,0,2,0,1,18,18,11)
1191:(1,2,0,3,0,0,19,18,11)
1192:(1,1,0,3,1,0,18,18,11)
1193:(1,2,0,2,0,1,17,18,11)
1194:(1,2,0,3,0,0,19,10,9)
1195:(1,1,0,3,1,0,19,10,11)
1196:(1,1,3,0,1,0,19,7,9)
1197:(1,2,3,0,0,0,19,7,9)
1198:(1,2,1,1,0,1,18,10,11)
1199:(1,2,2,0,0,1,18,10,10)
1200:(1,2,1,1,0,1,18,11,9)
1201:(1,2,1,1,0,1,19,11,9)
1202:(1,2,0,2,0,1,18,19,11)
1203:(1,2,0,2,0,1,19,19,11)
1204:(1,2,0,2,0,1,18,12,10)
1205:(1,2,0,3,0,0,19,19,11)
1206:(1,2,0,2,0,1,18,15,10)
1207:(1,2,0,2,0,1,18,14,9)
1208:(1,2,0,3,0,0,19,14,9)
1209:(1,2,0,2,0,1,18,11,8)
1210:(1,2,0,3,0,0,19,11,8)
1211:(1,2,0,2,0,1,19,11,8)
1212:(1,2,0,2,0,1,18,16,10)
1213:(1,2,0,2,0,1,19,16,10)
1214:(1,2,0,2,0,1,18,18,10)
1215:(1,2,0,2,0,1,19,18,10)
1216:(1,2,0,2,0,1,18,17,10)
1217:(1,2,0,2,0,1,19,17,10)
1218:(1,2,0,2,0,1,19,15,10)
1219:(1,2,0,3,0,0,19,18,10)
1220:(1,2,0,2,0,1,19,14,9)
1221:(1,2,0,2,0,1,18,13,9)
1222:(1,2,0,2,0,1,19,13,9)
1223:(1,2,0,2,0,1,18,10,9)
1224:(1,2,0,2,0,1,19,10,9)
1225:(1,2,0,3,0,0,19,13,9)
1226:(1,0,0,2,2,1,15,12,11)
1227:(1,2,2,1,0,0,14,15,10)
1228:(1,1,1,1,1,1,17,8,10)
1229:(1,1,1,1,1,1,16,8,10)
1230:(1,1,1,1,1,1,9,14,10)
1231:(1,1,1,1,1,1,13,8,10)
1232:(1,0,0,3,2,0,12,11,9)
1233:(1,2,0,3,0,0,17,11,9)
1234:(1,0,1,2,2,0,14,10,9)
1235:(1,0,1,2,2,0,10,9,11)
1236:(1,0,0,3,2,0,10,11,11)
1237:(1,1,1,2,1,0,18,11,11)
1238:(1,1,3,0,1,0,18,9,11)
1239:(1,2,3,0,0,0,18,9,10)
1240:(1,1,3,0,1,0,18,10,10)
1241:(1,2,3,0,0,0,18,8,9)
1242:(1,1,3,0,1,0,18,7,11)
1243:(1,1,3,0,1,0,18,8,11)
1244:(1,1,2,1,1,0,18,11,11)
1245:(1,1,1,2,1,0,18,13,11)
1246:(1,1,1,1,1,1,18,13,11)
1247:(1,1,1,1,1,1,18,14,11)
1248:(1,1,1,2,1,0,18,12,11)
1249:(1,1,1,2,1,0,18,9,11)
1250:(1,1,1,2,1,0,18,14,11)
1251:(1,1,1,2,1,0,18,15,11)
1252:(1,1,1,2,1,0,18,17,11)
1253:(1,1,1,2,1,0,18,16,11)
1254:(1,2,1,2,0,0,19,11,11)
1255:(1,1,1,2,1,0,19,11,11)
1256:(1,2,1,2,0,0,19,12,11)
1257:(1,2,1,2,0,0,19,13,11)
1258:(1,2,1,2,0,0,19,15,11)
1259:(1,2,1,2,0,0,19,17,11)
1260:(1,2,1,2,0,0,19,14,11)
1261:(1,2,1,2,0,0,19,16,11)
1262:(1,1,1,2,1,0,19,16,11)
1263:(1,1,1,2,1,0,19,12,11)
1264:(1,1,1,2,1,0,19,13,11)
1265:(1,1,1,2,1,0,19,15,11)
1266:(1,1,1,2,1,0,19,14,11)
1267:(1,1,1,2,1,0,19,17,11)
1268:(1,0,1,2,2,0,16,18,10)
1269:(1,2,1,0,0,2,15,9,10)
1270:(1,0,1,2,2,0,11,12,10)
1271:(1,0,1,2,2,0,14,12,10)
1272:(1,1,1,1,1,1,18,19,10)
1273:(1,1,1,1,1,1,19,19,10)
1274:(1,1,1,1,1,1,17,19,10)
1275:(1,1,1,1,1,1,16,19,10)
1276:(1,1,1,1,1,1,15,19,10)
1277:(1,1,1,1,1,1,14,19,10)
1278:(1,1,1,1,1,1,13,19,10)
1279:(1,1,1,1,1,1,12,19,10)
1280:(1,1,1,1,1,1,11,19,10)
1281:(1,1,1,1,1,1,10,19,10)
1282:(1,2,1,1,0,1,19,19,10)
1283:(1,1,1,2,1,0,19,19,10)
1284:(1,2,1,1,0,1,18,19,10)
1285:(1,2,1,2,0,0,19,19,10)
1286:(1,1,1,2,1,0,18,19,10)
1287:(1,2,1,1,0,1,17,19,10)
1288:(1,2,1,2,0,0,18,19,10)
1289:(1,1,1,2,1,0,17,19,10)
1290:(1,2,1,1,0,1,16,19,10)
1291:(1,2,1,2,0,0,17,19,10)
1292:(1,1,1,2,1,0,16,19,10)
1293:(1,2,1,1,0,1,15,19,10)
1294:(1,2,1,2,0,0,16,19,10)
1295:(1,1,1,2,1,0,15,19,10)
1296:(1,2,1,1,0,1,14,19,10)
1297:(1,2,1,2,0,0,15,19,10)
1298:(1,1,1,2,1,0,14,19,10)
1299:(1,2,1,1,0,1,13,19,10)
1300:(1,2,1,2,0,0,14,19,10)
1301:(1,1,1,2,1,0,13,19,10)
1302:(1,2,1,1,0,1,12,19,10)
1303:(1,2,1,2,0,0,13,19,10)
1304:(1,1,1,2,1,0,12,19,10)
1305:(1,2,1,1,0,1,11,19,10)
1306:(1,2,1,2,0,0,12,19,10)
1307:(1,1,1,2,1,0,11,19,10)
1308:(1,1,0,2,1,1,18,19,11)
1309:(1,1,0,2,1,1,19,19,11)
1310:(1,1,0,2,1,1,17,19,11)
1311:(1,1,0,2,1,1,16,19,11)
1312:(1,1,0,2,1,1,15,19,11)
1313:(1,1,0,2,1,1,14,19,11)
1314:(1,1,0,2,1,1,13,19,11)
1315:(1,1,0,2,1,1,12,19,11)
1316:(1,1,0,2,1,1,11,19,11)
1317:(1,1,0,2,1,1,10,19,11)
1318:(1,1,0,3,1,0,19,19,11)
1319:(1,1,0,3,1,0,18,19,11)
1320:(1,2,0,2,0,1,17,19,11)
1321:(1,1,2,1,1,0,19,11,11)
1322:(1,1,3,0,1,0,19,10,10)
1323:(1,2,3,0,0,0,19,8,11)
1324:(1,1,3,0,1,0,19,8,11)
1325:(1,2,3,0,0,0,19,9,11)
1326:(1,2,3,0,0,0,19,7,11)
1327:(1,2,2,1,0,0,19,11,11)
1328:(1,1,3,0,1,0,19,7,11)
1329:(1,1,3,0,1,0,19,9,11)
1330:(1,2,3,0,0,0,19,10,10)
1331:(1,1,1,1,1,1,19,14,11)
1332:(1,1,1,1,1,1,19,13,11)
1333:(1,2,2,0,0,1,19,10,10)
1334:(1,2,1,1,0,1,19,14,11)
1335:(1,2,1,1,0,1,19,13,11)
1336:(1,1,0,1,1,2,13,13,11)
1337:(1,1,0,2,1,1,13,12,12)
1338:(1,2,1,0,0,2,13,10,11)
1339:(1,1,2,1,1,0,13,10,9)
1340:(1,0,2,1,2,0,12,9,9)
1341:(1,2,3,0,0,0,17,8,9)
1342:(1,2,2,1,0,0,13,10,9)
1343:(1,2,2,1,0,0,15,10,9)
1344:(1,0,2,0,2,1,13,8,9)
1345:(1,1,2,1,1,0,17,10,10)
1346:(1,2,1,0,0,2,16,12,10)
1347:(1,0,1,0,2,2,16,10,10)
1348:(1,0,1,0,2,2,16,11,10)
1349:(1,0,1,0,2,2,13,9,11)
1350:(1,0,0,3,2,0,14,12,11)
1351:(1,0,1,2,2,0,9,9,11)
1352:(1,0,1,2,2,0,11,9,11)
1353:(1,1,1,2,1,0,11,9,11)
1354:(1,1,1,2,1,0,17,9,11)
1355:(1,2,1,2,0,0,13,9,11)
1356:(1,0,1,2,2,0,17,9,11)
1357:(1,0,1,2,2,0,16,9,11)
1358:(1,2,1,2,0,0,16,9,11)
1359:(1,0,1,2,2,0,15,9,11)
1360:(1,1,0,3,1,0,17,13,11)
1361:(1,1,0,3,1,0,17,15,11)
1362:(1,0,0,3,2,0,17,12,11)
1363:(1,2,0,3,0,0,17,12,11)
1364:(1,2,0,3,0,0,18,17,11)
1365:(1,2,0,3,0,0,18,19,11)
1366:(1,2,0,3,0,0,18,18,11)
1367:(1,1,1,0,1,2,8,11,10)
1368:(1,1,0,1,1,2,15,10,11)
1369:(1,2,1,2,0,0,18,11,11)
1370:(1,2,0,2,0,1,14,12,10)
1371:(1,0,1,0,2,2,14,9,10)
1372:(1,2,1,0,0,2,16,9,10)
1373:(1,1,1,0,1,2,16,9,10)
1374:(1,1,1,0,1,2,8,9,10)
1375:(1,1,2,0,1,1,17,8,11)
1376:(1,2,2,0,0,1,18,7,9)
1377:(1,0,2,0,2,1,12,8,10)
1378:(1,1,0,2,1,1,13,10,11)
1379:(1,1,1,1,1,1,13,9,9)
1380:(1,1,2,1,1,0,13,9,8)
1381:(1,2,3,0,0,0,18,8,8)
1382:(1,2,1,2,0,0,18,15,11)
1383:(1,2,1,2,0,0,18,12,11)
1384:(1,2,0,3,0,0,18,11,12)
1385:(1,2,0,3,0,0,19,11,12)
1386:(1,1,0,3,1,0,18,11,12)
1387:(1,1,2,1,1,0,18,12,11)
1388:(1,2,2,1,0,0,19,12,11)
1389:(1,1,2,1,1,0,19,12,11)
1390:(1,2,2,1,0,0,18,9,11)
1391:(1,2,1,2,0,0,18,8,11)
1392:(1,2,1,0,0,2,13,10,9)
1393:(1,0,1,2,2,0,15,11,9)
1394:(1,1,1,1,1,1,16,14,11)
1395:(1,1,2,0,1,1,11,9,8)
1396:(1,0,2,0,2,1,13,10,10)
1397:(1,1,1,1,1,1,18,9,12)
1398:(1,1,1,1,1,1,19,9,12)
1399:(1,1,1,2,1,0,19,9,12)
1400:(1,2,1,1,0,1,19,9,12)
1401:(1,1,1,2,1,0,18,9,12)
1402:(1,2,1,2,0,0,19,9,12)
1403:(1,1,1,2,1,0,18,9,9)
1404:(1,1,1,2,1,0,16,9,9)
1405:(1,1,1,2,1,0,13,9,9)
1406:(1,1,1,2,1,0,12,9,9)
1407:(1,1,1,2,1,0,14,9,9)
1408:(1,1,1,2,1,0,15,9,9)
1409:(1,1,1,2,1,0,11,9,9)
1410:(1,1,1,2,1,0,19,9,9)
1411:(1,1,1,2,1,0,10,9,10)
1412:(1,1,0,2,1,1,15,14,10)
1413:(1,0,1,1,2,1,14,13,10)
1414:(1,1,1,0,1,2,14,13,10)
1415:(1,1,1,0,1,2,11,13,10)
1416:(1,2,0,3,0,0,16,13,11)
1417:(1,2,1,1,0,1,15,12,11)
1418:(1,2,0,2,0,1,15,14,11)
1419:(1,2,0,3,0,0,15,12,11)
1420:(1,0,1,1,2,1,8,9,10)
1421:(1,0,0,2,2,1,13,13,11)
1422:(1,0,0,3,2,0,13,13,11)
1423:(1,1,0,3,1,0,13,13,11)
1424:(1,2,1,0,0,2,16,10,9)
1425:(1,2,1,0,0,2,12,11,9)
1426:(1,1,1,1,1,1,12,11,9)
1427:(1,2,1,1,0,1,12,11,9)
1428:(1,2,1,0,0,2,11,11,10)
1429:(1,2,2,0,0,1,12,10,10)
1430:(1,1,2,1,1,0,17,11,10)
1431:(1,1,2,0,1,1,17,11,10)
1432:(1,0,2,1,2,0,17,11,10)
1433:(1,1,2,1,1,0,18,12,10)
1434:(1,1,2,1,1,0,14,11,9)
1435:(1,1,2,1,1,0,12,11,9)
1436:(1,2,2,1,0,0,12,9,9)
1437:(1,2,2,1,0,0,13,8,10)
1438:(1,0,2,1,2,0,10,9,9)
1439:(1,2,2,1,0,0,12,8,10)
1440:(1,2,0,3,0,0,12,16,10)
1441:(1,0,2,1,2,0,18,9,9)
1442:(1,2,2,0,0,1,16,9,8)
1443:(1,2,0,2,0,1,12,13,10)
1444:(1,2,0,3,0,0,17,16,10)
1445:(1,2,0,3,0,0,17,16,11)
1446:(1,2,0,3,0,0,17,15,11)
1447:(1,2,1,2,0,0,14,10,11)
1448:(1,2,1,2,0,0,11,10,11)
1449:(1,2,0,3,0,0,15,10,11)
1450:(1,2,0,3,0,0,17,10,11)
1451:(1,2,0,3,0,0,17,10,10)
1452:(1,2,0,3,0,0,11,11,10)
1453:(1,2,0,3,0,0,17,14,10)
1454:(1,2,1,2,0,0,11,13,10)
1455:(1,2,1,2,0,0,11,16,10)
1456:(1,2,1,2,0,0,11,9,10)
1457:(1,2,1,2,0,0,11,14,10)
1458:(1,2,1,2,0,0,11,19,10)
1459:(1,2,0,1,0,2,12,11,11)
1460:(1,2,0,1,0,2,14,13,11)
1461:(1,2,0,2,0,1,14,13,11)
1462:(1,2,0,2,0,1,11,14,11)
1463:(1,2,0,3,0,0,18,14,9)
1464:(1,2,2,0,0,1,18,9,8)
1465:(1,2,2,0,0,1,19,9,8)
1466:(1,2,2,1,0,0,19,9,8)
1467:(1,2,1,1,0,1,18,10,8)
1468:(1,2,1,1,0,1,19,10,8)
1469:(1,2,2,0,0,1,18,10,8)
1470:(1,2,2,0,0,1,19,10,8)
1471:(1,2,2,0,0,1,18,8,8)
1472:(1,2,2,0,0,1,19,8,8)
1473:(1,1,1,1,1,1,18,20,10)
1474:(1,1,1,1,1,1,19,20,10)
1475:(1,1,1,1,1,1,17,20,10)
1476:(1,1,1,1,1,1,16,20,10)
1477:(1,1,1,1,1,1,15,20,10)
1478:(1,1,1,1,1,1,14,20,10)
1479:(1,1,1,1,1,1,13,20,10)
1480:(1,1,1,1,1,1,12,20,10)
1481:(1,1,1,1,1,1,11,20,10)
1482:(1,1,1,1,1,1,10,20,10)
1483:(1,2,1,1,0,1,19,20,10)
1484:(1,1,1,2,1,0,19,20,10)
1485:(1,2,1,1,0,1,18,20,10)
1486:(1,2,1,2,0,0,19,20,10)
1487:(1,1,1,2,1,0,18,20,10)
1488:(1,2,1,1,0,1,17,20,10)
1489:(1,2,1,2,0,0,18,20,10)
1490:(1,1,1,2,1,0,17,20,10)
1491:(1,2,1,1,0,1,16,20,10)
1492:(1,2,1,2,0,0,17,20,10)
1493:(1,1,1,2,1,0,16,20,10)
1494:(1,2,1,1,0,1,15,20,10)
1495:(1,2,1,2,0,0,16,20,10)
1496:(1,1,1,2,1,0,15,20,10)
1497:(1,2,1,1,0,1,14,20,10)
1498:(1,2,1,2,0,0,15,20,10)
1499:(1,1,1,2,1,0,14,20,10)
1500:(1,2,1,1,0,1,13,20,10)
1501:(1,2,1,2,0,0,14,20,10)
1502:(1,1,1,2,1,0,13,20,10)
1503:(1,2,1,1,0,1,12,20,10)
1504:(1,2,1,2,0,0,13,20,10)
1505:(1,1,1,2,1,0,12,20,10)
1506:(1,2,1,1,0,1,11,20,10)
1507:(1,2,1,2,0,0,12,20,10)
1508:(1,1,1,2,1,0,11,20,10)
1509:(1,1,0,2,1,1,18,20,11)
1510:(1,1,0,2,1,1,19,20,11)
1511:(1,1,0,2,1,1,17,20,11)
1512:(1,1,0,2,1,1,16,20,11)
1513:(1,1,0,2,1,1,15,20,11)
1514:(1,1,0,2,1,1,14,20,11)
1515:(1,1,0,2,1,1,13,20,11)
1516:(1,1,0,2,1,1,12,20,11)
1517:(1,1,0,2,1,1,11,20,11)
1518:(1,1,0,2,1,1,10,20,11)
1519:(1,2,0,2,0,1,19,20,11)
1520:(1,1,0,3,1,0,19,20,11)
1521:(1,2,0,2,0,1,18,20,11)
1522:(1,2,0,3,0,0,19,20,11)
1523:(1,1,0,3,1,0,18,20,11)
1524:(1,2,0,2,0,1,17,20,11)
1525:(1,2,2,1,0,0,19,8,8)
1526:(1,0,2,1,2,0,19,9,9)
1527:(1,2,2,0,0,1,19,7,9)
1528:(1,2,2,1,0,0,19,10,8)
1529:(1,2,2,1,0,0,19,7,9)
1530:(1,2,3,0,0,0,19,8,8)
1531:(1,1,2,1,1,0,19,12,10)
1532:(1,2,1,2,0,0,19,8,11)
1533:(1,2,2,1,0,0,19,12,10)
1534:(1,1,0,3,1,0,18,9,10)
1535:(1,1,0,3,1,0,18,10,9)
1536:(1,1,0,3,1,0,18,10,12)
1537:(1,1,0,3,1,0,18,9,11)
1538:(1,0,0,3,2,0,10,10,10)
1539:(1,0,0,3,2,0,10,13,10)
1540:(1,0,2,1,2,0,11,9,9)
1541:(1,0,2,1,2,0,16,9,9)
1542:(1,0,2,1,2,0,13,9,9)
1543:(1,0,2,1,2,0,18,8,9)
1544:(1,0,2,1,2,0,12,8,9)
1545:(1,0,2,1,2,0,12,10,9)
1546:(1,0,2,1,2,0,10,8,9)
1547:(1,0,2,1,2,0,17,8,9)
1548:(1,0,2,1,2,0,17,10,9)
1549:(1,0,2,1,2,0,15,10,9)
1550:(1,0,2,1,2,0,10,10,9)
1551:(1,0,2,1,2,0,18,10,9)
1552:(1,0,2,1,2,0,14,10,9)
1553:(1,0,2,1,2,0,9,9,9)
1554:(1,1,0,2,1,1,16,10,11)
1555:(1,2,1,0,0,2,14,10,11)
1556:(1,2,0,1,0,2,14,10,11)
1557:(1,2,0,1,0,2,13,12,11)
1558:(1,2,0,1,0,2,17,11,11)
1559:(1,2,0,1,0,2,14,12,11)
1560:(1,2,0,1,0,2,15,11,10)
1561:(1,2,0,1,0,2,14,12,10)
1562:(1,1,0,1,1,2,13,11,10)
1563:(1,0,0,3,2,0,17,11,9)
1564:(1,0,0,3,2,0,11,11,10)
1565:(1,0,1,2,2,0,12,12,10)
1566:(1,0,1,1,2,1,17,11,10)
1567:(1,0,1,1,2,1,15,11,10)
1568:(1,0,1,1,2,1,18,11,10)
1569:(1,0,1,1,2,1,9,11,10)
1570:(1,0,1,1,2,1,10,11,10)
1571:(1,0,1,1,2,1,11,11,11)
1572:(1,2,0,2,0,1,12,13,11)
1573:(1,0,2,0,2,1,12,10,11)
1574:(1,0,1,1,2,1,12,9,11)
1575:(1,0,2,0,2,1,13,8,10)
1576:(1,0,1,2,2,0,13,11,11)
1577:(1,2,1,1,0,1,15,9,11)
1578:(1,1,0,1,1,2,15,10,12)
1579:(1,1,1,2,1,0,17,11,11)
1580:(1,2,1,2,0,0,17,11,11)
1581:(1,0,1,2,2,0,17,11,11)
1582:(1,1,1,2,1,0,16,11,11)
1583:(1,1,1,2,1,0,15,11,11)
1584:(1,1,1,2,1,0,13,11,11)
1585:(1,0,1,2,2,0,12,11,11)
1586:(1,0,1,2,2,0,16,11,11)
1587:(1,0,0,3,2,0,16,12,10)
1588:(1,2,0,3,0,0,15,12,10)
1589:(1,2,0,3,0,0,15,13,11)
1590:(1,2,0,3,0,0,14,12,11)
1591:(1,2,0,3,0,0,14,10,11)
1592:(1,2,0,3,0,0,17,17,11)
1593:(1,2,0,3,0,0,12,16,11)
1594:(1,2,0,3,0,0,11,11,11)
1595:(1,2,0,3,0,0,17,14,11)
1596:(1,1,2,0,1,1,12,10,9)
1597:(1,0,0,2,2,1,17,11,10)
1598:(1,0,1,1,2,1,14,9,11)
1599:(1,0,1,0,2,2,12,9,11)
1600:(1,2,1,1,0,1,14,11,11)
1601:(1,2,1,0,0,2,17,11,11)
1602:(1,1,2,0,1,1,15,10,10)
1603:(1,2,0,2,0,1,16,12,11)
1604:(1,2,0,2,0,1,11,16,10)
1605:(1,0,1,1,2,1,8,10,10)
1606:(1,0,0,2,2,1,15,10,10)
1607:(1,0,2,0,2,1,15,8,10)
1608:(1,1,2,0,1,1,9,9,9)
1609:(1,2,0,3,0,0,14,11,9)
1610:(1,0,0,3,2,0,17,18,11)
1611:(1,0,1,0,2,2,12,11,11)
1612:(1,1,0,3,1,0,16,14,10)
1613:(1,1,0,2,1,1,17,11,8)
1614:(1,2,1,1,0,1,18,9,9)
1615:(1,1,1,2,1,0,10,9,11)
1616:(1,1,0,2,1,1,9,10,11)
1617:(1,1,0,2,1,1,14,10,11)
1618:(1,1,0,2,1,1,18,10,11)
1619:(1,1,0,2,1,1,11,10,11)
1620:(1,1,0,2,1,1,10,10,11)
1621:(1,1,0,2,1,1,9,12,11)
1622:(1,2,0,2,0,1,12,12,11)
1623:(1,2,0,2,0,1,15,12,11)
1624:(1,2,0,2,0,1,11,12,11)
1625:(1,2,0,2,0,1,14,12,11)
1626:(1,2,0,2,0,1,13,12,11)
1627:(1,0,0,2,2,1,14,12,11)
1628:(1,0,0,2,2,1,14,11,11)
1629:(1,0,0,2,2,1,10,10,11)
1630:(1,0,0,2,2,1,17,10,11)
1631:(1,2,0,2,0,1,11,13,11)
1632:(1,2,0,2,0,1,11,18,11)
1633:(1,2,0,2,0,1,11,19,11)
1634:(1,2,0,2,0,1,11,16,11)
1635:(1,2,0,2,0,1,11,15,11)
1636:(1,2,0,2,0,1,11,20,11)
1637:(1,2,0,2,0,1,11,17,11)
1638:(1,0,0,2,2,1,11,13,11)
1639:(1,2,2,1,0,0,13,11,9)
1640:(1,0,0,1,2,2,11,12,11)
1641:(1,1,3,0,1,0,13,8,9)
1642:(1,0,0,3,2,0,10,10,11)
1643:(1,0,1,1,2,1,10,9,11)
1644:(1,2,1,1,0,1,10,14,10)
1645:(1,2,1,1,0,1,16,8,10)
1646:(1,1,0,0,1,3,15,11,11)
1647:(1,0,0,0,2,3,7,11,11)
1648:(1,0,0,3,2,0,17,17,11)
1649:(1,0,0,2,2,1,15,10,11)
1650:(1,0,0,2,2,1,17,11,9)
1651:(1,1,2,1,1,0,18,10,12)
1652:(1,2,2,1,0,0,19,10,12)
1653:(1,1,3,0,1,0,18,10,11)
1654:(1,1,2,1,1,0,12,11,10)
1655:(1,0,2,0,2,1,12,11,10)
1656:(1,0,2,0,2,1,11,10,10)
1657:(1,0,2,1,2,0,12,10,10)
1658:(1,0,2,1,2,0,14,10,10)
1659:(1,0,2,1,2,0,11,10,10)
1660:(1,0,3,0,2,0,17,10,10)
1661:(1,0,2,1,2,0,17,10,10)
1662:(1,0,2,1,2,0,16,10,10)
1663:(1,0,2,1,2,0,15,10,10)
1664:(1,0,0,3,2,0,18,10,10)
1665:(1,0,0,3,2,0,12,10,10)
1666:(1,0,0,3,2,0,19,10,10)
1667:(1,0,0,3,2,0,17,10,10)
1668:(1,0,0,3,2,0,16,10,10)
1669:(1,0,0,3,2,0,14,10,10)
1670:(1,0,1,2,2,0,15,10,11)
1671:(1,0,2,1,2,0,13,11,9)
1672:(1,2,2,1,0,0,14,10,9)
1673:(1,1,2,0,1,1,17,8,9)
1674:(1,0,0,1,2,2,9,11,11)
1675:(1,0,1,2,2,0,11,10,9)
1676:(1,0,2,0,2,1,14,8,9)
1677:(1,0,3,0,2,0,15,7,9)
1678:(1,2,3,0,0,0,15,9,9)
1679:(1,1,3,0,1,0,15,8,9)
1680:(1,2,3,0,0,0,15,8,9)
1681:(1,2,3,0,0,0,18,8,10)
1682:(1,1,3,0,1,0,16,8,9)
1683:(1,1,1,2,1,0,17,11,9)
1684:(1,1,0,2,1,1,16,12,9)
1685:(1,2,2,0,0,1,12,10,9)
1686:(1,2,0,2,0,1,12,12,9)
1687:(1,2,1,1,0,1,12,12,9)
1688:(1,2,1,1,0,1,11,11,9)
1689:(1,2,1,1,0,1,12,9,9)
1690:(1,2,1,1,0,1,10,11,9)
1691:(1,2,1,1,0,1,10,9,9)
1692:(1,2,1,1,0,1,18,12,9)
1693:(1,2,1,1,0,1,13,9,9)
1694:(1,2,1,1,0,1,13,12,9)
1695:(1,2,1,1,0,1,14,9,9)
1696:(1,2,1,1,0,1,11,9,9)
1697:(1,2,1,1,0,1,17,11,9)
1698:(1,2,1,1,0,1,16,11,9)
1699:(1,2,1,1,0,1,15,11,9)
1700:(1,2,1,1,0,1,14,11,9)
1701:(1,2,1,1,0,1,16,9,9)
1702:(1,2,1,1,0,1,15,9,9)
1703:(1,2,1,1,0,1,17,9,9)
1704:(1,2,0,2,0,1,13,12,9)
1705:(1,2,0,2,0,1,18,12,9)
1706:(1,2,2,0,0,1,10,9,9)
1707:(1,2,0,2,0,1,10,11,9)
1708:(1,2,0,2,0,1,14,11,9)
1709:(1,2,0,2,0,1,13,11,9)
1710:(1,0,3,0,2,0,17,8,10)
1711:(1,1,0,3,1,0,14,13,11)
1712:(1,1,2,0,1,1,18,10,10)
1713:(1,1,2,0,1,1,18,8,10)
1714:(1,1,2,0,1,1,19,8,10)
1715:(1,1,2,0,1,1,19,10,10)
1716:(1,1,2,0,1,1,18,11,10)
1717:(1,2,2,0,0,1,19,11,10)
1718:(1,1,2,0,1,1,19,11,10)
1719:(1,1,3,0,1,0,18,11,10)
1720:(1,2,3,0,0,0,19,11,10)
1721:(1,1,3,0,1,0,19,11,10)
1722:(1,1,3,0,1,0,18,6,10)
1723:(1,1,3,0,1,0,17,7,10)
1724:(1,1,3,0,1,0,16,8,10)
1725:(1,1,3,0,1,0,13,7,10)
1726:(1,1,3,0,1,0,14,8,10)
1727:(1,1,3,0,1,0,17,10,10)
1728:(1,0,3,0,2,0,16,7,10)
1729:(1,0,3,0,2,0,15,8,10)
1730:(1,1,3,0,1,0,19,6,10)
1731:(1,2,3,0,0,0,19,6,10)
1732:(1,2,3,0,0,0,18,10,10)
1733:(1,0,3,0,2,0,16,9,10)
1734:(1,1,3,0,1,0,17,9,10)
1735:(1,1,3,0,1,0,13,9,10)
1736:(1,2,3,0,0,0,17,9,10)
1737:(1,0,3,0,2,0,12,8,10)
1738:(1,2,3,0,0,0,14,8,10)
1739:(1,1,3,0,1,0,12,8,10)
1740:(1,0,1,2,2,0,14,10,11)
1741:(1,0,0,3,2,0,14,11,10)
1742:(1,0,0,2,2,1,9,11,10)
1743:(1,0,1,2,2,0,16,10,11)
1744:(1,2,1,1,0,1,15,10,11)
1745:(1,2,1,2,0,0,17,9,11)
1746:(1,2,0,2,0,1,12,14,10)
1747:(1,2,0,2,0,1,12,12,10)
1748:(1,2,0,2,0,1,12,10,10)
1749:(1,2,0,2,0,1,11,12,10)
1750:(1,2,2,0,0,1,11,10,10)
1751:(1,2,2,0,0,1,17,10,10)
1752:(1,2,2,0,0,1,16,10,10)
1753:(1,2,2,0,0,1,15,10,10)
1754:(1,2,2,0,0,1,14,10,10)
1755:(1,2,1,1,0,1,10,11,10)
1756:(1,2,1,1,0,1,10,16,10)
1757:(1,2,1,1,0,1,9,9,10)
1758:(1,2,1,1,0,1,9,10,10)
1759:(1,1,0,3,1,0,12,17,11)
1760:(1,2,2,1,0,0,13,10,10)
1761:(1,2,1,0,0,2,11,12,10)
1762:(1,2,1,1,0,1,17,8,11)
1763:(1,0,1,2,2,0,10,9,9)
1764:(1,1,2,0,1,1,9,13,10)
1765:(1,2,3,0,0,0,13,8,8)
1766:(1,1,1,0,1,2,16,10,11)
1767:(1,0,0,2,2,1,15,11,10)
1768:(1,1,0,2,1,1,18,19,10)
1769:(1,0,0,2,2,1,12,11,10)
1770:(1,0,0,2,2,1,10,11,10)
1771:(1,2,3,0,0,0,19,10,11)
1772:(1,1,3,0,1,0,19,10,11)
1773:(1,0,2,1,2,0,19,8,9)
1774:(1,0,2,1,2,0,19,10,9)
1775:(1,1,2,1,1,0,19,10,12)
1776:(1,1,0,3,1,0,19,10,12)
1777:(1,1,0,3,1,0,19,10,9)
1778:(1,1,0,3,1,0,19,9,11)
1779:(1,1,0,3,1,0,19,9,10)
1780:(1,2,0,3,0,0,19,10,12)
1781:(1,1,0,2,1,1,19,10,11)
1782:(1,1,0,2,1,1,19,19,10)
1783:(1,0,1,1,2,1,19,11,10)
1784:(1,1,0,3,1,0,19,19,10)
1785:(1,1,2,1,1,0,19,8,9)
1786:(1,1,2,1,1,0,19,10,9)
1787:(1,2,0,3,0,0,19,12,9)
1788:(1,2,0,2,0,1,19,12,9)
1789:(1,2,1,1,0,1,19,9,9)
1790:(1,2,1,2,0,0,19,12,9)
1791:(1,2,0,2,0,1,19,19,10)
1792:(1,2,1,1,0,1,19,12,9)
1793:(1,0,2,0,2,1,10,8,10)
1794:(1,0,2,0,2,1,17,11,10)
1795:(1,0,2,0,2,1,17,8,10)
1796:(1,0,2,0,2,1,14,8,10)
1797:(1,0,2,0,2,1,9,8,10)
1798:(1,0,2,0,2,1,11,8,10)
1799:(1,0,2,0,2,1,16,8,10)
1800:(1,1,2,0,1,1,16,8,9)
1801:(1,1,2,0,1,1,18,8,9)
1802:(1,2,2,0,0,1,14,10,9)
1803:(1,2,2,0,0,1,11,10,9)
1804:(1,2,2,0,0,1,12,8,9)
1805:(1,2,2,0,0,1,18,7,8)
1806:(1,2,2,1,0,0,19,7,8)
1807:(1,2,2,0,0,1,19,7,8)
1808:(1,2,2,0,0,1,15,9,8)
1809:(1,2,2,0,0,1,17,10,9)
1810:(1,2,2,0,0,1,16,10,9)
1811:(1,2,2,0,0,1,13,8,9)
1812:(1,2,2,0,0,1,11,8,9)
1813:(1,2,2,0,0,1,17,8,9)
1814:(1,2,2,0,0,1,15,10,9)
1815:(1,0,0,3,2,0,14,13,11)
1816:(1,1,0,0,1,3,8,11,11)
1817:(1,1,1,2,1,0,16,9,11)
1818:(1,2,3,0,0,0,14,9,10)
1819:(1,2,0,3,0,0,11,11,9)
1820:(1,2,0,3,0,0,15,11,9)
1821:(1,2,0,3,0,0,13,11,9)
1822:(1,2,0,3,0,0,16,11,9)
1823:(1,2,0,3,0,0,12,11,9)
1824:(1,2,0,3,0,0,16,11,12)
1825:(1,1,1,2,1,0,13,11,9)
1826:(1,0,1,2,2,0,14,11,11)
1827:(1,2,1,2,0,0,15,11,11)
1828:(1,2,0,2,0,1,17,11,9)
1829:(1,2,0,2,0,1,16,11,9)
1830:(1,1,2,1,1,0,13,10,11)
1831:(1,1,2,1,1,0,14,15,10)
1832:(1,2,1,1,0,1,18,11,11)
1833:(1,0,3,0,2,0,17,9,11)
1834:(1,0,3,0,2,0,17,10,11)
1835:(1,0,3,0,2,0,17,7,11)
1836:(1,0,3,0,2,0,17,8,11)
1837:(1,1,3,0,1,0,17,9,11)
1838:(1,1,3,0,1,0,17,7,11)
1839:(1,1,3,0,1,0,17,8,11)
1840:(1,1,3,0,1,0,17,10,11)
1841:(1,0,3,0,2,0,16,10,10)
1842:(1,0,1,2,2,0,14,9,9)
1843:(1,0,1,2,2,0,18,9,11)
1844:(1,0,1,2,2,0,12,9,11)
1845:(1,0,1,2,2,0,11,8,11)
1846:(1,0,1,2,2,0,11,10,11)
1847:(1,0,1,2,2,0,11,11,9)
1848:(1,0,0,2,2,1,11,11,12)
1849:(1,0,1,2,2,0,12,10,9)
1850:(1,0,2,1,2,0,15,8,10)
1851:(1,1,3,0,1,0,17,8,8)
1852:(1,0,1,2,2,0,9,10,11)
1853:(1,1,0,3,1,0,16,14,11)
1854:(1,1,1,0,1,2,12,10,11)
1855:(1,2,1,0,0,2,12,10,11)
1856:(1,2,1,1,0,1,10,10,11)
1857:(1,2,1,1,0,1,16,11,11)
1858:(1,2,1,2,0,0,16,11,11)
1859:(1,0,1,1,2,1,15,9,11)
1860:(1,0,1,1,2,1,17,9,11)
1861:(1,0,1,1,2,1,13,9,11)
1862:(1,2,1,1,0,1,14,9,11)
1863:(1,2,1,1,0,1,10,9,11)
1864:(1,1,1,1,1,1,12,9,11)
1865:(1,0,0,1,2,2,16,11,9)
1866:(1,1,2,1,1,0,18,8,9)
1867:(1,2,2,0,0,1,18,8,11)
1868:(1,1,2,0,1,1,15,8,9)
1869:(1,0,2,0,2,1,15,8,9)
1870:(1,1,2,0,1,1,14,8,9)
1871:(1,1,2,0,1,1,13,10,11)
1872:(1,1,2,0,1,1,12,10,10)
1873:(1,1,2,0,1,1,13,11,10)
1874:(1,0,2,0,2,1,13,11,10)
1875:(1,0,2,0,2,1,14,10,10)
1876:(1,0,2,0,2,1,13,10,11)
1877:(1,0,2,0,2,1,13,9,10)
1878:(1,0,2,0,2,1,10,9,10)
1879:(1,0,2,0,2,1,8,9,9)
1880:(1,0,2,0,2,1,12,9,11)
1881:(1,2,2,0,0,1,10,9,10)
1882:(1,2,1,1,0,1,19,11,11)
1883:(1,0,1,2,2,0,19,9,11)
1884:(1,1,2,0,1,1,19,8,9)
1885:(1,1,0,2,1,1,9,16,11)
1886:(1,1,2,1,1,0,16,8,10)
1887:(1,1,2,1,1,0,16,10,9)
1888:(1,0,2,0,2,1,17,10,9)
1889:(1,0,2,0,2,1,9,10,9)
1890:(1,0,2,0,2,1,11,10,9)
1891:(1,0,2,0,2,1,16,10,9)
1892:(1,0,2,0,2,1,13,10,9)
1893:(1,0,2,0,2,1,14,10,9)
1894:(1,1,2,0,1,1,11,10,9)
1895:(1,1,2,0,1,1,11,8,9)
1896:(1,1,1,2,1,0,11,10,8)
1897:(1,2,0,2,0,1,12,17,11)
1898:(1,1,1,0,1,2,9,10,9)
1899:(1,2,2,1,0,0,12,10,9)
1900:(1,2,0,3,0,0,12,10,11)
1901:(1,2,0,3,0,0,15,10,10)
1902:(1,2,0,3,0,0,13,10,11)
1903:(1,2,0,3,0,0,14,10,10)
1904:(1,2,0,3,0,0,12,15,10)
1905:(1,2,0,3,0,0,17,10,9)
1906:(1,2,0,3,0,0,13,10,10)
1907:(1,2,0,3,0,0,16,10,10)
1908:(1,2,0,3,0,0,11,10,11)
1909:(1,2,0,3,0,0,11,10,10)
1910:(1,2,0,3,0,0,12,10,10)
1911:(1,1,0,3,1,0,16,10,10)
1912:(1,1,0,3,1,0,16,10,11)
1913:(1,0,0,3,2,0,18,10,11)
1914:(1,0,0,3,2,0,11,10,11)
1915:(1,2,2,1,0,0,16,10,10)
1916:(1,2,1,1,0,1,15,11,11)
1917:(1,2,0,1,0,2,16,10,11)
1918:(1,0,0,3,2,0,13,11,10)
1919:(1,0,0,2,2,1,13,11,10)
1920:(1,0,0,2,2,1,15,11,11)
1921:(1,2,0,2,0,1,12,16,11)
1922:(1,2,0,1,0,2,16,10,12)
1923:(1,1,0,1,1,2,17,11,9)
1924:(1,1,0,2,1,1,12,11,12)
1925:(1,1,0,2,1,1,13,11,9)
1926:(1,1,0,0,1,3,16,11,11)
1927:(1,1,0,1,1,2,14,11,10)
1928:(1,0,0,3,2,0,19,10,11)
1929:(1,2,0,2,0,1,14,12,12)
1930:(1,2,0,2,0,1,10,11,10)
1931:(1,2,0,2,0,1,13,12,10)
1932:(1,1,2,1,1,0,14,9,11)
1933:(1,0,2,1,2,0,11,10,9)
1934:(1,0,3,0,2,0,17,9,9)
1935:(1,0,2,0,2,1,8,9,11)
1936:(1,0,2,0,2,1,9,9,11)
1937:(1,0,3,0,2,0,14,9,9)
1938:(1,0,3,0,2,0,15,9,9)
1939:(1,0,0,3,2,0,17,9,11)
1940:(1,0,0,3,2,0,15,9,11)
1941:(1,0,0,2,2,1,15,9,11)
1942:(1,0,0,3,2,0,10,9,11)
1943:(1,0,0,3,2,0,18,9,11)
1944:(1,0,0,3,2,0,11,9,11)
1945:(1,1,0,3,1,0,17,9,11)
1946:(1,0,2,0,2,1,14,9,10)
1947:(1,0,3,0,2,0,17,9,10)
1948:(1,0,3,0,2,0,15,7,10)
1949:(1,0,3,0,2,0,15,9,10)
1950:(1,0,3,0,2,0,13,9,10)
1951:(1,0,3,0,2,0,14,9,10)
1952:(1,0,3,0,2,0,12,9,10)
1953:(1,0,3,0,2,0,11,9,10)
1954:(1,1,0,2,1,1,18,11,8)
1955:(1,1,1,1,1,1,18,10,12)
1956:(1,0,1,1,2,1,15,8,10)
1957:(1,0,0,2,2,1,16,11,9)
1958:(1,2,2,0,0,1,17,8,11)
1959:(1,1,0,2,1,1,18,10,12)
1960:(1,1,2,1,1,0,17,10,11)
1961:(1,1,0,3,1,0,12,13,11)
1962:(1,1,2,1,1,0,18,7,11)
1963:(1,1,2,1,1,0,19,7,11)
1964:(1,1,2,1,1,0,18,13,11)
1965:(1,1,2,1,1,0,19,13,11)
1966:(1,2,2,1,0,0,19,13,11)
1967:(1,1,1,2,1,0,13,9,11)
1968:(1,1,1,2,1,0,18,8,11)
1969:(1,1,1,2,1,0,19,8,11)
1970:(1,1,1,2,1,0,18,19,11)
1971:(1,1,1,2,1,0,19,19,11)
1972:(1,1,1,2,1,0,18,18,11)
1973:(1,1,1,2,1,0,19,18,11)
1974:(1,1,1,2,1,0,14,12,11)
1975:(1,1,1,2,1,0,13,12,11)
1976:(1,1,1,2,1,0,16,13,11)
1977:(1,1,1,2,1,0,15,9,11)
1978:(1,1,1,2,1,0,11,11,11)
1979:(1,1,1,2,1,0,14,9,11)
1980:(1,1,1,2,1,0,12,11,11)
1981:(1,1,1,2,1,0,12,13,11)
1982:(1,1,0,2,1,1,15,9,11)
1983:(1,1,0,2,1,1,18,21,11)
1984:(1,2,0,2,0,1,19,21,11)
1985:(1,1,0,2,1,1,19,21,11)
1986:(1,2,0,1,0,2,14,11,12)
1987:(1,0,0,2,2,1,16,17,11)
1988:(1,2,1,2,0,0,11,9,11)
1989:(1,0,0,3,2,0,12,11,12)
1990:(1,2,1,1,0,1,18,8,9)
1991:(1,2,1,1,0,1,18,8,8)
1992:(1,2,1,1,0,1,18,9,8)
1993:(1,2,1,1,0,1,18,11,8)
1994:(1,2,2,0,0,1,18,11,8)
1995:(1,2,1,1,0,1,18,12,11)
1996:(1,2,2,0,0,1,18,9,11)
1997:(1,2,2,0,0,1,18,11,10)
1998:(1,2,2,0,0,1,14,11,10)
1999:(1,2,1,1,0,1,18,21,10)
2000:(1,2,0,2,0,1,18,19,10)
2001:(1,2,0,3,0,0,19,19,10)
2002:(1,1,0,0,1,3,12,12,11)
2003:(1,1,0,0,1,3,10,11,11)
2004:(1,1,0,1,1,2,17,13,11)
2005:(1,1,0,1,1,2,13,10,11)
2006:(1,0,0,2,2,1,17,13,11)
2007:(1,2,0,1,0,2,16,19,11)
2008:(1,2,2,0,0,1,17,9,11)
2009:(1,2,1,2,0,0,19,8,9)
2010:(1,2,1,1,0,1,17,18,11)
2011:(1,0,0,1,2,2,14,10,11)
2012:(1,1,1,0,1,2,16,9,11)
2013:(1,2,0,2,0,1,13,11,12)
2014:(1,2,1,1,0,1,13,10,11)
2015:(1,2,1,0,0,2,11,10,11)
2016:(1,0,1,1,2,1,11,12,10)
2017:(1,1,1,0,1,2,11,11,10)
2018:(1,0,1,2,2,0,11,8,10)
2019:(1,0,1,1,2,1,11,13,10)
2020:(1,0,1,1,2,1,14,16,10)
2021:(1,0,1,1,2,1,17,19,10)
2022:(1,0,1,1,2,1,11,19,10)
2023:(1,0,1,1,2,1,16,20,10)
2024:(1,2,0,3,0,0,18,12,9)
2025:(1,2,0,3,0,0,14,12,9)
2026:(1,2,0,3,0,0,11,12,9)
2027:(1,2,0,3,0,0,18,15,9)
2028:(1,0,0,2,2,1,11,12,10)
2029:(1,1,0,1,1,2,17,12,10)
2030:(1,2,2,0,0,1,14,10,11)
2031:(1,1,0,2,1,1,18,20,10)
2032:(1,1,0,1,1,2,16,12,11)
2033:(1,1,0,1,1,2,16,10,11)
2034:(1,1,0,1,1,2,14,10,11)
2035:(1,1,0,1,1,2,14,12,11)
2036:(1,1,0,1,1,2,12,12,11)
2037:(1,1,0,1,1,2,13,12,12)
2038:(1,1,0,1,1,2,13,12,10)
2039:(1,2,0,1,0,2,12,12,11)
2040:(1,2,0,1,0,2,12,12,10)
2041:(1,2,0,1,0,2,13,11,12)
2042:(1,2,0,1,0,2,15,12,11)
2043:(1,2,0,1,0,2,11,12,11)
2044:(1,2,1,0,0,2,14,11,11)
2045:(1,2,1,0,0,2,14,11,9)
2046:(1,2,1,0,0,2,13,11,9)
2047:(1,2,1,0,0,2,17,11,9)
2048:(1,2,0,1,0,2,16,11,10)
2049:(1,2,2,1,0,0,16,11,10)
2050:(1,2,0,2,0,1,14,10,10)
2051:(1,1,2,1,1,0,15,8,9)
2052:(1,0,2,1,2,0,13,8,9)
2053:(1,0,2,1,2,0,12,9,10)
2054:(1,0,2,1,2,0,14,8,10)
2055:(1,0,2,1,2,0,13,8,10)
2056:(1,0,2,1,2,0,13,11,10)
2057:(1,0,2,1,2,0,12,8,10)
2058:(1,0,2,1,2,0,14,11,10)
2059:(1,0,2,1,2,0,10,9,10)
2060:(1,0,2,1,2,0,13,15,10)
2061:(1,0,2,1,2,0,11,9,10)
2062:(1,0,2,1,2,0,11,8,10)
2063:(1,0,2,1,2,0,18,8,10)
2064:(1,0,2,1,2,0,17,8,10)
2065:(1,0,2,1,2,0,18,10,10)
2066:(1,0,2,1,2,0,18,11,10)
2067:(1,0,2,1,2,0,10,8,10)
2068:(1,0,2,1,2,0,19,8,10)
2069:(1,1,0,2,1,1,16,10,12)
2070:(1,1,0,0,1,3,8,12,11)
2071:(1,2,0,1,0,2,10,19,11)
2072:(1,2,0,0,0,3,9,11,11)
2073:(1,0,1,0,2,2,10,11,10)
2074:(1,1,3,0,1,0,16,10,10)
2075:(1,2,1,2,0,0,15,9,11)
2076:(1,0,2,0,2,1,8,9,10)
2077:(1,0,2,0,2,1,15,10,10)
2078:(1,2,1,2,0,0,19,11,8)
2079:(1,2,1,2,0,0,19,21,10)
2080:(1,2,1,2,0,0,19,9,8)
2081:(1,2,1,2,0,0,19,8,8)
2082:(1,2,1,1,0,1,19,12,11)
2083:(1,2,1,1,0,1,19,8,9)
2084:(1,2,1,1,0,1,19,9,8)
2085:(1,2,1,1,0,1,19,11,8)
2086:(1,2,1,1,0,1,19,8,8)
2087:(1,2,1,1,0,1,19,21,10)
2088:(1,2,0,3,0,0,19,15,9)
2089:(1,2,2,0,0,1,19,9,11)
2090:(1,2,2,0,0,1,19,11,8)
2091:(1,2,2,1,0,0,19,11,8)
2092:(1,0,2,1,2,0,19,10,10)
2093:(1,0,2,1,2,0,19,11,10)
2094:(1,0,0,3,2,0,19,9,11)
2095:(1,2,1,1,0,1,19,10,12)
2096:(1,2,0,2,0,1,19,10,12)
2097:(1,2,0,2,0,1,19,20,10)
2098:(1,1,1,2,1,0,19,10,12)
2099:(1,1,1,1,1,1,19,10,12)
2100:(1,1,0,2,1,1,19,10,12)
2101:(1,1,0,2,1,1,19,11,8)
2102:(1,1,0,3,1,0,19,11,8)
2103:(1,1,0,3,1,0,19,21,11)
2104:(1,1,0,3,1,0,19,20,10)
2105:(1,1,0,2,1,1,19,20,10)
2106:(1,2,1,2,0,0,19,18,11)
2107:(1,2,1,2,0,0,19,19,11)
2108:(1,2,2,1,0,0,19,7,11)
2109:(1,1,0,3,1,0,18,15,10)
2110:(1,2,0,2,0,1,14,13,10)
2111:(1,2,0,2,0,1,17,18,10)
2112:(1,1,0,2,1,1,15,13,10)
2113:(1,1,0,2,1,1,15,18,10)
2114:(1,1,0,2,1,1,16,12,10)
2115:(1,1,0,2,1,1,16,13,10)
2116:(1,1,0,2,1,1,16,17,10)
2117:(1,1,0,1,1,2,15,10,10)
2118:(1,1,0,2,1,1,18,12,9)
2119:(1,1,0,2,1,1,19,12,9)
2120:(1,1,0,3,1,0,19,12,9)
2121:(1,1,0,2,1,1,17,12,10)
2122:(1,1,0,3,1,0,12,14,10)
2123:(1,1,0,2,1,1,13,10,9)
2124:(1,1,0,2,1,1,14,10,10)
2125:(1,2,0,2,0,1,14,10,11)
2126:(1,2,1,0,0,2,12,11,11)
2127:(1,1,2,1,1,0,16,8,9)
2128:(1,0,0,3,2,0,15,12,11)
2129:(1,0,0,3,2,0,15,12,10)
2130:(1,1,2,0,1,1,14,11,10)
2131:(1,1,0,2,1,1,9,11,10)
2132:(1,1,1,1,1,1,9,11,10)
2133:(1,1,2,0,1,1,12,11,10)
2134:(1,1,2,0,1,1,16,11,10)
2135:(1,2,0,3,0,0,14,10,9)
2136:(1,1,1,0,1,2,13,9,10)
2137:(1,0,1,1,2,1,11,11,9)
2138:(1,0,1,2,2,0,17,16,10)
2139:(1,1,1,1,1,1,17,12,11)
2140:(1,1,0,1,1,2,13,11,12)
2141:(1,2,1,0,0,2,14,10,12)
2142:(1,2,1,2,0,0,16,12,11)
2143:(1,1,2,1,1,0,17,9,12)
2144:(1,2,0,3,0,0,15,13,10)
2145:(1,1,3,0,1,0,15,9,9)
2146:(1,2,0,3,0,0,11,12,10)
2147:(1,1,1,1,1,1,14,12,11)
2148:(1,0,1,1,2,1,12,12,11)
2149:(1,1,3,0,1,0,18,7,8)
2150:(1,2,3,0,0,0,17,10,10)
2151:(1,0,1,2,2,0,14,9,11)
2152:(1,1,0,2,1,1,18,10,13)
2153:(1,1,0,3,1,0,19,10,13)
2154:(1,2,0,2,0,1,19,10,13)
2155:(1,1,0,2,1,1,19,10,13)
2156:(1,2,0,1,0,2,13,12,12)
2157:(1,2,0,1,0,2,12,11,12)
2158:(1,2,0,1,0,2,11,13,11)
2159:(1,2,0,2,0,1,14,11,12)
2160:(1,2,0,2,0,1,17,10,12)
2161:(1,1,2,0,1,1,13,11,9)
2162:(1,0,2,0,2,1,12,11,9)
2163:(1,0,2,0,2,1,11,8,9)
2164:(1,0,2,0,2,1,12,8,9)
2165:(1,0,2,0,2,1,12,10,9)
2166:(1,0,2,0,2,1,11,11,9)
2167:(1,0,2,0,2,1,17,11,9)
2168:(1,0,2,0,2,1,16,11,10)
2169:(1,0,0,2,2,1,15,13,11)
2170:(1,1,2,0,1,1,14,10,9)
2171:(1,2,0,2,0,1,15,11,9)
2172:(1,1,0,3,1,0,16,17,11)
2173:(1,2,1,2,0,0,18,10,12)
2174:(1,2,1,2,0,0,19,10,12)
2175:(1,2,0,3,0,0,17,13,11)
2176:(1,2,0,3,0,0,17,13,10)
2177:(1,2,1,2,0,0,18,12,9)
2178:(1,2,0,3,0,0,18,20,11)
2179:(1,2,0,3,0,0,18,12,12)
2180:(1,2,0,3,0,0,18,13,9)
2181:(1,2,0,3,0,0,18,16,9)
2182:(1,2,0,3,0,0,18,18,10)
2183:(1,2,0,3,0,0,18,11,8)
2184:(1,2,0,3,0,0,18,10,12)
2185:(1,2,0,3,0,0,18,9,12)
2186:(1,2,0,3,0,0,18,13,12)
2187:(1,2,0,3,0,0,18,16,12)
2188:(1,2,0,3,0,0,19,12,12)
2189:(1,2,0,3,0,0,18,19,10)
2190:(1,2,0,3,0,0,18,14,8)
2191:(1,2,0,3,0,0,19,14,8)
2192:(1,2,0,3,0,0,18,10,8)
2193:(1,2,0,3,0,0,19,10,8)
2194:(1,2,0,3,0,0,18,15,8)
2195:(1,2,0,3,0,0,19,15,8)
2196:(1,2,0,3,0,0,18,12,8)
2197:(1,2,0,3,0,0,19,12,8)
2198:(1,2,0,3,0,0,18,17,9)
2199:(1,2,0,3,0,0,19,17,9)
2200:(1,2,0,3,0,0,18,9,9)
2201:(1,2,0,3,0,0,19,9,9)
2202:(1,2,0,3,0,0,19,16,9)
2203:(1,2,0,3,0,0,18,20,10)
2204:(1,2,0,3,0,0,19,20,10)
2205:(1,2,0,3,0,0,18,21,10)
2206:(1,2,0,3,0,0,19,21,10)
2207:(1,2,0,3,0,0,18,21,11)
2208:(1,2,0,3,0,0,19,21,11)
2209:(1,2,0,3,0,0,19,9,12)
2210:(1,2,0,3,0,0,19,13,12)
2211:(1,2,0,3,0,0,19,16,12)
2212:(1,0,1,1,2,1,16,11,10)
2213:(1,0,1,1,2,1,16,16,10)
2214:(1,2,0,2,0,1,17,11,12)
2215:(1,2,0,3,0,0,15,12,12)
2216:(1,2,1,2,0,0,15,9,9)
2217:(1,2,1,1,0,1,18,16,9)
2218:(1,2,1,2,0,0,19,16,9)
2219:(1,2,1,1,0,1,18,18,9)
2220:(1,2,1,2,0,0,19,18,9)
2221:(1,2,1,1,0,1,19,18,9)
2222:(1,2,1,1,0,1,18,20,9)
2223:(1,2,1,1,0,1,19,20,9)
2224:(1,2,1,1,0,1,18,15,9)
2225:(1,2,1,1,0,1,19,15,9)
2226:(1,2,1,1,0,1,18,21,9)
2227:(1,2,1,1,0,1,19,21,9)
2228:(1,2,1,1,0,1,18,19,9)
2229:(1,2,1,1,0,1,19,19,9)
2230:(1,2,1,1,0,1,18,17,9)
2231:(1,2,1,1,0,1,19,17,9)
2232:(1,2,1,1,0,1,18,14,9)
2233:(1,2,1,1,0,1,19,14,9)
2234:(1,2,1,1,0,1,18,13,9)
2235:(1,2,1,1,0,1,19,13,9)
2236:(1,2,1,1,0,1,19,16,9)
2237:(1,2,1,2,0,0,19,13,9)
2238:(1,2,1,2,0,0,19,21,9)
2239:(1,2,1,2,0,0,19,20,9)
2240:(1,2,1,2,0,0,19,17,9)
2241:(1,2,1,2,0,0,19,15,9)
2242:(1,2,1,2,0,0,19,19,9)
2243:(1,2,1,1,0,1,18,22,10)
2244:(1,2,1,1,0,1,19,22,10)
2245:(1,2,1,1,0,1,18,7,10)
2246:(1,2,1,1,0,1,19,7,10)
2247:(1,2,1,2,0,0,19,22,10)
2248:(1,2,1,2,0,0,19,7,10)
2249:(1,2,1,1,0,1,18,10,7)
2250:(1,2,1,1,0,1,18,12,8)
2251:(1,2,0,2,0,1,18,12,8)
2252:(1,2,0,2,0,1,11,12,9)
2253:(1,2,0,2,0,1,17,12,9)
2254:(1,2,2,0,0,1,18,11,11)
2255:(1,2,2,0,0,1,17,11,10)
2256:(1,2,1,1,0,1,11,12,9)
2257:(1,2,1,1,0,1,17,12,11)
2258:(1,2,1,0,0,2,17,12,11)
2259:(1,2,1,0,0,2,17,9,9)
2260:(1,2,1,1,0,1,17,10,8)
2261:(1,2,1,1,0,1,17,11,11)
2262:(1,2,1,1,0,1,17,15,11)
2263:(1,2,1,1,0,1,16,14,11)
2264:(1,2,1,1,0,1,16,18,11)
2265:(1,2,1,0,0,2,16,18,11)
2266:(1,2,0,1,0,2,16,18,11)
2267:(1,2,0,1,0,2,17,10,11)
2268:(1,2,0,2,0,1,11,10,11)
2269:(1,0,3,0,2,0,17,8,9)
2270:(1,2,0,3,0,0,14,11,12)
2271:(1,2,0,2,0,1,15,10,11)
2272:(1,2,0,1,0,2,15,10,11)
2273:(1,2,0,1,0,2,15,13,11)
2274:(1,2,0,3,0,0,13,12,9)
2275:(1,2,0,1,0,2,17,10,9)
2276:(1,2,0,1,0,2,12,12,9)
2277:(1,2,0,2,0,1,14,12,9)
2278:(1,2,1,2,0,0,14,9,11)
2279:(1,2,3,0,0,0,15,9,8)
2280:(1,2,2,1,0,0,12,8,9)
2281:(1,1,2,0,1,1,10,8,9)
2282:(1,2,1,2,0,0,12,10,8)
2283:(1,1,1,2,1,0,12,10,8)
2284:(1,1,1,1,1,1,12,11,11)
2285:(1,1,1,1,1,1,17,15,11)
2286:(1,2,2,1,0,0,18,8,11)
2287:(1,1,0,2,1,1,14,12,12)
2288:(1,0,0,1,2,2,12,12,12)
2289:(1,1,0,0,1,3,12,11,11)
2290:(1,2,1,1,0,1,16,10,11)
2291:(1,2,0,2,0,1,15,11,12)
2292:(1,2,2,0,0,1,15,9,11)
2293:(1,2,0,2,0,1,15,10,10)
2294:(1,2,0,2,0,1,15,12,10)
2295:(1,2,2,0,0,1,15,11,10)
2296:(1,2,1,0,0,2,14,10,9)
2297:(1,2,0,1,0,2,14,12,9)
2298:(1,2,2,1,0,0,15,11,9)
2299:(1,2,2,1,0,0,18,10,9)
2300:(1,2,2,1,0,0,18,10,11)
2301:(1,2,1,2,0,0,13,10,11)
2302:(1,2,1,2,0,0,17,10,11)
2303:(1,2,1,2,0,0,16,10,11)
2304:(1,2,1,2,0,0,15,10,12)
2305:(1,2,1,2,0,0,15,10,8)
2306:(1,2,1,2,0,0,11,10,9)
2307:(1,2,1,2,0,0,13,10,8)
2308:(1,2,1,2,0,0,14,10,8)
2309:(1,0,2,0,2,1,10,9,8)
2310:(1,2,2,1,0,0,15,10,10)
2311:(1,1,3,0,1,0,14,9,9)
2312:(1,1,0,3,1,0,15,10,11)
2313:(1,0,3,0,2,0,17,7,9)
2314:(1,2,1,1,0,1,17,9,12)
2315:(1,1,0,3,1,0,14,12,10)
2316:(1,1,0,2,1,1,12,12,10)
2317:(1,2,0,2,0,1,18,9,9)
2318:(1,2,0,2,0,1,18,13,12)
2319:(1,2,0,2,0,1,19,13,12)
2320:(1,0,0,2,2,1,18,12,11)
2321:(1,0,0,3,2,0,19,12,11)
2322:(1,0,0,2,2,1,19,12,11)
2323:(1,0,0,2,2,1,18,10,11)
2324:(1,1,0,2,1,1,18,15,12)
2325:(1,2,0,2,0,1,19,15,12)
2326:(1,1,0,2,1,1,18,14,12)
2327:(1,2,0,2,0,1,19,14,12)
2328:(1,0,0,2,2,1,18,11,11)
2329:(1,0,0,2,2,1,19,11,11)
2330:(1,1,0,2,1,1,18,11,13)
2331:(1,2,0,2,0,1,19,11,13)
2332:(1,2,0,2,0,1,18,9,10)
2333:(1,2,0,2,0,1,19,9,10)
2334:(1,2,0,2,0,1,18,11,12)
2335:(1,2,0,2,0,1,18,10,12)
2336:(1,2,0,2,0,1,18,12,12)
2337:(1,2,0,2,0,1,19,12,12)
2338:(1,2,0,2,0,1,18,9,11)
2339:(1,2,0,2,0,1,19,9,11)
2340:(1,2,0,2,0,1,18,22,11)
2341:(1,2,0,2,0,1,19,22,11)
2342:(1,2,0,2,0,1,18,21,11)
2343:(1,2,0,2,0,1,19,9,9)
2344:(1,2,0,3,0,0,19,22,11)
2345:(1,2,0,2,0,1,18,9,8)
2346:(1,2,0,2,0,1,19,9,8)
2347:(1,2,0,2,0,1,18,10,8)
2348:(1,2,0,2,0,1,19,10,8)
2349:(1,2,0,2,0,1,19,12,8)
2350:(1,2,0,3,0,0,19,9,8)
2351:(1,2,0,2,0,1,18,20,10)
2352:(1,2,0,2,0,1,18,22,10)
2353:(1,2,0,3,0,0,19,22,10)
2354:(1,2,0,2,0,1,18,21,10)
2355:(1,2,0,2,0,1,19,22,10)
2356:(1,2,0,2,0,1,19,21,10)
2357:(1,1,0,3,1,0,16,15,11)
2358:(1,0,1,1,2,1,16,8,10)
2359:(1,0,1,1,2,1,18,12,10)
2360:(1,1,0,1,1,2,12,11,12)
2361:(1,1,0,2,1,1,17,10,9)
2362:(1,0,2,0,2,1,18,9,10)
2363:(1,0,1,1,2,1,18,10,9)
2364:(1,0,1,2,2,0,19,10,9)
2365:(1,0,1,1,2,1,19,10,9)
2366:(1,0,1,0,2,2,17,10,10)
2367:(1,0,1,1,2,1,17,10,12)
2368:(1,1,1,0,1,2,17,10,12)
2369:(1,1,1,1,1,1,17,10,12)
2370:(1,1,0,2,1,1,12,10,10)
2371:(1,1,2,0,1,1,10,10,9)
2372:(1,0,2,0,2,1,10,10,9)
2373:(1,0,2,0,2,1,11,10,11)
2374:(1,1,2,0,1,1,12,10,11)
2375:(1,1,2,0,1,1,16,10,11)
2376:(1,1,2,0,1,1,17,10,11)
2377:(1,2,2,0,0,1,13,10,11)
2378:(1,2,2,0,0,1,15,10,11)
2379:(1,0,2,0,2,1,16,10,10)
2380:(1,1,2,0,1,1,16,10,10)
2381:(1,1,2,0,1,1,15,10,9)
2382:(1,2,2,0,0,1,17,10,8)
2383:(1,1,2,0,1,1,17,10,8)
2384:(1,1,2,1,1,0,16,10,10)
2385:(1,0,0,1,2,2,12,11,10)
2386:(1,1,2,1,1,0,18,10,9)
2387:(1,1,0,1,1,2,16,10,12)
2388:(1,1,0,2,1,1,9,10,12)
2389:(1,1,1,2,1,0,18,11,12)
2390:(1,2,1,1,0,1,18,9,12)
2391:(1,1,1,2,1,0,17,12,11)
2392:(1,1,1,1,1,1,17,9,12)
2393:(1,1,1,0,1,2,17,9,12)
2394:(1,1,1,1,1,1,17,13,11)
2395:(1,1,1,1,1,1,17,17,11)
2396:(1,1,1,1,1,1,17,18,11)
2397:(1,1,1,1,1,1,17,14,11)
2398:(1,1,1,1,1,1,17,16,11)
2399:(1,1,1,1,1,1,17,19,11)
2400:(1,1,1,1,1,1,17,10,8)
2401:(1,1,1,1,1,1,17,8,8)
2402:(1,1,1,1,1,1,17,11,9)
2403:(1,1,1,1,1,1,17,21,10)
2404:(1,1,3,0,1,0,16,9,10)
2405:(1,2,3,0,0,0,17,9,9)
2406:(1,2,3,0,0,0,17,7,9)
2407:(1,1,2,0,1,1,17,7,9)
2408:(1,1,1,0,1,2,10,9,11)
2409:(1,1,0,0,1,3,15,10,11)
2410:(1,1,0,0,1,3,10,10,11)
2411:(1,0,2,0,2,1,9,8,9)
2412:(1,1,1,2,1,0,19,11,12)
2413:(1,0,2,0,2,1,19,9,10)
2414:(1,0,1,2,2,0,19,12,10)
2415:(1,0,1,1,2,1,19,12,10)
2416:(1,1,3,0,1,0,19,7,8)
2417:(1,2,2,0,0,1,19,11,11)
2418:(1,2,1,2,0,0,19,10,7)
2419:(1,2,1,2,0,0,19,12,8)
2420:(1,2,1,1,0,1,19,12,8)
2421:(1,2,1,1,0,1,19,10,7)
2422:(1,0,0,2,2,1,19,10,11)
2423:(1,1,0,2,1,1,19,11,13)
2424:(1,1,0,2,1,1,19,15,12)
2425:(1,1,0,2,1,1,19,14,12)
2426:(1,2,3,0,0,0,19,7,8)
2427:(1,1,0,3,1,0,19,15,12)
2428:(1,1,0,3,1,0,19,14,12)
2429:(1,1,0,3,1,0,19,11,13)
2430:(1,1,0,3,1,0,19,15,10)
2431:(1,2,1,2,0,0,19,11,12)
2432:(1,0,2,0,2,1,12,7,10)
2433:(1,0,0,2,2,1,12,10,10)
2434:(1,0,0,2,2,1,12,13,10)
2435:(1,0,0,2,2,1,10,12,10)
2436:(1,1,2,1,1,0,18,11,9)
2437:(1,1,1,1,1,1,17,9,9)
2438:(1,1,1,1,1,1,10,9,9)
2439:(1,1,1,1,1,1,14,9,9)
2440:(1,1,1,1,1,1,16,9,9)
2441:(1,1,1,1,1,1,11,9,9)
2442:(1,1,1,1,1,1,9,10,9)
2443:(1,1,1,1,1,1,10,11,9)
2444:(1,1,1,1,1,1,15,11,9)
2445:(1,1,1,1,1,1,13,11,9)
2446:(1,1,1,1,1,1,14,11,9)
2447:(1,1,1,1,1,1,11,11,9)
2448:(1,1,1,1,1,1,15,9,9)
2449:(1,1,1,1,1,1,18,9,9)
2450:(1,1,1,1,1,1,11,10,8)
2451:(1,2,0,2,0,1,16,10,11)
2452:(1,1,2,1,1,0,18,9,12)
2453:(1,2,2,1,0,0,19,9,12)
2454:(1,0,2,1,2,0,17,10,12)
2455:(1,2,1,2,0,0,18,9,12)
2456:(1,1,1,2,1,0,14,10,12)
2457:(1,1,0,3,1,0,13,11,12)
2458:(1,1,0,2,1,1,13,11,12)
2459:(1,1,0,2,1,1,17,11,12)
2460:(1,1,0,1,1,2,17,11,12)
2461:(1,1,1,1,1,1,17,11,12)
2462:(1,1,2,0,1,1,17,11,11)
2463:(1,1,1,1,1,1,16,11,11)
2464:(1,1,1,1,1,1,11,11,11)
2465:(1,1,1,1,1,1,9,11,11)
2466:(1,1,1,1,1,1,10,11,11)
2467:(1,1,1,1,1,1,18,11,11)
2468:(1,1,1,0,1,2,16,11,11)
2469:(1,1,1,0,1,2,16,11,9)
2470:(1,1,1,1,1,1,19,11,11)
2471:(1,1,0,1,1,2,15,18,11)
2472:(1,0,2,0,2,1,16,8,9)
2473:(1,0,2,0,2,1,17,8,9)
2474:(1,0,2,0,2,1,10,8,9)
2475:(1,0,1,1,2,1,16,11,9)
2476:(1,0,2,0,2,1,16,7,9)
2477:(1,0,1,1,2,1,12,9,9)
2478:(1,0,0,2,2,1,11,11,9)
2479:(1,0,0,2,2,1,15,12,9)
2480:(1,0,1,1,2,1,11,12,9)
2481:(1,2,2,1,0,0,19,11,9)
2482:(1,1,1,1,1,1,19,9,9)
2483:(1,1,2,1,1,0,19,11,9)
2484:(1,1,2,1,1,0,19,9,12)
2485:(1,2,2,1,0,0,17,10,10)
2486:(1,1,2,1,1,0,15,11,10)
2487:(1,1,2,1,1,0,14,11,10)
2488:(1,2,2,1,0,0,12,10,10)
2489:(1,2,2,1,0,0,14,10,10)
2490:(1,2,3,0,0,0,16,9,10)
2491:(1,2,1,2,0,0,13,11,11)
2492:(1,2,2,1,0,0,18,11,10)
2493:(1,2,2,1,0,0,15,11,10)
2494:(1,2,2,1,0,0,13,11,10)
2495:(1,2,1,2,0,0,11,11,10)
2496:(1,1,0,2,1,1,18,13,12)
2497:(1,1,2,1,1,0,18,8,8)
2498:(1,1,1,0,1,2,16,10,9)
2499:(1,0,1,1,2,1,17,12,10)
2500:(1,1,1,0,1,2,17,12,10)
2501:(1,2,1,2,0,0,15,12,11)
2502:(1,2,0,3,0,0,15,12,9)
2503:(1,2,0,2,0,1,15,12,9)
2504:(1,2,0,3,0,0,16,12,10)
2505:(1,2,0,3,0,0,14,12,10)
2506:(1,2,0,3,0,0,13,12,10)
2507:(1,2,0,3,0,0,12,12,10)
2508:(1,2,0,2,0,1,17,12,10)
2509:(1,2,0,2,0,1,17,16,10)
2510:(1,2,0,2,0,1,11,15,10)
2511:(1,1,0,2,1,1,17,16,10)
2512:(1,0,1,2,2,0,13,12,10)
2513:(1,2,0,1,0,2,17,20,11)
2514:(1,1,1,1,1,1,9,17,10)
2515:(1,1,1,1,1,1,9,15,10)
2516:(1,1,1,1,1,1,17,7,10)
2517:(1,1,1,1,1,1,9,13,10)
2518:(1,1,1,1,1,1,9,12,10)
2519:(1,1,1,1,1,1,9,16,10)
2520:(1,1,2,0,1,1,9,10,10)
2521:(1,1,0,2,1,1,15,10,10)
2522:(1,1,0,3,1,0,14,10,11)
2523:(1,2,2,1,0,0,18,9,12)
2524:(1,2,0,0,0,3,16,10,11)
2525:(1,1,1,2,1,0,12,11,9)
2526:(1,0,1,1,2,1,10,11,9)
2527:(1,0,1,1,2,1,9,11,9)
2528:(1,1,1,1,1,1,9,11,9)
2529:(1,1,1,1,1,1,16,11,9)
2530:(1,1,1,1,1,1,18,11,9)
2531:(1,1,1,1,1,1,19,11,9)
2532:(1,0,0,3,2,0,11,10,10)
2533:(1,1,2,0,1,1,15,10,8)
2534:(1,0,3,0,2,0,17,7,10)
2535:(1,0,1,1,2,1,16,10,11)
2536:(1,1,1,0,1,2,16,12,11)
2537:(1,1,1,0,1,2,16,8,11)
2538:(1,1,0,1,1,2,9,10,10)
2539:(1,1,0,1,1,2,15,9,12)
2540:(1,1,0,1,1,2,17,11,10)
2541:(1,1,0,1,1,2,12,10,12)
2542:(1,1,0,1,1,2,17,10,9)
2543:(1,1,1,0,1,2,17,8,12)
2544:(1,1,1,0,1,2,14,8,11)
2545:(1,1,0,1,1,2,13,9,11)
2546:(1,1,1,0,1,2,10,8,11)
2547:(1,1,0,1,1,2,10,10,11)
2548:(1,1,0,1,1,2,13,10,12)
2549:(1,1,1,0,1,2,13,10,12)
2550:(1,1,0,1,1,2,17,10,12)
2551:(1,1,0,1,1,2,13,10,10)
2552:(1,1,0,1,1,2,14,10,10)
2553:(1,1,0,1,1,2,14,12,10)
2554:(1,1,1,0,1,2,14,12,10)
2555:(1,1,1,0,1,2,18,11,10)
2556:(1,1,1,0,1,2,9,11,10)
2557:(1,1,1,0,1,2,8,12,10)
2558:(1,1,1,0,1,2,11,12,10)
2559:(1,1,1,0,1,2,12,12,10)
2560:(1,1,1,0,1,2,13,12,10)
2561:(1,1,1,0,1,2,15,12,10)
2562:(1,1,1,0,1,2,16,12,10)
2563:(1,1,1,0,1,2,10,11,10)
2564:(1,1,1,0,1,2,7,11,10)
2565:(1,1,1,0,1,2,19,11,10)
2566:(1,2,1,0,0,2,19,11,10)
2567:(1,1,1,0,1,2,18,10,10)
2568:(1,2,1,0,0,2,19,10,10)
2569:(1,1,1,0,1,2,19,10,10)
2570:(1,0,2,1,2,0,12,11,9)
2571:(1,2,3,0,0,0,17,10,9)
2572:(1,2,3,0,0,0,17,8,8)
2573:(1,1,2,1,1,0,17,9,8)
2574:(1,0,3,0,2,0,16,8,8)
2575:(1,1,2,0,1,1,17,9,12)
2576:(1,2,0,2,0,1,17,9,12)
2577:(1,1,2,1,1,0,18,8,12)
2578:(1,2,2,1,0,0,19,8,12)
2579:(1,0,2,1,2,0,17,9,12)
2580:(1,0,2,1,2,0,16,9,12)
2581:(1,1,3,0,1,0,18,9,12)
2582:(1,2,3,0,0,0,19,9,12)
2583:(1,1,1,2,1,0,18,11,13)
2584:(1,2,1,2,0,0,19,11,13)
2585:(1,1,2,1,1,0,18,11,12)
2586:(1,2,2,1,0,0,19,11,12)
2587:(1,1,2,1,1,0,19,11,12)
2588:(1,1,1,2,1,0,19,11,13)
2589:(1,1,1,2,1,0,18,10,13)
2590:(1,1,1,2,1,0,19,10,13)
2591:(1,1,3,0,1,0,18,8,12)
2592:(1,1,3,0,1,0,19,8,12)
2593:(1,1,1,2,1,0,18,10,12)
2594:(1,1,3,0,1,0,19,9,12)
2595:(1,1,2,1,1,0,19,8,12)
2596:(1,2,1,2,0,0,19,10,13)
2597:(1,2,3,0,0,0,19,8,12)
2598:(1,1,2,1,1,0,17,8,11)
2599:(1,1,2,1,1,0,17,7,11)
2600:(1,1,2,1,1,0,18,6,11)
2601:(1,1,2,1,1,0,19,6,11)
2602:(1,0,0,2,2,1,17,11,13)
2603:(1,0,1,1,2,1,12,8,10)
2604:(1,0,1,1,2,1,8,9,11)
2605:(1,0,1,1,2,1,17,9,12)
2606:(1,0,1,1,2,1,17,8,11)
2607:(1,0,1,1,2,1,17,10,11)
2608:(1,1,1,1,1,1,17,8,11)
2609:(1,2,1,1,0,1,13,9,11)
2610:(1,2,1,1,0,1,9,9,11)
2611:(1,1,1,1,1,1,17,20,11)
2612:(1,2,1,1,0,1,10,17,10)
2613:(1,2,1,1,0,1,10,15,10)
2614:(1,2,1,1,0,1,10,13,10)
2615:(1,2,1,1,0,1,10,18,10)
2616:(1,1,3,0,1,0,17,7,9)
2617:(1,1,0,0,1,3,12,10,11)
2618:(1,2,1,2,0,0,18,9,8)
2619:(1,0,2,1,2,0,9,8,10)
2620:(1,0,1,2,2,0,9,8,10)
2621:(1,0,1,2,2,0,16,17,10)
2622:(1,0,2,1,2,0,16,17,10)
2623:(1,0,0,3,2,0,16,11,10)
2624:(1,1,0,3,1,0,16,13,10)
2625:(1,2,2,1,0,0,16,12,10)
2626:(1,2,2,1,0,0,12,12,10)
2627:(1,2,2,1,0,0,11,8,10)
2628:(1,2,2,1,0,0,18,7,10)
2629:(1,2,2,1,0,0,17,12,10)
2630:(1,2,2,1,0,0,14,11,10)
2631:(1,2,2,1,0,0,17,11,10)
2632:(1,2,2,1,0,0,11,12,10)
2633:(1,2,2,1,0,0,17,19,10)
2634:(1,2,2,1,0,0,15,18,10)
2635:(1,2,2,1,0,0,14,18,10)
2636:(1,2,2,1,0,0,14,19,10)
2637:(1,2,2,1,0,0,14,17,10)
2638:(1,2,2,1,0,0,14,16,10)
2639:(1,2,2,1,0,0,14,13,10)
2640:(1,2,2,1,0,0,14,8,10)
2641:(1,2,2,1,0,0,14,12,10)
2642:(1,2,2,1,0,0,14,14,10)
2643:(1,2,2,1,0,0,12,13,10)
2644:(1,2,2,1,0,0,18,12,10)
2645:(1,2,2,1,0,0,13,12,10)
2646:(1,2,2,1,0,0,15,12,10)
2647:(1,2,2,1,0,0,18,13,10)
2648:(1,2,2,1,0,0,15,13,10)
2649:(-1,-1,-1,-1,-1,-1,-1,-1,-1)