(S0,S1)
0:(1,79)
1:(1,80)
2:(1,78)
3:(1,77)
4:(1,76)
5:(1,75)
6:(1,74)
7:(1,73)
8:(1,72)
9:(1,71)
10:(1,70)
11:(1,69)
12:(1,68)
13:(1,67)
14:(1,66)
15:(1,65)
16:(1,64)
17:(1,63)
18:(1,62)
19:(1,61)
20:(1,60)
21:(1,59)
22:(1,58)
23:(1,57)
24:(1,56)
25:(1,55)
26:(1,54)
27:(1,53)
28:(1,52)
29:(1,51)
30:(1,50)
31:(1,49)
32:(1,48)
33:(1,47)
34:(1,46)
35:(1,45)
36:(1,44)
37:(1,43)
38:(1,42)
39:(1,41)
40:(1,40)
41:(1,39)
42:(1,38)
43:(1,37)
44:(1,36)
45:(1,35)
46:(1,34)
47:(1,33)
48:(1,32)
49:(1,31)
50:(1,30)
51:(1,29)
52:(1,28)
53:(1,27)
54:(1,26)
55:(1,25)
56:(1,24)
57:(1,23)
58:(1,22)
59:(1,21)
60:(1,20)
61:(1,19)
62:(1,18)
63:(1,17)
64:(1,16)
65:(1,15)
66:(1,14)
67:(1,13)
68:(1,12)
69:(1,11)
70:(1,10)
71:(1,9)
72:(1,8)
73:(1,7)
74:(1,6)
75:(1,5)
76:(1,4)
77:(1,3)
78:(1,2)
79:(1,1)
80:(1,0)
81:(-1,-1)
