(codY,flache,SigD_hag,hag,CodY_flache,CodY_hag,CodY,SigD,Hag)
0:(1,1,1,1,1,1,10,10,10)
1:(1,1,1,1,1,1,11,10,10)
2:(1,1,1,1,1,1,12,10,10)
3:(1,1,1,1,1,1,13,10,10)
4:(1,1,1,1,1,1,14,10,10)
5:(1,2,1,1,0,1,15,10,10)
6:(1,2,1,1,0,1,15,11,10)
7:(1,2,1,1,0,1,16,11,10)
8:(1,2,1,1,0,1,17,11,10)
9:(1,2,1,1,0,1,18,11,10)
10:(1,2,1,1,0,1,19,11,10)
11:(1,2,1,2,0,0,19,11,10)
12:(1,1,1,1,1,1,11,10,9)
13:(1,1,1,2,1,0,12,10,9)
14:(1,1,1,2,1,0,13,10,9)
15:(1,1,1,2,1,0,14,10,9)
16:(1,2,1,2,0,0,15,10,9)
17:(1,2,1,2,0,0,16,10,9)
18:(1,2,1,2,0,0,17,10,9)
19:(1,2,1,2,0,0,18,10,9)
20:(1,2,1,2,0,0,19,10,9)
21:(1,2,1,1,0,1,17,12,10)
22:(1,2,1,1,0,1,17,10,10)
23:(1,2,1,1,0,1,18,10,10)
24:(1,2,1,1,0,1,16,10,10)
25:(1,2,1,1,0,1,16,12,10)
26:(1,2,1,1,0,1,15,12,10)
27:(1,2,1,1,0,1,18,12,10)
28:(1,2,1,2,0,0,19,12,10)
29:(1,2,1,1,0,1,14,11,10)
30:(1,2,1,1,0,1,13,10,10)
31:(1,2,1,1,0,1,12,10,9)
32:(1,2,1,1,0,1,11,10,10)
33:(1,2,1,1,0,1,14,10,10)
34:(1,2,1,1,0,1,12,10,10)
35:(1,1,1,1,1,1,14,11,10)
36:(1,1,1,2,1,0,15,10,9)
37:(1,2,1,1,0,1,15,9,10)
38:(1,2,1,2,0,0,17,9,9)
39:(1,2,1,2,0,0,14,10,9)
40:(1,2,1,1,0,1,14,10,9)
41:(1,2,1,1,0,1,16,10,9)
42:(1,2,1,1,0,1,17,10,9)
43:(1,2,1,2,0,0,18,9,9)
44:(1,2,2,1,0,0,18,9,9)
45:(1,2,1,2,0,0,18,11,9)
46:(1,2,0,3,0,0,18,11,9)
47:(1,2,1,2,0,0,16,11,9)
48:(1,2,2,1,0,0,16,9,9)
49:(1,2,0,3,0,0,16,11,9)
50:(1,1,1,1,1,1,11,11,10)
51:(1,1,1,1,1,1,12,11,10)
52:(1,1,1,1,1,1,13,11,10)
53:(1,1,1,2,1,0,15,11,10)
54:(1,2,1,2,0,0,16,11,10)
55:(1,2,1,2,0,0,17,11,10)
56:(1,2,1,2,0,0,18,11,10)
57:(1,2,1,2,0,0,19,10,10)
58:(1,2,1,2,0,0,19,11,9)
59:(1,2,0,3,0,0,19,11,9)
60:(1,2,2,1,0,0,19,9,9)
61:(1,2,1,1,0,1,19,12,10)
62:(1,2,1,2,0,0,19,9,9)
63:(1,2,1,1,0,1,19,10,10)
64:(1,1,1,2,1,0,11,10,10)
65:(1,1,1,2,1,0,11,11,10)
66:(1,1,1,2,1,0,12,11,10)
67:(1,1,1,2,1,0,13,11,10)
68:(1,1,1,2,1,0,14,11,10)
69:(1,2,1,2,0,0,16,9,9)
70:(1,2,1,1,0,1,17,9,9)
71:(1,1,1,2,1,0,15,9,9)
72:(1,1,1,2,1,0,15,11,9)
73:(1,1,1,2,1,0,14,11,9)
74:(1,1,1,2,1,0,12,11,9)
75:(1,1,1,2,1,0,13,11,9)
76:(1,1,1,2,1,0,13,10,10)
77:(1,1,1,2,1,0,14,10,10)
78:(1,1,1,2,1,0,12,10,10)
79:(1,1,1,2,1,0,15,10,10)
80:(1,1,1,2,1,0,11,10,9)
81:(1,1,1,1,1,1,13,10,9)
82:(1,1,0,2,1,1,13,11,10)
83:(1,1,0,2,1,1,10,11,10)
84:(1,1,2,0,1,1,10,9,10)
85:(1,1,2,0,1,1,14,9,10)
86:(1,1,1,1,1,1,14,9,10)
87:(1,1,2,0,1,1,11,9,10)
88:(1,1,1,1,1,1,11,9,10)
89:(1,1,2,0,1,1,13,9,10)
90:(1,1,2,0,1,1,12,9,10)
91:(1,1,1,2,1,0,11,9,10)
92:(1,1,1,2,1,0,12,9,10)
93:(1,1,1,2,1,0,13,9,10)
94:(1,1,1,2,1,0,14,9,10)
95:(1,1,1,2,1,0,15,9,10)
96:(1,2,1,2,0,0,16,9,10)
97:(1,2,1,2,0,0,17,9,10)
98:(1,2,1,2,0,0,18,9,10)
99:(1,2,1,2,0,0,19,9,10)
100:(1,2,1,2,0,0,13,10,10)
101:(1,2,1,2,0,0,14,10,10)
102:(1,2,1,2,0,0,15,10,10)
103:(1,2,1,2,0,0,16,10,10)
104:(1,2,1,2,0,0,17,10,10)
105:(1,2,1,1,0,1,12,9,10)
106:(1,2,2,0,0,1,15,9,10)
107:(1,2,2,0,0,1,13,9,10)
108:(1,2,0,2,0,1,11,11,10)
109:(1,2,0,2,0,1,14,11,10)
110:(1,2,2,0,0,1,14,9,10)
111:(1,2,2,0,0,1,11,9,10)
112:(1,2,1,1,0,1,16,9,10)
113:(1,2,1,1,0,1,17,9,10)
114:(1,2,1,1,0,1,18,9,10)
115:(1,2,2,0,0,1,18,9,10)
116:(1,2,2,1,0,0,19,9,10)
117:(1,2,2,0,0,1,19,9,10)
118:(1,2,1,1,0,1,19,9,10)
119:(1,2,0,2,0,1,18,11,10)
120:(1,2,0,2,0,1,19,11,10)
121:(1,2,0,3,0,0,19,11,10)
122:(1,2,0,2,0,1,13,11,10)
123:(1,2,0,2,0,1,12,11,10)
124:(1,2,0,2,0,1,16,11,10)
125:(1,2,0,2,0,1,15,11,10)
126:(1,2,0,2,0,1,17,11,10)
127:(1,2,1,1,0,1,11,11,10)
128:(1,2,1,1,0,1,12,11,10)
129:(1,2,1,1,0,1,13,11,10)
130:(1,2,2,0,0,1,17,9,10)
131:(1,2,2,0,0,1,16,9,10)
132:(1,2,2,0,0,1,12,9,10)
133:(1,2,1,1,0,1,13,9,10)
134:(1,2,1,1,0,1,11,9,10)
135:(1,1,0,3,1,0,12,11,9)
136:(1,1,0,3,1,0,12,12,9)
137:(1,2,0,3,0,0,18,11,8)
138:(1,2,0,3,0,0,19,11,8)
139:(1,2,0,3,0,0,18,12,9)
140:(1,2,0,3,0,0,19,12,9)
141:(1,2,0,3,0,0,18,10,9)
142:(1,2,0,3,0,0,19,10,9)
143:(1,1,0,3,1,0,12,10,10)
144:(1,1,0,3,1,0,12,11,10)
145:(1,2,1,2,0,0,18,10,10)
146:(1,2,1,2,0,0,13,9,10)
147:(1,2,1,2,0,0,15,9,10)
148:(1,2,1,2,0,0,15,11,10)
149:(1,2,1,2,0,0,18,8,10)
150:(1,2,1,2,0,0,19,8,10)
151:(1,2,1,2,0,0,17,8,10)
152:(1,2,0,3,0,0,17,11,9)
153:(1,2,0,3,0,0,16,11,10)
154:(1,1,1,1,1,1,17,10,10)
155:(1,1,0,3,1,0,15,11,9)
156:(1,1,0,2,1,1,11,11,10)
157:(1,2,0,2,0,1,12,11,9)
158:(1,2,1,1,0,1,12,11,9)
159:(1,2,1,1,0,1,17,11,9)
160:(1,1,1,1,1,1,11,11,9)
161:(1,1,1,1,1,1,13,11,9)
162:(1,2,1,2,0,0,14,11,10)
163:(1,2,1,2,0,0,14,9,10)
164:(1,2,1,2,0,0,13,11,10)
165:(1,2,1,2,0,0,12,10,10)
166:(1,2,1,2,0,0,16,12,10)
167:(1,2,1,2,0,0,18,12,10)
168:(1,2,1,2,0,0,17,12,10)
169:(1,1,2,0,1,1,13,9,9)
170:(1,0,2,0,2,1,9,9,10)
171:(1,2,0,3,0,0,13,11,10)
172:(1,0,2,0,2,1,10,9,10)
173:(1,1,0,2,1,1,12,11,10)
174:(1,1,0,3,1,0,13,11,10)
175:(1,2,0,3,0,0,14,11,10)
176:(1,2,0,3,0,0,15,11,10)
177:(1,2,0,3,0,0,17,11,10)
178:(1,2,0,3,0,0,18,11,10)
179:(1,2,1,2,0,0,15,11,9)
180:(1,2,1,2,0,0,17,11,9)
181:(1,2,1,2,0,0,15,9,9)
182:(1,2,1,2,0,0,13,10,9)
183:(1,0,1,2,2,0,14,10,9)
184:(1,2,0,3,0,0,17,10,9)
185:(1,2,0,3,0,0,17,12,9)
186:(1,0,1,2,2,0,13,10,9)
187:(1,0,2,0,2,1,8,9,10)
188:(1,0,2,0,2,1,11,9,10)
189:(1,0,1,2,2,0,15,10,9)
190:(1,0,2,1,2,0,10,9,10)
191:(1,0,2,1,2,0,11,9,10)
192:(1,2,2,1,0,0,17,9,9)
193:(1,1,2,1,1,0,14,9,9)
194:(1,2,2,0,0,1,14,9,9)
195:(1,1,2,0,1,1,14,9,9)
196:(1,2,2,1,0,0,15,9,9)
197:(1,1,2,0,1,1,12,9,9)
198:(1,2,2,1,0,0,18,8,9)
199:(1,2,2,1,0,0,16,8,9)
200:(1,2,2,1,0,0,18,10,9)
201:(1,2,2,1,0,0,16,10,9)
202:(1,2,2,1,0,0,19,10,9)
203:(1,2,2,1,0,0,19,8,9)
204:(1,1,0,3,1,0,11,12,9)
205:(1,1,0,3,1,0,12,9,10)
206:(1,1,1,2,1,0,11,8,10)
207:(1,1,1,2,1,0,13,8,10)
208:(1,1,2,1,1,0,13,8,10)
209:(1,1,2,1,1,0,11,9,10)
210:(1,2,1,2,0,0,12,9,10)
211:(1,2,1,2,0,0,12,11,10)
212:(1,1,1,2,1,0,13,7,10)
213:(1,1,1,2,1,0,11,7,10)
214:(1,1,2,1,1,0,13,7,10)
215:(1,1,3,0,1,0,13,7,10)
216:(1,2,2,1,0,0,14,8,10)
217:(1,2,1,2,0,0,14,8,10)
218:(1,2,1,2,0,0,12,8,10)
219:(1,1,2,1,1,0,12,9,10)
220:(1,1,2,1,1,0,15,9,10)
221:(1,1,2,1,1,0,14,9,10)
222:(1,1,2,1,1,0,15,9,9)
223:(1,1,1,2,1,0,16,9,10)
224:(1,2,0,3,0,0,13,11,9)
225:(1,1,0,3,1,0,13,11,9)
226:(1,1,0,3,1,0,12,10,9)
227:(1,1,1,2,1,0,12,9,9)
228:(1,1,2,1,1,0,11,9,9)
229:(1,1,2,1,1,0,13,8,9)
230:(1,2,2,0,0,1,13,9,9)
231:(1,1,1,1,1,1,14,10,11)
232:(1,1,1,1,1,1,12,10,11)
233:(1,1,2,0,1,1,12,8,10)
234:(1,1,0,2,1,1,11,10,10)
235:(1,2,0,2,0,1,18,10,10)
236:(1,2,0,3,0,0,16,10,9)
237:(1,2,0,3,0,0,15,10,10)
238:(1,1,0,2,1,1,12,10,10)
239:(1,2,1,1,0,1,14,9,9)
240:(1,1,1,1,1,1,11,9,9)
241:(1,1,1,2,1,0,11,9,9)
242:(1,1,0,3,1,0,11,11,9)
243:(1,1,1,2,1,0,11,11,9)
244:(1,2,0,3,0,0,19,10,10)
245:(1,2,0,2,0,1,19,10,10)
246:(1,2,2,1,0,0,17,9,10)
247:(1,2,1,2,0,0,13,11,9)
248:(1,2,1,2,0,0,12,11,9)
249:(1,2,1,0,0,2,11,11,9)
250:(1,2,1,1,0,1,13,11,9)
251:(1,1,1,2,1,0,15,10,11)
252:(1,2,1,2,0,0,13,9,9)
253:(1,1,0,2,1,1,12,12,10)
254:(1,2,3,0,0,0,17,8,9)
255:(1,2,2,0,0,1,13,8,10)
256:(1,0,1,2,2,0,14,10,10)
257:(1,2,1,1,0,1,15,10,9)
258:(1,2,0,3,0,0,14,12,10)
259:(1,1,0,3,1,0,12,12,10)
260:(1,1,1,2,1,0,12,12,10)
261:(1,2,1,2,0,0,12,12,9)
262:(1,1,1,2,1,0,12,12,9)
263:(1,0,0,3,2,0,11,11,9)
264:(1,1,0,2,1,1,11,11,9)
265:(1,1,0,2,1,1,13,11,9)
266:(1,1,0,2,1,1,13,12,10)
267:(1,1,1,1,1,1,13,12,10)
268:(1,1,1,1,1,1,12,11,11)
269:(1,1,0,2,1,1,11,9,10)
270:(1,1,1,1,1,1,15,9,10)
271:(1,1,2,1,1,0,15,10,9)
272:(1,1,1,2,1,0,16,10,9)
273:(1,2,2,1,0,0,16,9,10)
274:(1,2,1,2,0,0,16,10,11)
275:(1,0,2,1,2,0,14,9,10)
276:(1,1,2,1,1,0,12,7,10)
277:(1,1,2,1,1,0,12,8,10)
278:(1,1,2,1,1,0,13,9,10)
279:(1,1,2,1,1,0,13,9,9)
280:(1,1,2,1,1,0,10,9,10)
281:(1,0,2,1,2,0,13,9,9)
282:(1,0,2,1,2,0,13,9,10)
283:(-1,-1,-1,-1,-1,-1,-1,-1,-1)