(S0,S1,S2,S3,S4,S5)
0:(0,58,1,1,41,0)
1:(0,58,1,0,40,1)
2:(0,57,1,0,41,1)
3:(0,57,1,1,42,0)
4:(1,58,0,0,41,1)
5:(1,58,0,1,42,0)
6:(1,57,0,0,42,1)
7:(0,56,1,0,42,1)
8:(1,57,0,1,43,0)
9:(1,56,0,0,43,1)
10:(0,56,1,1,43,0)
11:(0,55,1,0,43,1)
12:(0,55,1,1,44,0)
13:(1,56,0,1,44,0)
14:(0,54,1,0,44,1)
15:(1,55,0,0,44,1)
16:(0,54,1,1,45,0)
17:(1,55,0,1,45,0)
18:(0,53,1,0,45,1)
19:(1,54,0,0,45,1)
20:(0,53,1,1,46,0)
21:(1,54,0,1,46,0)
22:(0,52,1,0,46,1)
23:(1,53,0,0,46,1)
24:(0,52,1,1,47,0)
25:(1,53,0,1,47,0)
26:(0,51,1,0,47,1)
27:(1,52,0,0,47,1)
28:(0,51,1,1,48,0)
29:(1,52,0,1,48,0)
30:(0,50,1,0,48,1)
31:(1,51,0,0,48,1)
32:(0,50,1,1,49,0)
33:(1,51,0,1,49,0)
34:(0,49,1,0,49,1)
35:(1,50,0,0,49,1)
36:(0,49,1,1,50,0)
37:(1,50,0,1,50,0)
38:(0,48,1,0,50,1)
39:(1,49,0,0,50,1)
40:(0,48,1,1,51,0)
41:(1,49,0,1,51,0)
42:(0,47,1,0,51,1)
43:(1,48,0,0,51,1)
44:(0,47,1,1,52,0)
45:(1,48,0,1,52,0)
46:(1,47,0,0,52,1)
47:(1,47,0,1,53,0)
48:(0,46,1,0,52,1)
49:(0,46,1,1,53,0)
50:(1,59,0,1,41,0)
51:(1,59,0,0,40,1)
52:(1,46,0,0,53,1)
53:(1,46,0,1,54,0)
54:(0,45,1,0,53,1)
55:(0,45,1,1,54,0)
56:(1,45,0,0,54,1)
57:(1,45,0,1,55,0)
58:(-1,-1,-1,-1,-1,-1)
