(AmtR_protein,Ara_AraC_protein,BetI_protein,HlyIIR_protein,LacI_protein,PhlF_protein,TetR_protein,YFP_protein,topModel_AmtRpart_module_sub__pBAD,topModel_AmtRpart_module_sub__pHlyIIR,topModel_BetIpart_module_sub__pHlyIIR,topModel_BetIpart_module_sub__pTet,topModel_HlyIIRpart_module_sub__pBAD,topModel_HlyIIRpart_module_sub__pTet,topModel_PhlFpart_module_sub__pAmtR,topModel_PhlFpart_module_sub__pTac,topModel_YFPpart_module_sub__pBetI,topModel_YFPpart_module_sub__pPhlF)
0:(70,60,70,0,0,70,0,0,2,2,2,2,2,2,2,2,2,2)
1:(70,60,70,0,0,70,0,10,2,2,2,2,2,2,2,2,2,2)
2:(70,60,70,0,0,70,0,20,2,2,2,2,2,2,2,2,2,2)
3:(70,60,70,0,0,70,0,30,2,2,2,2,2,2,2,2,2,2)
4:(70,60,70,0,0,80,0,0,2,2,2,2,2,2,2,2,2,2)
5:(70,60,70,0,0,80,0,10,2,2,2,2,2,2,2,2,2,2)
6:(70,60,70,0,0,80,0,20,2,2,2,2,2,2,2,2,2,2)
7:(70,60,70,0,0,80,0,30,2,2,2,2,2,2,2,2,2,2)
8:(80,60,70,0,0,80,0,10,2,2,2,2,2,2,2,2,2,2)
9:(80,60,70,0,0,70,0,10,2,2,2,2,2,2,2,2,2,2)
10:(70,60,70,0,0,90,0,10,2,2,2,2,2,2,2,2,2,2)
11:(70,60,70,0,0,60,0,10,2,2,2,2,2,2,2,2,2,2)
12:(70,60,70,0,0,60,0,0,2,2,2,2,2,2,2,2,2,2)
13:(80,60,70,0,0,70,0,20,2,2,2,2,2,2,2,2,2,2)
14:(80,60,70,0,0,70,0,30,2,2,2,2,2,2,2,2,2,2)
15:(80,60,70,0,0,80,0,20,2,2,2,2,2,2,2,2,2,2)
16:(80,60,70,0,0,80,0,30,2,2,2,2,2,2,2,2,2,2)
17:(60,60,70,0,0,80,0,20,2,2,2,2,2,2,2,2,2,2)
18:(60,60,70,0,0,80,0,30,2,2,2,2,2,2,2,2,2,2)
19:(70,60,70,0,0,90,0,20,2,2,2,2,2,2,2,2,2,2)
20:(70,60,70,0,0,90,0,30,2,2,2,2,2,2,2,2,2,2)
21:(70,60,70,0,0,60,0,20,2,2,2,2,2,2,2,2,2,2)
22:(70,60,70,0,0,60,0,30,2,2,2,2,2,2,2,2,2,2)
23:(60,60,70,0,0,70,0,20,2,2,2,2,2,2,2,2,2,2)
24:(60,60,70,0,0,70,0,30,2,2,2,2,2,2,2,2,2,2)
25:(70,60,60,0,0,70,0,20,2,2,2,2,2,2,2,2,2,2)
26:(70,60,60,0,0,70,0,30,2,2,2,2,2,2,2,2,2,2)
27:(70,60,80,0,0,70,0,20,2,2,2,2,2,2,2,2,2,2)
28:(70,60,80,0,0,70,0,30,2,2,2,2,2,2,2,2,2,2)
29:(70,60,70,10,0,70,0,20,2,2,2,2,2,2,2,2,2,2)
30:(70,60,70,10,0,70,0,30,2,2,2,2,2,2,2,2,2,2)
31:(70,60,80,0,0,70,0,0,2,2,2,2,2,2,2,2,2,2)
32:(70,60,80,0,0,70,0,10,2,2,2,2,2,2,2,2,2,2)
33:(70,60,80,0,0,60,0,20,2,2,2,2,2,2,2,2,2,2)
34:(70,60,80,0,0,80,0,20,2,2,2,2,2,2,2,2,2,2)
35:(70,60,80,10,0,70,0,20,2,2,2,2,2,2,2,2,2,2)
36:(80,60,70,10,0,70,0,20,2,2,2,2,2,2,2,2,2,2)
37:(80,60,70,10,0,70,0,30,2,2,2,2,2,2,2,2,2,2)
38:(60,60,70,10,0,70,0,20,2,2,2,2,2,2,2,2,2,2)
39:(60,60,70,10,0,70,0,30,2,2,2,2,2,2,2,2,2,2)
40:(70,60,70,20,0,70,0,20,2,2,2,2,2,2,2,2,2,2)
41:(70,60,70,20,0,70,0,30,2,2,2,2,2,2,2,2,2,2)
42:(70,60,80,10,0,70,0,30,2,2,2,2,2,2,2,2,2,2)
43:(70,60,60,10,0,70,0,20,2,2,2,2,2,2,2,2,2,2)
44:(70,60,60,10,0,70,0,30,2,2,2,2,2,2,2,2,2,2)
45:(70,60,70,10,0,70,0,0,2,2,2,2,2,2,2,2,2,2)
46:(70,60,70,10,0,70,0,10,2,2,2,2,2,2,2,2,2,2)
47:(70,60,80,0,0,80,0,30,2,2,2,2,2,2,2,2,2,2)
48:(70,60,80,0,0,60,0,30,2,2,2,2,2,2,2,2,2,2)
49:(70,60,90,0,0,60,0,20,2,2,2,2,2,2,2,2,2,2)
50:(60,60,70,0,0,90,0,20,2,2,2,2,2,2,2,2,2,2)
51:(80,60,70,0,0,90,0,20,2,2,2,2,2,2,2,2,2,2)
52:(70,60,80,0,0,90,0,20,2,2,2,2,2,2,2,2,2,2)
53:(70,60,80,10,0,60,0,20,2,2,2,2,2,2,2,2,2,2)
54:(70,60,80,10,0,60,0,30,2,2,2,2,2,2,2,2,2,2)
55:(70,60,70,20,0,60,0,20,2,2,2,2,2,2,2,2,2,2)
56:(70,60,70,20,0,60,0,30,2,2,2,2,2,2,2,2,2,2)
57:(70,60,70,10,0,60,0,20,2,2,2,2,2,2,2,2,2,2)
58:(70,60,70,10,0,60,0,30,2,2,2,2,2,2,2,2,2,2)
59:(70,60,90,0,0,60,0,30,2,2,2,2,2,2,2,2,2,2)
60:(60,60,70,0,0,90,0,30,2,2,2,2,2,2,2,2,2,2)
61:(80,60,70,0,0,90,0,30,2,2,2,2,2,2,2,2,2,2)
62:(70,60,80,0,0,90,0,30,2,2,2,2,2,2,2,2,2,2)
63:(50,60,70,0,0,80,0,20,2,2,2,2,2,2,2,2,2,2)
64:(50,60,70,0,0,70,0,20,2,2,2,2,2,2,2,2,2,2)
65:(50,60,70,0,0,90,0,20,2,2,2,2,2,2,2,2,2,2)
66:(60,60,70,10,0,80,0,20,2,2,2,2,2,2,2,2,2,2)
67:(60,60,70,10,0,90,0,20,2,2,2,2,2,2,2,2,2,2)
68:(60,60,70,10,0,80,0,30,2,2,2,2,2,2,2,2,2,2)
69:(70,60,80,0,0,80,0,10,2,2,2,2,2,2,2,2,2,2)
70:(70,60,70,10,0,80,0,20,2,2,2,2,2,2,2,2,2,2)
71:(70,60,70,10,0,80,0,30,2,2,2,2,2,2,2,2,2,2)
72:(70,60,80,10,0,80,0,20,2,2,2,2,2,2,2,2,2,2)
73:(70,60,80,10,0,80,0,30,2,2,2,2,2,2,2,2,2,2)
74:(50,60,70,0,0,70,0,30,2,2,2,2,2,2,2,2,2,2)
75:(50,60,70,0,0,90,0,30,2,2,2,2,2,2,2,2,2,2)
76:(50,60,70,0,0,80,0,30,2,2,2,2,2,2,2,2,2,2)
77:(60,60,70,10,0,90,0,30,2,2,2,2,2,2,2,2,2,2)
78:(70,60,90,0,0,70,0,20,2,2,2,2,2,2,2,2,2,2)
79:(70,60,90,0,0,90,0,20,2,2,2,2,2,2,2,2,2,2)
80:(70,60,90,0,0,80,0,20,2,2,2,2,2,2,2,2,2,2)
81:(70,60,80,0,0,50,0,20,2,2,2,2,2,2,2,2,2,2)
82:(70,60,80,0,0,60,0,10,2,2,2,2,2,2,2,2,2,2)
83:(70,60,80,0,0,50,0,30,2,2,2,2,2,2,2,2,2,2)
84:(70,60,90,0,0,80,0,30,2,2,2,2,2,2,2,2,2,2)
85:(70,60,90,0,0,90,0,30,2,2,2,2,2,2,2,2,2,2)
86:(70,60,90,0,0,70,0,30,2,2,2,2,2,2,2,2,2,2)
87:(80,60,80,0,0,70,0,20,2,2,2,2,2,2,2,2,2,2)
88:(60,60,80,0,0,80,0,20,2,2,2,2,2,2,2,2,2,2)
89:(80,60,70,0,0,60,0,20,2,2,2,2,2,2,2,2,2,2)
90:(80,60,70,0,0,60,0,30,2,2,2,2,2,2,2,2,2,2)
91:(80,60,80,0,0,70,0,30,2,2,2,2,2,2,2,2,2,2)
92:(80,60,60,0,0,70,0,20,2,2,2,2,2,2,2,2,2,2)
93:(80,60,60,0,0,70,0,30,2,2,2,2,2,2,2,2,2,2)
94:(80,60,80,0,0,70,0,10,2,2,2,2,2,2,2,2,2,2)
95:(60,60,80,0,0,70,0,10,2,2,2,2,2,2,2,2,2,2)
96:(60,60,70,0,0,70,0,10,2,2,2,2,2,2,2,2,2,2)
97:(70,60,90,0,0,70,0,10,2,2,2,2,2,2,2,2,2,2)
98:(70,60,90,0,0,70,0,0,2,2,2,2,2,2,2,2,2,2)
99:(80,60,80,0,0,70,0,0,2,2,2,2,2,2,2,2,2,2)
100:(80,60,90,0,0,70,0,20,2,2,2,2,2,2,2,2,2,2)
101:(60,60,80,0,0,70,0,20,2,2,2,2,2,2,2,2,2,2)
102:(60,60,80,0,0,80,0,30,2,2,2,2,2,2,2,2,2,2)
103:(60,60,80,0,0,70,0,30,2,2,2,2,2,2,2,2,2,2)
104:(80,60,90,0,0,70,0,30,2,2,2,2,2,2,2,2,2,2)
105:(80,60,70,10,0,60,0,20,2,2,2,2,2,2,2,2,2,2)
106:(80,60,80,0,0,60,0,20,2,2,2,2,2,2,2,2,2,2)
107:(80,60,80,0,0,60,0,30,2,2,2,2,2,2,2,2,2,2)
108:(80,60,70,10,0,60,0,30,2,2,2,2,2,2,2,2,2,2)
109:(80,60,80,10,0,60,0,20,2,2,2,2,2,2,2,2,2,2)
110:(80,60,80,10,0,60,0,30,2,2,2,2,2,2,2,2,2,2)
111:(80,60,80,0,0,50,0,20,2,2,2,2,2,2,2,2,2,2)
112:(80,60,90,0,0,60,0,20,2,2,2,2,2,2,2,2,2,2)
113:(80,60,90,0,0,60,0,30,2,2,2,2,2,2,2,2,2,2)
114:(90,60,80,0,0,60,0,20,2,2,2,2,2,2,2,2,2,2)
115:(60,60,80,0,0,60,0,20,2,2,2,2,2,2,2,2,2,2)
116:(60,60,90,0,0,60,0,20,2,2,2,2,2,2,2,2,2,2)
117:(60,60,70,0,0,60,0,20,2,2,2,2,2,2,2,2,2,2)
118:(70,60,60,0,0,60,0,20,2,2,2,2,2,2,2,2,2,2)
119:(60,60,60,0,0,70,0,10,2,2,2,2,2,2,2,2,2,2)
120:(80,60,50,0,0,70,0,20,2,2,2,2,2,2,2,2,2,2)
121:(80,60,50,0,0,70,0,30,2,2,2,2,2,2,2,2,2,2)
122:(70,60,60,10,0,60,0,20,2,2,2,2,2,2,2,2,2,2)
123:(70,60,90,10,0,60,0,20,2,2,2,2,2,2,2,2,2,2)
124:(80,60,60,0,0,80,0,20,2,2,2,2,2,2,2,2,2,2)
125:(80,60,80,0,0,50,0,30,2,2,2,2,2,2,2,2,2,2)
126:(80,60,60,0,0,80,0,30,2,2,2,2,2,2,2,2,2,2)
127:(60,60,80,0,0,60,0,30,2,2,2,2,2,2,2,2,2,2)
128:(90,60,80,0,0,60,0,30,2,2,2,2,2,2,2,2,2,2)
129:(60,60,90,0,0,60,0,30,2,2,2,2,2,2,2,2,2,2)
130:(70,60,60,0,0,60,0,30,2,2,2,2,2,2,2,2,2,2)
131:(60,60,70,0,0,60,0,30,2,2,2,2,2,2,2,2,2,2)
132:(70,60,90,10,0,60,0,30,2,2,2,2,2,2,2,2,2,2)
133:(70,60,60,10,0,60,0,30,2,2,2,2,2,2,2,2,2,2)
134:(60,60,60,10,0,70,0,20,2,2,2,2,2,2,2,2,2,2)
135:(60,60,60,10,0,70,0,30,2,2,2,2,2,2,2,2,2,2)
136:(80,60,60,10,0,70,0,20,2,2,2,2,2,2,2,2,2,2)
137:(80,60,60,10,0,70,0,30,2,2,2,2,2,2,2,2,2,2)
138:(80,60,60,10,0,60,0,20,2,2,2,2,2,2,2,2,2,2)
139:(80,60,60,10,0,60,0,30,2,2,2,2,2,2,2,2,2,2)
140:(60,60,60,10,0,60,0,20,2,2,2,2,2,2,2,2,2,2)
141:(60,60,60,10,0,60,0,30,2,2,2,2,2,2,2,2,2,2)
142:(70,60,60,20,0,70,0,20,2,2,2,2,2,2,2,2,2,2)
143:(60,60,60,0,0,70,0,20,2,2,2,2,2,2,2,2,2,2)
144:(70,60,60,0,0,70,0,10,2,2,2,2,2,2,2,2,2,2)
145:(60,60,70,0,0,80,0,10,2,2,2,2,2,2,2,2,2,2)
146:(50,60,80,0,0,80,0,20,2,2,2,2,2,2,2,2,2,2)
147:(50,60,80,0,0,80,0,30,2,2,2,2,2,2,2,2,2,2)
148:(60,60,50,0,0,70,0,10,2,2,2,2,2,2,2,2,2,2)
149:(70,60,90,10,0,70,0,0,2,2,2,2,2,2,2,2,2,2)
150:(70,60,80,0,0,80,0,0,2,2,2,2,2,2,2,2,2,2)
151:(70,60,90,10,0,80,0,20,2,2,2,2,2,2,2,2,2,2)
152:(60,60,60,0,0,70,0,30,2,2,2,2,2,2,2,2,2,2)
153:(70,60,60,20,0,70,0,30,2,2,2,2,2,2,2,2,2,2)
154:(70,60,90,10,0,80,0,30,2,2,2,2,2,2,2,2,2,2)
155:(60,60,50,0,0,70,0,20,2,2,2,2,2,2,2,2,2,2)
156:(60,60,60,10,0,60,0,10,2,2,2,2,2,2,2,2,2,2)
157:(60,60,80,0,0,60,0,10,2,2,2,2,2,2,2,2,2,2)
158:(60,60,60,20,0,60,0,20,2,2,2,2,2,2,2,2,2,2)
159:(80,60,90,10,0,60,0,20,2,2,2,2,2,2,2,2,2,2)
160:(90,60,90,0,0,60,0,20,2,2,2,2,2,2,2,2,2,2)
161:(80,60,60,0,0,60,0,20,2,2,2,2,2,2,2,2,2,2)
162:(80,60,60,10,0,60,0,10,2,2,2,2,2,2,2,2,2,2)
163:(70,60,70,10,0,90,0,20,2,2,2,2,2,2,2,2,2,2)
164:(80,60,70,10,0,80,0,20,2,2,2,2,2,2,2,2,2,2)
165:(80,60,80,0,0,60,0,10,2,2,2,2,2,2,2,2,2,2)
166:(80,60,80,0,0,80,0,10,2,2,2,2,2,2,2,2,2,2)
167:(70,60,80,10,0,70,0,10,2,2,2,2,2,2,2,2,2,2)
168:(70,60,80,10,0,80,0,10,2,2,2,2,2,2,2,2,2,2)
169:(70,60,80,10,0,70,0,0,2,2,2,2,2,2,2,2,2,2)
170:(50,60,80,0,0,70,0,20,2,2,2,2,2,2,2,2,2,2)
171:(50,60,80,0,0,70,0,30,2,2,2,2,2,2,2,2,2,2)
172:(50,60,70,0,0,60,0,20,2,2,2,2,2,2,2,2,2,2)
173:(50,60,70,0,0,60,0,30,2,2,2,2,2,2,2,2,2,2)
174:(50,60,70,10,0,70,0,20,2,2,2,2,2,2,2,2,2,2)
175:(50,60,70,10,0,70,0,30,2,2,2,2,2,2,2,2,2,2)
176:(80,60,70,10,0,70,0,10,2,2,2,2,2,2,2,2,2,2)
177:(60,60,70,10,0,70,0,10,2,2,2,2,2,2,2,2,2,2)
178:(60,60,70,0,0,60,0,10,2,2,2,2,2,2,2,2,2,2)
179:(60,60,70,0,0,70,0,0,2,2,2,2,2,2,2,2,2,2)
180:(80,60,70,10,0,80,0,30,2,2,2,2,2,2,2,2,2,2)
181:(80,60,90,10,0,60,0,30,2,2,2,2,2,2,2,2,2,2)
182:(80,60,60,0,0,60,0,30,2,2,2,2,2,2,2,2,2,2)
183:(60,60,60,20,0,60,0,30,2,2,2,2,2,2,2,2,2,2)
184:(90,60,90,0,0,60,0,30,2,2,2,2,2,2,2,2,2,2)
185:(60,60,50,0,0,70,0,30,2,2,2,2,2,2,2,2,2,2)
186:(70,60,70,10,0,90,0,30,2,2,2,2,2,2,2,2,2,2)
187:(60,60,60,0,0,60,0,20,2,2,2,2,2,2,2,2,2,2)
188:(80,60,60,0,0,60,0,10,2,2,2,2,2,2,2,2,2,2)
189:(60,60,60,20,0,60,0,10,2,2,2,2,2,2,2,2,2,2)
190:(70,60,60,10,0,60,0,10,2,2,2,2,2,2,2,2,2,2)
191:(80,60,60,20,0,60,0,20,2,2,2,2,2,2,2,2,2,2)
192:(70,60,60,20,0,60,0,20,2,2,2,2,2,2,2,2,2,2)
193:(60,60,90,0,0,70,0,10,2,2,2,2,2,2,2,2,2,2)
194:(80,60,50,10,0,60,0,20,2,2,2,2,2,2,2,2,2,2)
195:(60,60,70,20,0,60,0,20,2,2,2,2,2,2,2,2,2,2)
196:(70,60,90,10,0,70,0,10,2,2,2,2,2,2,2,2,2,2)
197:(70,60,90,10,0,80,0,0,2,2,2,2,2,2,2,2,2,2)
198:(70,60,90,10,0,60,0,0,2,2,2,2,2,2,2,2,2,2)
199:(70,60,60,10,0,80,0,20,2,2,2,2,2,2,2,2,2,2)
200:(70,60,80,10,0,60,0,10,2,2,2,2,2,2,2,2,2,2)
201:(70,60,70,10,0,80,0,0,2,2,2,2,2,2,2,2,2,2)
202:(70,60,70,10,0,60,0,0,2,2,2,2,2,2,2,2,2,2)
203:(70,60,70,10,0,60,0,10,2,2,2,2,2,2,2,2,2,2)
204:(80,60,60,20,0,60,0,30,2,2,2,2,2,2,2,2,2,2)
205:(80,60,50,10,0,60,0,30,2,2,2,2,2,2,2,2,2,2)
206:(60,60,90,0,0,70,0,20,2,2,2,2,2,2,2,2,2,2)
207:(60,60,90,0,0,70,0,30,2,2,2,2,2,2,2,2,2,2)
208:(60,60,70,20,0,60,0,30,2,2,2,2,2,2,2,2,2,2)
209:(70,60,60,10,0,80,0,30,2,2,2,2,2,2,2,2,2,2)
210:(70,60,60,20,0,60,0,30,2,2,2,2,2,2,2,2,2,2)
211:(60,60,60,0,0,60,0,30,2,2,2,2,2,2,2,2,2,2)
212:(70,60,80,10,0,90,0,20,2,2,2,2,2,2,2,2,2,2)
213:(70,60,80,10,0,90,0,30,2,2,2,2,2,2,2,2,2,2)
214:(70,60,80,20,0,60,0,20,2,2,2,2,2,2,2,2,2,2)
215:(70,60,90,10,0,80,0,10,2,2,2,2,2,2,2,2,2,2)
216:(70,60,80,10,0,80,0,0,2,2,2,2,2,2,2,2,2,2)
217:(70,60,80,20,0,60,0,30,2,2,2,2,2,2,2,2,2,2)
218:(80,60,70,10,0,60,0,10,2,2,2,2,2,2,2,2,2,2)
219:(80,60,60,10,0,50,0,10,2,2,2,2,2,2,2,2,2,2)
220:(80,60,50,10,0,50,0,20,2,2,2,2,2,2,2,2,2,2)
221:(80,60,50,10,0,50,0,30,2,2,2,2,2,2,2,2,2,2)
222:(80,60,60,20,0,50,0,20,2,2,2,2,2,2,2,2,2,2)
223:(80,60,60,20,0,50,0,30,2,2,2,2,2,2,2,2,2,2)
224:(60,60,60,0,0,60,0,10,2,2,2,2,2,2,2,2,2,2)
225:(70,60,60,0,0,60,0,10,2,2,2,2,2,2,2,2,2,2)
226:(80,60,60,0,0,70,0,10,2,2,2,2,2,2,2,2,2,2)
227:(70,60,60,0,0,70,0,0,2,2,2,2,2,2,2,2,2,2)
228:(80,60,60,0,0,80,0,10,2,2,2,2,2,2,2,2,2,2)
229:(70,60,60,0,0,80,0,10,2,2,2,2,2,2,2,2,2,2)
230:(80,60,50,0,0,80,0,20,2,2,2,2,2,2,2,2,2,2)
231:(80,60,50,10,0,70,0,20,2,2,2,2,2,2,2,2,2,2)
232:(80,60,50,20,0,60,0,20,2,2,2,2,2,2,2,2,2,2)
233:(80,60,50,0,0,60,0,20,2,2,2,2,2,2,2,2,2,2)
234:(80,60,50,20,0,50,0,20,2,2,2,2,2,2,2,2,2,2)
235:(80,60,60,20,0,60,0,10,2,2,2,2,2,2,2,2,2,2)
236:(80,60,60,20,0,50,0,10,2,2,2,2,2,2,2,2,2,2)
237:(80,60,60,10,0,70,0,10,2,2,2,2,2,2,2,2,2,2)
238:(80,60,70,20,0,60,0,20,2,2,2,2,2,2,2,2,2,2)
239:(80,60,70,20,0,50,0,20,2,2,2,2,2,2,2,2,2,2)
240:(80,60,60,10,0,50,0,20,2,2,2,2,2,2,2,2,2,2)
241:(80,60,60,10,0,50,0,30,2,2,2,2,2,2,2,2,2,2)
242:(80,60,50,20,0,50,0,30,2,2,2,2,2,2,2,2,2,2)
243:(80,60,50,20,0,60,0,30,2,2,2,2,2,2,2,2,2,2)
244:(80,60,70,20,0,60,0,30,2,2,2,2,2,2,2,2,2,2)
245:(80,60,70,20,0,50,0,30,2,2,2,2,2,2,2,2,2,2)
246:(80,60,50,10,0,70,0,30,2,2,2,2,2,2,2,2,2,2)
247:(80,60,50,0,0,60,0,30,2,2,2,2,2,2,2,2,2,2)
248:(80,60,50,0,0,80,0,30,2,2,2,2,2,2,2,2,2,2)
249:(50,60,70,10,0,60,0,20,2,2,2,2,2,2,2,2,2,2)
250:(80,60,70,10,0,50,0,20,2,2,2,2,2,2,2,2,2,2)
251:(60,60,70,10,0,60,0,20,2,2,2,2,2,2,2,2,2,2)
252:(70,60,70,10,0,50,0,20,2,2,2,2,2,2,2,2,2,2)
253:(70,60,70,10,0,50,0,30,2,2,2,2,2,2,2,2,2,2)
254:(60,60,70,10,0,60,0,30,2,2,2,2,2,2,2,2,2,2)
255:(60,60,70,10,0,60,0,10,2,2,2,2,2,2,2,2,2,2)
256:(60,60,50,10,0,60,0,10,2,2,2,2,2,2,2,2,2,2)
257:(60,60,50,10,0,60,0,20,2,2,2,2,2,2,2,2,2,2)
258:(60,60,50,10,0,60,0,30,2,2,2,2,2,2,2,2,2,2)
259:(50,60,60,10,0,60,0,20,2,2,2,2,2,2,2,2,2,2)
260:(50,60,60,10,0,60,0,30,2,2,2,2,2,2,2,2,2,2)
261:(70,60,60,20,0,60,0,10,2,2,2,2,2,2,2,2,2,2)
262:(50,60,70,10,0,60,0,30,2,2,2,2,2,2,2,2,2,2)
263:(80,60,70,10,0,50,0,30,2,2,2,2,2,2,2,2,2,2)
264:(70,60,60,0,0,80,0,20,2,2,2,2,2,2,2,2,2,2)
265:(90,60,90,10,0,60,0,20,2,2,2,2,2,2,2,2,2,2)
266:(90,60,80,10,0,60,0,20,2,2,2,2,2,2,2,2,2,2)
267:(90,60,70,10,0,60,0,20,2,2,2,2,2,2,2,2,2,2)
268:(70,60,80,20,0,60,0,10,2,2,2,2,2,2,2,2,2,2)
269:(70,60,70,20,0,60,0,10,2,2,2,2,2,2,2,2,2,2)
270:(80,60,70,20,0,60,0,10,2,2,2,2,2,2,2,2,2,2)
271:(80,60,70,0,0,60,0,10,2,2,2,2,2,2,2,2,2,2)
272:(50,60,70,10,0,60,0,10,2,2,2,2,2,2,2,2,2,2)
273:(90,60,70,10,0,60,0,10,2,2,2,2,2,2,2,2,2,2)
274:(70,60,70,30,0,60,0,20,2,2,2,2,2,2,2,2,2,2)
275:(70,60,70,30,0,60,0,30,2,2,2,2,2,2,2,2,2,2)
276:(70,60,90,10,0,60,0,10,2,2,2,2,2,2,2,2,2,2)
277:(60,60,90,10,0,80,0,0,2,2,2,2,2,2,2,2,2,2)
278:(60,60,80,10,0,60,0,10,2,2,2,2,2,2,2,2,2,2)
279:(70,60,80,20,0,70,0,0,2,2,2,2,2,2,2,2,2,2)
280:(70,60,80,20,0,80,0,10,2,2,2,2,2,2,2,2,2,2)
281:(70,60,80,20,0,70,0,10,2,2,2,2,2,2,2,2,2,2)
282:(70,60,80,10,0,90,0,10,2,2,2,2,2,2,2,2,2,2)
283:(80,60,70,0,0,70,0,0,2,2,2,2,2,2,2,2,2,2)
284:(90,60,80,10,0,60,0,30,2,2,2,2,2,2,2,2,2,2)
285:(90,60,70,10,0,60,0,30,2,2,2,2,2,2,2,2,2,2)
286:(90,60,90,10,0,60,0,30,2,2,2,2,2,2,2,2,2,2)
287:(70,60,60,0,0,80,0,30,2,2,2,2,2,2,2,2,2,2)
288:(80,60,60,0,0,90,0,20,2,2,2,2,2,2,2,2,2,2)
289:(80,60,60,0,0,90,0,30,2,2,2,2,2,2,2,2,2,2)
290:(50,60,80,0,0,90,0,20,2,2,2,2,2,2,2,2,2,2)
291:(50,60,80,0,0,90,0,30,2,2,2,2,2,2,2,2,2,2)
292:(40,60,80,0,0,80,0,20,2,2,2,2,2,2,2,2,2,2)
293:(40,60,80,0,0,80,0,30,2,2,2,2,2,2,2,2,2,2)
294:(60,60,90,10,0,80,0,20,2,2,2,2,2,2,2,2,2,2)
295:(60,60,90,10,0,80,0,30,2,2,2,2,2,2,2,2,2,2)
296:(70,60,80,20,0,80,0,0,2,2,2,2,2,2,2,2,2,2)
297:(80,60,90,0,0,80,0,20,2,2,2,2,2,2,2,2,2,2)
298:(80,60,70,10,0,90,0,20,2,2,2,2,2,2,2,2,2,2)
299:(60,60,80,0,0,90,0,20,2,2,2,2,2,2,2,2,2,2)
300:(90,60,70,20,0,50,0,20,2,2,2,2,2,2,2,2,2,2)
301:(90,60,70,20,0,50,0,30,2,2,2,2,2,2,2,2,2,2)
302:(50,60,60,0,0,70,0,20,2,2,2,2,2,2,2,2,2,2)
303:(50,60,60,0,0,70,0,30,2,2,2,2,2,2,2,2,2,2)
304:(70,60,50,0,0,70,0,20,2,2,2,2,2,2,2,2,2,2)
305:(70,60,50,0,0,70,0,30,2,2,2,2,2,2,2,2,2,2)
306:(70,60,50,0,0,60,0,20,2,2,2,2,2,2,2,2,2,2)
307:(70,60,60,0,0,50,0,20,2,2,2,2,2,2,2,2,2,2)
308:(70,60,80,0,0,100,0,20,2,2,2,2,2,2,2,2,2,2)
309:(70,60,90,0,0,100,0,20,2,2,2,2,2,2,2,2,2,2)
310:(70,60,70,0,0,100,0,20,2,2,2,2,2,2,2,2,2,2)
311:(70,60,60,0,0,90,0,20,2,2,2,2,2,2,2,2,2,2)
312:(60,60,70,10,0,80,0,10,2,2,2,2,2,2,2,2,2,2)
313:(50,60,70,0,0,60,0,10,2,2,2,2,2,2,2,2,2,2)
314:(50,60,70,20,0,60,0,10,2,2,2,2,2,2,2,2,2,2)
315:(50,60,60,0,0,60,0,20,2,2,2,2,2,2,2,2,2,2)
316:(70,60,80,0,0,100,0,30,2,2,2,2,2,2,2,2,2,2)
317:(80,60,70,10,0,90,0,30,2,2,2,2,2,2,2,2,2,2)
318:(60,60,80,0,0,90,0,30,2,2,2,2,2,2,2,2,2,2)
319:(50,60,60,0,0,60,0,30,2,2,2,2,2,2,2,2,2,2)
320:(70,60,50,0,0,60,0,30,2,2,2,2,2,2,2,2,2,2)
321:(70,60,90,0,0,100,0,30,2,2,2,2,2,2,2,2,2,2)
322:(70,60,60,0,0,90,0,30,2,2,2,2,2,2,2,2,2,2)
323:(70,60,60,0,0,50,0,30,2,2,2,2,2,2,2,2,2,2)
324:(70,60,70,0,0,100,0,30,2,2,2,2,2,2,2,2,2,2)
325:(80,60,90,0,0,80,0,30,2,2,2,2,2,2,2,2,2,2)
326:(80,60,50,0,0,70,0,10,2,2,2,2,2,2,2,2,2,2)
327:(60,60,50,20,0,60,0,10,2,2,2,2,2,2,2,2,2,2)
328:(80,60,50,10,0,50,0,10,2,2,2,2,2,2,2,2,2,2)
329:(70,60,50,10,0,80,0,20,2,2,2,2,2,2,2,2,2,2)
330:(60,60,50,20,0,60,0,20,2,2,2,2,2,2,2,2,2,2)
331:(70,60,50,20,0,60,0,20,2,2,2,2,2,2,2,2,2,2)
332:(70,60,50,20,0,70,0,20,2,2,2,2,2,2,2,2,2,2)
333:(70,60,50,20,0,60,0,30,2,2,2,2,2,2,2,2,2,2)
334:(70,60,50,20,0,70,0,30,2,2,2,2,2,2,2,2,2,2)
335:(60,60,50,20,0,60,0,30,2,2,2,2,2,2,2,2,2,2)
336:(60,60,50,0,0,60,0,20,2,2,2,2,2,2,2,2,2,2)
337:(60,60,50,0,0,60,0,30,2,2,2,2,2,2,2,2,2,2)
338:(70,60,90,10,0,70,0,20,2,2,2,2,2,2,2,2,2,2)
339:(70,60,50,10,0,80,0,30,2,2,2,2,2,2,2,2,2,2)
340:(70,60,90,10,0,70,0,30,2,2,2,2,2,2,2,2,2,2)
341:(70,60,80,20,0,70,0,20,2,2,2,2,2,2,2,2,2,2)
342:(70,60,80,20,0,70,0,30,2,2,2,2,2,2,2,2,2,2)
343:(70,60,80,10,0,50,0,20,2,2,2,2,2,2,2,2,2,2)
344:(70,60,60,10,0,50,0,20,2,2,2,2,2,2,2,2,2,2)
345:(60,60,80,10,0,60,0,20,2,2,2,2,2,2,2,2,2,2)
346:(70,60,90,0,0,80,0,10,2,2,2,2,2,2,2,2,2,2)
347:(70,60,60,10,0,80,0,10,2,2,2,2,2,2,2,2,2,2)
348:(70,60,70,10,0,80,0,10,2,2,2,2,2,2,2,2,2,2)
349:(70,60,50,10,0,80,0,10,2,2,2,2,2,2,2,2,2,2)
350:(50,60,70,0,0,80,0,10,2,2,2,2,2,2,2,2,2,2)
351:(60,60,80,0,0,80,0,10,2,2,2,2,2,2,2,2,2,2)
352:(70,60,60,10,0,50,0,30,2,2,2,2,2,2,2,2,2,2)
353:(70,60,80,10,0,50,0,30,2,2,2,2,2,2,2,2,2,2)
354:(60,60,80,10,0,60,0,30,2,2,2,2,2,2,2,2,2,2)
355:(80,60,80,10,0,80,0,20,2,2,2,2,2,2,2,2,2,2)
356:(50,60,70,0,0,70,0,10,2,2,2,2,2,2,2,2,2,2)
357:(60,60,60,0,0,80,0,10,2,2,2,2,2,2,2,2,2,2)
358:(60,60,50,0,0,60,0,10,2,2,2,2,2,2,2,2,2,2)
359:(60,60,60,0,0,50,0,10,2,2,2,2,2,2,2,2,2,2)
360:(60,60,70,0,0,60,0,0,2,2,2,2,2,2,2,2,2,2)
361:(60,60,70,0,0,50,0,20,2,2,2,2,2,2,2,2,2,2)
362:(60,60,70,0,0,50,0,30,2,2,2,2,2,2,2,2,2,2)
363:(80,60,80,10,0,50,0,20,2,2,2,2,2,2,2,2,2,2)
364:(60,60,80,10,0,70,0,20,2,2,2,2,2,2,2,2,2,2)
365:(60,60,80,10,0,80,0,10,2,2,2,2,2,2,2,2,2,2)
366:(80,60,60,20,0,70,0,20,2,2,2,2,2,2,2,2,2,2)
367:(80,60,50,10,0,80,0,20,2,2,2,2,2,2,2,2,2,2)
368:(60,60,90,10,0,70,0,20,2,2,2,2,2,2,2,2,2,2)
369:(60,60,90,10,0,70,0,30,2,2,2,2,2,2,2,2,2,2)
370:(80,60,90,10,0,70,0,20,2,2,2,2,2,2,2,2,2,2)
371:(80,60,90,10,0,70,0,30,2,2,2,2,2,2,2,2,2,2)
372:(80,60,90,10,0,80,0,20,2,2,2,2,2,2,2,2,2,2)
373:(80,60,90,10,0,80,0,30,2,2,2,2,2,2,2,2,2,2)
374:(70,60,90,10,0,90,0,20,2,2,2,2,2,2,2,2,2,2)
375:(70,60,90,10,0,90,0,30,2,2,2,2,2,2,2,2,2,2)
376:(70,60,90,10,0,50,0,20,2,2,2,2,2,2,2,2,2,2)
377:(70,60,90,10,0,50,0,30,2,2,2,2,2,2,2,2,2,2)
378:(80,60,60,20,0,70,0,30,2,2,2,2,2,2,2,2,2,2)
379:(80,60,80,10,0,50,0,30,2,2,2,2,2,2,2,2,2,2)
380:(80,60,80,10,0,80,0,30,2,2,2,2,2,2,2,2,2,2)
381:(80,60,50,10,0,80,0,30,2,2,2,2,2,2,2,2,2,2)
382:(60,60,80,10,0,70,0,30,2,2,2,2,2,2,2,2,2,2)
383:(70,60,90,0,0,80,0,0,2,2,2,2,2,2,2,2,2,2)
384:(80,60,80,0,0,80,0,0,2,2,2,2,2,2,2,2,2,2)
385:(90,60,80,0,0,70,0,0,2,2,2,2,2,2,2,2,2,2)
386:(90,60,70,0,0,70,0,0,2,2,2,2,2,2,2,2,2,2)
387:(80,60,90,0,0,70,0,0,2,2,2,2,2,2,2,2,2,2)
388:(60,60,80,0,0,70,0,0,2,2,2,2,2,2,2,2,2,2)
389:(60,60,90,0,0,70,0,0,2,2,2,2,2,2,2,2,2,2)
390:(70,60,100,0,0,70,0,0,2,2,2,2,2,2,2,2,2,2)
391:(60,60,60,0,0,70,0,0,2,2,2,2,2,2,2,2,2,2)
392:(80,60,80,0,0,60,0,0,2,2,2,2,2,2,2,2,2,2)
393:(60,60,90,10,0,70,0,0,2,2,2,2,2,2,2,2,2,2)
394:(50,60,80,0,0,80,0,10,2,2,2,2,2,2,2,2,2,2)
395:(80,60,80,0,0,80,0,20,2,2,2,2,2,2,2,2,2,2)
396:(60,60,80,0,0,80,0,0,2,2,2,2,2,2,2,2,2,2)
397:(80,60,80,0,0,80,0,30,2,2,2,2,2,2,2,2,2,2)
398:(60,60,50,30,0,60,0,20,2,2,2,2,2,2,2,2,2,2)
399:(60,60,50,30,0,60,0,10,2,2,2,2,2,2,2,2,2,2)
400:(60,60,50,30,0,60,0,30,2,2,2,2,2,2,2,2,2,2)
401:(60,60,50,20,0,60,0,0,2,2,2,2,2,2,2,2,2,2)
402:(60,60,50,10,0,80,0,10,2,2,2,2,2,2,2,2,2,2)
403:(60,60,50,20,0,70,0,20,2,2,2,2,2,2,2,2,2,2)
404:(60,60,50,20,0,70,0,30,2,2,2,2,2,2,2,2,2,2)
405:(60,60,50,20,0,50,0,20,2,2,2,2,2,2,2,2,2,2)
406:(60,60,50,20,0,50,0,30,2,2,2,2,2,2,2,2,2,2)
407:(70,60,50,0,0,80,0,20,2,2,2,2,2,2,2,2,2,2)
408:(80,60,40,0,0,70,0,20,2,2,2,2,2,2,2,2,2,2)
409:(50,60,90,0,0,70,0,20,2,2,2,2,2,2,2,2,2,2)
410:(50,60,90,10,0,70,0,20,2,2,2,2,2,2,2,2,2,2)
411:(40,60,60,0,0,70,0,20,2,2,2,2,2,2,2,2,2,2)
412:(50,60,60,0,0,70,0,0,2,2,2,2,2,2,2,2,2,2)
413:(50,60,60,0,0,70,0,10,2,2,2,2,2,2,2,2,2,2)
414:(50,60,50,0,0,70,0,10,2,2,2,2,2,2,2,2,2,2)
415:(70,60,90,20,0,70,0,20,2,2,2,2,2,2,2,2,2,2)
416:(60,60,80,10,0,80,0,0,2,2,2,2,2,2,2,2,2,2)
417:(70,60,80,30,0,80,0,0,2,2,2,2,2,2,2,2,2,2)
418:(70,60,60,20,0,80,0,10,2,2,2,2,2,2,2,2,2,2)
419:(70,60,50,0,0,80,0,30,2,2,2,2,2,2,2,2,2,2)
420:(70,60,90,20,0,70,0,30,2,2,2,2,2,2,2,2,2,2)
421:(50,60,90,10,0,70,0,30,2,2,2,2,2,2,2,2,2,2)
422:(40,60,60,0,0,70,0,30,2,2,2,2,2,2,2,2,2,2)
423:(50,60,90,0,0,70,0,30,2,2,2,2,2,2,2,2,2,2)
424:(80,60,40,0,0,70,0,30,2,2,2,2,2,2,2,2,2,2)
425:(80,60,60,10,0,90,0,20,2,2,2,2,2,2,2,2,2,2)
426:(70,60,90,20,0,80,0,20,2,2,2,2,2,2,2,2,2,2)
427:(50,60,80,10,0,90,0,20,2,2,2,2,2,2,2,2,2,2)
428:(50,60,80,10,0,70,0,20,2,2,2,2,2,2,2,2,2,2)
429:(80,60,50,30,0,60,0,20,2,2,2,2,2,2,2,2,2,2)
430:(60,60,70,30,0,60,0,20,2,2,2,2,2,2,2,2,2,2)
431:(90,60,80,20,0,60,0,20,2,2,2,2,2,2,2,2,2,2)
432:(70,60,50,30,0,60,0,20,2,2,2,2,2,2,2,2,2,2)
433:(80,60,40,20,0,60,0,20,2,2,2,2,2,2,2,2,2,2)
434:(60,60,80,0,0,60,0,0,2,2,2,2,2,2,2,2,2,2)
435:(50,60,80,0,0,70,0,10,2,2,2,2,2,2,2,2,2,2)
436:(50,60,80,0,0,90,0,10,2,2,2,2,2,2,2,2,2,2)
437:(70,60,90,10,0,50,0,0,2,2,2,2,2,2,2,2,2,2)
438:(60,60,50,20,0,50,0,10,2,2,2,2,2,2,2,2,2,2)
439:(60,60,50,20,0,70,0,10,2,2,2,2,2,2,2,2,2,2)
440:(60,60,50,0,0,80,0,10,2,2,2,2,2,2,2,2,2,2)
441:(60,60,90,0,0,80,0,10,2,2,2,2,2,2,2,2,2,2)
442:(60,60,90,10,0,80,0,10,2,2,2,2,2,2,2,2,2,2)
443:(70,60,70,20,0,80,0,10,2,2,2,2,2,2,2,2,2,2)
444:(70,60,90,20,0,80,0,10,2,2,2,2,2,2,2,2,2,2)
445:(80,60,40,20,0,60,0,30,2,2,2,2,2,2,2,2,2,2)
446:(80,60,60,10,0,90,0,30,2,2,2,2,2,2,2,2,2,2)
447:(50,60,80,10,0,90,0,30,2,2,2,2,2,2,2,2,2,2)
448:(50,60,80,10,0,70,0,30,2,2,2,2,2,2,2,2,2,2)
449:(70,60,90,20,0,80,0,30,2,2,2,2,2,2,2,2,2,2)
450:(60,60,70,30,0,60,0,30,2,2,2,2,2,2,2,2,2,2)
451:(80,60,50,30,0,60,0,30,2,2,2,2,2,2,2,2,2,2)
452:(70,60,50,30,0,60,0,30,2,2,2,2,2,2,2,2,2,2)
453:(90,60,80,20,0,60,0,30,2,2,2,2,2,2,2,2,2,2)
454:(50,60,80,10,0,60,0,20,2,2,2,2,2,2,2,2,2,2)
455:(50,60,80,10,0,60,0,30,2,2,2,2,2,2,2,2,2,2)
456:(90,60,80,0,0,60,0,10,2,2,2,2,2,2,2,2,2,2)
457:(80,60,80,20,0,60,0,20,2,2,2,2,2,2,2,2,2,2)
458:(100,60,70,10,0,60,0,20,2,2,2,2,2,2,2,2,2,2)
459:(100,60,90,10,0,60,0,20,2,2,2,2,2,2,2,2,2,2)
460:(100,60,80,10,0,60,0,20,2,2,2,2,2,2,2,2,2,2)
461:(80,60,80,20,0,60,0,30,2,2,2,2,2,2,2,2,2,2)
462:(100,60,90,10,0,60,0,30,2,2,2,2,2,2,2,2,2,2)
463:(100,60,80,10,0,60,0,30,2,2,2,2,2,2,2,2,2,2)
464:(100,60,70,10,0,60,0,30,2,2,2,2,2,2,2,2,2,2)
465:(70,60,90,0,0,60,0,0,2,2,2,2,2,2,2,2,2,2)
466:(70,60,80,0,0,60,0,0,2,2,2,2,2,2,2,2,2,2)
467:(70,60,60,0,0,60,0,0,2,2,2,2,2,2,2,2,2,2)
468:(90,60,80,0,0,60,0,0,2,2,2,2,2,2,2,2,2,2)
469:(80,60,70,0,0,60,0,0,2,2,2,2,2,2,2,2,2,2)
470:(60,60,60,0,0,60,0,0,2,2,2,2,2,2,2,2,2,2)
471:(70,60,70,20,0,80,0,20,2,2,2,2,2,2,2,2,2,2)
472:(70,60,70,20,0,80,0,30,2,2,2,2,2,2,2,2,2,2)
473:(60,60,60,10,0,50,0,20,2,2,2,2,2,2,2,2,2,2)
474:(90,60,60,10,0,60,0,20,2,2,2,2,2,2,2,2,2,2)
475:(90,60,60,10,0,60,0,30,2,2,2,2,2,2,2,2,2,2)
476:(70,60,60,10,0,80,0,0,2,2,2,2,2,2,2,2,2,2)
477:(70,60,100,10,0,80,0,0,2,2,2,2,2,2,2,2,2,2)
478:(70,60,100,10,0,70,0,0,2,2,2,2,2,2,2,2,2,2)
479:(70,60,80,10,0,60,0,0,2,2,2,2,2,2,2,2,2,2)
480:(60,60,80,10,0,70,0,0,2,2,2,2,2,2,2,2,2,2)
481:(50,60,50,0,0,80,0,10,2,2,2,2,2,2,2,2,2,2)
482:(60,60,40,0,0,60,0,10,2,2,2,2,2,2,2,2,2,2)
483:(80,60,40,20,0,50,0,20,2,2,2,2,2,2,2,2,2,2)
484:(50,60,40,0,0,70,0,10,2,2,2,2,2,2,2,2,2,2)
485:(80,60,40,0,0,70,0,10,2,2,2,2,2,2,2,2,2,2)
486:(60,60,40,0,0,80,0,10,2,2,2,2,2,2,2,2,2,2)
487:(60,60,40,0,0,70,0,10,2,2,2,2,2,2,2,2,2,2)
488:(80,60,50,0,0,60,0,10,2,2,2,2,2,2,2,2,2,2)
489:(70,60,50,10,0,90,0,10,2,2,2,2,2,2,2,2,2,2)
490:(60,60,50,30,0,70,0,10,2,2,2,2,2,2,2,2,2,2)
491:(60,60,50,10,0,70,0,10,2,2,2,2,2,2,2,2,2,2)
492:(60,60,50,10,0,50,0,10,2,2,2,2,2,2,2,2,2,2)
493:(60,60,50,30,0,50,0,10,2,2,2,2,2,2,2,2,2,2)
494:(50,60,40,0,0,70,0,20,2,2,2,2,2,2,2,2,2,2)
495:(80,60,40,20,0,50,0,30,2,2,2,2,2,2,2,2,2,2)
496:(50,60,40,0,0,70,0,30,2,2,2,2,2,2,2,2,2,2)
497:(60,60,60,10,0,50,0,30,2,2,2,2,2,2,2,2,2,2)
498:(80,60,90,10,0,50,0,20,2,2,2,2,2,2,2,2,2,2)
499:(90,60,90,10,0,50,0,20,2,2,2,2,2,2,2,2,2,2)
500:(100,60,90,10,0,50,0,20,2,2,2,2,2,2,2,2,2,2)
501:(80,60,50,0,0,80,0,10,2,2,2,2,2,2,2,2,2,2)
502:(70,60,40,0,0,70,0,10,2,2,2,2,2,2,2,2,2,2)
503:(70,60,50,0,0,70,0,10,2,2,2,2,2,2,2,2,2,2)
504:(70,60,50,20,0,80,0,10,2,2,2,2,2,2,2,2,2,2)
505:(80,60,100,10,0,80,0,20,2,2,2,2,2,2,2,2,2,2)
506:(50,60,50,0,0,70,0,20,2,2,2,2,2,2,2,2,2,2)
507:(50,60,100,0,0,70,0,20,2,2,2,2,2,2,2,2,2,2)
508:(50,60,90,0,0,80,0,20,2,2,2,2,2,2,2,2,2,2)
509:(50,60,90,0,0,90,0,20,2,2,2,2,2,2,2,2,2,2)
510:(50,60,80,0,0,60,0,20,2,2,2,2,2,2,2,2,2,2)
511:(80,60,90,10,0,50,0,30,2,2,2,2,2,2,2,2,2,2)
512:(90,60,90,10,0,50,0,30,2,2,2,2,2,2,2,2,2,2)
513:(100,60,90,10,0,50,0,30,2,2,2,2,2,2,2,2,2,2)
514:(80,60,100,10,0,80,0,30,2,2,2,2,2,2,2,2,2,2)
515:(50,60,90,0,0,80,0,30,2,2,2,2,2,2,2,2,2,2)
516:(50,60,90,0,0,90,0,30,2,2,2,2,2,2,2,2,2,2)
517:(50,60,50,0,0,70,0,30,2,2,2,2,2,2,2,2,2,2)
518:(50,60,80,0,0,60,0,30,2,2,2,2,2,2,2,2,2,2)
519:(50,60,100,0,0,70,0,30,2,2,2,2,2,2,2,2,2,2)
520:(70,60,80,30,0,60,0,20,2,2,2,2,2,2,2,2,2,2)
521:(70,60,80,30,0,60,0,30,2,2,2,2,2,2,2,2,2,2)
522:(70,60,80,20,0,60,0,0,2,2,2,2,2,2,2,2,2,2)
523:(80,60,50,10,0,60,0,10,2,2,2,2,2,2,2,2,2,2)
524:(70,60,90,20,0,60,0,10,2,2,2,2,2,2,2,2,2,2)
525:(70,60,90,0,0,60,0,10,2,2,2,2,2,2,2,2,2,2)
526:(70,60,70,30,0,60,0,10,2,2,2,2,2,2,2,2,2,2)
527:(70,60,50,30,0,60,0,10,2,2,2,2,2,2,2,2,2,2)
528:(80,60,50,0,0,50,0,20,2,2,2,2,2,2,2,2,2,2)
529:(80,60,50,0,0,50,0,30,2,2,2,2,2,2,2,2,2,2)
530:(60,60,50,10,0,50,0,20,2,2,2,2,2,2,2,2,2,2)
531:(60,60,40,30,0,50,0,10,2,2,2,2,2,2,2,2,2,2)
532:(70,60,50,10,0,80,0,0,2,2,2,2,2,2,2,2,2,2)
533:(60,60,50,10,0,70,0,20,2,2,2,2,2,2,2,2,2,2)
534:(50,60,60,10,0,70,0,20,2,2,2,2,2,2,2,2,2,2)
535:(50,60,60,10,0,70,0,30,2,2,2,2,2,2,2,2,2,2)
536:(60,60,50,10,0,50,0,30,2,2,2,2,2,2,2,2,2,2)
537:(60,60,50,10,0,70,0,30,2,2,2,2,2,2,2,2,2,2)
538:(80,60,70,10,0,70,0,0,2,2,2,2,2,2,2,2,2,2)
539:(70,60,90,20,0,60,0,20,2,2,2,2,2,2,2,2,2,2)
540:(70,60,90,20,0,60,0,30,2,2,2,2,2,2,2,2,2,2)
541:(60,60,70,0,0,80,0,0,2,2,2,2,2,2,2,2,2,2)
542:(60,60,90,0,0,80,0,0,2,2,2,2,2,2,2,2,2,2)
543:(80,60,90,0,0,80,0,0,2,2,2,2,2,2,2,2,2,2)
544:(80,60,70,0,0,80,0,0,2,2,2,2,2,2,2,2,2,2)
545:(90,60,80,0,0,80,0,0,2,2,2,2,2,2,2,2,2,2)
546:(60,60,40,0,0,70,0,20,2,2,2,2,2,2,2,2,2,2)
547:(60,60,40,0,0,70,0,30,2,2,2,2,2,2,2,2,2,2)
548:(40,60,60,0,0,70,0,10,2,2,2,2,2,2,2,2,2,2)
549:(60,60,40,0,0,70,0,0,2,2,2,2,2,2,2,2,2,2)
550:(90,60,80,0,0,80,0,10,2,2,2,2,2,2,2,2,2,2)
551:(80,60,80,0,0,90,0,20,2,2,2,2,2,2,2,2,2,2)
552:(80,60,80,0,0,90,0,30,2,2,2,2,2,2,2,2,2,2)
553:(60,60,50,40,0,70,0,10,2,2,2,2,2,2,2,2,2,2)
554:(50,60,60,0,0,60,0,0,2,2,2,2,2,2,2,2,2,2)
555:(90,60,70,0,0,60,0,0,2,2,2,2,2,2,2,2,2,2)
556:(80,60,90,0,0,60,0,0,2,2,2,2,2,2,2,2,2,2)
557:(90,60,70,0,0,80,0,0,2,2,2,2,2,2,2,2,2,2)
558:(60,60,40,0,0,60,0,0,2,2,2,2,2,2,2,2,2,2)
559:(60,60,70,20,0,60,0,10,2,2,2,2,2,2,2,2,2,2)
560:(60,60,70,20,0,50,0,20,2,2,2,2,2,2,2,2,2,2)
561:(60,60,70,20,0,50,0,30,2,2,2,2,2,2,2,2,2,2)
562:(60,60,70,20,0,70,0,20,2,2,2,2,2,2,2,2,2,2)
563:(60,60,70,20,0,70,0,30,2,2,2,2,2,2,2,2,2,2)
564:(50,60,70,20,0,60,0,20,2,2,2,2,2,2,2,2,2,2)
565:(50,60,70,20,0,60,0,30,2,2,2,2,2,2,2,2,2,2)
566:(60,60,80,20,0,60,0,20,2,2,2,2,2,2,2,2,2,2)
567:(60,60,80,20,0,60,0,30,2,2,2,2,2,2,2,2,2,2)
568:(50,60,90,0,0,90,0,10,2,2,2,2,2,2,2,2,2,2)
569:(60,60,90,20,0,60,0,20,2,2,2,2,2,2,2,2,2,2)
570:(60,60,90,20,0,60,0,30,2,2,2,2,2,2,2,2,2,2)
571:(70,60,90,20,0,80,0,0,2,2,2,2,2,2,2,2,2,2)
572:(90,60,90,0,0,60,0,0,2,2,2,2,2,2,2,2,2,2)
573:(90,60,90,0,0,80,0,0,2,2,2,2,2,2,2,2,2,2)
574:(90,60,90,0,0,70,0,0,2,2,2,2,2,2,2,2,2,2)
575:(90,60,80,10,0,60,0,0,2,2,2,2,2,2,2,2,2,2)
576:(90,60,60,0,0,70,0,0,2,2,2,2,2,2,2,2,2,2)
577:(90,60,70,0,0,80,0,10,2,2,2,2,2,2,2,2,2,2)
578:(100,60,80,0,0,60,0,0,2,2,2,2,2,2,2,2,2,2)
579:(100,60,70,0,0,60,0,0,2,2,2,2,2,2,2,2,2,2)
580:(90,60,60,0,0,60,0,0,2,2,2,2,2,2,2,2,2,2)
581:(100,60,70,20,0,50,0,20,2,2,2,2,2,2,2,2,2,2)
582:(70,60,80,30,0,80,0,10,2,2,2,2,2,2,2,2,2,2)
583:(70,60,80,20,0,80,0,20,2,2,2,2,2,2,2,2,2,2)
584:(100,60,90,0,0,60,0,20,2,2,2,2,2,2,2,2,2,2)
585:(80,60,60,0,0,50,0,20,2,2,2,2,2,2,2,2,2,2)
586:(80,60,60,0,0,50,0,30,2,2,2,2,2,2,2,2,2,2)
587:(60,60,60,0,0,50,0,20,2,2,2,2,2,2,2,2,2,2)
588:(60,60,60,0,0,50,0,30,2,2,2,2,2,2,2,2,2,2)
589:(90,60,60,0,0,60,0,20,2,2,2,2,2,2,2,2,2,2)
590:(90,60,60,0,0,60,0,30,2,2,2,2,2,2,2,2,2,2)
591:(100,60,90,0,0,60,0,30,2,2,2,2,2,2,2,2,2,2)
592:(70,60,80,20,0,80,0,30,2,2,2,2,2,2,2,2,2,2)
593:(100,60,70,20,0,50,0,30,2,2,2,2,2,2,2,2,2,2)
594:(40,60,70,0,0,70,0,20,2,2,2,2,2,2,2,2,2,2)
595:(40,60,60,10,0,70,0,20,2,2,2,2,2,2,2,2,2,2)
596:(70,60,70,40,0,60,0,20,2,2,2,2,2,2,2,2,2,2)
597:(70,60,70,40,0,60,0,30,2,2,2,2,2,2,2,2,2,2)
598:(70,60,50,40,0,60,0,20,2,2,2,2,2,2,2,2,2,2)
599:(70,60,50,40,0,60,0,30,2,2,2,2,2,2,2,2,2,2)
600:(70,60,80,40,0,60,0,20,2,2,2,2,2,2,2,2,2,2)
601:(70,60,80,40,0,60,0,30,2,2,2,2,2,2,2,2,2,2)
602:(90,60,70,0,0,70,0,10,2,2,2,2,2,2,2,2,2,2)
603:(40,60,60,10,0,70,0,30,2,2,2,2,2,2,2,2,2,2)
604:(40,60,70,0,0,70,0,30,2,2,2,2,2,2,2,2,2,2)
605:(40,60,60,20,0,70,0,20,2,2,2,2,2,2,2,2,2,2)
606:(40,60,60,20,0,70,0,30,2,2,2,2,2,2,2,2,2,2)
607:(30,60,60,10,0,70,0,20,2,2,2,2,2,2,2,2,2,2)
608:(30,60,60,10,0,70,0,30,2,2,2,2,2,2,2,2,2,2)
609:(70,60,60,10,0,70,0,10,2,2,2,2,2,2,2,2,2,2)
610:(80,60,60,10,0,80,0,10,2,2,2,2,2,2,2,2,2,2)
611:(80,60,50,10,0,70,0,10,2,2,2,2,2,2,2,2,2,2)
612:(40,60,70,10,0,70,0,20,2,2,2,2,2,2,2,2,2,2)
613:(60,60,100,10,0,70,0,0,2,2,2,2,2,2,2,2,2,2)
614:(60,60,70,10,0,70,0,0,2,2,2,2,2,2,2,2,2,2)
615:(60,60,80,10,0,70,0,10,2,2,2,2,2,2,2,2,2,2)
616:(60,60,80,10,0,90,0,10,2,2,2,2,2,2,2,2,2,2)
617:(60,60,50,40,0,70,0,20,2,2,2,2,2,2,2,2,2,2)
618:(40,60,70,10,0,70,0,30,2,2,2,2,2,2,2,2,2,2)
619:(60,60,50,40,0,70,0,30,2,2,2,2,2,2,2,2,2,2)
620:(70,60,60,0,0,80,0,0,2,2,2,2,2,2,2,2,2,2)
621:(60,60,90,0,0,60,0,10,2,2,2,2,2,2,2,2,2,2)
622:(60,60,90,10,0,60,0,20,2,2,2,2,2,2,2,2,2,2)
623:(60,60,80,10,0,60,0,0,2,2,2,2,2,2,2,2,2,2)
624:(50,60,90,0,0,70,0,10,2,2,2,2,2,2,2,2,2,2)
625:(60,60,90,10,0,70,0,10,2,2,2,2,2,2,2,2,2,2)
626:(70,60,50,0,0,70,0,0,2,2,2,2,2,2,2,2,2,2)
627:(70,60,50,0,0,80,0,10,2,2,2,2,2,2,2,2,2,2)
628:(70,60,50,0,0,60,0,10,2,2,2,2,2,2,2,2,2,2)
629:(60,60,50,30,0,70,0,20,2,2,2,2,2,2,2,2,2,2)
630:(70,60,50,0,0,80,0,0,2,2,2,2,2,2,2,2,2,2)
631:(80,60,80,20,0,50,0,20,2,2,2,2,2,2,2,2,2,2)
632:(80,60,80,10,0,70,0,20,2,2,2,2,2,2,2,2,2,2)
633:(60,60,50,30,0,70,0,30,2,2,2,2,2,2,2,2,2,2)
634:(60,60,90,10,0,60,0,30,2,2,2,2,2,2,2,2,2,2)
635:(80,60,80,10,0,70,0,30,2,2,2,2,2,2,2,2,2,2)
636:(60,60,90,0,0,80,0,20,2,2,2,2,2,2,2,2,2,2)
637:(80,60,80,20,0,50,0,30,2,2,2,2,2,2,2,2,2,2)
638:(60,60,90,0,0,80,0,30,2,2,2,2,2,2,2,2,2,2)
639:(80,60,70,20,0,50,0,10,2,2,2,2,2,2,2,2,2,2)
640:(80,60,90,0,0,60,0,10,2,2,2,2,2,2,2,2,2,2)
641:(80,60,80,10,0,60,0,10,2,2,2,2,2,2,2,2,2,2)
642:(80,60,70,30,0,60,0,10,2,2,2,2,2,2,2,2,2,2)
643:(70,60,60,30,0,60,0,10,2,2,2,2,2,2,2,2,2,2)
644:(60,60,40,30,0,60,0,10,2,2,2,2,2,2,2,2,2,2)
645:(70,60,100,20,0,80,0,20,2,2,2,2,2,2,2,2,2,2)
646:(70,60,100,20,0,80,0,30,2,2,2,2,2,2,2,2,2,2)
647:(70,60,100,20,0,70,0,20,2,2,2,2,2,2,2,2,2,2)
648:(70,60,100,20,0,70,0,30,2,2,2,2,2,2,2,2,2,2)
649:(50,60,40,10,0,70,0,20,2,2,2,2,2,2,2,2,2,2)
650:(50,60,50,10,0,70,0,20,2,2,2,2,2,2,2,2,2,2)
651:(50,60,100,10,0,70,0,20,2,2,2,2,2,2,2,2,2,2)
652:(50,60,90,10,0,90,0,20,2,2,2,2,2,2,2,2,2,2)
653:(40,60,50,0,0,70,0,20,2,2,2,2,2,2,2,2,2,2)
654:(70,60,90,0,0,90,0,10,2,2,2,2,2,2,2,2,2,2)
655:(80,60,100,0,0,60,0,20,2,2,2,2,2,2,2,2,2,2)
656:(50,60,40,10,0,70,0,30,2,2,2,2,2,2,2,2,2,2)
657:(50,60,100,10,0,70,0,30,2,2,2,2,2,2,2,2,2,2)
658:(50,60,50,10,0,70,0,30,2,2,2,2,2,2,2,2,2,2)
659:(80,60,100,0,0,60,0,30,2,2,2,2,2,2,2,2,2,2)
660:(40,60,50,0,0,70,0,30,2,2,2,2,2,2,2,2,2,2)
661:(50,60,90,10,0,90,0,30,2,2,2,2,2,2,2,2,2,2)
662:(70,60,70,10,0,90,0,10,2,2,2,2,2,2,2,2,2,2)
663:(70,60,70,10,0,100,0,20,2,2,2,2,2,2,2,2,2,2)
664:(80,60,70,0,0,100,0,20,2,2,2,2,2,2,2,2,2,2)
665:(80,60,70,20,0,70,0,20,2,2,2,2,2,2,2,2,2,2)
666:(80,60,70,0,0,90,0,10,2,2,2,2,2,2,2,2,2,2)
667:(70,60,50,30,0,50,0,10,2,2,2,2,2,2,2,2,2,2)
668:(70,60,50,10,0,50,0,10,2,2,2,2,2,2,2,2,2,2)
669:(80,60,70,0,0,100,0,30,2,2,2,2,2,2,2,2,2,2)
670:(80,60,70,20,0,70,0,30,2,2,2,2,2,2,2,2,2,2)
671:(70,60,70,10,0,100,0,30,2,2,2,2,2,2,2,2,2,2)
672:(80,60,40,30,0,50,0,20,2,2,2,2,2,2,2,2,2,2)
673:(70,60,70,30,0,80,0,10,2,2,2,2,2,2,2,2,2,2)
674:(70,60,70,20,0,80,0,0,2,2,2,2,2,2,2,2,2,2)
675:(70,60,70,20,0,70,0,10,2,2,2,2,2,2,2,2,2,2)
676:(70,60,70,0,0,50,0,20,2,2,2,2,2,2,2,2,2,2)
677:(70,60,70,20,0,50,0,20,2,2,2,2,2,2,2,2,2,2)
678:(70,60,70,0,0,50,0,30,2,2,2,2,2,2,2,2,2,2)
679:(80,60,40,30,0,50,0,30,2,2,2,2,2,2,2,2,2,2)
680:(70,60,70,20,0,50,0,30,2,2,2,2,2,2,2,2,2,2)
681:(80,60,50,0,0,90,0,20,2,2,2,2,2,2,2,2,2,2)
682:(40,60,50,10,0,70,0,20,2,2,2,2,2,2,2,2,2,2)
683:(40,60,50,10,0,70,0,30,2,2,2,2,2,2,2,2,2,2)
684:(30,60,50,10,0,70,0,20,2,2,2,2,2,2,2,2,2,2)
685:(30,60,50,10,0,70,0,30,2,2,2,2,2,2,2,2,2,2)
686:(60,60,80,10,0,80,0,20,2,2,2,2,2,2,2,2,2,2)
687:(80,60,50,0,0,90,0,30,2,2,2,2,2,2,2,2,2,2)
688:(60,60,80,10,0,80,0,30,2,2,2,2,2,2,2,2,2,2)
689:(70,60,80,30,0,80,0,20,2,2,2,2,2,2,2,2,2,2)
690:(70,60,80,30,0,80,0,30,2,2,2,2,2,2,2,2,2,2)
691:(70,60,50,30,0,80,0,10,2,2,2,2,2,2,2,2,2,2)
692:(70,60,70,30,0,80,0,0,2,2,2,2,2,2,2,2,2,2)
693:(60,60,40,30,0,50,0,20,2,2,2,2,2,2,2,2,2,2)
694:(60,60,40,30,0,50,0,30,2,2,2,2,2,2,2,2,2,2)
695:(60,60,60,10,0,80,0,10,2,2,2,2,2,2,2,2,2,2)
696:(80,60,60,30,0,50,0,20,2,2,2,2,2,2,2,2,2,2)
697:(80,60,60,30,0,50,0,30,2,2,2,2,2,2,2,2,2,2)
698:(80,60,60,30,0,60,0,20,2,2,2,2,2,2,2,2,2,2)
699:(80,60,60,30,0,60,0,30,2,2,2,2,2,2,2,2,2,2)
700:(80,60,60,30,0,70,0,20,2,2,2,2,2,2,2,2,2,2)
701:(80,60,60,30,0,70,0,30,2,2,2,2,2,2,2,2,2,2)
702:(80,60,60,20,0,80,0,20,2,2,2,2,2,2,2,2,2,2)
703:(80,60,60,20,0,80,0,30,2,2,2,2,2,2,2,2,2,2)
704:(80,60,60,20,0,40,0,20,2,2,2,2,2,2,2,2,2,2)
705:(80,60,60,20,0,40,0,30,2,2,2,2,2,2,2,2,2,2)
706:(80,60,70,20,0,50,0,0,2,2,2,2,2,2,2,2,2,2)
707:(80,60,80,20,0,60,0,10,2,2,2,2,2,2,2,2,2,2)
708:(90,60,80,20,0,50,0,20,2,2,2,2,2,2,2,2,2,2)
709:(70,60,80,20,0,50,0,20,2,2,2,2,2,2,2,2,2,2)
710:(60,60,80,20,0,70,0,0,2,2,2,2,2,2,2,2,2,2)
711:(50,60,70,10,0,70,0,10,2,2,2,2,2,2,2,2,2,2)
712:(50,60,70,20,0,50,0,20,2,2,2,2,2,2,2,2,2,2)
713:(50,60,70,20,0,50,0,30,2,2,2,2,2,2,2,2,2,2)
714:(80,60,50,0,0,80,0,0,2,2,2,2,2,2,2,2,2,2)
715:(60,60,70,20,0,50,0,10,2,2,2,2,2,2,2,2,2,2)
716:(60,60,40,0,0,80,0,0,2,2,2,2,2,2,2,2,2,2)
717:(70,60,80,20,0,50,0,30,2,2,2,2,2,2,2,2,2,2)
718:(90,60,80,20,0,50,0,30,2,2,2,2,2,2,2,2,2,2)
719:(60,60,90,10,0,50,0,20,2,2,2,2,2,2,2,2,2,2)
720:(50,60,90,0,0,70,0,0,2,2,2,2,2,2,2,2,2,2)
721:(60,60,70,30,0,60,0,10,2,2,2,2,2,2,2,2,2,2)
722:(60,60,80,20,0,80,0,10,2,2,2,2,2,2,2,2,2,2)
723:(60,60,80,20,0,80,0,0,2,2,2,2,2,2,2,2,2,2)
724:(60,60,80,30,0,80,0,0,2,2,2,2,2,2,2,2,2,2)
725:(60,60,80,30,0,80,0,10,2,2,2,2,2,2,2,2,2,2)
726:(70,60,80,30,0,90,0,10,2,2,2,2,2,2,2,2,2,2)
727:(70,60,80,30,0,90,0,20,2,2,2,2,2,2,2,2,2,2)
728:(70,60,80,30,0,90,0,0,2,2,2,2,2,2,2,2,2,2)
729:(70,60,80,10,0,100,0,20,2,2,2,2,2,2,2,2,2,2)
730:(60,60,80,0,0,100,0,20,2,2,2,2,2,2,2,2,2,2)
731:(60,60,90,0,0,90,0,20,2,2,2,2,2,2,2,2,2,2)
732:(70,60,90,0,0,50,0,20,2,2,2,2,2,2,2,2,2,2)
733:(70,60,80,10,0,100,0,30,2,2,2,2,2,2,2,2,2,2)
734:(60,60,80,0,0,100,0,30,2,2,2,2,2,2,2,2,2,2)
735:(70,60,80,30,0,90,0,30,2,2,2,2,2,2,2,2,2,2)
736:(70,60,90,0,0,50,0,30,2,2,2,2,2,2,2,2,2,2)
737:(60,60,90,0,0,90,0,30,2,2,2,2,2,2,2,2,2,2)
738:(60,60,90,10,0,50,0,30,2,2,2,2,2,2,2,2,2,2)
739:(90,60,70,0,0,60,0,10,2,2,2,2,2,2,2,2,2,2)
740:(90,60,70,10,0,70,0,10,2,2,2,2,2,2,2,2,2,2)
741:(70,60,70,20,0,70,0,0,2,2,2,2,2,2,2,2,2,2)
742:(70,60,90,20,0,60,0,0,2,2,2,2,2,2,2,2,2,2)
743:(80,60,90,0,0,70,0,10,2,2,2,2,2,2,2,2,2,2)
744:(80,60,70,20,0,70,0,0,2,2,2,2,2,2,2,2,2,2)
745:(70,60,80,30,0,70,0,0,2,2,2,2,2,2,2,2,2,2)
746:(60,60,90,20,0,70,0,0,2,2,2,2,2,2,2,2,2,2)
747:(60,60,80,30,0,70,0,0,2,2,2,2,2,2,2,2,2,2)
748:(60,60,80,0,0,90,0,10,2,2,2,2,2,2,2,2,2,2)
749:(60,60,90,10,0,90,0,10,2,2,2,2,2,2,2,2,2,2)
750:(70,60,90,20,0,70,0,10,2,2,2,2,2,2,2,2,2,2)
751:(80,60,80,10,0,70,0,0,2,2,2,2,2,2,2,2,2,2)
752:(80,60,60,10,0,70,0,0,2,2,2,2,2,2,2,2,2,2)
753:(90,60,70,0,0,80,0,20,2,2,2,2,2,2,2,2,2,2)
754:(90,60,70,0,0,80,0,30,2,2,2,2,2,2,2,2,2,2)
755:(50,60,60,0,0,50,0,20,2,2,2,2,2,2,2,2,2,2)
756:(70,60,60,20,0,50,0,20,2,2,2,2,2,2,2,2,2,2)
757:(70,60,60,30,0,50,0,20,2,2,2,2,2,2,2,2,2,2)
758:(90,60,60,20,0,50,0,20,2,2,2,2,2,2,2,2,2,2)
759:(90,60,60,20,0,50,0,30,2,2,2,2,2,2,2,2,2,2)
760:(90,60,60,10,0,60,0,10,2,2,2,2,2,2,2,2,2,2)
761:(90,60,60,0,0,60,0,10,2,2,2,2,2,2,2,2,2,2)
762:(70,60,60,20,0,50,0,30,2,2,2,2,2,2,2,2,2,2)
763:(50,60,60,0,0,50,0,30,2,2,2,2,2,2,2,2,2,2)
764:(70,60,60,30,0,50,0,30,2,2,2,2,2,2,2,2,2,2)
765:(60,60,70,10,0,60,0,0,2,2,2,2,2,2,2,2,2,2)
766:(80,60,70,10,0,60,0,0,2,2,2,2,2,2,2,2,2,2)
767:(90,60,70,10,0,60,0,0,2,2,2,2,2,2,2,2,2,2)
768:(60,60,40,10,0,70,0,20,2,2,2,2,2,2,2,2,2,2)
769:(70,60,60,10,0,90,0,20,2,2,2,2,2,2,2,2,2,2)
770:(70,60,70,20,0,50,0,10,2,2,2,2,2,2,2,2,2,2)
771:(90,60,100,0,0,60,0,20,2,2,2,2,2,2,2,2,2,2)
772:(90,60,100,0,0,60,0,30,2,2,2,2,2,2,2,2,2,2)
773:(110,60,70,10,0,60,0,20,2,2,2,2,2,2,2,2,2,2)
774:(110,60,70,10,0,60,0,30,2,2,2,2,2,2,2,2,2,2)
775:(80,60,90,20,0,60,0,20,2,2,2,2,2,2,2,2,2,2)
776:(80,60,90,20,0,60,0,30,2,2,2,2,2,2,2,2,2,2)
777:(100,60,80,0,0,60,0,20,2,2,2,2,2,2,2,2,2,2)
778:(100,60,80,0,0,60,0,30,2,2,2,2,2,2,2,2,2,2)
779:(110,60,90,10,0,60,0,20,2,2,2,2,2,2,2,2,2,2)
780:(110,60,90,10,0,60,0,30,2,2,2,2,2,2,2,2,2,2)
781:(110,60,80,10,0,60,0,20,2,2,2,2,2,2,2,2,2,2)
782:(110,60,80,10,0,60,0,30,2,2,2,2,2,2,2,2,2,2)
783:(100,60,60,10,0,60,0,20,2,2,2,2,2,2,2,2,2,2)
784:(100,60,60,10,0,60,0,30,2,2,2,2,2,2,2,2,2,2)
785:(90,60,50,10,0,60,0,20,2,2,2,2,2,2,2,2,2,2)
786:(90,60,50,10,0,60,0,30,2,2,2,2,2,2,2,2,2,2)
787:(70,60,60,10,0,90,0,30,2,2,2,2,2,2,2,2,2,2)
788:(60,60,40,10,0,70,0,30,2,2,2,2,2,2,2,2,2,2)
789:(60,60,60,10,0,80,0,20,2,2,2,2,2,2,2,2,2,2)
790:(60,60,60,10,0,80,0,30,2,2,2,2,2,2,2,2,2,2)
791:(50,60,50,0,0,80,0,20,2,2,2,2,2,2,2,2,2,2)
792:(50,60,50,0,0,80,0,30,2,2,2,2,2,2,2,2,2,2)
793:(70,60,40,0,0,70,0,20,2,2,2,2,2,2,2,2,2,2)
794:(70,60,40,0,0,70,0,30,2,2,2,2,2,2,2,2,2,2)
795:(60,60,50,20,0,80,0,10,2,2,2,2,2,2,2,2,2,2)
796:(70,60,70,0,0,40,0,20,2,2,2,2,2,2,2,2,2,2)
797:(70,60,70,0,0,40,0,30,2,2,2,2,2,2,2,2,2,2)
798:(80,60,70,0,0,50,0,20,2,2,2,2,2,2,2,2,2,2)
799:(80,60,70,0,0,50,0,30,2,2,2,2,2,2,2,2,2,2)
800:(70,60,70,0,0,100,0,10,2,2,2,2,2,2,2,2,2,2)
801:(70,60,70,0,0,50,0,10,2,2,2,2,2,2,2,2,2,2)
802:(120,60,70,10,0,60,0,20,2,2,2,2,2,2,2,2,2,2)
803:(60,60,40,40,0,50,0,20,2,2,2,2,2,2,2,2,2,2)
804:(70,60,60,30,0,50,0,10,2,2,2,2,2,2,2,2,2,2)
805:(70,60,90,30,0,80,0,20,2,2,2,2,2,2,2,2,2,2)
806:(70,60,70,30,0,80,0,20,2,2,2,2,2,2,2,2,2,2)
807:(60,60,80,20,0,60,0,10,2,2,2,2,2,2,2,2,2,2)
808:(80,60,80,10,0,80,0,10,2,2,2,2,2,2,2,2,2,2)
809:(60,60,80,10,0,90,0,0,2,2,2,2,2,2,2,2,2,2)
810:(60,60,80,10,0,90,0,20,2,2,2,2,2,2,2,2,2,2)
811:(70,60,80,10,0,90,0,0,2,2,2,2,2,2,2,2,2,2)
812:(60,60,80,10,0,100,0,10,2,2,2,2,2,2,2,2,2,2)
813:(70,60,50,20,0,80,0,20,2,2,2,2,2,2,2,2,2,2)
814:(60,60,40,40,0,50,0,30,2,2,2,2,2,2,2,2,2,2)
815:(60,60,80,10,0,90,0,30,2,2,2,2,2,2,2,2,2,2)
816:(70,60,70,0,0,90,0,0,2,2,2,2,2,2,2,2,2,2)
817:(70,60,50,10,0,90,0,20,2,2,2,2,2,2,2,2,2,2)
818:(70,60,50,10,0,90,0,30,2,2,2,2,2,2,2,2,2,2)
819:(70,60,50,20,0,80,0,30,2,2,2,2,2,2,2,2,2,2)
820:(70,60,70,30,0,80,0,30,2,2,2,2,2,2,2,2,2,2)
821:(70,60,90,30,0,80,0,30,2,2,2,2,2,2,2,2,2,2)
822:(120,60,70,10,0,60,0,30,2,2,2,2,2,2,2,2,2,2)
823:(70,60,80,20,0,90,0,0,2,2,2,2,2,2,2,2,2,2)
824:(70,60,80,20,0,90,0,10,2,2,2,2,2,2,2,2,2,2)
825:(70,60,80,20,0,90,0,20,2,2,2,2,2,2,2,2,2,2)
826:(70,60,80,0,0,90,0,10,2,2,2,2,2,2,2,2,2,2)
827:(70,60,90,20,0,70,0,0,2,2,2,2,2,2,2,2,2,2)
828:(60,60,40,0,0,60,0,20,2,2,2,2,2,2,2,2,2,2)
829:(60,60,40,0,0,60,0,30,2,2,2,2,2,2,2,2,2,2)
830:(60,60,40,0,0,80,0,20,2,2,2,2,2,2,2,2,2,2)
831:(70,60,80,20,0,90,0,30,2,2,2,2,2,2,2,2,2,2)
832:(60,60,40,0,0,80,0,30,2,2,2,2,2,2,2,2,2,2)
833:(70,60,60,0,0,50,0,10,2,2,2,2,2,2,2,2,2,2)
834:(50,60,70,0,0,70,0,0,2,2,2,2,2,2,2,2,2,2)
835:(50,60,70,0,0,80,0,0,2,2,2,2,2,2,2,2,2,2)
836:(60,60,70,0,0,90,0,0,2,2,2,2,2,2,2,2,2,2)
837:(80,60,70,0,0,90,0,0,2,2,2,2,2,2,2,2,2,2)
838:(80,60,60,0,0,60,0,0,2,2,2,2,2,2,2,2,2,2)
839:(100,60,70,10,0,50,0,20,2,2,2,2,2,2,2,2,2,2)
840:(100,60,70,10,0,50,0,30,2,2,2,2,2,2,2,2,2,2)
841:(110,60,60,10,0,60,0,20,2,2,2,2,2,2,2,2,2,2)
842:(50,60,40,0,0,80,0,10,2,2,2,2,2,2,2,2,2,2)
843:(80,60,70,20,0,80,0,20,2,2,2,2,2,2,2,2,2,2)
844:(80,60,70,10,0,50,0,0,2,2,2,2,2,2,2,2,2,2)
845:(80,60,80,10,0,60,0,0,2,2,2,2,2,2,2,2,2,2)
846:(80,60,80,10,0,80,0,0,2,2,2,2,2,2,2,2,2,2)
847:(80,60,70,10,0,80,0,0,2,2,2,2,2,2,2,2,2,2)
848:(80,60,50,10,0,80,0,0,2,2,2,2,2,2,2,2,2,2)
849:(80,60,90,10,0,80,0,0,2,2,2,2,2,2,2,2,2,2)
850:(80,60,60,10,0,80,0,0,2,2,2,2,2,2,2,2,2,2)
851:(80,60,70,20,0,80,0,30,2,2,2,2,2,2,2,2,2,2)
852:(60,60,50,20,0,80,0,20,2,2,2,2,2,2,2,2,2,2)
853:(60,60,50,20,0,80,0,30,2,2,2,2,2,2,2,2,2,2)
854:(110,60,60,10,0,60,0,30,2,2,2,2,2,2,2,2,2,2)
855:(50,60,40,0,0,60,0,0,2,2,2,2,2,2,2,2,2,2)
856:(50,60,80,0,0,60,0,0,2,2,2,2,2,2,2,2,2,2)
857:(60,60,90,0,0,60,0,0,2,2,2,2,2,2,2,2,2,2)
858:(50,60,80,10,0,60,0,0,2,2,2,2,2,2,2,2,2,2)
859:(70,60,40,0,0,80,0,0,2,2,2,2,2,2,2,2,2,2)
860:(50,60,40,10,0,80,0,10,2,2,2,2,2,2,2,2,2,2)
861:(60,60,80,0,0,90,0,0,2,2,2,2,2,2,2,2,2,2)
862:(80,60,60,10,0,40,0,20,2,2,2,2,2,2,2,2,2,2)
863:(80,60,60,10,0,40,0,30,2,2,2,2,2,2,2,2,2,2)
864:(80,60,70,20,0,70,0,10,2,2,2,2,2,2,2,2,2,2)
865:(80,60,60,0,0,50,0,10,2,2,2,2,2,2,2,2,2,2)
866:(80,60,60,10,0,80,0,20,2,2,2,2,2,2,2,2,2,2)
867:(80,60,60,0,0,90,0,10,2,2,2,2,2,2,2,2,2,2)
868:(80,60,60,10,0,80,0,30,2,2,2,2,2,2,2,2,2,2)
869:(80,60,60,20,0,70,0,10,2,2,2,2,2,2,2,2,2,2)
870:(110,60,90,0,0,60,0,20,2,2,2,2,2,2,2,2,2,2)
871:(120,60,80,10,0,60,0,20,2,2,2,2,2,2,2,2,2,2)
872:(50,60,90,10,0,60,0,20,2,2,2,2,2,2,2,2,2,2)
873:(90,60,100,10,0,60,0,20,2,2,2,2,2,2,2,2,2,2)
874:(80,60,100,10,0,60,0,20,2,2,2,2,2,2,2,2,2,2)
875:(80,60,70,10,0,100,0,20,2,2,2,2,2,2,2,2,2,2)
876:(50,60,70,10,0,80,0,20,2,2,2,2,2,2,2,2,2,2)
877:(40,60,70,10,0,80,0,20,2,2,2,2,2,2,2,2,2,2)
878:(40,60,70,10,0,80,0,30,2,2,2,2,2,2,2,2,2,2)
879:(70,60,70,10,0,110,0,20,2,2,2,2,2,2,2,2,2,2)
880:(70,60,70,10,0,110,0,30,2,2,2,2,2,2,2,2,2,2)
881:(60,60,70,20,0,80,0,20,2,2,2,2,2,2,2,2,2,2)
882:(60,60,80,20,0,70,0,20,2,2,2,2,2,2,2,2,2,2)
883:(60,60,80,20,0,70,0,30,2,2,2,2,2,2,2,2,2,2)
884:(80,60,70,20,0,80,0,10,2,2,2,2,2,2,2,2,2,2)
885:(60,60,70,10,0,50,0,10,2,2,2,2,2,2,2,2,2,2)
886:(60,60,100,0,0,70,0,0,2,2,2,2,2,2,2,2,2,2)
887:(60,60,90,0,0,90,0,0,2,2,2,2,2,2,2,2,2,2)
888:(60,60,50,0,0,60,0,0,2,2,2,2,2,2,2,2,2,2)
889:(60,60,50,0,0,80,0,0,2,2,2,2,2,2,2,2,2,2)
890:(80,60,60,0,0,70,0,0,2,2,2,2,2,2,2,2,2,2)
891:(50,60,90,10,0,60,0,30,2,2,2,2,2,2,2,2,2,2)
892:(90,60,100,10,0,60,0,30,2,2,2,2,2,2,2,2,2,2)
893:(120,60,80,10,0,60,0,30,2,2,2,2,2,2,2,2,2,2)
894:(80,60,100,10,0,60,0,30,2,2,2,2,2,2,2,2,2,2)
895:(80,60,70,10,0,100,0,30,2,2,2,2,2,2,2,2,2,2)
896:(50,60,70,10,0,80,0,30,2,2,2,2,2,2,2,2,2,2)
897:(110,60,90,0,0,60,0,30,2,2,2,2,2,2,2,2,2,2)
898:(60,60,50,10,0,80,0,20,2,2,2,2,2,2,2,2,2,2)
899:(60,60,50,10,0,80,0,30,2,2,2,2,2,2,2,2,2,2)
900:(60,60,70,20,0,80,0,30,2,2,2,2,2,2,2,2,2,2)
901:(80,60,80,20,0,50,0,0,2,2,2,2,2,2,2,2,2,2)
902:(80,60,80,20,0,50,0,10,2,2,2,2,2,2,2,2,2,2)
903:(70,60,40,10,0,80,0,20,2,2,2,2,2,2,2,2,2,2)
904:(70,60,40,0,0,80,0,20,2,2,2,2,2,2,2,2,2,2)
905:(70,60,60,20,0,80,0,20,2,2,2,2,2,2,2,2,2,2)
906:(80,60,50,20,0,80,0,20,2,2,2,2,2,2,2,2,2,2)
907:(70,60,40,20,0,80,0,10,2,2,2,2,2,2,2,2,2,2)
908:(50,60,90,0,0,60,0,0,2,2,2,2,2,2,2,2,2,2)
909:(100,60,90,0,0,60,0,0,2,2,2,2,2,2,2,2,2,2)
910:(70,60,90,30,0,90,0,0,2,2,2,2,2,2,2,2,2,2)
911:(70,60,90,30,0,60,0,20,2,2,2,2,2,2,2,2,2,2)
912:(50,60,80,10,0,70,0,0,2,2,2,2,2,2,2,2,2,2)
913:(80,60,60,0,0,80,0,0,2,2,2,2,2,2,2,2,2,2)
914:(50,60,50,10,0,80,0,10,2,2,2,2,2,2,2,2,2,2)
915:(70,60,90,30,0,60,0,30,2,2,2,2,2,2,2,2,2,2)
916:(70,60,60,20,0,80,0,30,2,2,2,2,2,2,2,2,2,2)
917:(70,60,40,0,0,80,0,30,2,2,2,2,2,2,2,2,2,2)
918:(70,60,40,10,0,80,0,30,2,2,2,2,2,2,2,2,2,2)
919:(80,60,50,20,0,80,0,30,2,2,2,2,2,2,2,2,2,2)
920:(70,60,40,0,0,60,0,10,2,2,2,2,2,2,2,2,2,2)
921:(50,60,40,0,0,60,0,10,2,2,2,2,2,2,2,2,2,2)
922:(50,60,50,0,0,60,0,10,2,2,2,2,2,2,2,2,2,2)
923:(50,60,60,0,0,60,0,10,2,2,2,2,2,2,2,2,2,2)
924:(90,60,90,0,0,60,0,10,2,2,2,2,2,2,2,2,2,2)
925:(100,60,80,0,0,60,0,10,2,2,2,2,2,2,2,2,2,2)
926:(50,60,80,0,0,60,0,10,2,2,2,2,2,2,2,2,2,2)
927:(90,60,100,0,0,60,0,10,2,2,2,2,2,2,2,2,2,2)
928:(110,60,90,0,0,60,0,10,2,2,2,2,2,2,2,2,2,2)
929:(40,60,60,0,0,60,0,10,2,2,2,2,2,2,2,2,2,2)
930:(80,60,40,0,0,60,0,10,2,2,2,2,2,2,2,2,2,2)
931:(70,60,100,0,0,60,0,20,2,2,2,2,2,2,2,2,2,2)
932:(60,60,100,10,0,60,0,20,2,2,2,2,2,2,2,2,2,2)
933:(60,60,80,30,0,60,0,20,2,2,2,2,2,2,2,2,2,2)
934:(120,60,90,10,0,60,0,20,2,2,2,2,2,2,2,2,2,2)
935:(90,60,90,20,0,60,0,20,2,2,2,2,2,2,2,2,2,2)
936:(50,60,80,0,0,100,0,20,2,2,2,2,2,2,2,2,2,2)
937:(50,60,80,10,0,100,0,20,2,2,2,2,2,2,2,2,2,2)
938:(50,60,80,10,0,80,0,20,2,2,2,2,2,2,2,2,2,2)
939:(50,60,80,0,0,80,0,0,2,2,2,2,2,2,2,2,2,2)
940:(50,60,90,0,0,80,0,10,2,2,2,2,2,2,2,2,2,2)
941:(40,60,80,0,0,80,0,10,2,2,2,2,2,2,2,2,2,2)
942:(80,60,70,0,0,100,0,0,2,2,2,2,2,2,2,2,2,2)
943:(60,60,90,10,0,60,0,0,2,2,2,2,2,2,2,2,2,2)
944:(90,60,80,10,0,50,0,20,2,2,2,2,2,2,2,2,2,2)
945:(70,60,40,10,0,70,0,20,2,2,2,2,2,2,2,2,2,2)
946:(70,60,40,0,0,60,0,20,2,2,2,2,2,2,2,2,2,2)
947:(70,60,40,0,0,60,0,30,2,2,2,2,2,2,2,2,2,2)
948:(70,60,70,30,0,60,0,0,2,2,2,2,2,2,2,2,2,2)
949:(60,60,100,10,0,60,0,30,2,2,2,2,2,2,2,2,2,2)
950:(90,60,90,20,0,60,0,30,2,2,2,2,2,2,2,2,2,2)
951:(50,60,80,0,0,100,0,30,2,2,2,2,2,2,2,2,2,2)
952:(90,60,70,10,0,70,0,20,2,2,2,2,2,2,2,2,2,2)
953:(50,60,80,10,0,100,0,30,2,2,2,2,2,2,2,2,2,2)
954:(120,60,90,10,0,60,0,30,2,2,2,2,2,2,2,2,2,2)
955:(70,60,40,10,0,70,0,30,2,2,2,2,2,2,2,2,2,2)
956:(90,60,80,10,0,50,0,30,2,2,2,2,2,2,2,2,2,2)
957:(50,60,80,10,0,80,0,30,2,2,2,2,2,2,2,2,2,2)
958:(90,60,70,10,0,70,0,30,2,2,2,2,2,2,2,2,2,2)
959:(60,60,80,30,0,60,0,30,2,2,2,2,2,2,2,2,2,2)
960:(70,60,100,0,0,60,0,30,2,2,2,2,2,2,2,2,2,2)
961:(50,60,60,0,0,80,0,20,2,2,2,2,2,2,2,2,2,2)
962:(50,60,60,0,0,80,0,30,2,2,2,2,2,2,2,2,2,2)
963:(90,60,60,20,0,40,0,20,2,2,2,2,2,2,2,2,2,2)
964:(90,60,60,20,0,40,0,30,2,2,2,2,2,2,2,2,2,2)
965:(90,60,60,20,0,60,0,20,2,2,2,2,2,2,2,2,2,2)
966:(90,60,60,20,0,60,0,30,2,2,2,2,2,2,2,2,2,2)
967:(90,60,40,20,0,60,0,20,2,2,2,2,2,2,2,2,2,2)
968:(90,60,40,20,0,60,0,30,2,2,2,2,2,2,2,2,2,2)
969:(90,60,70,20,0,60,0,20,2,2,2,2,2,2,2,2,2,2)
970:(70,60,40,20,0,60,0,20,2,2,2,2,2,2,2,2,2,2)
971:(80,60,100,20,0,60,0,20,2,2,2,2,2,2,2,2,2,2)
972:(80,60,100,20,0,60,0,30,2,2,2,2,2,2,2,2,2,2)
973:(80,60,30,20,0,60,0,20,2,2,2,2,2,2,2,2,2,2)
974:(80,60,30,20,0,60,0,30,2,2,2,2,2,2,2,2,2,2)
975:(70,60,40,20,0,60,0,30,2,2,2,2,2,2,2,2,2,2)
976:(90,60,70,20,0,60,0,30,2,2,2,2,2,2,2,2,2,2)
977:(90,60,50,20,0,60,0,20,2,2,2,2,2,2,2,2,2,2)
978:(90,60,50,20,0,60,0,30,2,2,2,2,2,2,2,2,2,2)
979:(60,60,60,30,0,60,0,10,2,2,2,2,2,2,2,2,2,2)
980:(70,60,60,10,0,70,0,0,2,2,2,2,2,2,2,2,2,2)
981:(60,60,90,20,0,90,0,10,2,2,2,2,2,2,2,2,2,2)
982:(60,60,70,10,0,90,0,0,2,2,2,2,2,2,2,2,2,2)
983:(70,60,70,20,0,90,0,10,2,2,2,2,2,2,2,2,2,2)
984:(60,60,70,10,0,90,0,10,2,2,2,2,2,2,2,2,2,2)
985:(80,60,70,10,0,90,0,10,2,2,2,2,2,2,2,2,2,2)
986:(70,60,70,0,0,100,0,0,2,2,2,2,2,2,2,2,2,2)
987:(60,60,70,0,0,100,0,20,2,2,2,2,2,2,2,2,2,2)
988:(50,60,70,10,0,90,0,20,2,2,2,2,2,2,2,2,2,2)
989:(60,60,70,20,0,90,0,20,2,2,2,2,2,2,2,2,2,2)
990:(50,60,70,10,0,90,0,30,2,2,2,2,2,2,2,2,2,2)
991:(80,60,60,10,0,100,0,20,2,2,2,2,2,2,2,2,2,2)
992:(80,60,80,10,0,70,0,10,2,2,2,2,2,2,2,2,2,2)
993:(80,60,70,0,0,100,0,10,2,2,2,2,2,2,2,2,2,2)
994:(50,60,60,10,0,80,0,20,2,2,2,2,2,2,2,2,2,2)
995:(60,60,40,30,0,70,0,10,2,2,2,2,2,2,2,2,2,2)
996:(60,60,60,30,0,70,0,10,2,2,2,2,2,2,2,2,2,2)
997:(60,60,60,30,0,50,0,10,2,2,2,2,2,2,2,2,2,2)
998:(60,60,70,0,0,100,0,30,2,2,2,2,2,2,2,2,2,2)
999:(60,60,70,20,0,90,0,30,2,2,2,2,2,2,2,2,2,2)
1000:(50,60,60,10,0,80,0,30,2,2,2,2,2,2,2,2,2,2)
1001:(80,60,60,10,0,100,0,30,2,2,2,2,2,2,2,2,2,2)
1002:(70,60,80,0,0,90,0,0,2,2,2,2,2,2,2,2,2,2)
1003:(80,60,70,10,0,100,0,10,2,2,2,2,2,2,2,2,2,2)
1004:(100,60,90,10,0,60,0,0,2,2,2,2,2,2,2,2,2,2)
1005:(70,60,40,10,0,80,0,0,2,2,2,2,2,2,2,2,2,2)
1006:(50,60,60,10,0,60,0,0,2,2,2,2,2,2,2,2,2,2)
1007:(60,60,60,10,0,60,0,0,2,2,2,2,2,2,2,2,2,2)
1008:(50,60,60,20,0,60,0,10,2,2,2,2,2,2,2,2,2,2)
1009:(50,60,60,10,0,60,0,10,2,2,2,2,2,2,2,2,2,2)
1010:(80,60,50,20,0,70,0,20,2,2,2,2,2,2,2,2,2,2)
1011:(40,60,50,20,0,70,0,20,2,2,2,2,2,2,2,2,2,2)
1012:(40,60,50,10,0,70,0,10,2,2,2,2,2,2,2,2,2,2)
1013:(70,60,80,40,0,90,0,0,2,2,2,2,2,2,2,2,2,2)
1014:(50,60,40,10,0,80,0,20,2,2,2,2,2,2,2,2,2,2)
1015:(70,60,30,10,0,80,0,20,2,2,2,2,2,2,2,2,2,2)
1016:(90,60,60,0,0,80,0,10,2,2,2,2,2,2,2,2,2,2)
1017:(60,60,40,20,0,60,0,10,2,2,2,2,2,2,2,2,2,2)
1018:(60,60,40,20,0,60,0,0,2,2,2,2,2,2,2,2,2,2)
1019:(60,60,60,20,0,60,0,0,2,2,2,2,2,2,2,2,2,2)
1020:(60,60,70,10,0,50,0,20,2,2,2,2,2,2,2,2,2,2)
1021:(50,60,40,10,0,80,0,30,2,2,2,2,2,2,2,2,2,2)
1022:(60,60,70,10,0,50,0,30,2,2,2,2,2,2,2,2,2,2)
1023:(70,60,30,10,0,80,0,30,2,2,2,2,2,2,2,2,2,2)
1024:(40,60,50,20,0,70,0,30,2,2,2,2,2,2,2,2,2,2)
1025:(80,60,50,20,0,70,0,30,2,2,2,2,2,2,2,2,2,2)
1026:(60,60,50,10,0,60,0,0,2,2,2,2,2,2,2,2,2,2)
1027:(110,60,90,10,0,50,0,20,2,2,2,2,2,2,2,2,2,2)
1028:(130,60,80,10,0,60,0,20,2,2,2,2,2,2,2,2,2,2)
1029:(130,60,70,10,0,60,0,20,2,2,2,2,2,2,2,2,2,2)
1030:(70,60,90,10,0,90,0,10,2,2,2,2,2,2,2,2,2,2)
1031:(60,60,90,10,0,90,0,20,2,2,2,2,2,2,2,2,2,2)
1032:(50,60,90,10,0,90,0,10,2,2,2,2,2,2,2,2,2,2)
1033:(50,60,80,10,0,90,0,10,2,2,2,2,2,2,2,2,2,2)
1034:(60,60,90,10,0,90,0,30,2,2,2,2,2,2,2,2,2,2)
1035:(110,60,90,10,0,50,0,30,2,2,2,2,2,2,2,2,2,2)
1036:(130,60,80,10,0,60,0,30,2,2,2,2,2,2,2,2,2,2)
1037:(130,60,70,10,0,60,0,30,2,2,2,2,2,2,2,2,2,2)
1038:(90,60,70,10,0,50,0,20,2,2,2,2,2,2,2,2,2,2)
1039:(80,60,70,10,0,40,0,20,2,2,2,2,2,2,2,2,2,2)
1040:(60,60,80,40,0,70,0,0,2,2,2,2,2,2,2,2,2,2)
1041:(70,60,80,40,0,70,0,0,2,2,2,2,2,2,2,2,2,2)
1042:(60,60,80,30,0,70,0,10,2,2,2,2,2,2,2,2,2,2)
1043:(50,60,80,10,0,70,0,10,2,2,2,2,2,2,2,2,2,2)
1044:(50,60,80,0,0,70,0,0,2,2,2,2,2,2,2,2,2,2)
1045:(50,60,70,10,0,70,0,0,2,2,2,2,2,2,2,2,2,2)
1046:(50,60,90,10,0,70,0,0,2,2,2,2,2,2,2,2,2,2)
1047:(70,60,100,10,0,80,0,10,2,2,2,2,2,2,2,2,2,2)
1048:(80,60,60,20,0,70,0,0,2,2,2,2,2,2,2,2,2,2)
1049:(70,60,60,20,0,80,0,0,2,2,2,2,2,2,2,2,2,2)
1050:(50,60,60,20,0,60,0,0,2,2,2,2,2,2,2,2,2,2)
1051:(60,60,70,20,0,60,0,0,2,2,2,2,2,2,2,2,2,2)
1052:(50,60,70,0,0,60,0,0,2,2,2,2,2,2,2,2,2,2)
1053:(60,60,60,30,0,70,0,20,2,2,2,2,2,2,2,2,2,2)
1054:(80,60,70,10,0,40,0,30,2,2,2,2,2,2,2,2,2,2)
1055:(90,60,70,10,0,50,0,30,2,2,2,2,2,2,2,2,2,2)
1056:(60,60,60,30,0,70,0,30,2,2,2,2,2,2,2,2,2,2)
1057:(90,60,90,0,0,50,0,0,2,2,2,2,2,2,2,2,2,2)
1058:(80,60,60,20,0,60,0,0,2,2,2,2,2,2,2,2,2,2)
1059:(80,60,70,20,0,60,0,0,2,2,2,2,2,2,2,2,2,2)
1060:(80,60,30,30,0,60,0,20,2,2,2,2,2,2,2,2,2,2)
1061:(80,60,30,30,0,60,0,30,2,2,2,2,2,2,2,2,2,2)
1062:(80,60,20,20,0,60,0,20,2,2,2,2,2,2,2,2,2,2)
1063:(80,60,20,20,0,60,0,30,2,2,2,2,2,2,2,2,2,2)
1064:(80,60,30,10,0,60,0,20,2,2,2,2,2,2,2,2,2,2)
1065:(80,60,40,10,0,60,0,20,2,2,2,2,2,2,2,2,2,2)
1066:(80,60,60,10,0,60,0,0,2,2,2,2,2,2,2,2,2,2)
1067:(80,60,50,20,0,60,0,10,2,2,2,2,2,2,2,2,2,2)
1068:(60,60,80,10,0,50,0,20,2,2,2,2,2,2,2,2,2,2)
1069:(70,60,40,20,0,80,0,0,2,2,2,2,2,2,2,2,2,2)
1070:(70,60,50,0,0,90,0,0,2,2,2,2,2,2,2,2,2,2)
1071:(80,60,90,10,0,40,0,20,2,2,2,2,2,2,2,2,2,2)
1072:(70,60,40,10,0,70,0,0,2,2,2,2,2,2,2,2,2,2)
1073:(70,60,40,10,0,90,0,0,2,2,2,2,2,2,2,2,2,2)
1074:(70,60,50,10,0,90,0,0,2,2,2,2,2,2,2,2,2,2)
1075:(70,60,100,10,0,90,0,0,2,2,2,2,2,2,2,2,2,2)
1076:(70,60,90,10,0,90,0,0,2,2,2,2,2,2,2,2,2,2)
1077:(70,60,70,10,0,90,0,0,2,2,2,2,2,2,2,2,2,2)
1078:(70,60,60,10,0,90,0,0,2,2,2,2,2,2,2,2,2,2)
1079:(70,60,50,10,0,70,0,0,2,2,2,2,2,2,2,2,2,2)
1080:(60,60,40,10,0,80,0,0,2,2,2,2,2,2,2,2,2,2)
1081:(80,60,40,10,0,80,0,0,2,2,2,2,2,2,2,2,2,2)
1082:(80,60,90,10,0,40,0,30,2,2,2,2,2,2,2,2,2,2)
1083:(80,60,40,10,0,60,0,30,2,2,2,2,2,2,2,2,2,2)
1084:(80,60,30,10,0,60,0,30,2,2,2,2,2,2,2,2,2,2)
1085:(-1,-1,-1,-1,-1,-1,-1,-1,-1,-1,-1,-1,-1,-1,-1,-1,-1,-1)