(flache,SigD_hag,hag,CodY_flache,CodY_hag,CodY,SigD,Hag)
0:(2,0,3,0,0,19,11,9)
1:(2,0,3,0,0,20,11,9)
2:(2,1,2,0,0,19,10,9)
3:(2,1,2,0,0,18,10,9)
4:(2,1,2,0,0,17,10,9)
5:(2,1,2,0,0,16,10,9)
6:(2,1,2,0,0,15,10,9)
7:(2,1,2,0,0,14,10,9)
8:(2,1,2,0,0,13,10,9)
9:(2,1,2,0,0,12,10,9)
10:(1,1,2,1,0,11,10,9)
11:(1,1,1,1,1,10,10,9)
12:(1,1,1,1,1,10,10,10)
13:(2,1,2,0,0,20,10,9)
14:(2,2,1,0,0,19,9,9)
15:(2,2,1,0,0,20,9,9)
16:(2,0,3,0,0,19,11,10)
17:(2,0,3,0,0,20,11,10)
18:(2,0,3,0,0,19,12,10)
19:(2,0,3,0,0,20,12,10)
20:(2,1,2,0,0,19,11,10)
21:(2,1,2,0,0,20,11,10)
22:(2,0,3,0,0,19,12,11)
23:(2,0,3,0,0,20,12,11)
24:(2,0,3,0,0,19,13,11)
25:(2,0,3,0,0,20,13,11)
26:(2,1,2,0,0,19,12,10)
27:(2,1,2,0,0,20,12,10)
28:(2,1,2,0,0,19,13,10)
29:(2,1,2,0,0,20,13,10)
30:(1,1,2,1,0,19,10,8)
31:(2,1,2,0,0,20,10,8)
32:(1,1,2,1,0,19,10,9)
33:(1,1,1,1,1,18,10,9)
34:(1,1,1,1,1,17,10,9)
35:(1,1,1,1,1,16,10,9)
36:(1,1,1,1,1,15,10,9)
37:(1,1,1,1,1,14,10,9)
38:(1,1,1,1,1,13,10,9)
39:(1,1,1,1,1,12,10,9)
40:(1,1,1,1,1,11,10,9)
41:(1,1,2,1,0,20,10,8)
42:(1,1,2,1,0,19,11,8)
43:(2,1,2,0,0,20,11,8)
44:(1,1,2,1,0,20,11,8)
45:(1,1,2,1,0,19,9,9)
46:(2,1,2,0,0,20,9,9)
47:(1,1,2,1,0,20,9,9)
48:(1,0,3,1,0,19,10,10)
49:(2,0,3,0,0,20,10,10)
50:(1,0,3,1,0,20,10,10)
51:(1,1,2,1,0,20,10,9)
52:(0,0,3,2,0,19,11,9)
53:(0,0,3,2,0,20,11,9)
54:(0,0,3,2,0,18,11,9)
55:(0,1,2,2,0,18,10,9)
56:(0,1,2,2,0,17,10,9)
57:(1,0,3,1,0,20,11,9)
58:(0,1,2,2,0,19,10,9)
59:(0,1,2,2,0,20,10,9)
60:(1,1,2,1,0,19,11,9)
61:(2,1,2,0,0,20,11,9)
62:(1,1,2,1,0,20,11,9)
63:(2,1,1,0,1,19,11,9)
64:(2,1,1,0,1,20,11,9)
65:(1,1,1,1,1,18,11,9)
66:(2,0,2,0,1,19,12,10)
67:(2,0,2,0,1,20,12,10)
68:(2,0,2,0,1,19,13,10)
69:(2,0,3,0,0,20,13,10)
70:(2,0,2,0,1,20,13,10)
71:(2,0,2,0,1,19,14,10)
72:(2,0,3,0,0,20,14,10)
73:(2,0,2,0,1,20,14,10)
74:(2,1,1,0,1,19,12,9)
75:(2,1,2,0,0,20,12,9)
76:(2,1,1,0,1,20,12,9)
77:(2,1,1,0,1,19,13,9)
78:(2,1,2,0,0,20,13,9)
79:(2,1,1,0,1,20,13,9)
80:(2,1,1,0,1,19,14,9)
81:(2,1,2,0,0,20,14,9)
82:(2,1,1,0,1,20,14,9)
83:(1,1,1,1,1,19,11,9)
84:(1,1,1,1,1,20,11,9)
85:(1,0,2,1,1,19,12,10)
86:(1,0,3,1,0,20,12,10)
87:(1,0,2,1,1,20,12,10)
88:(1,0,2,1,1,19,13,10)
89:(1,0,3,1,0,20,13,10)
90:(1,0,2,1,1,20,13,10)
91:(0,0,3,2,0,19,12,10)
92:(0,0,3,2,0,20,12,10)
93:(0,0,3,2,0,18,12,10)
94:(0,1,2,2,0,18,11,9)
95:(0,1,2,2,0,19,11,10)
96:(0,1,2,2,0,20,11,10)
97:(1,1,2,1,0,20,11,10)
98:(0,0,3,2,0,19,12,11)
99:(0,0,3,2,0,20,12,11)
100:(1,0,3,1,0,20,12,11)
101:(1,1,2,1,0,19,12,10)
102:(1,1,2,1,0,20,12,10)
103:(1,1,2,1,0,19,11,10)
104:(1,0,3,1,0,19,12,10)
105:(1,0,3,1,0,19,12,11)
106:(2,1,2,0,0,19,9,10)
107:(2,1,2,0,0,20,9,10)
108:(2,1,2,0,0,18,9,10)
109:(2,1,2,0,0,17,9,10)
110:(2,1,2,0,0,16,9,10)
111:(2,1,2,0,0,15,9,10)
112:(2,1,2,0,0,14,9,10)
113:(2,1,2,0,0,13,9,10)
114:(2,1,2,0,0,12,9,10)
115:(1,1,2,1,0,11,9,10)
116:(1,1,1,1,1,10,9,10)
117:(2,2,1,0,0,19,8,10)
118:(2,2,1,0,0,20,8,10)
119:(2,2,1,0,0,19,9,10)
120:(2,2,1,0,0,20,9,10)
121:(2,1,2,0,0,19,10,11)
122:(2,1,2,0,0,20,10,11)
123:(2,0,3,0,0,19,11,12)
124:(2,0,3,0,0,20,11,12)
125:(2,0,3,0,0,19,10,11)
126:(2,0,3,0,0,20,10,11)
127:(2,1,1,0,1,19,8,10)
128:(2,1,2,0,0,20,8,10)
129:(2,1,1,0,1,19,9,10)
130:(1,1,1,1,1,18,9,10)
131:(1,1,1,1,1,17,9,10)
132:(1,1,1,1,1,16,9,10)
133:(1,1,1,1,1,15,9,10)
134:(1,1,1,1,1,14,9,10)
135:(1,1,1,1,1,13,9,10)
136:(1,1,1,1,1,12,9,10)
137:(1,1,1,1,1,11,9,10)
138:(2,1,1,0,1,20,8,10)
139:(2,0,2,0,1,19,9,11)
140:(2,0,3,0,0,20,9,11)
141:(2,0,2,0,1,20,9,11)
142:(2,1,1,0,1,19,9,9)
143:(2,1,1,0,1,20,9,9)
144:(2,0,2,0,1,19,10,10)
145:(2,0,2,0,1,20,10,10)
146:(2,1,1,0,1,20,9,10)
147:(2,1,0,0,2,19,9,10)
148:(2,1,0,0,2,20,9,10)
149:(2,1,0,0,2,18,9,10)
150:(2,0,1,0,2,19,10,11)
151:(2,0,1,0,2,20,10,11)
152:(2,0,2,0,1,20,10,11)
153:(2,0,1,0,2,19,11,11)
154:(2,0,1,0,2,20,11,11)
155:(2,0,2,0,1,20,11,11)
156:(2,0,1,0,2,19,12,11)
157:(2,0,1,0,2,20,12,11)
158:(2,0,2,0,1,20,12,11)
159:(2,1,0,0,2,19,10,10)
160:(2,1,0,0,2,20,10,10)
161:(2,1,1,0,1,20,10,10)
162:(2,1,0,0,2,19,11,10)
163:(2,1,0,0,2,20,11,10)
164:(2,1,1,0,1,20,11,10)
165:(2,1,0,0,2,19,12,10)
166:(2,1,0,0,2,20,12,10)
167:(2,1,1,0,1,20,12,10)
168:(2,1,1,0,1,19,10,10)
169:(2,1,2,0,0,20,10,10)
170:(2,2,0,0,1,19,9,10)
171:(2,2,0,0,1,20,9,10)
172:(2,0,2,0,1,19,11,11)
173:(2,0,3,0,0,20,11,11)
174:(2,1,1,0,1,19,10,11)
175:(2,2,0,0,1,19,9,11)
176:(2,2,1,0,0,20,9,11)
177:(2,2,0,0,1,20,9,11)
178:(2,1,1,0,1,20,10,11)
179:(2,0,2,0,1,19,11,12)
180:(2,0,2,0,1,20,11,12)
181:(2,0,2,0,1,19,12,12)
182:(2,0,3,0,0,20,12,12)
183:(2,0,2,0,1,20,12,12)
184:(2,0,2,0,1,19,13,12)
185:(2,0,3,0,0,20,13,12)
186:(2,0,2,0,1,20,13,12)
187:(2,0,2,0,1,19,14,12)
188:(2,0,3,0,0,20,14,12)
189:(2,0,2,0,1,20,14,12)
190:(2,0,2,0,1,19,15,12)
191:(2,0,3,0,0,20,15,12)
192:(2,0,2,0,1,20,15,12)
193:(2,1,2,0,0,19,9,9)
194:(2,0,2,0,1,18,11,9)
195:(1,0,3,1,0,18,11,9)
196:(1,0,3,1,0,18,12,9)
197:(2,0,2,0,1,18,12,9)
198:(2,0,2,0,1,18,11,10)
199:(2,0,1,0,2,17,11,10)
200:(1,0,2,1,1,17,11,10)
201:(1,0,2,1,1,17,12,10)
202:(1,0,2,1,1,17,11,11)
203:(1,0,2,1,1,17,10,11)
204:(1,0,2,1,1,17,12,11)
205:(2,0,2,0,1,18,10,11)
206:(2,0,1,0,2,17,10,11)
207:(2,0,1,0,2,17,11,11)
208:(2,0,1,0,2,17,12,11)
209:(1,0,2,1,1,17,13,10)
210:(2,0,1,0,2,17,12,10)
211:(2,0,1,0,2,17,13,10)
212:(1,0,2,1,1,17,11,9)
213:(2,2,0,0,1,18,9,9)
214:(1,2,1,1,0,18,9,9)
215:(1,2,1,1,0,18,10,9)
216:(2,3,0,0,0,19,8,9)
217:(2,3,0,0,0,20,8,9)
218:(2,1,1,0,1,18,10,10)
219:(0,2,1,2,0,17,9,9)
220:(0,2,1,2,0,18,9,9)
221:(0,3,0,2,0,18,8,9)
222:(0,2,1,2,0,18,9,10)
223:(0,2,0,2,1,17,9,9)
224:(0,2,0,2,1,17,10,9)
225:(1,2,0,1,1,18,10,9)
226:(1,2,0,1,1,18,10,10)
227:(1,2,0,1,1,18,9,10)
228:(1,2,0,1,1,18,11,10)
229:(1,1,2,1,0,18,11,10)
230:(1,1,2,1,0,18,10,10)
231:(1,0,3,1,0,19,11,10)
232:(1,0,3,1,0,18,11,10)
233:(0,0,3,2,0,17,11,10)
234:(1,0,3,1,0,20,11,10)
235:(0,0,2,2,1,16,11,10)
236:(2,0,2,0,1,18,12,10)
237:(2,0,3,0,0,19,13,10)
238:(2,0,3,0,0,19,14,11)
239:(2,0,3,0,0,20,14,11)
240:(2,1,2,0,0,19,14,10)
241:(2,1,2,0,0,20,14,10)
242:(2,1,2,0,0,19,15,10)
243:(2,1,2,0,0,20,15,10)
244:(1,0,3,1,0,18,13,10)
245:(0,0,2,2,1,16,13,10)
246:(0,0,3,2,0,17,13,10)
247:(0,1,2,2,0,17,12,10)
248:(2,1,2,0,0,19,11,9)
249:(2,2,0,0,1,18,8,10)
250:(1,2,1,1,0,18,8,10)
251:(2,3,0,0,0,19,7,10)
252:(2,3,0,0,0,20,7,10)
253:(2,1,1,0,1,18,9,11)
254:(1,1,2,1,0,18,10,11)
255:(1,1,2,1,0,18,9,11)
256:(1,2,1,1,0,18,9,10)
257:(1,0,3,1,0,19,10,11)
258:(1,0,3,1,0,20,10,11)
259:(1,0,3,1,0,18,10,11)
260:(1,0,2,1,1,18,10,11)
261:(1,0,3,1,0,19,11,11)
262:(1,0,3,1,0,20,11,11)
263:(1,1,2,1,0,19,8,10)
264:(1,1,2,1,0,19,9,10)
265:(1,1,2,1,0,20,8,10)
266:(1,2,1,1,0,19,8,9)
267:(2,2,1,0,0,20,8,9)
268:(1,2,1,1,0,20,8,9)
269:(1,1,1,1,1,18,12,9)
270:(1,0,2,1,1,18,12,9)
271:(1,0,1,1,2,17,12,9)
272:(0,0,2,2,1,17,12,9)
273:(1,0,1,1,2,17,13,9)
274:(1,1,2,1,0,20,9,10)
275:(2,1,1,0,1,19,10,9)
276:(2,1,1,0,1,20,10,9)
277:(2,1,0,0,2,17,9,10)
278:(1,1,0,1,2,18,9,10)
279:(1,0,1,1,2,18,10,11)
280:(1,0,1,1,2,18,11,11)
281:(1,1,0,1,2,18,10,10)
282:(1,0,2,1,1,18,11,12)
283:(2,0,1,0,2,18,11,12)
284:(2,1,0,0,2,18,10,11)
285:(2,0,1,0,2,18,10,12)
286:(2,1,0,0,2,18,9,11)
287:(2,0,1,0,2,18,10,11)
288:(1,1,0,1,2,17,9,11)
289:(2,1,0,0,2,18,11,11)
290:(2,1,2,0,0,19,10,8)
291:(2,1,2,0,0,18,10,8)
292:(2,1,2,0,0,17,10,8)
293:(2,1,2,0,0,16,10,8)
294:(2,1,2,0,0,15,10,8)
295:(2,1,2,0,0,14,10,8)
296:(2,1,2,0,0,13,10,8)
297:(2,1,2,0,0,12,10,8)
298:(1,1,2,1,0,11,10,8)
299:(1,1,1,1,1,10,10,8)
300:(1,1,1,1,1,18,10,8)
301:(1,1,1,1,1,17,10,8)
302:(1,1,1,1,1,16,10,8)
303:(1,1,1,1,1,15,10,8)
304:(1,1,1,1,1,14,10,8)
305:(1,1,1,1,1,13,10,8)
306:(1,1,1,1,1,12,10,8)
307:(1,1,1,1,1,11,10,8)
308:(1,2,1,1,0,19,9,8)
309:(2,2,1,0,0,20,9,8)
310:(1,2,1,1,0,20,9,8)
311:(0,1,2,2,0,18,10,8)
312:(0,0,2,2,1,18,11,9)
313:(0,0,1,2,2,17,11,9)
314:(1,0,3,1,0,19,12,9)
315:(2,0,3,0,0,20,12,9)
316:(1,0,3,1,0,20,12,9)
317:(1,1,2,1,0,19,12,8)
318:(2,1,2,0,0,20,12,8)
319:(1,1,2,1,0,20,12,8)
320:(2,1,1,0,1,19,10,8)
321:(2,1,1,0,1,20,10,8)
322:(2,0,2,0,1,19,11,9)
323:(2,0,2,0,1,20,11,9)
324:(1,0,2,1,1,18,11,9)
325:(2,0,2,0,1,18,13,9)
326:(2,0,2,0,1,19,12,9)
327:(2,0,2,0,1,18,14,9)
328:(2,0,2,0,1,20,12,9)
329:(2,0,2,0,1,19,13,9)
330:(2,0,3,0,0,20,13,9)
331:(2,0,2,0,1,20,13,9)
332:(2,1,1,0,1,19,11,8)
333:(2,1,1,0,1,20,11,8)
334:(2,1,1,0,1,19,12,8)
335:(2,1,1,0,1,20,12,8)
336:(2,1,1,0,1,19,13,8)
337:(2,1,2,0,0,20,13,8)
338:(2,1,1,0,1,20,13,8)
339:(1,1,1,1,1,19,10,8)
340:(1,1,1,1,1,20,10,8)
341:(0,1,1,2,1,18,10,8)
342:(1,1,1,1,1,19,11,8)
343:(1,1,1,1,1,20,11,8)
344:(1,0,2,1,1,19,12,9)
345:(1,0,2,1,1,20,12,9)
346:(0,1,1,2,1,18,11,9)
347:(1,1,1,1,1,19,12,8)
348:(1,1,1,1,1,20,12,8)
349:(2,1,2,0,0,18,9,9)
350:(2,1,2,0,0,17,9,9)
351:(2,1,2,0,0,16,9,9)
352:(2,1,2,0,0,15,9,9)
353:(2,1,2,0,0,14,9,9)
354:(2,1,2,0,0,13,9,9)
355:(2,1,2,0,0,12,9,9)
356:(1,1,2,1,0,11,9,9)
357:(1,1,1,1,1,10,9,9)
358:(0,1,2,2,0,18,9,9)
359:(1,1,1,1,1,18,9,9)
360:(1,1,1,1,1,17,9,9)
361:(1,1,1,1,1,16,9,9)
362:(1,1,1,1,1,15,9,9)
363:(1,1,1,1,1,14,9,9)
364:(1,1,1,1,1,13,9,9)
365:(1,1,1,1,1,12,9,9)
366:(1,1,1,1,1,11,9,9)
367:(0,0,3,2,0,18,10,10)
368:(1,0,2,1,1,18,10,10)
369:(2,0,2,0,1,17,11,10)
370:(2,0,2,0,1,19,11,10)
371:(2,0,2,0,1,16,11,10)
372:(2,0,2,0,1,15,11,10)
373:(2,0,2,0,1,14,11,10)
374:(2,0,2,0,1,13,11,10)
375:(2,0,2,0,1,12,11,10)
376:(2,0,2,0,1,11,11,10)
377:(2,1,1,0,1,11,10,10)
378:(2,0,2,0,1,11,11,11)
379:(2,0,3,0,0,12,11,11)
380:(2,0,3,0,0,13,11,11)
381:(2,0,3,0,0,14,11,11)
382:(2,0,3,0,0,15,11,11)
383:(2,0,3,0,0,16,11,11)
384:(2,0,3,0,0,17,11,11)
385:(2,0,3,0,0,18,11,11)
386:(2,0,3,0,0,19,11,11)
387:(2,2,0,0,1,11,9,10)
388:(2,1,1,0,1,11,11,10)
389:(2,1,2,0,0,12,11,10)
390:(2,1,2,0,0,13,11,10)
391:(2,1,2,0,0,14,11,10)
392:(2,1,2,0,0,15,11,10)
393:(2,1,2,0,0,16,11,10)
394:(2,1,2,0,0,17,11,10)
395:(2,1,2,0,0,18,11,10)
396:(2,2,1,0,0,12,9,10)
397:(2,2,1,0,0,13,9,10)
398:(2,2,1,0,0,14,9,10)
399:(2,2,1,0,0,15,9,10)
400:(2,2,1,0,0,16,9,10)
401:(2,2,1,0,0,17,9,10)
402:(2,2,1,0,0,18,9,10)
403:(2,0,2,0,1,20,11,10)
404:(1,1,1,1,1,19,9,9)
405:(1,1,1,1,1,20,9,9)
406:(1,1,1,1,1,19,10,9)
407:(1,1,1,1,1,20,10,9)
408:(1,0,2,1,1,19,11,10)
409:(1,0,2,1,1,20,11,10)
410:(2,2,1,0,0,18,9,9)
411:(2,2,1,0,0,17,9,9)
412:(2,2,1,0,0,16,9,9)
413:(2,2,1,0,0,15,9,9)
414:(2,2,1,0,0,14,9,9)
415:(2,2,1,0,0,13,9,9)
416:(2,2,1,0,0,12,9,9)
417:(2,2,0,0,1,11,9,9)
418:(2,1,1,0,1,11,10,9)
419:(2,0,2,0,1,11,11,9)
420:(2,0,2,0,1,12,11,9)
421:(2,0,2,0,1,13,11,9)
422:(2,0,2,0,1,14,11,9)
423:(2,0,2,0,1,15,11,9)
424:(2,0,2,0,1,16,11,9)
425:(2,0,2,0,1,17,11,9)
426:(2,2,0,0,1,18,10,9)
427:(2,1,2,0,0,19,10,10)
428:(2,1,1,0,1,18,12,10)
429:(2,2,1,0,0,19,10,9)
430:(2,2,1,0,0,20,10,9)
431:(2,2,1,0,0,19,11,9)
432:(2,2,1,0,0,20,11,9)
433:(2,0,3,0,0,18,11,10)
434:(2,0,3,0,0,17,11,10)
435:(2,0,3,0,0,16,11,10)
436:(2,0,3,0,0,15,11,10)
437:(2,0,3,0,0,14,11,10)
438:(2,0,3,0,0,13,11,10)
439:(2,0,3,0,0,12,11,10)
440:(2,1,2,0,0,19,8,10)
441:(2,1,2,0,0,18,8,10)
442:(2,1,2,0,0,17,8,10)
443:(2,1,2,0,0,16,8,10)
444:(2,1,2,0,0,15,8,10)
445:(2,1,2,0,0,14,8,10)
446:(2,1,2,0,0,13,8,10)
447:(2,1,2,0,0,12,8,10)
448:(1,1,2,1,0,11,8,10)
449:(1,1,1,1,1,10,8,10)
450:(0,1,2,2,0,18,8,10)
451:(1,1,1,1,1,18,8,10)
452:(1,1,1,1,1,17,8,10)
453:(1,1,1,1,1,16,8,10)
454:(1,1,1,1,1,15,8,10)
455:(1,1,1,1,1,14,8,10)
456:(1,1,1,1,1,13,8,10)
457:(1,1,1,1,1,12,8,10)
458:(1,1,1,1,1,11,8,10)
459:(1,2,1,1,0,19,7,10)
460:(2,2,1,0,0,20,7,10)
461:(1,2,1,1,0,20,7,10)
462:(2,1,0,0,2,18,8,10)
463:(1,0,2,1,1,18,9,11)
464:(2,0,2,0,1,19,10,11)
465:(2,0,0,0,3,17,10,11)
466:(1,0,0,1,3,16,10,11)
467:(1,0,0,1,3,16,11,11)
468:(1,0,0,1,3,16,12,11)
469:(1,1,1,1,1,19,8,10)
470:(1,1,1,1,1,20,8,10)
471:(1,1,0,1,2,18,8,10)
472:(1,1,1,1,1,19,9,10)
473:(1,1,1,1,1,20,9,10)
474:(1,0,2,1,1,19,10,11)
475:(1,0,2,1,1,20,10,11)
476:(1,0,2,1,1,19,11,11)
477:(1,0,2,1,1,20,11,11)
478:(2,2,1,0,0,18,8,10)
479:(2,2,1,0,0,17,8,10)
480:(2,2,1,0,0,16,8,10)
481:(2,2,1,0,0,15,8,10)
482:(2,2,1,0,0,14,8,10)
483:(2,2,1,0,0,13,8,10)
484:(2,2,1,0,0,12,8,10)
485:(1,2,1,1,0,11,8,10)
486:(1,2,0,1,1,10,8,10)
487:(0,2,1,2,0,17,8,10)
488:(2,1,2,0,0,19,9,11)
489:(2,1,2,0,0,20,9,11)
490:(2,0,3,0,0,19,10,12)
491:(2,0,3,0,0,20,10,12)
492:(2,0,3,0,0,18,10,11)
493:(2,0,3,0,0,17,10,11)
494:(2,0,3,0,0,16,10,11)
495:(2,0,3,0,0,15,10,11)
496:(2,0,3,0,0,14,10,11)
497:(2,0,3,0,0,13,10,11)
498:(2,0,2,0,1,12,10,11)
499:(2,1,1,0,1,12,9,10)
500:(2,1,1,0,1,11,9,10)
501:(2,0,2,0,1,12,10,10)
502:(2,0,2,0,1,13,10,10)
503:(2,0,2,0,1,14,10,10)
504:(2,0,2,0,1,15,10,10)
505:(2,0,2,0,1,16,10,10)
506:(2,0,2,0,1,17,10,10)
507:(2,1,0,0,2,17,10,10)
508:(1,1,0,1,2,16,10,10)
509:(1,1,0,1,2,15,10,10)
510:(1,1,0,1,2,14,10,10)
511:(1,1,0,1,2,13,10,10)
512:(1,1,0,1,2,12,10,10)
513:(1,1,0,1,2,11,10,10)
514:(1,1,0,1,2,10,10,10)
515:(1,1,0,1,2,9,10,10)
516:(2,1,0,0,2,10,10,10)
517:(2,1,0,0,2,18,10,10)
518:(2,1,0,0,2,19,10,9)
519:(2,1,0,0,2,20,10,9)
520:(2,0,1,0,2,19,11,10)
521:(2,0,1,0,2,20,11,10)
522:(2,0,1,0,2,19,12,10)
523:(2,0,1,0,2,20,12,10)
524:(2,0,1,0,2,19,13,10)
525:(2,0,1,0,2,20,13,10)
526:(2,0,1,0,2,19,14,10)
527:(2,0,1,0,2,20,14,10)
528:(2,1,0,0,2,19,11,9)
529:(2,1,0,0,2,20,11,9)
530:(2,1,0,0,2,19,12,9)
531:(2,1,0,0,2,20,12,9)
532:(2,1,0,0,2,19,13,9)
533:(2,1,0,0,2,20,13,9)
534:(2,1,0,0,2,19,14,9)
535:(2,1,0,0,2,20,14,9)
536:(2,0,1,0,2,19,13,11)
537:(2,0,1,0,2,20,13,11)
538:(2,0,2,0,1,20,13,11)
539:(1,0,1,1,2,17,11,11)
540:(0,0,1,2,2,16,11,11)
541:(1,1,0,1,2,17,10,10)
542:(0,1,0,2,2,16,10,10)
543:(0,1,1,2,1,17,10,10)
544:(0,1,1,2,1,17,11,10)
545:(0,1,1,2,1,16,10,10)
546:(0,0,2,2,1,17,11,11)
547:(1,0,1,1,2,17,12,11)
548:(1,0,1,1,2,19,11,10)
549:(1,0,1,1,2,20,11,10)
550:(1,1,0,1,2,19,10,10)
551:(1,0,1,1,2,19,12,10)
552:(1,0,1,1,2,20,12,10)
553:(1,0,1,1,2,19,13,10)
554:(1,0,1,1,2,20,13,10)
555:(1,0,1,1,2,19,14,10)
556:(1,0,1,1,2,20,14,10)
557:(1,0,2,1,1,20,14,10)
558:(1,1,0,1,2,20,10,10)
559:(1,1,1,1,1,20,10,10)
560:(1,0,1,1,2,19,11,11)
561:(1,0,1,1,2,20,11,11)
562:(1,1,0,1,2,19,10,11)
563:(2,1,0,0,2,20,10,11)
564:(1,1,0,1,2,20,10,11)
565:(1,1,1,1,1,20,10,11)
566:(1,0,1,1,2,19,11,12)
567:(2,0,1,0,2,20,11,12)
568:(1,0,1,1,2,20,11,12)
569:(1,0,2,1,1,20,11,12)
570:(1,1,0,1,2,19,11,11)
571:(2,1,0,0,2,20,11,11)
572:(1,1,0,1,2,20,11,11)
573:(1,1,1,1,1,20,11,11)
574:(1,1,1,1,1,17,10,10)
575:(1,1,1,1,1,10,11,10)
576:(2,2,0,0,1,11,10,10)
577:(2,0,2,0,1,11,12,11)
578:(1,0,3,1,0,18,12,10)
579:(1,0,3,1,0,17,12,10)
580:(1,0,3,1,0,16,12,10)
581:(1,0,3,1,0,15,12,10)
582:(1,0,3,1,0,14,12,10)
583:(1,0,3,1,0,13,12,10)
584:(1,0,3,1,0,12,12,10)
585:(1,0,3,1,0,11,12,10)
586:(1,0,2,1,1,10,12,10)
587:(1,1,2,1,0,19,10,10)
588:(1,1,2,1,0,20,10,10)
589:(1,3,0,1,0,19,8,10)
590:(2,3,0,0,0,20,8,10)
591:(1,2,1,1,0,19,9,10)
592:(1,3,0,1,0,20,8,10)
593:(1,2,1,1,0,20,9,10)
594:(1,1,1,1,1,18,10,11)
595:(1,1,1,1,1,18,11,11)
596:(1,2,1,1,0,19,10,10)
597:(2,2,1,0,0,20,10,10)
598:(1,2,1,1,0,20,10,10)
599:(1,2,1,1,0,19,11,10)
600:(2,2,1,0,0,20,11,10)
601:(1,2,1,1,0,20,11,10)
602:(1,1,2,1,0,19,12,11)
603:(2,1,2,0,0,20,12,11)
604:(1,1,2,1,0,20,12,11)
605:(0,0,3,2,0,18,12,11)
606:(0,0,2,2,1,18,12,11)
607:(0,0,2,2,1,17,12,11)
608:(0,1,1,2,1,17,11,11)
609:(0,0,3,2,0,18,11,10)
610:(0,0,1,2,2,15,11,10)
611:(0,0,3,2,0,19,11,10)
612:(0,0,3,2,0,20,11,10)
613:(0,1,2,2,0,19,10,10)
614:(0,1,2,2,0,20,10,10)
615:(1,0,3,1,0,19,13,10)
616:(1,0,2,1,1,16,13,10)
617:(1,0,3,1,0,17,13,10)
618:(2,0,2,0,1,18,13,10)
619:(2,0,1,0,2,17,14,10)
620:(2,0,3,0,0,19,14,10)
621:(1,1,2,1,0,18,13,10)
622:(0,0,3,2,0,19,13,10)
623:(0,0,3,2,0,20,13,10)
624:(0,0,3,2,0,18,13,10)
625:(0,1,2,2,0,19,12,10)
626:(0,1,2,2,0,20,12,10)
627:(1,0,2,1,1,19,14,9)
628:(1,0,3,1,0,20,14,9)
629:(1,0,2,1,1,18,14,9)
630:(1,0,2,1,1,18,14,10)
631:(1,0,2,1,1,18,13,10)
632:(2,0,2,0,1,20,14,9)
633:(1,0,2,1,1,20,14,9)
634:(1,1,1,1,1,19,13,9)
635:(1,1,2,1,0,20,13,9)
636:(1,1,1,1,1,20,13,9)
637:(1,0,2,1,1,19,15,9)
638:(1,0,3,1,0,20,15,9)
639:(2,0,2,0,1,20,15,9)
640:(1,0,2,1,1,20,15,9)
641:(1,0,2,1,1,19,16,9)
642:(1,0,3,1,0,20,16,9)
643:(2,0,2,0,1,20,16,9)
644:(1,0,2,1,1,20,16,9)
645:(1,0,3,1,0,19,14,10)
646:(1,0,3,1,0,20,14,10)
647:(2,1,1,0,1,19,13,10)
648:(2,1,1,0,1,20,13,10)
649:(2,2,0,0,1,19,12,10)
650:(2,2,1,0,0,20,12,10)
651:(2,2,0,0,1,20,12,10)
652:(2,2,0,0,1,19,13,10)
653:(2,2,1,0,0,20,13,10)
654:(2,2,0,0,1,20,13,10)
655:(2,1,1,0,1,19,14,11)
656:(2,1,2,0,0,20,14,11)
657:(2,1,1,0,1,20,14,11)
658:(2,1,1,0,1,19,15,11)
659:(2,1,2,0,0,20,15,11)
660:(2,1,1,0,1,20,15,11)
661:(2,2,0,0,1,19,14,10)
662:(2,2,1,0,0,20,14,10)
663:(2,2,0,0,1,20,14,10)
664:(2,2,0,0,1,19,15,10)
665:(2,2,1,0,0,20,15,10)
666:(2,2,0,0,1,20,15,10)
667:(1,1,1,1,1,17,11,9)
668:(1,1,1,1,1,16,11,9)
669:(1,1,2,1,0,18,11,9)
670:(2,1,1,0,1,18,11,9)
671:(1,1,1,1,1,15,11,9)
672:(1,1,1,1,1,14,11,9)
673:(1,1,1,1,1,13,11,9)
674:(1,1,1,1,1,12,11,9)
675:(1,1,1,1,1,11,11,9)
676:(1,1,1,1,1,11,11,10)
677:(2,2,0,0,1,19,10,9)
678:(2,2,0,0,1,20,10,9)
679:(2,2,0,0,1,19,10,10)
680:(2,2,0,0,1,18,10,10)
681:(1,2,0,1,1,17,10,10)
682:(1,2,0,1,1,16,10,10)
683:(1,1,1,1,1,16,11,10)
684:(1,1,1,1,1,15,11,10)
685:(1,1,1,1,1,14,11,10)
686:(1,1,1,1,1,13,11,10)
687:(1,1,1,1,1,12,11,10)
688:(2,2,0,0,1,19,11,9)
689:(2,2,0,0,1,20,11,9)
690:(2,2,0,0,1,20,10,10)
691:(2,0,2,0,1,18,12,11)
692:(2,1,1,0,1,18,11,11)
693:(2,1,1,0,1,19,11,11)
694:(2,1,0,0,2,18,12,11)
695:(2,1,0,0,2,17,11,11)
696:(2,1,0,0,2,17,12,11)
697:(2,1,2,0,0,20,11,11)
698:(2,1,1,0,1,20,11,11)
699:(2,1,1,0,1,19,11,12)
700:(2,1,2,0,0,20,11,12)
701:(2,1,1,0,1,20,11,12)
702:(2,2,0,0,1,19,10,12)
703:(2,2,1,0,0,20,10,12)
704:(2,2,0,0,1,20,10,12)
705:(2,1,0,0,2,19,11,12)
706:(2,1,0,0,2,20,11,12)
707:(2,1,0,0,2,18,11,12)
708:(2,0,2,0,1,19,12,13)
709:(2,0,3,0,0,20,12,13)
710:(2,0,2,0,1,20,12,13)
711:(2,0,2,0,1,19,13,13)
712:(2,0,3,0,0,20,13,13)
713:(2,0,2,0,1,20,13,13)
714:(2,1,1,0,1,19,12,13)
715:(2,1,2,0,0,20,12,13)
716:(2,1,1,0,1,20,12,13)
717:(2,0,2,0,1,19,13,14)
718:(2,0,3,0,0,20,13,14)
719:(2,0,2,0,1,20,13,14)
720:(2,0,2,0,1,19,14,14)
721:(2,0,3,0,0,20,14,14)
722:(2,0,2,0,1,20,14,14)
723:(2,1,1,0,1,19,13,13)
724:(2,1,2,0,0,20,13,13)
725:(2,1,1,0,1,20,13,13)
726:(2,1,1,0,1,19,14,13)
727:(2,1,2,0,0,20,14,13)
728:(2,1,1,0,1,20,14,13)
729:(2,1,1,0,1,19,15,13)
730:(2,1,2,0,0,20,15,13)
731:(2,1,1,0,1,20,15,13)
732:(2,0,2,0,1,19,13,11)
733:(2,1,1,0,1,19,12,11)
734:(1,0,2,1,1,19,13,11)
735:(1,0,3,1,0,20,13,11)
736:(1,0,2,1,1,18,13,11)
737:(1,0,2,1,1,20,13,11)
738:(1,0,2,1,1,19,14,11)
739:(1,0,3,1,0,20,14,11)
740:(2,0,2,0,1,20,14,11)
741:(1,0,2,1,1,20,14,11)
742:(1,0,2,1,1,19,15,11)
743:(1,0,3,1,0,20,15,11)
744:(2,0,2,0,1,20,15,11)
745:(1,0,2,1,1,20,15,11)
746:(2,1,1,0,1,20,12,11)
747:(2,2,0,0,1,19,11,11)
748:(2,2,1,0,0,20,11,11)
749:(2,2,0,0,1,20,11,11)
750:(2,2,0,0,1,19,12,11)
751:(2,2,1,0,0,20,12,11)
752:(2,2,0,0,1,20,12,11)
753:(1,1,2,1,0,11,10,10)
754:(1,1,2,1,0,10,10,10)
755:(1,1,2,1,0,12,10,10)
756:(1,1,2,1,0,13,10,10)
757:(1,1,2,1,0,14,10,10)
758:(1,1,2,1,0,15,10,10)
759:(1,1,2,1,0,16,10,10)
760:(1,1,2,1,0,17,10,10)
761:(1,1,1,1,1,9,10,10)
762:(2,1,2,0,0,11,10,10)
763:(2,1,2,0,0,12,11,9)
764:(2,1,1,0,1,11,11,9)
765:(2,1,2,0,0,13,11,9)
766:(2,1,2,0,0,14,11,9)
767:(2,1,2,0,0,15,11,9)
768:(2,1,2,0,0,16,11,9)
769:(2,1,2,0,0,17,11,9)
770:(2,1,2,0,0,18,11,9)
771:(2,1,2,0,0,19,11,8)
772:(2,3,0,0,0,19,9,9)
773:(2,3,0,0,0,20,9,9)
774:(2,2,1,0,0,18,10,10)
775:(2,2,1,0,0,17,10,10)
776:(1,2,0,1,1,17,9,9)
777:(2,1,1,0,1,17,10,10)
778:(2,1,1,0,1,16,10,10)
779:(2,1,1,0,1,15,10,10)
780:(2,1,1,0,1,14,10,10)
781:(2,1,1,0,1,13,10,10)
782:(2,1,1,0,1,12,10,10)
783:(2,1,1,0,1,18,11,10)
784:(2,2,0,0,1,18,10,11)
785:(2,2,0,0,1,18,11,9)
786:(1,2,0,1,1,18,11,9)
787:(1,1,2,1,0,17,10,9)
788:(1,1,2,1,0,18,10,9)
789:(1,0,3,1,0,19,11,9)
790:(0,0,3,2,0,17,11,9)
791:(0,0,3,2,0,17,12,10)
792:(0,0,2,2,1,16,11,9)
793:(1,0,3,1,0,18,13,9)
794:(1,0,3,1,0,18,14,9)
795:(1,0,2,1,1,17,12,9)
796:(1,0,2,1,1,17,13,9)
797:(2,1,2,0,0,18,12,10)
798:(2,1,2,0,0,17,12,10)
799:(2,0,3,0,0,19,15,10)
800:(2,0,3,0,0,20,15,10)
801:(1,0,3,1,0,18,15,10)
802:(2,0,2,0,1,18,15,10)
803:(1,0,2,1,1,17,15,10)
804:(2,0,2,0,1,18,16,10)
805:(2,0,2,0,1,18,17,10)
806:(2,0,2,0,1,18,18,10)
807:(1,0,2,1,1,17,14,10)
808:(1,0,2,1,1,18,15,10)
809:(1,1,1,1,1,17,14,10)
810:(1,2,0,1,1,17,13,10)
811:(1,1,0,1,2,16,14,10)
812:(0,1,1,2,1,16,14,10)
813:(1,1,1,1,1,17,15,10)
814:(1,1,1,1,1,17,16,10)
815:(1,0,1,1,2,17,15,10)
816:(0,0,2,2,1,17,15,10)
817:(1,0,2,1,1,18,16,10)
818:(1,0,2,1,1,18,17,10)
819:(0,0,2,2,1,16,14,10)
820:(0,0,3,2,0,17,14,10)
821:(0,0,2,2,1,17,14,10)
822:(0,1,1,2,1,17,13,10)
823:(0,0,1,2,2,16,14,10)
824:(0,0,3,2,0,17,15,10)
825:(1,0,3,1,0,18,16,10)
826:(1,0,3,1,0,18,17,10)
827:(1,0,2,1,1,18,11,10)
828:(1,0,2,1,1,18,12,10)
829:(1,2,0,1,1,11,8,10)
830:(1,2,0,1,1,12,8,10)
831:(1,2,0,1,1,13,8,10)
832:(1,2,0,1,1,14,8,10)
833:(1,2,0,1,1,15,8,10)
834:(1,2,0,1,1,16,8,10)
835:(1,1,2,1,0,17,9,10)
836:(1,1,2,1,0,18,9,10)
837:(1,3,0,1,0,18,7,10)
838:(1,2,1,1,0,19,8,10)
839:(1,2,1,1,0,20,8,10)
840:(1,2,0,1,1,17,8,10)
841:(1,1,1,1,1,17,9,11)
842:(0,1,1,2,1,16,9,11)
843:(0,0,2,2,1,16,10,11)
844:(0,0,3,2,0,17,10,11)
845:(0,0,1,2,2,15,10,11)
846:(0,1,2,2,0,17,9,11)
847:(2,0,3,0,0,18,12,11)
848:(2,0,3,0,0,17,12,11)
849:(1,0,3,1,0,18,11,11)
850:(0,0,2,2,1,17,10,11)
851:(0,0,3,2,0,18,10,11)
852:(2,2,1,0,0,13,10,10)
853:(2,2,1,0,0,15,10,10)
854:(2,0,3,0,0,13,12,11)
855:(2,0,3,0,0,15,12,11)
856:(2,1,1,0,1,11,12,10)
857:(2,1,2,0,0,13,12,10)
858:(2,1,2,0,0,15,12,10)
859:(1,0,3,1,0,19,11,8)
860:(2,0,3,0,0,20,11,8)
861:(1,0,3,1,0,20,11,8)
862:(0,1,1,2,1,17,10,8)
863:(0,0,3,2,0,17,12,9)
864:(1,1,1,1,1,18,11,8)
865:(0,0,3,2,0,18,12,9)
866:(0,1,2,2,0,18,11,8)
867:(1,0,3,1,0,19,13,9)
868:(1,0,3,1,0,20,13,9)
869:(1,1,2,1,0,19,13,8)
870:(1,1,2,1,0,20,13,8)
871:(2,0,2,0,1,19,11,8)
872:(2,0,2,0,1,20,11,8)
873:(2,2,0,0,1,19,9,8)
874:(2,2,0,0,1,20,9,8)
875:(2,0,2,0,1,19,14,9)
876:(2,0,3,0,0,20,14,9)
877:(2,0,2,0,1,19,15,9)
878:(2,0,3,0,0,20,15,9)
879:(1,1,0,1,2,18,10,8)
880:(1,0,2,1,1,19,11,8)
881:(1,0,2,1,1,20,11,8)
882:(1,2,0,1,1,19,9,8)
883:(1,2,0,1,1,20,9,8)
884:(1,0,1,1,2,18,11,9)
885:(2,0,3,0,0,19,10,10)
886:(2,1,0,0,2,18,9,9)
887:(2,2,0,0,1,19,8,9)
888:(2,2,0,0,1,20,8,9)
889:(2,1,0,0,2,18,10,9)
890:(1,1,0,1,2,18,9,9)
891:(0,1,1,2,1,18,9,9)
892:(1,2,0,1,1,19,8,9)
893:(1,2,0,1,1,20,8,9)
894:(0,1,1,2,1,18,8,10)
895:(1,0,2,1,1,19,10,9)
896:(1,0,3,1,0,20,10,9)
897:(2,0,2,0,1,20,10,9)
898:(1,0,2,1,1,20,10,9)
899:(1,0,3,1,0,19,9,10)
900:(2,0,3,0,0,20,9,10)
901:(1,0,3,1,0,20,9,10)
902:(1,1,2,1,0,19,8,11)
903:(2,1,2,0,0,20,8,11)
904:(1,1,2,1,0,20,8,11)
905:(0,1,1,2,1,17,8,10)
906:(0,1,2,2,0,18,9,10)
907:(0,0,3,2,0,17,10,12)
908:(0,2,1,2,0,18,10,10)
909:(2,2,0,0,1,19,7,10)
910:(2,2,0,0,1,20,7,10)
911:(2,1,0,0,2,17,9,11)
912:(2,1,0,0,2,17,10,11)
913:(2,0,0,0,3,16,10,11)
914:(2,0,0,0,3,16,12,11)
915:(2,0,0,0,3,16,11,11)
916:(1,0,1,1,2,16,10,11)
917:(1,0,1,1,2,16,11,11)
918:(0,0,1,2,2,15,11,11)
919:(1,1,0,1,2,17,11,10)
920:(1,0,1,1,2,16,12,11)
921:(1,0,1,1,2,16,13,11)
922:(0,0,1,2,2,15,13,11)
923:(0,1,0,2,2,15,12,10)
924:(0,1,0,2,2,15,12,11)
925:(0,0,0,2,3,14,13,11)
926:(0,0,2,2,1,16,13,11)
927:(0,0,1,2,2,15,13,10)
928:(0,0,1,2,2,16,13,10)
929:(0,0,0,2,3,15,13,10)
930:(1,1,0,1,2,17,12,10)
931:(1,1,1,1,1,17,11,11)
932:(1,0,2,1,1,17,12,12)
933:(1,0,2,1,1,16,12,11)
934:(1,0,2,1,1,17,13,12)
935:(1,1,1,1,1,17,12,11)
936:(2,0,2,0,1,18,11,11)
937:(1,0,3,1,0,18,12,11)
938:(2,0,3,0,0,19,15,11)
939:(2,0,3,0,0,20,15,11)
940:(2,0,1,0,2,18,11,11)
941:(1,2,0,1,1,18,12,10)
942:(2,1,1,0,1,19,11,10)
943:(2,0,1,0,2,18,12,10)
944:(2,0,1,0,2,18,13,10)
945:(2,0,1,0,2,18,14,10)
946:(2,1,0,0,2,18,13,10)
947:(2,0,1,0,2,18,14,11)
948:(1,0,1,1,2,17,14,11)
949:(2,0,1,0,2,18,15,11)
950:(2,0,1,0,2,18,16,11)
951:(2,1,0,0,2,18,14,10)
952:(2,1,0,0,2,18,15,10)
953:(1,1,0,1,2,17,15,10)
954:(2,1,0,0,2,18,16,10)
955:(2,1,0,0,2,18,17,10)
956:(2,0,1,0,2,18,17,11)
957:(2,0,1,0,2,18,18,11)
958:(1,0,1,1,2,16,14,11)
959:(2,1,1,0,1,19,12,10)
960:(2,2,0,0,1,19,11,10)
961:(2,2,0,0,1,20,11,10)
962:(2,1,1,0,1,19,13,11)
963:(1,1,1,1,1,18,13,11)
964:(2,1,2,0,0,20,13,11)
965:(2,1,1,0,1,20,13,11)
966:(1,1,1,1,1,18,12,10)
967:(0,0,2,2,1,18,13,10)
968:(0,0,2,2,1,18,13,11)
969:(1,1,1,1,1,19,12,10)
970:(1,1,1,1,1,20,12,10)
971:(1,1,1,1,1,19,13,10)
972:(1,1,2,1,0,20,13,10)
973:(1,1,1,1,1,20,13,10)
974:(0,1,1,2,1,17,12,10)
975:(0,0,2,2,1,17,13,11)
976:(0,0,1,2,2,16,13,11)
977:(2,0,0,0,3,19,11,10)
978:(2,0,0,0,3,20,11,10)
979:(2,0,0,0,3,18,11,10)
980:(0,0,1,2,2,18,11,10)
981:(1,0,0,1,3,18,11,10)
982:(1,0,0,1,3,18,11,11)
983:(0,0,0,2,3,17,11,11)
984:(1,0,0,1,3,18,12,11)
985:(1,0,0,1,3,18,13,11)
986:(1,0,0,1,3,18,14,11)
987:(1,0,0,1,3,18,12,10)
988:(2,0,0,0,3,19,13,10)
989:(2,0,0,0,3,20,13,10)
990:(2,0,0,0,3,18,13,10)
991:(2,0,0,0,3,18,12,10)
992:(2,0,0,0,3,19,14,10)
993:(2,0,0,0,3,20,14,10)
994:(2,0,0,0,3,19,15,10)
995:(2,0,0,0,3,20,15,10)
996:(2,0,1,0,2,20,15,10)
997:(2,0,0,0,3,19,16,10)
998:(2,0,0,0,3,20,16,10)
999:(2,0,1,0,2,20,16,10)
1000:(1,0,1,1,2,18,13,10)
1001:(1,0,0,1,3,17,13,10)
1002:(1,0,1,1,2,18,14,10)
1003:(1,0,1,1,2,18,15,10)
1004:(0,0,0,2,3,16,13,10)
1005:(1,1,0,1,2,18,11,9)
1006:(2,0,1,0,2,19,12,9)
1007:(2,0,1,0,2,20,12,9)
1008:(0,1,0,2,2,17,11,9)
1009:(1,1,0,1,2,18,12,9)
1010:(1,1,0,1,2,18,13,9)
1011:(1,0,1,1,2,18,14,9)
1012:(1,1,0,1,2,19,11,10)
1013:(1,1,0,1,2,18,11,10)
1014:(1,1,0,1,2,20,11,10)
1015:(1,1,1,1,1,20,11,10)
1016:(0,0,1,2,2,18,12,10)
1017:(0,1,0,2,2,18,11,10)
1018:(0,0,2,2,1,19,12,10)
1019:(0,0,2,2,1,20,12,10)
1020:(0,1,0,2,2,19,11,10)
1021:(0,1,0,2,2,20,11,10)
1022:(0,1,1,2,1,20,11,10)
1023:(0,0,1,2,2,19,12,11)
1024:(0,0,1,2,2,20,12,11)
1025:(0,0,2,2,1,20,12,11)
1026:(1,0,1,1,2,20,12,11)
1027:(1,0,1,1,2,19,12,11)
1028:(1,1,0,1,2,19,12,11)
1029:(2,1,0,0,2,20,12,11)
1030:(1,1,0,1,2,20,12,11)
1031:(1,1,1,1,1,20,12,11)
1032:(1,0,1,1,2,19,13,12)
1033:(2,0,1,0,2,20,13,12)
1034:(1,0,1,1,2,20,13,12)
1035:(1,0,2,1,1,20,13,12)
1036:(1,1,0,1,2,19,13,11)
1037:(2,1,0,0,2,20,13,11)
1038:(1,1,0,1,2,20,13,11)
1039:(1,1,1,1,1,20,13,11)
1040:(2,0,0,0,3,19,12,11)
1041:(2,0,0,0,3,20,12,11)
1042:(1,0,0,1,3,19,12,11)
1043:(1,0,0,1,3,20,12,11)
1044:(0,0,0,2,3,17,12,11)
1045:(1,0,2,1,1,20,12,11)
1046:(2,1,0,0,2,19,11,11)
1047:(2,0,1,0,2,19,12,12)
1048:(2,0,1,0,2,20,12,12)
1049:(1,1,0,1,2,17,11,12)
1050:(0,1,0,2,2,16,11,12)
1051:(1,1,0,1,2,17,12,12)
1052:(1,1,0,1,2,17,13,12)
1053:(1,1,0,1,2,18,11,12)
1054:(2,0,1,0,2,19,12,13)
1055:(2,0,1,0,2,20,12,13)
1056:(2,0,1,0,2,19,13,13)
1057:(2,0,1,0,2,20,13,13)
1058:(2,1,0,0,2,19,12,12)
1059:(2,1,0,0,2,20,12,12)
1060:(2,1,1,0,1,20,12,12)
1061:(2,1,0,0,2,19,13,12)
1062:(2,1,0,0,2,20,13,12)
1063:(2,1,1,0,1,20,13,12)
1064:(2,1,0,0,2,19,14,12)
1065:(2,1,0,0,2,20,14,12)
1066:(2,1,1,0,1,20,14,12)
1067:(2,0,1,0,2,18,13,11)
1068:(2,0,0,0,3,19,18,11)
1069:(2,0,0,0,3,20,18,11)
1070:(2,0,0,0,3,18,18,11)
1071:(2,0,0,0,3,18,17,11)
1072:(2,0,0,0,3,18,16,11)
1073:(2,0,0,0,3,18,15,11)
1074:(2,0,0,0,3,18,14,11)
1075:(2,0,0,0,3,18,13,11)
1076:(2,0,1,0,2,20,18,11)
1077:(2,0,0,0,3,19,19,11)
1078:(2,0,0,0,3,20,19,11)
1079:(2,0,1,0,2,20,19,11)
1080:(2,0,0,0,3,19,20,11)
1081:(2,0,0,0,3,20,20,11)
1082:(2,0,1,0,2,20,20,11)
1083:(2,1,0,0,2,19,13,10)
1084:(2,1,0,0,2,20,13,10)
1085:(2,1,0,0,2,19,14,10)
1086:(2,1,0,0,2,19,15,9)
1087:(2,1,0,0,2,20,15,9)
1088:(2,1,1,0,1,20,15,9)
1089:(2,1,0,0,2,19,16,9)
1090:(2,1,0,0,2,20,16,9)
1091:(2,1,1,0,1,20,16,9)
1092:(2,1,0,0,2,20,14,10)
1093:(2,1,1,0,1,20,14,10)
1094:(0,1,1,2,1,15,10,10)
1095:(0,1,1,2,1,14,10,10)
1096:(0,1,1,2,1,13,10,10)
1097:(0,1,1,2,1,12,10,10)
1098:(0,1,1,2,1,11,10,10)
1099:(0,1,1,2,1,10,10,10)
1100:(0,1,1,2,1,9,10,10)
1101:(0,1,2,2,0,17,10,10)
1102:(0,1,1,2,1,18,10,10)
1103:(0,2,1,2,0,19,9,8)
1104:(0,2,1,2,0,20,9,8)
1105:(0,2,1,2,0,19,9,9)
1106:(0,2,1,2,0,19,8,9)
1107:(0,2,1,2,0,20,8,9)
1108:(0,3,0,2,0,19,8,9)
1109:(0,3,0,2,0,20,8,9)
1110:(1,3,0,1,0,20,8,9)
1111:(0,2,1,2,0,19,9,10)
1112:(0,3,0,2,0,19,8,10)
1113:(0,3,0,2,0,20,8,10)
1114:(0,2,1,2,0,19,9,11)
1115:(0,2,1,2,0,20,9,11)
1116:(1,2,1,1,0,20,9,11)
1117:(0,1,2,2,0,19,10,12)
1118:(0,1,2,2,0,20,10,12)
1119:(1,1,2,1,0,20,10,12)
1120:(0,0,3,2,0,19,11,13)
1121:(0,0,3,2,0,20,11,13)
1122:(1,0,3,1,0,20,11,13)
1123:(0,2,1,2,0,20,9,10)
1124:(0,2,1,2,0,20,9,9)
1125:(1,2,1,1,0,20,9,9)
1126:(0,0,2,2,1,18,11,10)
1127:(0,0,2,2,1,19,11,9)
1128:(0,0,2,2,1,20,11,9)
1129:(1,0,2,1,1,20,11,9)
1130:(0,0,3,2,0,19,11,11)
1131:(0,0,3,2,0,20,11,11)
1132:(0,2,0,2,1,19,7,10)
1133:(0,2,1,2,0,20,7,10)
1134:(0,1,1,2,1,19,8,10)
1135:(0,1,1,2,1,19,9,10)
1136:(0,1,1,2,1,19,10,10)
1137:(0,2,0,2,1,20,7,10)
1138:(1,2,0,1,1,20,7,10)
1139:(0,1,1,2,1,19,8,11)
1140:(0,1,2,2,0,20,8,11)
1141:(0,1,1,2,1,20,8,11)
1142:(1,1,1,1,1,20,8,11)
1143:(0,0,2,2,1,19,9,12)
1144:(0,0,3,2,0,20,9,12)
1145:(0,0,2,2,1,20,9,12)
1146:(1,0,2,1,1,20,9,12)
1147:(0,1,2,2,0,20,8,10)
1148:(0,0,2,2,1,19,9,10)
1149:(0,0,3,2,0,20,9,10)
1150:(0,0,2,2,1,20,9,10)
1151:(1,0,2,1,1,20,9,10)
1152:(0,1,1,2,1,20,8,10)
1153:(0,2,0,2,1,19,8,9)
1154:(0,2,0,2,1,20,8,9)
1155:(0,2,0,2,1,19,8,10)
1156:(0,2,1,2,0,20,8,10)
1157:(0,2,0,2,1,20,8,10)
1158:(1,2,0,1,1,20,8,10)
1159:(0,2,0,2,1,19,8,11)
1160:(0,2,1,2,0,20,8,11)
1161:(0,1,1,2,1,19,9,11)
1162:(0,2,0,2,1,20,8,11)
1163:(1,2,0,1,1,20,8,11)
1164:(0,2,0,2,1,19,8,12)
1165:(0,2,1,2,0,20,8,12)
1166:(0,1,1,2,1,19,9,12)
1167:(0,2,0,2,1,20,8,12)
1168:(1,2,0,1,1,20,8,12)
1169:(0,1,1,2,1,19,9,13)
1170:(0,1,2,2,0,20,9,13)
1171:(0,1,1,2,1,20,9,13)
1172:(1,1,1,1,1,20,9,13)
1173:(0,0,2,2,1,19,10,14)
1174:(0,0,3,2,0,20,10,14)
1175:(0,0,2,2,1,20,10,14)
1176:(1,0,2,1,1,20,10,14)
1177:(0,1,2,2,0,20,9,12)
1178:(0,0,2,2,1,19,10,12)
1179:(0,0,3,2,0,20,10,12)
1180:(0,0,2,2,1,20,10,12)
1181:(1,0,2,1,1,20,10,12)
1182:(0,1,1,2,1,20,9,12)
1183:(1,1,1,1,1,20,9,12)
1184:(0,1,2,2,0,20,9,11)
1185:(0,1,1,2,1,20,9,11)
1186:(0,1,0,2,2,19,9,11)
1187:(0,1,0,2,2,20,9,11)
1188:(0,1,0,2,2,18,9,11)
1189:(1,1,0,1,2,20,9,11)
1190:(1,1,0,1,2,19,9,11)
1191:(2,1,0,0,2,20,9,11)
1192:(1,0,1,1,2,19,10,11)
1193:(1,0,1,1,2,20,10,11)
1194:(1,1,1,1,1,20,9,11)
1195:(0,1,2,2,0,20,9,10)
1196:(0,1,1,2,1,20,9,10)
1197:(0,1,1,2,1,20,10,10)
1198:(0,0,2,2,1,19,11,11)
1199:(0,0,2,2,1,20,11,11)
1200:(2,2,1,0,0,19,10,10)
1201:(1,2,1,1,0,18,11,9)
1202:(2,3,0,0,0,19,9,10)
1203:(2,3,0,0,0,20,9,10)
1204:(1,3,0,1,0,19,9,10)
1205:(1,3,0,1,0,18,9,10)
1206:(1,3,0,1,0,20,9,10)
1207:(1,2,1,1,0,19,10,11)
1208:(2,2,1,0,0,20,10,11)
1209:(1,2,1,1,0,20,10,11)
1210:(1,1,2,1,0,19,11,12)
1211:(1,1,2,1,0,20,11,12)
1212:(0,2,1,2,0,17,10,10)
1213:(0,2,1,2,0,17,11,10)
1214:(0,3,0,2,0,17,9,10)
1215:(0,2,0,2,1,16,11,10)
1216:(0,2,1,2,0,17,11,11)
1217:(0,1,2,2,0,17,12,11)
1218:(0,1,2,2,0,17,12,12)
1219:(1,2,1,1,0,18,11,10)
1220:(1,3,0,1,0,18,10,10)
1221:(1,1,2,1,0,18,12,11)
1222:(0,3,0,2,0,17,10,10)
1223:(2,3,0,0,0,19,9,11)
1224:(2,3,0,0,0,20,9,11)
1225:(2,2,1,0,0,19,10,11)
1226:(2,3,0,0,0,19,10,11)
1227:(2,3,0,0,0,20,10,11)
1228:(2,3,0,0,0,19,11,11)
1229:(2,3,0,0,0,20,11,11)
1230:(2,2,1,0,0,19,11,12)
1231:(2,2,1,0,0,20,11,12)
1232:(2,1,1,0,1,18,11,12)
1233:(2,0,2,0,1,18,12,13)
1234:(2,0,2,0,1,18,13,13)
1235:(2,0,3,0,0,19,14,9)
1236:(2,0,3,0,0,19,13,9)
1237:(2,1,2,0,0,19,12,9)
1238:(2,0,3,0,0,19,16,9)
1239:(2,0,3,0,0,20,16,9)
1240:(2,0,3,0,0,19,15,9)
1241:(1,1,1,1,1,17,12,9)
1242:(2,1,1,0,1,18,12,9)
1243:(2,1,0,0,2,17,12,9)
1244:(2,0,2,0,1,18,14,10)
1245:(1,0,3,1,0,17,14,10)
1246:(2,0,3,0,0,18,14,10)
1247:(2,1,2,0,0,18,13,10)
1248:(1,1,1,1,1,16,14,10)
1249:(1,1,1,1,1,16,13,10)
1250:(2,1,1,0,1,17,13,10)
1251:(2,1,0,0,2,16,13,10)
1252:(1,1,2,1,0,19,13,9)
1253:(1,1,2,1,0,19,13,10)
1254:(1,2,1,1,0,19,12,10)
1255:(1,2,1,1,0,20,12,10)
1256:(0,2,0,2,1,17,12,10)
1257:(0,2,1,2,0,18,12,10)
1258:(1,1,2,1,0,19,13,11)
1259:(1,1,2,1,0,20,13,11)
1260:(0,1,2,2,0,18,13,11)
1261:(1,2,1,1,0,19,13,10)
1262:(1,2,1,1,0,20,13,10)
1263:(1,1,2,1,0,19,14,10)
1264:(1,1,2,1,0,20,14,10)
1265:(1,2,1,1,0,19,14,10)
1266:(1,2,1,1,0,20,14,10)
1267:(1,2,1,1,0,19,15,10)
1268:(1,2,1,1,0,20,15,10)
1269:(1,1,2,1,0,19,16,11)
1270:(2,1,2,0,0,20,16,11)
1271:(1,1,2,1,0,20,16,11)
1272:(1,1,2,1,0,18,15,10)
1273:(1,1,2,1,0,18,15,9)
1274:(1,2,0,1,1,17,14,10)
1275:(1,2,0,1,1,17,15,10)
1276:(2,0,2,0,1,18,18,11)
1277:(2,0,2,0,1,18,17,11)
1278:(1,0,2,1,1,17,17,11)
1279:(2,0,2,0,1,18,16,11)
1280:(1,0,2,1,1,17,16,11)
1281:(2,1,1,0,1,18,15,11)
1282:(1,0,2,1,1,18,16,11)
1283:(2,1,2,0,0,19,16,10)
1284:(2,1,2,0,0,20,16,10)
1285:(2,1,2,0,0,19,17,9)
1286:(2,1,2,0,0,20,17,9)
1287:(2,1,2,0,0,19,17,10)
1288:(2,0,3,0,0,19,18,10)
1289:(2,0,3,0,0,20,18,10)
1290:(2,1,2,0,0,19,18,9)
1291:(2,1,2,0,0,20,18,9)
1292:(2,1,2,0,0,19,19,9)
1293:(2,1,2,0,0,20,19,9)
1294:(2,1,2,0,0,20,17,10)
1295:(2,2,1,0,0,19,16,10)
1296:(2,2,1,0,0,20,16,10)
1297:(2,3,0,0,0,19,15,10)
1298:(2,3,0,0,0,20,15,10)
1299:(2,3,0,0,0,19,16,10)
1300:(2,3,0,0,0,20,16,10)
1301:(2,3,0,0,0,19,17,10)
1302:(2,3,0,0,0,20,17,10)
1303:(2,3,0,0,0,19,18,10)
1304:(2,3,0,0,0,20,18,10)
1305:(2,2,1,0,0,19,18,11)
1306:(2,2,1,0,0,20,18,11)
1307:(2,1,2,0,0,19,17,11)
1308:(2,1,2,0,0,20,17,11)
1309:(2,0,3,0,0,19,18,12)
1310:(2,0,3,0,0,20,18,12)
1311:(2,1,2,0,0,19,18,11)
1312:(2,1,2,0,0,20,18,11)
1313:(2,2,1,0,0,16,10,10)
1314:(1,2,1,1,0,15,10,10)
1315:(2,2,0,0,1,15,10,10)
1316:(1,2,0,1,1,14,10,10)
1317:(2,1,2,0,0,16,12,10)
1318:(2,2,1,0,0,14,10,10)
1319:(1,2,1,1,0,13,10,10)
1320:(2,2,0,0,1,13,10,10)
1321:(1,2,0,1,1,12,10,10)
1322:(2,1,2,0,0,14,12,10)
1323:(2,2,1,0,0,12,10,10)
1324:(2,1,2,0,0,12,12,10)
1325:(1,0,3,1,0,13,12,11)
1326:(1,0,2,1,1,12,12,11)
1327:(2,0,2,0,1,13,12,11)
1328:(1,0,3,1,0,15,12,11)
1329:(1,0,2,1,1,14,12,11)
1330:(2,0,2,0,1,15,12,11)
1331:(1,1,1,1,1,11,12,10)
1332:(1,1,1,1,1,13,12,10)
1333:(1,1,1,1,1,15,12,10)
1334:(2,1,2,0,0,17,9,8)
1335:(2,1,2,0,0,16,9,8)
1336:(2,1,2,0,0,15,9,8)
1337:(2,1,2,0,0,14,9,8)
1338:(2,1,2,0,0,13,9,8)
1339:(2,1,2,0,0,12,9,8)
1340:(1,1,2,1,0,11,9,8)
1341:(1,1,1,1,1,10,9,8)
1342:(1,1,1,1,1,16,9,8)
1343:(1,1,1,1,1,15,9,8)
1344:(1,1,2,1,0,17,9,8)
1345:(2,1,1,0,1,17,9,8)
1346:(1,1,2,1,0,18,9,8)
1347:(1,1,1,1,1,14,9,8)
1348:(1,1,1,1,1,13,9,8)
1349:(1,1,1,1,1,12,9,8)
1350:(1,1,1,1,1,11,9,8)
1351:(-1,-1,-1,-1,-1,-1,-1,-1)
