(R_,RL,G_,Ga,Gbg,Gd)
0:(50,1,1,49,49,0)
1:(50,0,0,50,50,0)
2:(50,2,2,48,48,0)
3:(50,3,3,47,47,0)
4:(50,4,4,46,46,0)
5:(50,5,5,45,45,0)
6:(50,6,6,44,44,0)
7:(50,7,7,43,43,0)
8:(50,8,8,42,42,0)
9:(50,9,9,41,41,0)
10:(50,10,10,40,40,0)
11:(50,11,11,39,39,0)
12:(50,12,12,38,38,0)
13:(50,13,13,37,37,0)
14:(50,14,14,36,36,0)
15:(50,15,15,35,35,0)
16:(50,16,16,34,34,0)
17:(50,17,17,33,33,0)
18:(50,18,18,32,32,0)
19:(50,19,19,31,31,0)
20:(50,20,20,30,30,0)
21:(50,21,21,29,29,0)
22:(50,22,22,28,28,0)
23:(50,23,23,27,27,0)
24:(50,24,24,26,26,0)
25:(50,25,25,25,25,0)
26:(50,26,26,24,24,0)
27:(50,27,27,23,23,0)
28:(50,28,28,22,22,0)
29:(50,29,29,21,21,0)
30:(50,30,30,20,20,0)
31:(50,31,31,19,19,0)
32:(50,32,32,18,18,0)
33:(50,33,33,17,17,0)
34:(50,34,34,16,16,0)
35:(50,35,35,15,15,0)
36:(50,36,36,14,14,0)
37:(50,37,37,13,13,0)
38:(50,38,38,12,12,0)
39:(50,39,39,11,11,0)
40:(50,40,40,10,10,0)
41:(50,41,41,9,9,0)
42:(50,42,42,8,8,0)
43:(50,43,43,7,7,0)
44:(50,44,44,6,6,0)
45:(50,45,45,5,5,0)
46:(50,46,46,4,4,0)
47:(50,47,47,3,3,0)
48:(50,48,48,2,2,0)
49:(50,49,49,1,1,0)
50:(50,50,50,0,0,0)
51:(50,49,50,0,0,0)
52:(50,48,50,0,0,0)
53:(50,47,50,0,0,0)
54:(50,46,50,0,0,0)
55:(50,45,50,0,0,0)
56:(50,44,50,0,0,0)
57:(50,43,50,0,0,0)
58:(50,42,50,0,0,0)
59:(50,41,50,0,0,0)
60:(50,40,50,0,0,0)
61:(50,39,50,0,0,0)
62:(50,38,50,0,0,0)
63:(50,37,50,0,0,0)
64:(50,36,50,0,0,0)
65:(50,35,50,0,0,0)
66:(50,34,50,0,0,0)
67:(50,33,50,0,0,0)
68:(50,32,50,0,0,0)
69:(50,31,50,0,0,0)
70:(50,30,50,0,0,0)
71:(50,29,50,0,0,0)
72:(50,28,50,0,0,0)
73:(50,27,50,0,0,0)
74:(50,26,50,0,0,0)
75:(50,25,50,0,0,0)
76:(50,24,50,0,0,0)
77:(50,23,50,0,0,0)
78:(50,22,50,0,0,0)
79:(50,21,50,0,0,0)
80:(50,20,50,0,0,0)
81:(50,19,50,0,0,0)
82:(50,18,50,0,0,0)
83:(50,17,50,0,0,0)
84:(50,16,50,0,0,0)
85:(50,15,50,0,0,0)
86:(50,14,50,0,0,0)
87:(50,13,50,0,0,0)
88:(50,12,50,0,0,0)
89:(50,11,50,0,0,0)
90:(50,10,50,0,0,0)
91:(50,9,50,0,0,0)
92:(50,8,50,0,0,0)
93:(50,7,50,0,0,0)
94:(50,6,50,0,0,0)
95:(50,5,50,0,0,0)
96:(50,4,50,0,0,0)
97:(50,3,50,0,0,0)
98:(50,2,50,0,0,0)
99:(50,1,50,0,0,0)
100:(50,0,50,0,0,0)
101:(50,2,1,49,49,0)
102:(50,1,0,50,50,0)
103:(50,3,2,48,48,0)
104:(50,4,3,47,47,0)
105:(50,5,4,46,46,0)
106:(50,6,5,45,45,0)
107:(50,7,6,44,44,0)
108:(50,8,7,43,43,0)
109:(50,9,8,42,42,0)
110:(50,10,9,41,41,0)
111:(50,11,10,40,40,0)
112:(50,12,11,39,39,0)
113:(50,13,12,38,38,0)
114:(50,14,13,37,37,0)
115:(50,15,14,36,36,0)
116:(50,16,15,35,35,0)
117:(50,17,16,34,34,0)
118:(50,18,17,33,33,0)
119:(50,19,18,32,32,0)
120:(50,20,19,31,31,0)
121:(50,21,20,30,30,0)
122:(50,22,21,29,29,0)
123:(50,23,22,28,28,0)
124:(50,24,23,27,27,0)
125:(50,25,24,26,26,0)
126:(50,26,25,25,25,0)
127:(50,27,26,24,24,0)
128:(50,28,27,23,23,0)
129:(50,29,28,22,22,0)
130:(50,30,29,21,21,0)
131:(50,31,30,20,20,0)
132:(50,32,31,19,19,0)
133:(50,33,32,18,18,0)
134:(50,34,33,17,17,0)
135:(50,35,34,16,16,0)
136:(50,36,35,15,15,0)
137:(50,37,36,14,14,0)
138:(50,38,37,13,13,0)
139:(50,39,38,12,12,0)
140:(50,40,39,11,11,0)
141:(50,41,40,10,10,0)
142:(50,42,41,9,9,0)
143:(50,43,42,8,8,0)
144:(50,44,43,7,7,0)
145:(50,45,44,6,6,0)
146:(50,46,45,5,5,0)
147:(50,47,46,4,4,0)
148:(50,48,47,3,3,0)
149:(50,49,48,2,2,0)
150:(50,50,49,1,1,0)
151:(50,51,50,0,0,0)
152:(50,3,1,49,49,0)
153:(50,2,0,50,50,0)
154:(50,4,2,48,48,0)
155:(50,5,3,47,47,0)
156:(50,6,4,46,46,0)
157:(50,7,5,45,45,0)
158:(50,8,6,44,44,0)
159:(50,9,7,43,43,0)
160:(50,10,8,42,42,0)
161:(50,11,9,41,41,0)
162:(50,12,10,40,40,0)
163:(50,13,11,39,39,0)
164:(50,14,12,38,38,0)
165:(50,15,13,37,37,0)
166:(50,16,14,36,36,0)
167:(50,17,15,35,35,0)
168:(50,18,16,34,34,0)
169:(50,19,17,33,33,0)
170:(50,20,18,32,32,0)
171:(50,21,19,31,31,0)
172:(50,22,20,30,30,0)
173:(50,23,21,29,29,0)
174:(50,24,22,28,28,0)
175:(50,25,23,27,27,0)
176:(50,26,24,26,26,0)
177:(50,27,25,25,25,0)
178:(50,28,26,24,24,0)
179:(50,29,27,23,23,0)
180:(50,30,28,22,22,0)
181:(50,31,29,21,21,0)
182:(50,32,30,20,20,0)
183:(50,33,31,19,19,0)
184:(50,34,32,18,18,0)
185:(50,35,33,17,17,0)
186:(50,36,34,16,16,0)
187:(50,37,35,15,15,0)
188:(50,38,36,14,14,0)
189:(50,39,37,13,13,0)
190:(50,40,38,12,12,0)
191:(50,41,39,11,11,0)
192:(50,42,40,10,10,0)
193:(50,43,41,9,9,0)
194:(50,44,42,8,8,0)
195:(50,45,43,7,7,0)
196:(50,46,44,6,6,0)
197:(50,47,45,5,5,0)
198:(50,48,46,4,4,0)
199:(50,49,47,3,3,0)
200:(50,50,48,2,2,0)
201:(50,51,49,1,1,0)
202:(50,52,50,0,0,0)
203:(50,4,1,49,49,0)
204:(50,3,0,50,50,0)
205:(50,5,2,48,48,0)
206:(50,6,3,47,47,0)
207:(50,7,4,46,46,0)
208:(50,8,5,45,45,0)
209:(50,9,6,44,44,0)
210:(50,10,7,43,43,0)
211:(50,11,8,42,42,0)
212:(50,12,9,41,41,0)
213:(50,13,10,40,40,0)
214:(50,14,11,39,39,0)
215:(50,15,12,38,38,0)
216:(50,16,13,37,37,0)
217:(50,17,14,36,36,0)
218:(50,18,15,35,35,0)
219:(50,19,16,34,34,0)
220:(50,20,17,33,33,0)
221:(50,21,18,32,32,0)
222:(50,22,19,31,31,0)
223:(50,23,20,30,30,0)
224:(50,24,21,29,29,0)
225:(50,25,22,28,28,0)
226:(50,26,23,27,27,0)
227:(50,27,24,26,26,0)
228:(50,28,25,25,25,0)
229:(50,29,26,24,24,0)
230:(50,30,27,23,23,0)
231:(50,31,28,22,22,0)
232:(50,32,29,21,21,0)
233:(50,33,30,20,20,0)
234:(50,34,31,19,19,0)
235:(50,35,32,18,18,0)
236:(50,36,33,17,17,0)
237:(50,37,34,16,16,0)
238:(50,38,35,15,15,0)
239:(50,39,36,14,14,0)
240:(50,40,37,13,13,0)
241:(50,41,38,12,12,0)
242:(50,42,39,11,11,0)
243:(50,43,40,10,10,0)
244:(50,44,41,9,9,0)
245:(50,45,42,8,8,0)
246:(50,46,43,7,7,0)
247:(50,47,44,6,6,0)
248:(50,48,45,5,5,0)
249:(50,49,46,4,4,0)
250:(50,50,47,3,3,0)
251:(50,51,48,2,2,0)
252:(50,52,49,1,1,0)
253:(50,53,50,0,0,0)
254:(50,5,1,49,49,0)
255:(50,4,0,50,50,0)
256:(50,6,2,48,48,0)
257:(50,7,3,47,47,0)
258:(50,8,4,46,46,0)
259:(50,9,5,45,45,0)
260:(50,10,6,44,44,0)
261:(50,11,7,43,43,0)
262:(50,12,8,42,42,0)
263:(50,13,9,41,41,0)
264:(50,14,10,40,40,0)
265:(50,15,11,39,39,0)
266:(50,16,12,38,38,0)
267:(50,17,13,37,37,0)
268:(50,18,14,36,36,0)
269:(50,19,15,35,35,0)
270:(50,20,16,34,34,0)
271:(50,21,17,33,33,0)
272:(50,22,18,32,32,0)
273:(50,23,19,31,31,0)
274:(50,24,20,30,30,0)
275:(50,25,21,29,29,0)
276:(50,26,22,28,28,0)
277:(50,27,23,27,27,0)
278:(50,28,24,26,26,0)
279:(50,29,25,25,25,0)
280:(50,30,26,24,24,0)
281:(50,31,27,23,23,0)
282:(50,32,28,22,22,0)
283:(50,33,29,21,21,0)
284:(50,34,30,20,20,0)
285:(50,35,31,19,19,0)
286:(50,36,32,18,18,0)
287:(50,37,33,17,17,0)
288:(50,38,34,16,16,0)
289:(50,39,35,15,15,0)
290:(50,40,36,14,14,0)
291:(50,41,37,13,13,0)
292:(50,42,38,12,12,0)
293:(50,43,39,11,11,0)
294:(50,44,40,10,10,0)
295:(50,45,41,9,9,0)
296:(50,46,42,8,8,0)
297:(50,47,43,7,7,0)
298:(50,48,44,6,6,0)
299:(50,49,45,5,5,0)
300:(50,50,46,4,4,0)
301:(50,51,47,3,3,0)
302:(50,52,48,2,2,0)
303:(50,53,49,1,1,0)
304:(50,54,50,0,0,0)
305:(50,6,1,49,49,0)
306:(50,5,0,50,50,0)
307:(50,7,2,48,48,0)
308:(50,8,3,47,47,0)
309:(50,9,4,46,46,0)
310:(50,10,5,45,45,0)
311:(50,11,6,44,44,0)
312:(50,12,7,43,43,0)
313:(50,13,8,42,42,0)
314:(50,14,9,41,41,0)
315:(50,15,10,40,40,0)
316:(50,16,11,39,39,0)
317:(50,17,12,38,38,0)
318:(50,18,13,37,37,0)
319:(50,19,14,36,36,0)
320:(50,20,15,35,35,0)
321:(50,21,16,34,34,0)
322:(50,22,17,33,33,0)
323:(50,23,18,32,32,0)
324:(50,24,19,31,31,0)
325:(50,25,20,30,30,0)
326:(50,26,21,29,29,0)
327:(50,27,22,28,28,0)
328:(50,28,23,27,27,0)
329:(50,29,24,26,26,0)
330:(50,30,25,25,25,0)
331:(50,31,26,24,24,0)
332:(50,32,27,23,23,0)
333:(50,33,28,22,22,0)
334:(50,34,29,21,21,0)
335:(50,35,30,20,20,0)
336:(50,36,31,19,19,0)
337:(50,37,32,18,18,0)
338:(50,38,33,17,17,0)
339:(50,39,34,16,16,0)
340:(50,40,35,15,15,0)
341:(50,41,36,14,14,0)
342:(50,42,37,13,13,0)
343:(50,43,38,12,12,0)
344:(50,44,39,11,11,0)
345:(50,45,40,10,10,0)
346:(50,46,41,9,9,0)
347:(50,47,42,8,8,0)
348:(50,48,43,7,7,0)
349:(50,49,44,6,6,0)
350:(50,50,45,5,5,0)
351:(50,51,46,4,4,0)
352:(50,52,47,3,3,0)
353:(50,53,48,2,2,0)
354:(50,54,49,1,1,0)
355:(50,55,50,0,0,0)
356:(-1,-1,-1,-1,-1,-1)
