(R,L,RL,G,Ga,Gbg,Gd)
0:(38,2,1,1,49,49,0)
1:(38,2,0,0,50,50,0)
2:(38,2,2,2,48,48,0)
3:(38,2,3,3,47,47,0)
4:(38,2,4,4,46,46,0)
5:(38,2,5,5,45,45,0)
6:(38,2,6,6,44,44,0)
7:(38,2,7,7,43,43,0)
8:(38,2,8,8,42,42,0)
9:(38,2,9,9,41,41,0)
10:(38,2,10,10,40,40,0)
11:(38,2,11,11,39,39,0)
12:(38,2,12,12,38,38,0)
13:(38,2,13,13,37,37,0)
14:(38,2,14,14,36,36,0)
15:(38,2,15,15,35,35,0)
16:(38,2,16,16,34,34,0)
17:(38,2,17,17,33,33,0)
18:(38,2,16,17,33,33,0)
19:(38,2,17,18,32,32,0)
20:(38,2,16,18,32,32,0)
21:(38,2,15,18,32,32,0)
22:(38,2,16,19,31,31,0)
23:(38,2,15,19,31,31,0)
24:(38,2,14,19,31,31,0)
25:(38,2,15,20,30,30,0)
26:(38,2,14,20,30,30,0)
27:(38,2,13,20,30,30,0)
28:(38,2,14,21,29,29,0)
29:(38,2,13,21,29,29,0)
30:(38,2,14,22,28,28,0)
31:(38,2,13,22,28,28,0)
32:(38,2,12,22,28,28,0)
33:(38,2,13,23,27,27,0)
34:(38,2,12,23,27,27,0)
35:(38,2,13,24,26,26,0)
36:(38,2,12,24,26,26,0)
37:(38,2,11,24,26,26,0)
38:(38,2,12,25,25,25,0)
39:(38,2,11,25,25,25,0)
40:(38,2,12,26,24,24,0)
41:(38,2,11,26,24,24,0)
42:(38,2,10,26,24,24,0)
43:(38,2,11,27,23,23,0)
44:(38,2,10,27,23,23,0)
45:(38,2,11,28,22,22,0)
46:(38,2,10,28,22,22,0)
47:(38,2,11,29,21,21,0)
48:(38,2,10,29,21,21,0)
49:(38,2,9,29,21,21,0)
50:(38,2,10,30,20,20,0)
51:(38,2,9,30,20,20,0)
52:(38,2,10,31,19,19,0)
53:(38,2,9,31,19,19,0)
54:(38,2,10,32,18,18,0)
55:(38,2,9,32,18,18,0)
56:(38,2,8,32,18,18,0)
57:(38,2,9,33,17,17,0)
58:(38,2,8,33,17,17,0)
59:(38,2,9,34,16,16,0)
60:(38,2,8,34,16,16,0)
61:(38,2,9,35,15,15,0)
62:(38,2,8,35,15,15,0)
63:(38,2,9,36,14,14,0)
64:(38,2,8,36,14,14,0)
65:(38,2,7,36,14,14,0)
66:(38,2,8,37,13,13,0)
67:(38,2,7,37,13,13,0)
68:(38,2,8,38,12,12,0)
69:(38,2,7,38,12,12,0)
70:(38,2,8,39,11,11,0)
71:(38,2,7,39,11,11,0)
72:(38,2,8,40,10,10,0)
73:(38,2,7,40,10,10,0)
74:(38,2,8,41,9,9,0)
75:(38,2,7,41,9,9,0)
76:(38,2,6,41,9,9,0)
77:(38,2,7,42,8,8,0)
78:(38,2,6,42,8,8,0)
79:(38,2,7,43,7,7,0)
80:(38,2,6,43,7,7,0)
81:(38,2,7,44,6,6,0)
82:(38,2,6,44,6,6,0)
83:(38,2,7,45,5,5,0)
84:(39,2,6,45,5,5,0)
85:(39,2,7,46,4,4,0)
86:(40,2,6,46,4,4,0)
87:(40,2,7,47,3,3,0)
88:(41,2,6,47,3,3,0)
89:(41,2,7,48,2,2,0)
90:(42,2,6,48,2,2,0)
91:(42,2,7,49,1,1,0)
92:(43,2,6,49,1,1,0)
93:(43,2,7,50,0,0,0)
94:(44,2,6,50,0,0,0)
95:(45,2,5,50,0,0,0)
96:(46,2,4,50,0,0,0)
97:(47,2,3,50,0,0,0)
98:(48,2,2,50,0,0,0)
99:(49,2,1,50,0,0,0)
100:(50,2,0,50,0,0,0)
101:(-1,-1,-1,-1,-1,-1,-1)