(S1,S2,S3,S4,S5,S6)
0:(1,59,0,1,41,0)
1:(1,59,0,0,40,1)
2:(1,58,0,0,41,1)
3:(1,58,0,1,42,0)
4:(1,57,0,0,42,1)
5:(1,57,0,1,43,0)
6:(1,56,0,0,43,1)
7:(1,56,0,1,44,0)
8:(1,55,0,0,44,1)
9:(1,55,0,1,45,0)
10:(1,54,0,0,45,1)
11:(1,54,0,1,46,0)
12:(1,53,0,0,46,1)
13:(1,53,0,1,47,0)
14:(1,52,0,0,47,1)
15:(1,52,0,1,48,0)
16:(1,51,0,0,48,1)
17:(1,51,0,1,49,0)
18:(1,50,0,0,49,1)
19:(1,50,0,1,50,0)
20:(0,58,1,1,41,0)
21:(0,58,1,0,40,1)
22:(0,57,1,0,41,1)
23:(0,57,1,1,42,0)
24:(0,56,1,0,42,1)
25:(0,56,1,1,43,0)
26:(0,55,1,0,43,1)
27:(0,55,1,1,44,0)
28:(0,54,1,0,44,1)
29:(0,54,1,1,45,0)
30:(0,53,1,0,45,1)
31:(0,53,1,1,46,0)
32:(0,52,1,0,46,1)
33:(0,52,1,1,47,0)
34:(0,51,1,0,47,1)
35:(0,51,1,1,48,0)
36:(0,50,1,0,48,1)
37:(0,50,1,1,49,0)
38:(0,49,1,0,49,1)
39:(0,49,1,1,50,0)
40:(1,49,0,0,50,1)
41:(1,49,0,1,51,0)
42:(0,48,1,1,51,0)
43:(0,48,1,0,50,1)
44:(1,48,0,0,51,1)
45:(1,48,0,1,52,0)
46:(0,47,1,1,52,0)
47:(0,47,1,0,51,1)
48:(1,47,0,0,52,1)
49:(1,47,0,1,53,0)
50:(0,46,1,1,53,0)
51:(0,46,1,0,52,1)
52:(1,46,0,0,53,1)
53:(1,46,0,1,54,0)
54:(0,45,1,1,54,0)
55:(0,45,1,0,53,1)
56:(1,45,0,0,54,1)
57:(1,45,0,1,55,0)
58:(0,44,1,1,55,0)
59:(0,44,1,0,54,1)
60:(1,44,0,0,55,1)
61:(1,44,0,1,56,0)
62:(0,43,1,1,56,0)
63:(0,43,1,0,55,1)
64:(1,43,0,0,56,1)
65:(1,43,0,1,57,0)
66:(0,42,1,1,57,0)
67:(0,42,1,0,56,1)
68:(1,42,0,0,57,1)
69:(1,42,0,1,58,0)
70:(0,41,1,1,58,0)
71:(0,41,1,0,57,1)
72:(1,41,0,0,58,1)
73:(1,41,0,1,59,0)
74:(0,40,1,1,59,0)
75:(0,40,1,0,58,1)
76:(1,40,0,0,59,1)
77:(1,40,0,1,60,0)
78:(0,39,1,1,60,0)
79:(0,39,1,0,59,1)
80:(1,39,0,0,60,1)
81:(1,39,0,1,61,0)
82:(0,38,1,1,61,0)
83:(0,38,1,0,60,1)
84:(-1,-1,-1,-1,-1,-1)