(S1,S2,S3,S4,S5,S6)
0:(1,50,0,1,50,0)
1:(1,50,0,0,49,1)
2:(1,51,0,1,49,0)
3:(1,51,0,0,48,1)
4:(1,52,0,1,48,0)
5:(1,52,0,0,47,1)
6:(1,53,0,1,47,0)
7:(1,53,0,0,46,1)
8:(1,54,0,1,46,0)
9:(1,54,0,0,45,1)
10:(1,55,0,1,45,0)
11:(1,55,0,0,44,1)
12:(1,56,0,1,44,0)
13:(1,56,0,0,43,1)
14:(1,57,0,1,43,0)
15:(1,57,0,0,42,1)
16:(1,58,0,1,42,0)
17:(1,58,0,0,41,1)
18:(1,59,0,1,41,0)
19:(1,59,0,0,40,1)
20:(0,52,1,1,47,0)
21:(0,57,1,1,42,0)
22:(0,51,1,0,47,1)
23:(0,53,1,0,45,1)
24:(0,55,1,0,43,1)
25:(0,56,1,0,42,1)
26:(0,54,1,0,44,1)
27:(0,51,1,1,48,0)
28:(0,50,1,0,48,1)
29:(0,55,1,1,44,0)
30:(0,58,1,1,41,0)
31:(0,57,1,0,41,1)
32:(0,50,1,1,49,0)
33:(0,53,1,1,46,0)
34:(0,56,1,1,43,0)
35:(0,54,1,1,45,0)
36:(0,52,1,0,46,1)
37:(0,58,1,0,40,1)
38:(0,49,1,1,50,0)
39:(0,49,1,0,49,1)
40:(1,49,0,0,50,1)
41:(0,48,1,0,50,1)
42:(1,49,0,1,51,0)
43:(1,48,0,0,51,1)
44:(0,48,1,1,51,0)
45:(1,48,0,1,52,0)
46:(0,47,1,0,51,1)
47:(0,47,1,1,52,0)
48:(1,47,0,0,52,1)
49:(0,46,1,0,52,1)
50:(1,47,0,1,53,0)
51:(0,46,1,1,53,0)
52:(1,46,0,0,53,1)
53:(1,46,0,1,54,0)
54:(0,45,1,0,53,1)
55:(0,45,1,1,54,0)
56:(1,45,0,0,54,1)
57:(1,45,0,1,55,0)
58:(0,44,1,0,54,1)
59:(0,44,1,1,55,0)
60:(1,44,0,0,55,1)
61:(0,43,1,0,55,1)
62:(1,44,0,1,56,0)
63:(1,43,0,0,56,1)
64:(0,43,1,1,56,0)
65:(1,43,0,1,57,0)
66:(0,42,1,0,56,1)
67:(0,42,1,1,57,0)
68:(1,42,0,0,57,1)
69:(0,41,1,0,57,1)
70:(1,42,0,1,58,0)
71:(1,41,0,0,58,1)
72:(0,41,1,1,58,0)
73:(1,41,0,1,59,0)
74:(0,40,1,0,58,1)
75:(0,40,1,1,59,0)
76:(1,40,0,0,59,1)
77:(1,40,0,1,60,0)
78:(0,39,1,0,59,1)
79:(0,39,1,1,60,0)
80:(1,39,0,0,60,1)
81:(1,39,0,1,61,0)
82:(0,38,1,0,60,1)
83:(1,38,0,0,61,1)
84:(0,38,1,1,61,0)
85:(0,37,1,0,61,1)
86:(1,38,0,1,62,0)
87:(0,37,1,1,62,0)
88:(1,37,0,0,62,1)
89:(1,37,0,1,63,0)
90:(0,36,1,0,62,1)
91:(1,36,0,0,63,1)
92:(0,36,1,1,63,0)
93:(1,36,0,1,64,0)
94:(0,35,1,0,63,1)
95:(0,35,1,1,64,0)
96:(1,35,0,0,64,1)
97:(0,34,1,0,64,1)
98:(1,35,0,1,65,0)
99:(0,34,1,1,65,0)
100:(1,34,0,0,65,1)
101:(1,34,0,1,66,0)
102:(0,33,1,0,65,1)
103:(0,33,1,1,66,0)
104:(1,33,0,0,66,1)
105:(0,32,1,0,66,1)
106:(1,33,0,1,67,0)
107:(0,32,1,1,67,0)
108:(1,32,0,0,67,1)
109:(0,31,1,0,67,1)
110:(1,32,0,1,68,0)
111:(1,31,0,0,68,1)
112:(0,31,1,1,68,0)
113:(1,31,0,1,69,0)
114:(0,30,1,0,68,1)
115:(1,30,0,0,69,1)
116:(0,30,1,1,69,0)
117:(1,30,0,1,70,0)
118:(0,29,1,0,69,1)
119:(1,29,0,0,70,1)
120:(0,29,1,1,70,0)
121:(1,29,0,1,71,0)
122:(0,28,1,0,70,1)
123:(0,28,1,1,71,0)
124:(1,28,0,0,71,1)
125:(0,27,1,0,71,1)
126:(1,28,0,1,72,0)
127:(0,27,1,1,72,0)
128:(1,27,0,0,72,1)
129:(0,26,1,0,72,1)
130:(1,27,0,1,73,0)
131:(0,26,1,1,73,0)
132:(1,26,0,0,73,1)
133:(0,25,1,0,73,1)
134:(1,26,0,1,74,0)
135:(1,25,0,0,74,1)
136:(0,25,1,1,74,0)
137:(1,25,0,1,75,0)
138:(0,24,1,0,74,1)
139:(0,24,1,1,75,0)
140:(1,24,0,0,75,1)
141:(0,23,1,0,75,1)
142:(1,24,0,1,76,0)
143:(0,23,1,1,76,0)
144:(1,23,0,0,76,1)
145:(0,22,1,0,76,1)
146:(1,23,0,1,77,0)
147:(1,22,0,0,77,1)
148:(0,22,1,1,77,0)
149:(0,21,1,0,77,1)
150:(1,22,0,1,78,0)
151:(0,21,1,1,78,0)
152:(1,21,0,0,78,1)
153:(1,21,0,1,79,0)
154:(0,20,1,0,78,1)
155:(0,20,1,1,79,0)
156:(1,20,0,0,79,1)
157:(1,20,0,1,80,0)
158:(0,19,1,0,79,1)
159:(1,19,0,0,80,1)
160:(0,19,1,1,80,0)
161:(1,19,0,1,81,0)
162:(0,18,1,0,80,1)
163:(1,18,0,0,81,1)
164:(0,18,1,1,81,0)
165:(1,18,0,1,82,0)
166:(0,17,1,0,81,1)
167:(1,17,0,0,82,1)
168:(0,17,1,1,82,0)
169:(1,17,0,1,83,0)
170:(0,16,1,0,82,1)
171:(0,16,1,1,83,0)
172:(1,16,0,0,83,1)
173:(0,15,1,0,83,1)
174:(1,16,0,1,84,0)
175:(0,15,1,1,84,0)
176:(1,15,0,0,84,1)
177:(1,15,0,1,85,0)
178:(0,14,1,0,84,1)
179:(0,14,1,1,85,0)
180:(1,14,0,0,85,1)
181:(1,14,0,1,86,0)
182:(0,13,1,0,85,1)
183:(1,13,0,0,86,1)
184:(0,13,1,1,86,0)
185:(1,13,0,1,87,0)
186:(0,12,1,0,86,1)
187:(0,12,1,1,87,0)
188:(1,12,0,0,87,1)
189:(0,11,1,0,87,1)
190:(1,12,0,1,88,0)
191:(0,11,1,1,88,0)
192:(1,11,0,0,88,1)
193:(0,10,1,0,88,1)
194:(1,11,0,1,89,0)
195:(0,10,1,1,89,0)
196:(1,10,0,0,89,1)
197:(1,10,0,1,90,0)
198:(0,9,1,0,89,1)
199:(0,9,1,1,90,0)
200:(1,9,0,0,90,1)
201:(0,8,1,0,90,1)
202:(1,9,0,1,91,0)
203:(0,8,1,1,91,0)
204:(1,8,0,0,91,1)
205:(0,7,1,0,91,1)
206:(1,8,0,1,92,0)
207:(0,7,1,1,92,0)
208:(1,7,0,0,92,1)
209:(0,6,1,0,92,1)
210:(1,7,0,1,93,0)
211:(0,6,1,1,93,0)
212:(1,6,0,0,93,1)
213:(1,6,0,1,94,0)
214:(0,5,1,0,93,1)
215:(0,5,1,1,94,0)
216:(1,5,0,0,94,1)
217:(1,5,0,1,95,0)
218:(0,4,1,0,94,1)
219:(0,4,1,1,95,0)
220:(1,4,0,0,95,1)
221:(1,4,0,1,96,0)
222:(0,3,1,0,95,1)
223:(0,3,1,1,96,0)
224:(1,3,0,0,96,1)
225:(1,3,0,1,97,0)
226:(0,2,1,0,96,1)
227:(0,2,1,1,97,0)
228:(1,2,0,0,97,1)
229:(1,2,0,1,98,0)
230:(0,1,1,0,97,1)
231:(0,1,1,1,98,0)
232:(1,1,0,0,98,1)
233:(0,0,1,0,98,1)
234:(1,1,0,1,99,0)
235:(0,0,1,1,99,0)
236:(1,0,0,0,99,1)
237:(1,0,0,1,100,0)
238:(-1,-1,-1,-1,-1,-1)