(R,L,RL,G,Ga,Gbg,Gd)
0:(50,2,0,50,0,0,0)
1:(49,2,1,50,0,0,0)
2:(49,2,2,50,0,0,0)
3:(48,2,3,50,0,0,0)
4:(48,2,2,49,1,1,0)
5:(48,2,1,48,2,2,0)
6:(47,2,2,48,2,2,0)
7:(46,2,3,48,2,2,0)
8:(45,2,4,48,2,2,0)
9:(45,2,5,48,2,2,0)
10:(45,2,4,47,3,3,0)
11:(45,2,3,46,4,4,0)
12:(45,2,2,45,5,5,0)
13:(44,2,3,45,5,5,0)
14:(43,2,4,45,5,5,0)
15:(43,2,3,44,6,6,0)
16:(42,2,4,44,6,6,0)
17:(41,2,5,44,6,6,0)
18:(40,2,6,44,6,6,0)
19:(40,2,5,43,7,7,0)
20:(39,2,6,43,7,7,0)
21:(39,2,5,42,8,8,0)
22:(38,2,6,42,8,8,0)
23:(38,2,5,41,9,9,0)
24:(37,2,6,41,9,9,0)
25:(37,2,5,40,10,10,0)
26:(36,2,6,40,10,10,0)
27:(36,2,7,40,10,10,0)
28:(36,2,8,40,10,10,0)
29:(36,2,7,39,11,11,0)
30:(35,2,8,39,11,11,0)
31:(35,2,9,39,11,11,0)
32:(35,2,8,38,12,12,0)
33:(35,2,7,37,13,13,0)
34:(35,2,6,36,14,14,0)
35:(35,2,5,35,15,15,0)
36:(34,2,6,35,15,15,0)
37:(34,2,7,35,15,15,0)
38:(33,2,8,35,15,15,0)
39:(33,2,9,35,15,15,0)
40:(33,2,8,34,16,16,0)
41:(33,2,7,33,17,17,0)
42:(33,2,6,32,18,18,0)
43:(33,2,5,31,19,19,0)
44:(33,2,4,30,20,20,0)
45:(33,2,3,29,21,21,0)
46:(33,2,2,28,22,22,0)
47:(33,2,3,28,22,22,0)
48:(33,2,2,27,23,23,0)
49:(32,2,3,27,23,23,0)
50:(32,2,4,27,23,23,0)
51:(32,2,5,27,23,23,0)
52:(31,2,6,27,23,23,0)
53:(31,2,5,26,24,24,0)
54:(31,2,4,25,25,25,0)
55:(30,2,5,25,25,25,0)
56:(30,2,6,25,25,25,0)
57:(30,2,5,24,26,26,0)
58:(30,2,4,23,27,27,0)
59:(30,2,5,23,27,27,0)
60:(30,2,4,22,28,28,0)
61:(30,2,3,21,29,29,0)
62:(30,2,2,20,30,30,0)
63:(30,2,3,20,30,30,0)
64:(29,2,4,20,30,30,0)
65:(28,2,5,20,30,30,0)
66:(27,2,6,20,30,30,0)
67:(26,2,7,20,30,30,0)
68:(26,2,6,19,31,31,0)
69:(26,2,5,18,32,32,0)
70:(26,2,6,18,32,32,0)
71:(26,2,5,17,33,33,0)
72:(26,2,4,16,34,34,0)
73:(26,2,3,15,35,35,0)
74:(25,2,4,15,35,35,0)
75:(25,2,3,14,36,36,0)
76:(24,2,4,14,36,36,0)
77:(24,2,5,14,36,36,0)
78:(24,2,6,14,36,36,0)
79:(24,2,5,13,37,37,0)
80:(24,2,4,12,38,38,0)
81:(23,2,5,12,38,38,0)
82:(23,2,4,11,39,39,0)
83:(23,2,3,10,40,40,0)
84:(23,2,2,9,41,41,0)
85:(22,2,3,9,41,41,0)
86:(22,2,2,8,42,42,0)
87:(22,2,1,7,43,43,0)
88:(22,2,2,7,43,43,0)
89:(22,2,3,7,43,43,0)
90:(21,2,4,7,43,43,0)
91:(21,2,3,6,44,44,0)
92:(21,2,2,5,45,45,0)
93:(21,2,3,5,45,45,0)
94:(21,2,2,4,46,46,0)
95:(20,2,3,4,46,46,0)
96:(20,2,2,3,47,47,0)
97:(20,2,3,3,47,47,0)
98:(20,2,2,2,48,48,0)
99:(20,2,1,1,49,49,0)
100:(20,2,0,0,50,50,0)
101:(27,2,5,19,31,31,0)
102:(33,2,7,34,16,16,0)
103:(49,2,1,49,1,1,0)
104:(44,2,2,44,6,6,0)
105:(33,2,1,27,23,23,0)
106:(36,2,6,39,11,11,0)
107:(26,2,4,17,33,33,0)
108:(30,2,3,22,28,28,0)
109:(24,2,4,13,37,37,0)
110:(45,2,3,47,3,3,0)
111:(20,2,1,1,48,49,1)
112:(20,2,0,0,49,50,1)
113:(20,2,3,3,46,47,1)
114:(33,2,3,28,21,22,1)
115:(21,2,3,4,46,46,0)
116:(21,2,2,4,45,46,1)
117:(36,2,7,39,10,11,1)
118:(21,2,0,1,49,49,0)
119:(21,2,1,1,49,49,0)
120:(21,2,0,0,50,50,0)
121:(22,2,2,5,45,45,0)
122:(34,2,9,39,11,11,0)
123:(34,2,8,38,12,12,0)
124:(34,2,7,37,13,13,0)
125:(34,2,6,36,14,14,0)
126:(34,2,5,35,15,15,0)
127:(33,2,6,35,15,15,0)
128:(33,2,7,35,15,15,0)
129:(32,2,8,35,15,15,0)
130:(31,2,9,35,15,15,0)
131:(31,2,8,34,16,16,0)
132:(31,2,7,33,17,17,0)
133:(31,2,6,32,18,18,0)
134:(31,2,5,31,19,19,0)
135:(31,2,4,30,20,20,0)
136:(31,2,3,29,21,21,0)
137:(31,2,2,28,22,22,0)
138:(31,2,3,28,22,22,0)
139:(31,2,2,27,23,23,0)
140:(30,2,3,27,23,23,0)
141:(30,2,4,27,23,23,0)
142:(30,2,5,27,23,23,0)
143:(29,2,6,27,23,23,0)
144:(29,2,5,26,24,24,0)
145:(29,2,4,25,25,25,0)
146:(28,2,5,25,25,25,0)
147:(28,2,6,25,25,25,0)
148:(28,2,5,24,26,26,0)
149:(28,2,4,23,27,27,0)
150:(28,2,5,23,27,27,0)
151:(28,2,4,22,28,28,0)
152:(28,2,3,21,29,29,0)
153:(28,2,2,20,30,30,0)
154:(28,2,3,20,30,30,0)
155:(27,2,4,20,30,30,0)
156:(26,2,5,20,30,30,0)
157:(25,2,6,20,30,30,0)
158:(24,2,7,20,30,30,0)
159:(24,2,6,19,31,31,0)
160:(24,2,5,18,32,32,0)
161:(24,2,6,18,32,32,0)
162:(24,2,5,17,33,33,0)
163:(24,2,4,16,34,34,0)
164:(24,2,3,15,35,35,0)
165:(23,2,4,15,35,35,0)
166:(23,2,3,14,36,36,0)
167:(22,2,4,14,36,36,0)
168:(21,2,5,14,36,36,0)
169:(21,2,6,14,36,36,0)
170:(21,2,5,13,37,37,0)
171:(21,2,4,12,38,38,0)
172:(20,2,5,12,38,38,0)
173:(20,2,4,11,39,39,0)
174:(20,2,3,10,40,40,0)
175:(20,2,2,9,41,41,0)
176:(19,2,3,9,41,41,0)
177:(19,2,2,8,42,42,0)
178:(19,2,1,7,43,43,0)
179:(19,2,2,7,43,43,0)
180:(19,2,3,7,43,43,0)
181:(18,2,4,7,43,43,0)
182:(18,2,3,6,44,44,0)
183:(18,2,2,5,45,45,0)
184:(18,2,3,5,45,45,0)
185:(18,2,2,4,46,46,0)
186:(17,2,3,4,46,46,0)
187:(17,2,2,3,47,47,0)
188:(17,2,3,3,47,47,0)
189:(17,2,2,2,48,48,0)
190:(17,2,1,1,49,49,0)
191:(17,2,0,0,50,50,0)
192:(18,2,2,7,43,43,0)
193:(18,2,3,7,43,43,0)
194:(17,2,4,7,43,43,0)
195:(17,2,3,6,44,44,0)
196:(17,2,2,5,45,45,0)
197:(17,2,3,5,45,45,0)
198:(17,2,2,4,46,46,0)
199:(16,2,3,4,46,46,0)
200:(16,2,2,3,47,47,0)
201:(16,2,3,3,47,47,0)
202:(16,2,2,2,48,48,0)
203:(16,2,1,1,49,49,0)
204:(16,2,0,0,50,50,0)
205:(50,2,1,50,0,0,0)
206:(48,2,4,50,0,0,0)
207:(48,2,5,50,0,0,0)
208:(48,2,4,49,1,1,0)
209:(47,2,5,49,1,1,0)
210:(46,2,6,49,1,1,0)
211:(45,2,7,49,1,1,0)
212:(45,2,6,48,2,2,0)
213:(45,2,5,47,3,3,0)
214:(45,2,4,46,4,4,0)
215:(44,2,5,46,4,4,0)
216:(44,2,4,45,5,5,0)
217:(44,2,3,44,6,6,0)
218:(44,2,2,43,7,7,0)
219:(44,2,3,43,7,7,0)
220:(44,2,4,43,7,7,0)
221:(44,2,5,43,7,7,0)
222:(43,2,6,43,7,7,0)
223:(43,2,5,42,8,8,0)
224:(43,2,4,41,9,9,0)
225:(43,2,3,40,10,10,0)
226:(43,2,2,39,11,11,0)
227:(43,2,3,39,11,11,0)
228:(43,2,2,38,12,12,0)
229:(42,2,3,38,12,12,0)
230:(42,2,2,37,13,13,0)
231:(41,2,3,37,13,13,0)
232:(40,2,4,37,13,13,0)
233:(39,2,5,37,13,13,0)
234:(39,2,4,36,14,14,0)
235:(39,2,3,35,15,15,0)
236:(38,2,4,35,15,15,0)
237:(37,2,5,35,15,15,0)
238:(37,2,4,34,16,16,0)
239:(37,2,3,33,17,17,0)
240:(37,2,4,33,17,17,0)
241:(36,2,5,33,17,17,0)
242:(35,2,6,33,17,17,0)
243:(35,2,5,32,18,18,0)
244:(35,2,4,31,19,19,0)
245:(35,2,3,30,20,20,0)
246:(35,2,4,30,20,20,0)
247:(35,2,3,29,21,21,0)
248:(35,2,2,28,22,22,0)
249:(35,2,1,27,23,23,0)
250:(34,2,2,27,23,23,0)
251:(34,2,1,26,24,24,0)
252:(34,2,0,25,25,25,0)
253:(34,2,1,25,25,25,0)
254:(33,2,2,25,25,25,0)
255:(33,2,3,25,25,25,0)
256:(33,2,4,25,25,25,0)
257:(33,2,3,24,26,26,0)
258:(32,2,4,24,26,26,0)
259:(32,2,3,23,27,27,0)
260:(32,2,2,22,28,28,0)
261:(32,2,1,21,29,29,0)
262:(31,2,2,21,29,29,0)
263:(31,2,3,21,29,29,0)
264:(31,2,4,21,29,29,0)
265:(30,2,5,21,29,29,0)
266:(30,2,4,20,30,30,0)
267:(30,2,5,20,30,30,0)
268:(29,2,6,20,30,30,0)
269:(29,2,5,19,31,31,0)
270:(29,2,4,18,32,32,0)
271:(29,2,3,17,33,33,0)
272:(28,2,4,17,33,33,0)
273:(27,2,5,17,33,33,0)
274:(27,2,4,16,34,34,0)
275:(27,2,3,15,35,35,0)
276:(27,2,2,14,36,36,0)
277:(27,2,3,14,36,36,0)
278:(27,2,2,13,37,37,0)
279:(27,2,3,13,37,37,0)
280:(27,2,4,13,37,37,0)
281:(26,2,5,13,37,37,0)
282:(26,2,6,13,37,37,0)
283:(26,2,5,12,38,38,0)
284:(25,2,6,12,38,38,0)
285:(25,2,5,11,39,39,0)
286:(24,2,6,11,39,39,0)
287:(24,2,5,10,40,40,0)
288:(24,2,4,9,41,41,0)
289:(23,2,5,9,41,41,0)
290:(23,2,4,8,42,42,0)
291:(23,2,3,7,43,43,0)
292:(23,2,2,6,44,44,0)
293:(23,2,3,6,44,44,0)
294:(23,2,2,5,45,45,0)
295:(23,2,1,4,46,46,0)
296:(23,2,0,3,47,47,0)
297:(22,2,1,3,47,47,0)
298:(22,2,0,2,48,48,0)
299:(22,2,1,2,48,48,0)
300:(22,2,2,2,48,48,0)
301:(22,2,1,1,49,49,0)
302:(22,2,0,0,50,50,0)
303:(39,2,4,35,15,15,0)
304:(38,2,5,35,15,15,0)
305:(38,2,4,34,16,16,0)
306:(38,2,3,33,17,17,0)
307:(38,2,4,33,17,17,0)
308:(37,2,5,33,17,17,0)
309:(36,2,6,33,17,17,0)
310:(36,2,5,32,18,18,0)
311:(36,2,4,31,19,19,0)
312:(36,2,3,30,20,20,0)
313:(36,2,4,30,20,20,0)
314:(36,2,3,29,21,21,0)
315:(36,2,2,28,22,22,0)
316:(36,2,1,27,23,23,0)
317:(35,2,2,27,23,23,0)
318:(35,2,1,26,24,24,0)
319:(35,2,0,25,25,25,0)
320:(35,2,1,25,25,25,0)
321:(34,2,2,25,25,25,0)
322:(34,2,3,25,25,25,0)
323:(34,2,4,25,25,25,0)
324:(34,2,3,24,26,26,0)
325:(33,2,4,24,26,26,0)
326:(33,2,3,23,27,27,0)
327:(33,2,2,22,28,28,0)
328:(33,2,1,21,29,29,0)
329:(32,2,2,21,29,29,0)
330:(32,2,3,21,29,29,0)
331:(32,2,4,21,29,29,0)
332:(31,2,5,21,29,29,0)
333:(31,2,4,20,30,30,0)
334:(31,2,5,20,30,30,0)
335:(30,2,6,20,30,30,0)
336:(30,2,5,19,31,31,0)
337:(30,2,4,18,32,32,0)
338:(30,2,3,17,33,33,0)
339:(29,2,4,17,33,33,0)
340:(28,2,5,17,33,33,0)
341:(28,2,4,16,34,34,0)
342:(28,2,3,15,35,35,0)
343:(28,2,2,14,36,36,0)
344:(28,2,3,14,36,36,0)
345:(28,2,2,13,37,37,0)
346:(28,2,3,13,37,37,0)
347:(28,2,4,13,37,37,0)
348:(27,2,5,13,37,37,0)
349:(27,2,6,13,37,37,0)
350:(27,2,5,12,38,38,0)
351:(26,2,6,12,38,38,0)
352:(26,2,5,11,39,39,0)
353:(25,2,6,11,39,39,0)
354:(25,2,5,10,40,40,0)
355:(25,2,4,9,41,41,0)
356:(24,2,5,9,41,41,0)
357:(24,2,4,8,42,42,0)
358:(24,2,3,7,43,43,0)
359:(24,2,2,6,44,44,0)
360:(24,2,3,6,44,44,0)
361:(24,2,2,5,45,45,0)
362:(24,2,1,4,46,46,0)
363:(24,2,0,3,47,47,0)
364:(23,2,1,3,47,47,0)
365:(23,2,0,2,48,48,0)
366:(23,2,1,2,48,48,0)
367:(23,2,2,2,48,48,0)
368:(23,2,1,1,49,49,0)
369:(23,2,0,0,50,50,0)
370:(48,2,2,50,0,0,0)
371:(47,2,3,50,0,0,0)
372:(46,2,4,50,0,0,0)
373:(45,2,5,50,0,0,0)
374:(45,2,6,50,0,0,0)
375:(44,2,7,50,0,0,0)
376:(43,2,8,50,0,0,0)
377:(42,2,9,50,0,0,0)
378:(42,2,8,49,1,1,0)
379:(42,2,7,48,2,2,0)
380:(41,2,8,48,2,2,0)
381:(41,2,7,47,3,3,0)
382:(40,2,8,47,3,3,0)
383:(39,2,9,47,3,3,0)
384:(39,2,10,47,3,3,0)
385:(38,2,11,47,3,3,0)
386:(37,2,12,47,3,3,0)
387:(36,2,13,47,3,3,0)
388:(36,2,12,46,4,4,0)
389:(36,2,11,45,5,5,0)
390:(36,2,10,44,6,6,0)
391:(36,2,9,43,7,7,0)
392:(36,2,8,42,8,8,0)
393:(36,2,7,41,9,9,0)
394:(36,2,5,39,11,11,0)
395:(36,2,4,38,12,12,0)
396:(36,2,5,38,12,12,0)
397:(36,2,4,37,13,13,0)
398:(36,2,3,36,14,14,0)
399:(36,2,2,35,15,15,0)
400:(36,2,1,34,16,16,0)
401:(36,2,0,33,17,17,0)
402:(35,2,1,33,17,17,0)
403:(35,2,0,32,18,18,0)
404:(35,2,1,32,18,18,0)
405:(35,2,0,31,19,19,0)
406:(34,2,1,31,19,19,0)
407:(34,2,0,30,20,20,0)
408:(34,2,1,30,20,20,0)
409:(34,2,0,29,21,21,0)
410:(33,2,1,29,21,21,0)
411:(32,2,2,29,21,21,0)
412:(30,2,4,29,21,21,0)
413:(29,2,5,29,21,21,0)
414:(29,2,6,29,21,21,0)
415:(29,2,7,29,21,21,0)
416:(28,2,8,29,21,21,0)
417:(27,2,9,29,21,21,0)
418:(26,2,10,29,21,21,0)
419:(26,2,11,29,21,21,0)
420:(25,2,12,29,21,21,0)
421:(25,2,11,28,22,22,0)
422:(25,2,12,28,22,22,0)
423:(24,2,13,28,22,22,0)
424:(24,2,12,27,23,23,0)
425:(24,2,11,26,24,24,0)
426:(24,2,10,25,25,25,0)
427:(24,2,9,24,26,26,0)
428:(24,2,8,23,27,27,0)
429:(23,2,9,23,27,27,0)
430:(23,2,8,22,28,28,0)
431:(22,2,9,22,28,28,0)
432:(22,2,8,21,29,29,0)
433:(21,2,9,21,29,29,0)
434:(21,2,8,20,30,30,0)
435:(21,2,7,19,31,31,0)
436:(21,2,6,18,32,32,0)
437:(21,2,5,17,33,33,0)
438:(21,2,6,17,33,33,0)
439:(21,2,5,16,34,34,0)
440:(21,2,4,15,35,35,0)
441:(21,2,3,14,36,36,0)
442:(21,2,2,13,37,37,0)
443:(21,2,1,12,38,38,0)
444:(21,2,0,11,39,39,0)
445:(20,2,1,11,39,39,0)
446:(19,2,2,11,39,39,0)
447:(19,2,3,11,39,39,0)
448:(18,2,4,11,39,39,0)
449:(17,2,5,11,39,39,0)
450:(17,2,4,10,40,40,0)
451:(17,2,5,10,40,40,0)
452:(16,2,6,10,40,40,0)
453:(16,2,5,9,41,41,0)
454:(16,2,4,8,42,42,0)
455:(16,2,3,7,43,43,0)
456:(16,2,4,7,43,43,0)
457:(15,2,5,7,43,43,0)
458:(15,2,4,6,44,44,0)
459:(15,2,3,5,45,45,0)
460:(15,2,2,4,46,46,0)
461:(15,2,3,4,46,46,0)
462:(15,2,4,4,46,46,0)
463:(15,2,3,3,47,47,0)
464:(15,2,2,2,48,48,0)
465:(15,2,1,1,49,49,0)
466:(15,2,0,0,50,50,0)
467:(-1,-1,-1,-1,-1,-1,-1)